<?xml version="1.0" encoding="UTF-8"?>
<coverage generated="1647589143397" clover="3.2.0">
  <project timestamp="1647589143398" name="All files">
    <metrics statements="1229" coveredstatements="1214" conditionals="581" coveredconditionals="552" methods="327" coveredmethods="320" elements="2137" coveredelements="2086" complexity="0" loc="1229" ncloc="1229" packages="6" files="24" classes="24"/>
    <package name="jquery.my-jquery-slider">
      <metrics statements="95" coveredstatements="90" conditionals="20" coveredconditionals="18" methods="32" coveredmethods="28"/>
      <file name="Corrector.ts" path="D:\work\fsd\my-jquery-slider\src\jquery.my-jquery-slider\Corrector.ts">
        <metrics statements="17" coveredstatements="17" conditionals="4" coveredconditionals="4" methods="7" coveredmethods="7"/>
        <line num="1" count="5" type="stmt"/>
        <line num="2" count="5" type="stmt"/>
        <line num="3" count="177" type="stmt"/>
        <line num="5" count="45" type="stmt"/>
        <line num="6" count="45" type="stmt"/>
        <line num="9" count="332" type="stmt"/>
        <line num="10" count="76" type="stmt"/>
        <line num="11" count="76" type="stmt"/>
        <line num="12" count="180" type="cond" truecount="2" falsecount="0"/>
        <line num="13" count="7" type="stmt"/>
        <line num="16" count="76" type="cond" truecount="2" falsecount="0"/>
        <line num="19" count="5" type="stmt"/>
        <line num="20" count="1280" type="stmt"/>
        <line num="23" count="5" type="stmt"/>
        <line num="24" count="187" type="stmt"/>
        <line num="26" count="5" type="stmt"/>
        <line num="28" count="5" type="stmt"/>
      </file>
      <file name="EventEmitter.ts" path="D:\work\fsd\my-jquery-slider\src\jquery.my-jquery-slider\EventEmitter.ts">
        <metrics statements="15" coveredstatements="15" conditionals="4" coveredconditionals="4" methods="7" coveredmethods="7"/>
        <line num="11" count="2" type="stmt"/>
        <line num="15" count="5" type="stmt"/>
        <line num="18" count="2" type="stmt"/>
        <line num="19" count="7" type="cond" truecount="2" falsecount="0"/>
        <line num="20" count="7" type="stmt"/>
        <line num="23" count="2" type="stmt"/>
        <line num="27" count="1" type="stmt"/>
        <line num="28" count="1" type="stmt"/>
        <line num="32" count="2" type="stmt"/>
        <line num="33" count="5" type="stmt"/>
        <line num="34" count="5" type="cond" truecount="2" falsecount="0"/>
        <line num="35" count="4" type="stmt"/>
        <line num="36" count="4" type="stmt"/>
        <line num="40" count="2" type="stmt"/>
        <line num="42" count="2" type="stmt"/>
      </file>
      <file name="Presenter.ts" path="D:\work\fsd\my-jquery-slider\src\jquery.my-jquery-slider\Presenter.ts">
        <metrics statements="48" coveredstatements="43" conditionals="4" coveredconditionals="2" methods="14" coveredmethods="10"/>
        <line num="1" count="1" type="stmt"/>
        <line num="5" count="1" type="stmt"/>
        <line num="6" count="1" type="stmt"/>
        <line num="12" count="1" type="stmt"/>
        <line num="23" count="5" type="stmt"/>
        <line num="25" count="5" type="stmt"/>
        <line num="26" count="5" type="stmt"/>
        <line num="28" count="5" type="stmt"/>
        <line num="29" count="5" type="stmt"/>
        <line num="31" count="5" type="stmt"/>
        <line num="35" count="1" type="stmt"/>
        <line num="36" count="2" type="stmt"/>
        <line num="37" count="2" type="stmt"/>
        <line num="40" count="1" type="stmt"/>
        <line num="41" count="0" type="stmt"/>
        <line num="44" count="1" type="stmt"/>
        <line num="45" count="0" type="stmt"/>
        <line num="48" count="1" type="stmt"/>
        <line num="49" count="0" type="stmt"/>
        <line num="53" count="1" type="stmt"/>
        <line num="54" count="7" type="stmt"/>
        <line num="55" count="7" type="stmt"/>
        <line num="56" count="7" type="stmt"/>
        <line num="60" count="1" type="stmt"/>
        <line num="61" count="7" type="stmt"/>
        <line num="64" count="1" type="stmt"/>
        <line num="65" count="7" type="stmt"/>
        <line num="68" count="1" type="stmt"/>
        <line num="69" count="5" type="stmt"/>
        <line num="70" count="5" type="stmt"/>
        <line num="73" count="1" type="stmt"/>
        <line num="74" count="5" type="cond" truecount="1" falsecount="1"/>
        <line num="75" count="5" type="stmt"/>
        <line num="76" count="5" type="stmt"/>
        <line num="79" count="1" type="stmt"/>
        <line num="80" count="2" type="cond" truecount="1" falsecount="1"/>
        <line num="81" count="2" type="stmt"/>
        <line num="82" count="2" type="stmt"/>
        <line num="85" count="1" type="stmt"/>
        <line num="86" count="5" type="stmt"/>
        <line num="87" count="5" type="stmt"/>
        <line num="88" count="5" type="stmt"/>
        <line num="89" count="5" type="stmt"/>
        <line num="92" count="1" type="stmt"/>
        <line num="93" count="0" type="stmt"/>
        <line num="94" count="0" type="stmt"/>
        <line num="96" count="1" type="stmt"/>
        <line num="98" count="1" type="stmt"/>
      </file>
      <file name="TMyJQuerySlider.ts" path="D:\work\fsd\my-jquery-slider\src\jquery.my-jquery-slider\TMyJQuerySlider.ts">
        <metrics statements="15" coveredstatements="15" conditionals="8" coveredconditionals="8" methods="4" coveredmethods="4"/>
        <line num="3" count="7" type="cond" truecount="2" falsecount="0"/>
        <line num="4" count="7" type="stmt"/>
        <line num="5" count="7" type="stmt"/>
        <line num="8" count="7" type="cond" truecount="2" falsecount="0"/>
        <line num="9" count="7" type="stmt"/>
        <line num="10" count="7" type="stmt"/>
        <line num="13" count="7" type="cond" truecount="2" falsecount="0"/>
        <line num="14" count="7" type="stmt"/>
        <line num="15" count="7" type="stmt"/>
        <line num="18" count="7" type="cond" truecount="2" falsecount="0"/>
        <line num="19" count="7" type="stmt"/>
        <line num="20" count="7" type="stmt"/>
        <line num="21" count="7" type="stmt"/>
        <line num="22" count="7" type="stmt"/>
        <line num="28" count="7" type="stmt"/>
      </file>
    </package>
    <package name="jquery.my-jquery-slider.Model">
      <metrics statements="433" coveredstatements="432" conditionals="332" coveredconditionals="325" methods="111" coveredmethods="110"/>
      <file name="LabelsList.ts" path="D:\work\fsd\my-jquery-slider\src\jquery.my-jquery-slider\Model\LabelsList.ts">
        <metrics statements="67" coveredstatements="67" conditionals="40" coveredconditionals="38" methods="16" coveredmethods="16"/>
        <line num="21" count="1" type="stmt"/>
        <line num="22" count="20" type="stmt"/>
        <line num="24" count="20" type="stmt"/>
        <line num="26" count="20" type="stmt"/>
        <line num="29" count="20" type="stmt"/>
        <line num="32" count="1" type="stmt"/>
        <line num="33" count="3" type="stmt"/>
        <line num="36" count="1" type="stmt"/>
        <line num="37" count="4" type="stmt"/>
        <line num="40" count="1" type="stmt"/>
        <line num="41" count="4" type="stmt"/>
        <line num="42" count="4" type="stmt"/>
        <line num="43" count="7" type="cond" truecount="2" falsecount="0"/>
        <line num="44" count="7" type="cond" truecount="2" falsecount="0"/>
        <line num="46" count="4" type="stmt"/>
        <line num="49" count="1" type="stmt"/>
        <line num="50" count="5" type="stmt"/>
        <line num="51" count="5" type="stmt"/>
        <line num="52" count="10" type="cond" truecount="2" falsecount="0"/>
        <line num="53" count="10" type="cond" truecount="2" falsecount="0"/>
        <line num="55" count="5" type="stmt"/>
        <line num="58" count="1" type="stmt"/>
        <line num="59" count="4" type="stmt"/>
        <line num="60" count="4" type="cond" truecount="2" falsecount="0"/>
        <line num="61" count="3" type="stmt"/>
        <line num="62" count="3" type="stmt"/>
        <line num="63" count="3" type="stmt"/>
        <line num="64" count="9" type="stmt"/>
        <line num="65" count="9" type="cond" truecount="2" falsecount="0"/>
        <line num="66" count="9" type="cond" truecount="2" falsecount="0"/>
        <line num="67" count="5" type="stmt"/>
        <line num="68" count="5" type="stmt"/>
        <line num="71" count="3" type="cond" truecount="1" falsecount="1"/>
        <line num="72" count="3" type="stmt"/>
        <line num="75" count="2" type="stmt"/>
        <line num="76" count="2" type="stmt"/>
        <line num="77" count="2" type="stmt"/>
        <line num="78" count="2" type="stmt"/>
        <line num="79" count="4" type="cond" truecount="2" falsecount="0"/>
        <line num="81" count="4" type="cond" truecount="2" falsecount="0"/>
        <line num="82" count="4" type="stmt"/>
        <line num="84" count="2" type="stmt"/>
        <line num="87" count="1" type="stmt"/>
        <line num="88" count="23" type="stmt"/>
        <line num="89" count="23" type="cond" truecount="4" falsecount="0"/>
        <line num="90" count="23" type="stmt"/>
        <line num="91" count="23" type="stmt"/>
        <line num="94" count="1" type="stmt"/>
        <line num="95" count="23" type="cond" truecount="2" falsecount="0"/>
        <line num="96" count="23" type="cond" truecount="2" falsecount="0"/>
        <line num="97" count="23" type="stmt"/>
        <line num="100" count="23" type="stmt"/>
        <line num="101" count="23" type="stmt"/>
        <line num="102" count="23" type="cond" truecount="2" falsecount="0"/>
        <line num="103" count="23" type="cond" truecount="2" falsecount="0"/>
        <line num="104" count="17" type="stmt"/>
        <line num="105" count="17" type="cond" truecount="3" falsecount="1"/>
        <line num="106" count="46" type="cond" truecount="2" falsecount="0"/>
        <line num="107" count="12" type="stmt"/>
        <line num="108" count="12" type="stmt"/>
        <line num="109" count="12" type="stmt"/>
        <line num="110" count="12" type="cond" truecount="2" falsecount="0"/>
        <line num="112" count="34" type="stmt"/>
        <line num="113" count="34" type="stmt"/>
        <line num="116" count="17" type="stmt"/>
        <line num="118" count="1" type="stmt"/>
        <line num="121" count="1" type="stmt"/>
      </file>
      <file name="Model.ts" path="D:\work\fsd\my-jquery-slider\src\jquery.my-jquery-slider\Model\Model.ts">
        <metrics statements="112" coveredstatements="111" conditionals="151" coveredconditionals="148" methods="26" coveredmethods="25"/>
        <line num="1" count="1" type="stmt"/>
        <line num="2" count="1" type="stmt"/>
        <line num="3" count="1" type="stmt"/>
        <line num="6" count="1" type="stmt"/>
        <line num="9" count="1" type="stmt"/>
        <line num="11" count="1" type="cond" truecount="2" falsecount="0"/>
        <line num="12" count="1" type="stmt"/>
        <line num="13" count="1" type="stmt"/>
        <line num="49" count="1" type="stmt"/>
        <line num="61" count="27" type="stmt"/>
        <line num="62" count="27" type="stmt"/>
        <line num="63" count="27" type="stmt"/>
        <line num="64" count="27" type="stmt"/>
        <line num="65" count="27" type="stmt"/>
        <line num="68" count="1" type="stmt"/>
        <line num="69" count="1" type="stmt"/>
        <line num="72" count="1" type="stmt"/>
        <line num="73" count="25" type="stmt"/>
        <line num="74" count="25" type="stmt"/>
        <line num="77" count="1" type="stmt"/>
        <line num="78" count="6" type="stmt"/>
        <line num="79" count="6" type="cond" truecount="9" falsecount="0"/>
        <line num="82" count="6" type="cond" truecount="2" falsecount="0"/>
        <line num="83" count="3" type="stmt"/>
        <line num="84" count="6" type="stmt"/>
        <line num="87" count="1" type="stmt"/>
        <line num="88" count="4" type="stmt"/>
        <line num="90" count="4" type="cond" truecount="2" falsecount="0"/>
        <line num="91" count="1" type="stmt"/>
        <line num="92" count="3" type="cond" truecount="2" falsecount="0"/>
        <line num="93" count="2" type="stmt"/>
        <line num="96" count="4" type="cond" truecount="2" falsecount="0"/>
        <line num="97" count="2" type="stmt"/>
        <line num="100" count="4" type="cond" truecount="2" falsecount="0"/>
        <line num="101" count="1" type="stmt"/>
        <line num="104" count="4" type="stmt"/>
        <line num="107" count="1" type="stmt"/>
        <line num="108" count="1" type="stmt"/>
        <line num="109" count="1" type="stmt"/>
        <line num="112" count="1" type="stmt"/>
        <line num="113" count="1" type="stmt"/>
        <line num="114" count="1" type="stmt"/>
        <line num="117" count="1" type="stmt"/>
        <line num="120" count="28" type="stmt"/>
        <line num="127" count="28" type="stmt"/>
        <line num="134" count="28" type="cond" truecount="2" falsecount="0"/>
        <line num="135" count="4" type="stmt"/>
        <line num="140" count="24" type="cond" truecount="2" falsecount="0"/>
        <line num="141" count="18" type="stmt"/>
        <line num="147" count="6" type="stmt"/>
        <line num="149" count="6" type="stmt"/>
        <line num="151" count="6" type="stmt"/>
        <line num="155" count="6" type="stmt"/>
        <line num="169" count="1" type="stmt"/>
        <line num="173" count="4" type="cond" truecount="2" falsecount="0"/>
        <line num="174" count="1" type="stmt"/>
        <line num="176" count="3" type="cond" truecount="2" falsecount="0"/>
        <line num="177" count="1" type="stmt"/>
        <line num="179" count="2" type="stmt"/>
        <line num="182" count="1" type="stmt"/>
        <line num="187" count="18" type="stmt"/>
        <line num="194" count="1" type="stmt"/>
        <line num="195" count="29" type="cond" truecount="3" falsecount="0"/>
        <line num="200" count="1" type="stmt"/>
        <line num="201" count="5" type="cond" truecount="2" falsecount="0"/>
        <line num="204" count="1" type="stmt"/>
        <line num="205" count="28" type="cond" truecount="2" falsecount="0"/>
        <line num="206" count="1" type="stmt"/>
        <line num="208" count="27" type="stmt"/>
        <line num="209" count="27" type="stmt"/>
        <line num="210" count="37" type="stmt"/>
        <line num="218" count="27" type="stmt"/>
        <line num="221" count="1" type="stmt"/>
        <line num="225" count="248" type="stmt"/>
        <line num="226" count="31" type="stmt"/>
        <line num="238" count="1" type="stmt"/>
        <line num="239" count="28" type="stmt"/>
        <line num="246" count="28" type="stmt"/>
        <line num="249" count="1" type="stmt"/>
        <line num="250" count="37" type="stmt"/>
        <line num="257" count="1" type="stmt"/>
        <line num="258" count="28" type="stmt"/>
        <line num="259" count="28" type="stmt"/>
        <line num="260" count="28" type="stmt"/>
        <line num="261" count="28" type="stmt"/>
        <line num="262" count="28" type="stmt"/>
        <line num="263" count="28" type="stmt"/>
        <line num="264" count="28" type="stmt"/>
        <line num="267" count="1" type="stmt"/>
        <line num="270" count="29" type="stmt"/>
        <line num="277" count="1" type="stmt"/>
        <line num="278" count="29" type="stmt"/>
        <line num="282" count="29" type="cond" truecount="2" falsecount="0"/>
        <line num="284" count="29" type="cond" truecount="2" falsecount="0"/>
        <line num="285" count="29" type="cond" truecount="3" falsecount="0"/>
        <line num="287" count="29" type="cond" truecount="2" falsecount="0"/>
        <line num="290" count="1" type="stmt"/>
        <line num="291" count="3" type="stmt"/>
        <line num="292" count="3" type="stmt"/>
        <line num="293" count="3" type="cond" truecount="2" falsecount="0"/>
        <line num="294" count="1" type="stmt"/>
        <line num="295" count="1" type="stmt"/>
        <line num="297" count="3" type="stmt"/>
        <line num="300" count="1" type="stmt"/>
        <line num="301" count="37" type="stmt"/>
        <line num="304" count="1" type="stmt"/>
        <line num="305" count="37" type="stmt"/>
        <line num="314" count="37" type="stmt"/>
        <line num="315" count="37" type="stmt"/>
        <line num="317" count="0" type="stmt"/>
        <line num="324" count="1" type="stmt"/>
        <line num="326" count="1" type="stmt"/>
      </file>
      <file name="ModelView.ts" path="D:\work\fsd\my-jquery-slider\src\jquery.my-jquery-slider\Model\ModelView.ts">
        <metrics statements="10" coveredstatements="10" conditionals="0" coveredconditionals="0" methods="4" coveredmethods="4"/>
        <line num="1" count="2" type="stmt"/>
        <line num="19" count="2" type="stmt"/>
        <line num="20" count="4" type="stmt"/>
        <line num="34" count="4" type="stmt"/>
        <line num="37" count="2" type="stmt"/>
        <line num="38" count="1" type="stmt"/>
        <line num="41" count="2" type="stmt"/>
        <line num="42" count="3" type="stmt"/>
        <line num="44" count="2" type="stmt"/>
        <line num="46" count="2" type="stmt"/>
      </file>
      <file name="Range.ts" path="D:\work\fsd\my-jquery-slider\src\jquery.my-jquery-slider\Model\Range.ts">
        <metrics statements="40" coveredstatements="40" conditionals="18" coveredconditionals="18" methods="11" coveredmethods="11"/>
        <line num="16" count="2" type="stmt"/>
        <line num="17" count="15" type="stmt"/>
        <line num="19" count="15" type="stmt"/>
        <line num="21" count="15" type="stmt"/>
        <line num="23" count="20" type="cond" truecount="2" falsecount="0"/>
        <line num="24" count="15" type="stmt"/>
        <line num="27" count="2" type="stmt"/>
        <line num="28" count="4" type="stmt"/>
        <line num="29" count="4" type="stmt"/>
        <line num="32" count="2" type="stmt"/>
        <line num="33" count="46" type="stmt"/>
        <line num="36" count="2" type="stmt"/>
        <line num="37" count="4" type="stmt"/>
        <line num="38" count="4" type="stmt"/>
        <line num="41" count="2" type="stmt"/>
        <line num="42" count="41" type="stmt"/>
        <line num="45" count="2" type="stmt"/>
        <line num="46" count="23" type="cond" truecount="2" falsecount="0"/>
        <line num="48" count="23" type="cond" truecount="2" falsecount="0"/>
        <line num="49" count="19" type="stmt"/>
        <line num="50" count="4" type="cond" truecount="2" falsecount="0"/>
        <line num="51" count="2" type="stmt"/>
        <line num="53" count="2" type="stmt"/>
        <line num="55" count="23" type="stmt"/>
        <line num="58" count="2" type="stmt"/>
        <line num="59" count="54" type="stmt"/>
        <line num="62" count="2" type="stmt"/>
        <line num="63" count="15" type="stmt"/>
        <line num="64" count="15" type="stmt"/>
        <line num="67" count="15" type="stmt"/>
        <line num="68" count="15" type="cond" truecount="2" falsecount="0"/>
        <line num="72" count="2" type="stmt"/>
        <line num="73" count="31" type="stmt"/>
        <line num="76" count="2" type="stmt"/>
        <line num="77" count="8" type="cond" truecount="2" falsecount="0"/>
        <line num="78" count="8" type="stmt"/>
        <line num="81" count="8" type="stmt"/>
        <line num="82" count="8" type="stmt"/>
        <line num="84" count="2" type="stmt"/>
        <line num="86" count="2" type="stmt"/>
      </file>
      <file name="Slider.ts" path="D:\work\fsd\my-jquery-slider\src\jquery.my-jquery-slider\Model\Slider.ts">
        <metrics statements="204" coveredstatements="204" conditionals="123" coveredconditionals="121" methods="54" coveredmethods="54"/>
        <line num="1" count="1" type="stmt"/>
        <line num="36" count="1" type="stmt"/>
        <line num="39" count="51" type="stmt"/>
        <line num="41" count="51" type="stmt"/>
        <line num="43" count="51" type="stmt"/>
        <line num="46" count="51" type="stmt"/>
        <line num="47" count="51" type="stmt"/>
        <line num="50" count="1" type="stmt"/>
        <line num="51" count="6" type="stmt"/>
        <line num="54" count="1" type="stmt"/>
        <line num="55" count="29" type="stmt"/>
        <line num="69" count="1" type="stmt"/>
        <line num="70" count="7" type="cond" truecount="2" falsecount="0"/>
        <line num="71" count="2" type="stmt"/>
        <line num="73" count="3" type="stmt"/>
        <line num="74" count="3" type="stmt"/>
        <line num="75" count="3" type="stmt"/>
        <line num="76" count="5" type="cond" truecount="1" falsecount="1"/>
        <line num="77" count="5" type="stmt"/>
        <line num="79" count="5" type="cond" truecount="2" falsecount="0"/>
        <line num="80" count="1" type="stmt"/>
        <line num="83" count="3" type="stmt"/>
        <line num="84" count="3" type="stmt"/>
        <line num="87" count="1" type="stmt"/>
        <line num="88" count="140" type="stmt"/>
        <line num="91" count="1" type="stmt"/>
        <line num="92" count="6" type="cond" truecount="2" falsecount="0"/>
        <line num="93" count="1" type="stmt"/>
        <line num="95" count="4" type="stmt"/>
        <line num="96" count="4" type="stmt"/>
        <line num="97" count="4" type="stmt"/>
        <line num="98" count="4" type="stmt"/>
        <line num="99" count="6" type="cond" truecount="2" falsecount="0"/>
        <line num="100" count="4" type="stmt"/>
        <line num="102" count="6" type="cond" truecount="2" falsecount="0"/>
        <line num="103" count="1" type="stmt"/>
        <line num="106" count="4" type="stmt"/>
        <line num="107" count="4" type="stmt"/>
        <line num="108" count="4" type="stmt"/>
        <line num="111" count="1" type="stmt"/>
        <line num="112" count="123" type="stmt"/>
        <line num="115" count="1" type="stmt"/>
        <line num="116" count="6" type="stmt"/>
        <line num="119" count="1" type="stmt"/>
        <line num="120" count="1" type="stmt"/>
        <line num="122" count="1" type="stmt"/>
        <line num="125" count="1" type="stmt"/>
        <line num="126" count="57" type="stmt"/>
        <line num="127" count="57" type="cond" truecount="3" falsecount="0"/>
        <line num="128" count="57" type="cond" truecount="2" falsecount="0"/>
        <line num="130" count="57" type="cond" truecount="2" falsecount="0"/>
        <line num="131" count="57" type="stmt"/>
        <line num="134" count="1" type="stmt"/>
        <line num="135" count="94" type="stmt"/>
        <line num="138" count="1" type="stmt"/>
        <line num="139" count="1" type="stmt"/>
        <line num="140" count="1" type="stmt"/>
        <line num="143" count="1" type="stmt"/>
        <line num="144" count="1" type="stmt"/>
        <line num="145" count="1" type="stmt"/>
        <line num="148" count="1" type="stmt"/>
        <line num="149" count="62" type="stmt"/>
        <line num="152" count="62" type="stmt"/>
        <line num="155" count="1" type="stmt"/>
        <line num="156" count="4" type="stmt"/>
        <line num="157" count="4" type="stmt"/>
        <line num="160" count="1" type="stmt"/>
        <line num="161" count="2" type="stmt"/>
        <line num="164" count="2" type="stmt"/>
        <line num="165" count="2" type="stmt"/>
        <line num="166" count="2" type="stmt"/>
        <line num="167" count="3" type="stmt"/>
        <line num="169" count="2" type="stmt"/>
        <line num="172" count="57" type="stmt"/>
        <line num="173" count="57" type="cond" truecount="2" falsecount="0"/>
        <line num="174" count="57" type="cond" truecount="2" falsecount="0"/>
        <line num="175" count="51" type="stmt"/>
        <line num="179" count="57" type="cond" truecount="2" falsecount="0"/>
        <line num="180" count="57" type="cond" truecount="2" falsecount="0"/>
        <line num="181" count="1" type="stmt"/>
        <line num="182" count="1" type="stmt"/>
        <line num="184" count="56" type="cond" truecount="2" falsecount="0"/>
        <line num="185" count="5" type="stmt"/>
        <line num="186" count="5" type="stmt"/>
        <line num="187" count="15" type="cond" truecount="2" falsecount="0"/>
        <line num="188" count="9" type="stmt"/>
        <line num="191" count="5" type="stmt"/>
        <line num="194" count="5" type="stmt"/>
        <line num="197" count="1" type="stmt"/>
        <line num="198" count="61" type="stmt"/>
        <line num="201" count="1" type="stmt"/>
        <line num="202" count="1" type="stmt"/>
        <line num="205" count="1" type="stmt"/>
        <line num="206" count="1" type="stmt"/>
        <line num="209" count="1" type="stmt"/>
        <line num="210" count="51" type="stmt"/>
        <line num="211" count="51" type="stmt"/>
        <line num="212" count="105" type="cond" truecount="2" falsecount="0"/>
        <line num="213" count="51" type="stmt"/>
        <line num="214" count="51" type="stmt"/>
        <line num="216" count="54" type="stmt"/>
        <line num="217" count="54" type="stmt"/>
        <line num="218" count="54" type="cond" truecount="2" falsecount="0"/>
        <line num="220" count="54" type="cond" truecount="2" falsecount="0"/>
        <line num="221" count="48" type="stmt"/>
        <line num="222" count="48" type="stmt"/>
        <line num="224" count="6" type="cond" truecount="2" falsecount="0"/>
        <line num="226" count="6" type="cond" truecount="2" falsecount="0"/>
        <line num="228" count="51" type="stmt"/>
        <line num="231" count="1" type="stmt"/>
        <line num="232" count="51" type="stmt"/>
        <line num="233" count="54" type="cond" truecount="2" falsecount="0"/>
        <line num="234" count="17" type="stmt"/>
        <line num="236" count="37" type="stmt"/>
        <line num="240" count="1" type="stmt"/>
        <line num="241" count="51" type="cond" truecount="2" falsecount="0"/>
        <line num="242" count="50" type="stmt"/>
        <line num="244" count="1" type="stmt"/>
        <line num="247" count="1" type="stmt"/>
        <line num="248" count="51" type="stmt"/>
        <line num="249" count="51" type="stmt"/>
        <line num="250" count="17" type="cond" truecount="2" falsecount="0"/>
        <line num="251" count="1" type="stmt"/>
        <line num="252" count="1" type="stmt"/>
        <line num="255" count="51" type="stmt"/>
        <line num="258" count="1" type="stmt"/>
        <line num="261" count="50" type="cond" truecount="2" falsecount="0"/>
        <line num="262" count="32" type="stmt"/>
        <line num="263" count="48" type="stmt"/>
        <line num="264" count="32" type="stmt"/>
        <line num="267" count="1" type="stmt"/>
        <line num="270" count="1" type="stmt"/>
        <line num="271" count="1" type="stmt"/>
        <line num="272" count="2" type="cond" truecount="2" falsecount="0"/>
        <line num="273" count="1" type="stmt"/>
        <line num="274" count="4" type="cond" truecount="2" falsecount="0"/>
        <line num="275" count="2" type="stmt"/>
        <line num="278" count="1" type="stmt"/>
        <line num="281" count="1" type="stmt"/>
        <line num="284" count="1" type="stmt"/>
        <line num="285" count="57" type="stmt"/>
        <line num="286" count="57" type="stmt"/>
        <line num="287" count="57" type="stmt"/>
        <line num="288" count="57" type="cond" truecount="4" falsecount="0"/>
        <line num="289" count="57" type="cond" truecount="4" falsecount="0"/>
        <line num="290" count="57" type="cond" truecount="4" falsecount="0"/>
        <line num="291" count="57" type="cond" truecount="4" falsecount="0"/>
        <line num="292" count="57" type="stmt"/>
        <line num="293" count="57" type="cond" truecount="2" falsecount="0"/>
        <line num="295" count="57" type="cond" truecount="4" falsecount="0"/>
        <line num="296" count="57" type="cond" truecount="2" falsecount="0"/>
        <line num="298" count="57" type="cond" truecount="4" falsecount="0"/>
        <line num="299" count="57" type="cond" truecount="2" falsecount="0"/>
        <line num="301" count="57" type="cond" truecount="4" falsecount="0"/>
        <line num="304" count="1" type="stmt"/>
        <line num="305" count="101" type="cond" truecount="3" falsecount="0"/>
        <line num="311" count="1" type="stmt"/>
        <line num="312" count="8" type="stmt"/>
        <line num="313" count="8" type="stmt"/>
        <line num="314" count="8" type="cond" truecount="2" falsecount="0"/>
        <line num="315" count="1" type="stmt"/>
        <line num="317" count="8" type="cond" truecount="2" falsecount="0"/>
        <line num="318" count="1" type="stmt"/>
        <line num="320" count="8" type="stmt"/>
        <line num="323" count="1" type="stmt"/>
        <line num="324" count="3" type="stmt"/>
        <line num="326" count="3" type="cond" truecount="2" falsecount="0"/>
        <line num="329" count="1" type="stmt"/>
        <line num="330" count="4" type="stmt"/>
        <line num="331" count="4" type="stmt"/>
        <line num="332" count="4" type="stmt"/>
        <line num="333" count="4" type="cond" truecount="2" falsecount="0"/>
        <line num="334" count="3" type="stmt"/>
        <line num="338" count="4" type="stmt"/>
        <line num="339" count="7" type="stmt"/>
        <line num="346" count="1" type="stmt"/>
        <line num="347" count="8" type="cond" truecount="2" falsecount="0"/>
        <line num="348" count="7" type="stmt"/>
        <line num="351" count="1" type="stmt"/>
        <line num="352" count="8" type="stmt"/>
        <line num="355" count="8" type="stmt"/>
        <line num="360" count="1" type="stmt"/>
        <line num="361" count="31" type="stmt"/>
        <line num="364" count="1" type="stmt"/>
        <line num="365" count="30" type="stmt"/>
        <line num="368" count="1" type="stmt"/>
        <line num="369" count="30" type="stmt"/>
        <line num="372" count="1" type="stmt"/>
        <line num="373" count="29" type="stmt"/>
        <line num="376" count="1" type="stmt"/>
        <line num="377" count="29" type="stmt"/>
        <line num="380" count="29" type="stmt"/>
        <line num="381" count="29" type="stmt"/>
        <line num="382" count="29" type="stmt"/>
        <line num="383" count="73" type="cond" truecount="2" falsecount="0"/>
        <line num="384" count="29" type="stmt"/>
        <line num="386" count="73" type="stmt"/>
        <line num="387" count="73" type="cond" truecount="2" falsecount="0"/>
        <line num="388" count="29" type="stmt"/>
        <line num="391" count="29" type="stmt"/>
        <line num="394" count="1" type="stmt"/>
        <line num="395" count="34" type="stmt"/>
        <line num="397" count="1" type="stmt"/>
        <line num="399" count="1" type="stmt"/>
      </file>
    </package>
    <package name="jquery.my-jquery-slider.View">
      <metrics statements="426" coveredstatements="418" conditionals="163" coveredconditionals="146" methods="100" coveredmethods="98"/>
      <file name="Label.ts" path="D:\work\fsd\my-jquery-slider\src\jquery.my-jquery-slider\View\Label.ts">
        <metrics statements="21" coveredstatements="21" conditionals="0" coveredconditionals="0" methods="7" coveredmethods="7"/>
        <line num="11" count="3" type="stmt"/>
        <line num="19" count="5" type="stmt"/>
        <line num="20" count="5" type="stmt"/>
        <line num="21" count="5" type="stmt"/>
        <line num="24" count="3" type="stmt"/>
        <line num="25" count="1" type="stmt"/>
        <line num="26" count="1" type="stmt"/>
        <line num="29" count="3" type="stmt"/>
        <line num="30" count="4" type="stmt"/>
        <line num="33" count="3" type="stmt"/>
        <line num="34" count="6" type="stmt"/>
        <line num="35" count="6" type="stmt"/>
        <line num="36" count="6" type="stmt"/>
        <line num="39" count="3" type="stmt"/>
        <line num="40" count="5" type="stmt"/>
        <line num="41" count="5" type="stmt"/>
        <line num="42" count="5" type="stmt"/>
        <line num="45" count="3" type="stmt"/>
        <line num="46" count="6" type="stmt"/>
        <line num="48" count="3" type="stmt"/>
        <line num="50" count="3" type="stmt"/>
      </file>
      <file name="Scale.ts" path="D:\work\fsd\my-jquery-slider\src\jquery.my-jquery-slider\View\Scale.ts">
        <metrics statements="65" coveredstatements="65" conditionals="23" coveredconditionals="22" methods="14" coveredmethods="14"/>
        <line num="1" count="3" type="stmt"/>
        <line num="2" count="3" type="stmt"/>
        <line num="26" count="3" type="stmt"/>
        <line num="36" count="6" type="stmt"/>
        <line num="37" count="6" type="stmt"/>
        <line num="38" count="6" type="stmt"/>
        <line num="41" count="3" type="stmt"/>
        <line num="44" count="11" type="stmt"/>
        <line num="45" count="11" type="stmt"/>
        <line num="46" count="11" type="cond" truecount="2" falsecount="0"/>
        <line num="47" count="11" type="cond" truecount="2" falsecount="0"/>
        <line num="48" count="11" type="cond" truecount="3" falsecount="0"/>
        <line num="49" count="11" type="cond" truecount="2" falsecount="0"/>
        <line num="50" count="2" type="stmt"/>
        <line num="56" count="9" type="stmt"/>
        <line num="57" count="9" type="stmt"/>
        <line num="62" count="9" type="stmt"/>
        <line num="67" count="3" type="stmt"/>
        <line num="68" count="1" type="stmt"/>
        <line num="69" count="1" type="stmt"/>
        <line num="72" count="3" type="stmt"/>
        <line num="73" count="5" type="stmt"/>
        <line num="76" count="3" type="stmt"/>
        <line num="77" count="1" type="stmt"/>
        <line num="78" count="1" type="stmt"/>
        <line num="81" count="3" type="stmt"/>
        <line num="82" count="6" type="stmt"/>
        <line num="83" count="6" type="stmt"/>
        <line num="86" count="3" type="stmt"/>
        <line num="91" count="2" type="stmt"/>
        <line num="92" count="2" type="stmt"/>
        <line num="95" count="3" type="stmt"/>
        <line num="96" count="9" type="stmt"/>
        <line num="97" count="9" type="stmt"/>
        <line num="98" count="1018" type="stmt"/>
        <line num="99" count="1018" type="cond" truecount="2" falsecount="0"/>
        <line num="100" count="1010" type="stmt"/>
        <line num="102" count="8" type="stmt"/>
        <line num="105" count="9" type="stmt"/>
        <line num="108" count="3" type="stmt"/>
        <line num="113" count="9" type="stmt"/>
        <line num="114" count="9" type="stmt"/>
        <line num="115" count="14" type="stmt"/>
        <line num="116" count="14" type="stmt"/>
        <line num="117" count="14" type="cond" truecount="2" falsecount="0"/>
        <line num="119" count="14" type="cond" truecount="2" falsecount="0"/>
        <line num="120" count="7" type="cond" truecount="2" falsecount="0"/>
        <line num="125" count="14" type="stmt"/>
        <line num="126" count="14" type="cond" truecount="2" falsecount="0"/>
        <line num="127" count="5" type="stmt"/>
        <line num="128" count="9" type="stmt"/>
        <line num="130" count="9" type="stmt"/>
        <line num="133" count="3" type="stmt"/>
        <line num="134" count="7" type="stmt"/>
        <line num="135" count="7" type="stmt"/>
        <line num="136" count="7" type="stmt"/>
        <line num="139" count="3" type="stmt"/>
        <line num="140" count="7" type="stmt"/>
        <line num="141" count="7" type="cond" truecount="2" falsecount="0"/>
        <line num="142" count="2" type="stmt"/>
        <line num="146" count="3" type="stmt"/>
        <line num="147" count="1" type="cond" truecount="1" falsecount="1"/>
        <line num="148" count="2" type="stmt"/>
        <line num="152" count="3" type="stmt"/>
        <line num="155" count="3" type="stmt"/>
      </file>
      <file name="ScaleSegment.ts" path="D:\work\fsd\my-jquery-slider\src\jquery.my-jquery-slider\View\ScaleSegment.ts">
        <metrics statements="74" coveredstatements="74" conditionals="26" coveredconditionals="23" methods="17" coveredmethods="17"/>
        <line num="1" count="3" type="stmt"/>
        <line num="4" count="3" type="cond" truecount="2" falsecount="0"/>
        <line num="5" count="3" type="stmt"/>
        <line num="6" count="3" type="stmt"/>
        <line num="7" count="3" type="stmt"/>
        <line num="10" count="3" type="cond" truecount="2" falsecount="0"/>
        <line num="11" count="3" type="stmt"/>
        <line num="30" count="3" type="stmt"/>
        <line num="31" count="16" type="stmt"/>
        <line num="50" count="16" type="stmt"/>
        <line num="51" count="16" type="stmt"/>
        <line num="52" count="16" type="stmt"/>
        <line num="53" count="16" type="stmt"/>
        <line num="56" count="3" type="stmt"/>
        <line num="57" count="1" type="stmt"/>
        <line num="60" count="3" type="stmt"/>
        <line num="61" count="1" type="stmt"/>
        <line num="62" count="1" type="stmt"/>
        <line num="65" count="3" type="stmt"/>
        <line num="66" count="14" type="stmt"/>
        <line num="69" count="3" type="stmt"/>
        <line num="70" count="16" type="stmt"/>
        <line num="71" count="16" type="stmt"/>
        <line num="72" count="16" type="stmt"/>
        <line num="75" count="3" type="stmt"/>
        <line num="76" count="17" type="stmt"/>
        <line num="77" count="17" type="stmt"/>
        <line num="78" count="17" type="stmt"/>
        <line num="79" count="17" type="stmt"/>
        <line num="80" count="17" type="stmt"/>
        <line num="81" count="17" type="stmt"/>
        <line num="82" count="17" type="stmt"/>
        <line num="83" count="17" type="stmt"/>
        <line num="86" count="3" type="stmt"/>
        <line num="87" count="17" type="stmt"/>
        <line num="88" count="17" type="stmt"/>
        <line num="89" count="17" type="stmt"/>
        <line num="90" count="17" type="cond" truecount="3" falsecount="1"/>
        <line num="91" count="17" type="stmt"/>
        <line num="93" count="17" type="cond" truecount="2" falsecount="2"/>
        <line num="94" count="17" type="stmt"/>
        <line num="96" count="17" type="cond" truecount="2" falsecount="0"/>
        <line num="97" count="1" type="stmt"/>
        <line num="101" count="3" type="stmt"/>
        <line num="102" count="17" type="cond" truecount="2" falsecount="0"/>
        <line num="104" count="1" type="stmt"/>
        <line num="110" count="3" type="stmt"/>
        <line num="111" count="16" type="cond" truecount="2" falsecount="0"/>
        <line num="112" count="1" type="stmt"/>
        <line num="113" count="15" type="cond" truecount="2" falsecount="0"/>
        <line num="114" count="1" type="stmt"/>
        <line num="118" count="3" type="stmt"/>
        <line num="119" count="17" type="cond" truecount="2" falsecount="0"/>
        <line num="120" count="1" type="stmt"/>
        <line num="123" count="1" type="stmt"/>
        <line num="125" count="17" type="cond" truecount="2" falsecount="0"/>
        <line num="126" count="2" type="stmt"/>
        <line num="127" count="2" type="stmt"/>
        <line num="131" count="3" type="stmt"/>
        <line num="132" count="1" type="stmt"/>
        <line num="133" count="1" type="stmt"/>
        <line num="136" count="3" type="stmt"/>
        <line num="137" count="2" type="stmt"/>
        <line num="138" count="2" type="cond" truecount="2" falsecount="0"/>
        <line num="139" count="1" type="stmt"/>
        <line num="140" count="1" type="stmt"/>
        <line num="144" count="3" type="stmt"/>
        <line num="145" count="16" type="stmt"/>
        <line num="149" count="16" type="stmt"/>
        <line num="155" count="3" type="stmt"/>
        <line num="156" count="2" type="stmt"/>
        <line num="158" count="3" type="stmt"/>
        <line num="161" count="3" type="stmt"/>
        <line num="162" count="3" type="stmt"/>
      </file>
      <file name="Thumb.ts" path="D:\work\fsd\my-jquery-slider\src\jquery.my-jquery-slider\View\Thumb.ts">
        <metrics statements="69" coveredstatements="69" conditionals="11" coveredconditionals="11" methods="19" coveredmethods="19"/>
        <line num="1" count="3" type="stmt"/>
        <line num="5" count="3" type="cond" truecount="2" falsecount="0"/>
        <line num="6" count="3" type="stmt"/>
        <line num="7" count="3" type="stmt"/>
        <line num="8" count="3" type="stmt"/>
        <line num="9" count="3" type="stmt"/>
        <line num="12" count="3" type="cond" truecount="2" falsecount="0"/>
        <line num="13" count="3" type="stmt"/>
        <line num="14" count="3" type="stmt"/>
        <line num="15" count="3" type="stmt"/>
        <line num="32" count="3" type="stmt"/>
        <line num="33" count="20" type="stmt"/>
        <line num="48" count="20" type="stmt"/>
        <line num="49" count="20" type="stmt"/>
        <line num="50" count="20" type="stmt"/>
        <line num="51" count="20" type="stmt"/>
        <line num="52" count="20" type="stmt"/>
        <line num="53" count="20" type="stmt"/>
        <line num="56" count="3" type="stmt"/>
        <line num="57" count="1" type="stmt"/>
        <line num="60" count="3" type="stmt"/>
        <line num="61" count="3" type="stmt"/>
        <line num="62" count="3" type="stmt"/>
        <line num="65" count="3" type="stmt"/>
        <line num="66" count="14" type="stmt"/>
        <line num="69" count="3" type="stmt"/>
        <line num="70" count="4" type="stmt"/>
        <line num="73" count="3" type="stmt"/>
        <line num="74" count="4" type="stmt"/>
        <line num="75" count="4" type="stmt"/>
        <line num="78" count="3" type="stmt"/>
        <line num="79" count="23" type="stmt"/>
        <line num="80" count="23" type="stmt"/>
        <line num="81" count="23" type="stmt"/>
        <line num="82" count="23" type="stmt"/>
        <line num="85" count="3" type="stmt"/>
        <line num="86" count="20" type="stmt"/>
        <line num="87" count="20" type="stmt"/>
        <line num="88" count="20" type="stmt"/>
        <line num="89" count="20" type="stmt"/>
        <line num="92" count="3" type="stmt"/>
        <line num="93" count="23" type="stmt"/>
        <line num="94" count="23" type="cond" truecount="2" falsecount="0"/>
        <line num="95" count="5" type="stmt"/>
        <line num="98" count="3" type="stmt"/>
        <line num="99" count="1" type="stmt"/>
        <line num="102" count="3" type="stmt"/>
        <line num="103" count="16" type="stmt"/>
        <line num="106" count="3" type="stmt"/>
        <line num="107" count="16" type="stmt"/>
        <line num="110" count="3" type="stmt"/>
        <line num="111" count="5" type="stmt"/>
        <line num="114" count="2" type="stmt"/>
        <line num="115" count="2" type="stmt"/>
        <line num="116" count="2" type="stmt"/>
        <line num="119" count="2" type="stmt"/>
        <line num="120" count="2" type="stmt"/>
        <line num="121" count="2" type="stmt"/>
        <line num="126" count="3" type="stmt"/>
        <line num="127" count="1" type="stmt"/>
        <line num="130" count="3" type="stmt"/>
        <line num="131" count="20" type="stmt"/>
        <line num="135" count="20" type="stmt"/>
        <line num="140" count="20" type="stmt"/>
        <line num="144" count="20" type="stmt"/>
        <line num="150" count="3" type="stmt"/>
        <line num="151" count="9" type="stmt"/>
        <line num="153" count="3" type="stmt"/>
        <line num="156" count="3" type="stmt"/>
      </file>
      <file name="View.ts" path="D:\work\fsd\my-jquery-slider\src\jquery.my-jquery-slider\View\View.ts">
        <metrics statements="187" coveredstatements="185" conditionals="97" coveredconditionals="87" methods="41" coveredmethods="41"/>
        <line num="1" count="2" type="stmt"/>
        <line num="2" count="2" type="stmt"/>
        <line num="3" count="2" type="stmt"/>
        <line num="6" count="2" type="stmt"/>
        <line num="7" count="2" type="stmt"/>
        <line num="8" count="2" type="stmt"/>
        <line num="9" count="2" type="stmt"/>
        <line num="10" count="2" type="stmt"/>
        <line num="11" count="2" type="stmt"/>
        <line num="13" count="2" type="stmt"/>
        <line num="14" count="2" type="stmt"/>
        <line num="15" count="2" type="stmt"/>
        <line num="18" count="2" type="stmt"/>
        <line num="19" count="2" type="stmt"/>
        <line num="25" count="2" type="stmt"/>
        <line num="33" count="2" type="stmt"/>
        <line num="35" count="2" type="cond" truecount="2" falsecount="0"/>
        <line num="36" count="2" type="stmt"/>
        <line num="37" count="2" type="stmt"/>
        <line num="38" count="2" type="stmt"/>
        <line num="39" count="2" type="stmt"/>
        <line num="69" count="2" type="stmt"/>
        <line num="70" count="2" type="stmt"/>
        <line num="72" count="70" type="stmt"/>
        <line num="92" count="70" type="stmt"/>
        <line num="95" count="70" type="stmt"/>
        <line num="96" count="70" type="stmt"/>
        <line num="97" count="70" type="stmt"/>
        <line num="100" count="2" type="stmt"/>
        <line num="101" count="1" type="stmt"/>
        <line num="104" count="2" type="stmt"/>
        <line num="105" count="7" type="stmt"/>
        <line num="106" count="7" type="stmt"/>
        <line num="107" count="7" type="cond" truecount="2" falsecount="0"/>
        <line num="108" count="2" type="stmt"/>
        <line num="109" count="2" type="stmt"/>
        <line num="111" count="5" type="stmt"/>
        <line num="112" count="5" type="stmt"/>
        <line num="113" count="5" type="cond" truecount="1" falsecount="1"/>
        <line num="114" count="5" type="cond" truecount="2" falsecount="0"/>
        <line num="117" count="2" type="stmt"/>
        <line num="118" count="12" type="stmt"/>
        <line num="119" count="12" type="cond" truecount="2" falsecount="0"/>
        <line num="120" count="2" type="cond" truecount="6" falsecount="0"/>
        <line num="125" count="2" type="cond" truecount="1" falsecount="1"/>
        <line num="127" count="12" type="stmt"/>
        <line num="132" count="12" type="stmt"/>
        <line num="135" count="2" type="stmt"/>
        <line num="136" count="10" type="stmt"/>
        <line num="140" count="10" type="stmt"/>
        <line num="143" count="2" type="stmt"/>
        <line num="144" count="23" type="stmt"/>
        <line num="145" count="23" type="stmt"/>
        <line num="146" count="23" type="stmt"/>
        <line num="147" count="23" type="stmt"/>
        <line num="148" count="81" type="cond" truecount="2" falsecount="0"/>
        <line num="149" count="81" type="stmt"/>
        <line num="158" count="81" type="stmt"/>
        <line num="159" count="81" type="stmt"/>
        <line num="161" count="23" type="stmt"/>
        <line num="164" count="2" type="stmt"/>
        <line num="165" count="28" type="stmt"/>
        <line num="170" count="28" type="stmt"/>
        <line num="173" count="13" type="stmt"/>
        <line num="174" count="13" type="stmt"/>
        <line num="175" count="13" type="stmt"/>
        <line num="176" count="21" type="stmt"/>
        <line num="177" count="21" type="cond" truecount="2" falsecount="0"/>
        <line num="178" count="21" type="stmt"/>
        <line num="183" count="13" type="stmt"/>
        <line num="186" count="2" type="stmt"/>
        <line num="187" count="9" type="stmt"/>
        <line num="191" count="9" type="stmt"/>
        <line num="194" count="2" type="stmt"/>
        <line num="197" count="31" type="stmt"/>
        <line num="206" count="31" type="stmt"/>
        <line num="207" count="31" type="cond" truecount="2" falsecount="0"/>
        <line num="218" count="31" type="stmt"/>
        <line num="224" count="31" type="stmt"/>
        <line num="229" count="613" type="stmt"/>
        <line num="230" count="613" type="stmt"/>
        <line num="240" count="31" type="cond" truecount="2" falsecount="0"/>
        <line num="241" count="9" type="stmt"/>
        <line num="242" count="9" type="stmt"/>
        <line num="247" count="31" type="stmt"/>
        <line num="250" count="2" type="stmt"/>
        <line num="251" count="9" type="stmt"/>
        <line num="252" count="9" type="cond" truecount="2" falsecount="0"/>
        <line num="253" count="7" type="cond" truecount="2" falsecount="0"/>
        <line num="254" count="6" type="stmt"/>
        <line num="257" count="8" type="stmt"/>
        <line num="260" count="2" type="stmt"/>
        <line num="261" count="1" type="stmt"/>
        <line num="264" count="2" type="stmt"/>
        <line num="265" count="1" type="stmt"/>
        <line num="268" count="2" type="stmt"/>
        <line num="269" count="92" type="cond" truecount="2" falsecount="0"/>
        <line num="270" count="6" type="stmt"/>
        <line num="271" count="6" type="stmt"/>
        <line num="274" count="2" type="stmt"/>
        <line num="275" count="5" type="stmt"/>
        <line num="278" count="2" type="stmt"/>
        <line num="279" count="16" type="stmt"/>
        <line num="280" count="16" type="stmt"/>
        <line num="281" count="16" type="cond" truecount="2" falsecount="0"/>
        <line num="282" count="16" type="stmt"/>
        <line num="285" count="2" type="stmt"/>
        <line num="286" count="7" type="cond" truecount="6" falsecount="0"/>
        <line num="296" count="2" type="stmt"/>
        <line num="297" count="7" type="cond" truecount="2" falsecount="0"/>
        <line num="298" count="4" type="stmt"/>
        <line num="299" count="4" type="cond" truecount="2" falsecount="0"/>
        <line num="300" count="4" type="cond" truecount="2" falsecount="0"/>
        <line num="303" count="5" type="stmt"/>
        <line num="304" count="5" type="stmt"/>
        <line num="305" count="5" type="stmt"/>
        <line num="307" count="5" type="stmt"/>
        <line num="308" count="15" type="stmt"/>
        <line num="309" count="15" type="stmt"/>
        <line num="311" count="5" type="cond" truecount="2" falsecount="0"/>
        <line num="312" count="1" type="stmt"/>
        <line num="313" count="3" type="stmt"/>
        <line num="314" count="3" type="stmt"/>
        <line num="316" count="1" type="stmt"/>
        <line num="317" count="1" type="stmt"/>
        <line num="323" count="4" type="stmt"/>
        <line num="324" count="12" type="stmt"/>
        <line num="325" count="12" type="stmt"/>
        <line num="327" count="4" type="stmt"/>
        <line num="328" count="4" type="stmt"/>
        <line num="336" count="5" type="stmt"/>
        <line num="337" count="5" type="cond" truecount="3" falsecount="1"/>
        <line num="338" count="15" type="stmt"/>
        <line num="339" count="15" type="stmt"/>
        <line num="340" count="15" type="stmt"/>
        <line num="342" count="5" type="cond" truecount="3" falsecount="1"/>
        <line num="345" count="2" type="stmt"/>
        <line num="346" count="5" type="stmt"/>
        <line num="347" count="5" type="stmt"/>
        <line num="349" count="205" type="stmt"/>
        <line num="350" count="5" type="stmt"/>
        <line num="351" count="5" type="cond" truecount="1" falsecount="1"/>
        <line num="352" count="5" type="stmt"/>
        <line num="353" count="5" type="stmt"/>
        <line num="355" count="5" type="stmt"/>
        <line num="358" count="5" type="stmt"/>
        <line num="359" count="5" type="cond" truecount="3" falsecount="1"/>
        <line num="360" count="205" type="stmt"/>
        <line num="364" count="4" type="stmt"/>
        <line num="365" count="4" type="stmt"/>
        <line num="366" count="4" type="stmt"/>
        <line num="367" count="4" type="stmt"/>
        <line num="369" count="4" type="stmt"/>
        <line num="370" count="12" type="stmt"/>
        <line num="371" count="12" type="stmt"/>
        <line num="372" count="12" type="stmt"/>
        <line num="373" count="12" type="stmt"/>
        <line num="375" count="4" type="cond" truecount="1" falsecount="1"/>
        <line num="376" count="4" type="cond" truecount="3" falsecount="0"/>
        <line num="378" count="4" type="cond" truecount="2" falsecount="0"/>
        <line num="379" count="2" type="stmt"/>
        <line num="381" count="82" type="stmt"/>
        <line num="384" count="2" type="cond" truecount="1" falsecount="1"/>
        <line num="386" count="4" type="cond" truecount="1" falsecount="1"/>
        <line num="389" count="2" type="stmt"/>
        <line num="393" count="82" type="stmt"/>
        <line num="394" count="82" type="cond" truecount="1" falsecount="1"/>
        <line num="395" count="82" type="stmt"/>
        <line num="397" count="0" type="stmt"/>
        <line num="398" count="0" type="stmt"/>
        <line num="405" count="2" type="stmt"/>
        <line num="406" count="70" type="stmt"/>
        <line num="410" count="70" type="stmt"/>
        <line num="413" count="2" type="stmt"/>
        <line num="414" count="644" type="stmt"/>
        <line num="415" count="644" type="cond" truecount="2" falsecount="0"/>
        <line num="416" count="59" type="stmt"/>
        <line num="417" count="585" type="cond" truecount="2" falsecount="0"/>
        <line num="418" count="14" type="cond" truecount="4" falsecount="0"/>
        <line num="421" count="644" type="stmt"/>
        <line num="424" count="2" type="stmt"/>
        <line num="430" count="622" type="stmt"/>
        <line num="431" count="622" type="cond" truecount="2" falsecount="0"/>
        <line num="432" count="622" type="cond" truecount="2" falsecount="0"/>
        <line num="433" count="622" type="stmt"/>
        <line num="435" count="2" type="stmt"/>
        <line num="438" count="2" type="stmt"/>
      </file>
      <file name="my-jquery-slider.scss" path="D:\work\fsd\my-jquery-slider\src\jquery.my-jquery-slider\View\my-jquery-slider.scss">
        <metrics statements="10" coveredstatements="4" conditionals="6" coveredconditionals="3" methods="2" coveredmethods="0"/>
        <line num="1" count="2" type="stmt"/>
        <line num="3" count="2" type="cond" truecount="3" falsecount="1"/>
        <line num="4" count="2" type="stmt"/>
        <line num="7" count="2" type="stmt"/>
        <line num="9" count="0" type="cond" truecount="0" falsecount="2"/>
        <line num="10" count="0" type="stmt"/>
        <line num="12" count="0" type="stmt"/>
        <line num="16" count="0" type="stmt"/>
        <line num="20" count="0" type="stmt"/>
        <line num="23" count="0" type="stmt"/>
      </file>
    </package>
    <package name="jquery.my-jquery-slider.View.Bar">
      <metrics statements="82" coveredstatements="82" conditionals="12" coveredconditionals="11" methods="25" coveredmethods="25"/>
      <file name="Bar.ts" path="D:\work\fsd\my-jquery-slider\src\jquery.my-jquery-slider\View\Bar\Bar.ts">
        <metrics statements="62" coveredstatements="62" conditionals="10" coveredconditionals="9" methods="17" coveredmethods="17"/>
        <line num="21" count="4" type="stmt"/>
        <line num="43" count="23" type="stmt"/>
        <line num="44" count="23" type="stmt"/>
        <line num="45" count="23" type="stmt"/>
        <line num="46" count="23" type="stmt"/>
        <line num="47" count="23" type="stmt"/>
        <line num="48" count="23" type="stmt"/>
        <line num="49" count="23" type="stmt"/>
        <line num="54" count="4" type="stmt"/>
        <line num="55" count="2" type="stmt"/>
        <line num="56" count="2" type="stmt"/>
        <line num="57" count="2" type="cond" truecount="1" falsecount="1"/>
        <line num="60" count="4" type="stmt"/>
        <line num="61" count="29" type="stmt"/>
        <line num="64" count="4" type="stmt"/>
        <line num="65" count="3" type="stmt"/>
        <line num="68" count="4" type="stmt"/>
        <line num="69" count="7" type="cond" truecount="2" falsecount="0"/>
        <line num="70" count="1" type="stmt"/>
        <line num="72" count="7" type="stmt"/>
        <line num="73" count="7" type="stmt"/>
        <line num="74" count="7" type="stmt"/>
        <line num="79" count="4" type="stmt"/>
        <line num="80" count="25" type="stmt"/>
        <line num="81" count="25" type="stmt"/>
        <line num="82" count="25" type="stmt"/>
        <line num="83" count="25" type="stmt"/>
        <line num="84" count="25" type="stmt"/>
        <line num="85" count="25" type="stmt"/>
        <line num="86" count="25" type="stmt"/>
        <line num="87" count="25" type="stmt"/>
        <line num="90" count="4" type="stmt"/>
        <line num="91" count="23" type="stmt"/>
        <line num="92" count="23" type="stmt"/>
        <line num="96" count="23" type="stmt"/>
        <line num="99" count="4" type="stmt"/>
        <line num="100" count="23" type="stmt"/>
        <line num="103" count="4" type="stmt"/>
        <line num="104" count="25" type="stmt"/>
        <line num="105" count="25" type="cond" truecount="2" falsecount="0"/>
        <line num="106" count="25" type="stmt"/>
        <line num="109" count="4" type="stmt"/>
        <line num="110" count="18" type="stmt"/>
        <line num="111" count="18" type="cond" truecount="2" falsecount="0"/>
        <line num="112" count="3" type="stmt"/>
        <line num="116" count="4" type="stmt"/>
        <line num="117" count="6" type="stmt"/>
        <line num="120" count="4" type="stmt"/>
        <line num="121" count="29" type="stmt"/>
        <line num="124" count="4" type="stmt"/>
        <line num="125" count="29" type="stmt"/>
        <line num="126" count="29" type="stmt"/>
        <line num="127" count="29" type="stmt"/>
        <line num="130" count="4" type="stmt"/>
        <line num="131" count="9" type="cond" truecount="2" falsecount="0"/>
        <line num="132" count="8" type="stmt"/>
        <line num="135" count="4" type="stmt"/>
        <line num="136" count="29" type="stmt"/>
        <line num="139" count="4" type="stmt"/>
        <line num="140" count="23" type="stmt"/>
        <line num="145" count="4" type="stmt"/>
        <line num="147" count="4" type="stmt"/>
      </file>
      <file name="HorizontalBar.ts" path="D:\work\fsd\my-jquery-slider\src\jquery.my-jquery-slider\View\Bar\HorizontalBar.ts">
        <metrics statements="8" coveredstatements="8" conditionals="0" coveredconditionals="0" methods="3" coveredmethods="3"/>
        <line num="1" count="3" type="stmt"/>
        <line num="3" count="3" type="stmt"/>
        <line num="4" count="3" type="stmt"/>
        <line num="5" count="1" type="stmt"/>
        <line num="8" count="3" type="stmt"/>
        <line num="9" count="19" type="stmt"/>
        <line num="11" count="3" type="stmt"/>
        <line num="13" count="3" type="stmt"/>
      </file>
      <file name="VerticalBar.ts" path="D:\work\fsd\my-jquery-slider\src\jquery.my-jquery-slider\View\Bar\VerticalBar.ts">
        <metrics statements="12" coveredstatements="12" conditionals="2" coveredconditionals="2" methods="5" coveredmethods="5"/>
        <line num="2" count="3" type="stmt"/>
        <line num="4" count="3" type="stmt"/>
        <line num="6" count="5" type="cond" truecount="2" falsecount="0"/>
        <line num="7" count="5" type="stmt"/>
        <line num="10" count="3" type="stmt"/>
        <line num="11" count="1" type="stmt"/>
        <line num="14" count="3" type="stmt"/>
        <line num="15" count="6" type="stmt"/>
        <line num="18" count="3" type="stmt"/>
        <line num="19" count="5" type="stmt"/>
        <line num="21" count="3" type="stmt"/>
        <line num="23" count="3" type="stmt"/>
      </file>
    </package>
    <package name="jquery.my-jquery-slider.View.BarsSlot">
      <metrics statements="102" coveredstatements="101" conditionals="22" coveredconditionals="21" methods="35" coveredmethods="35"/>
      <file name="BarsSlot.ts" path="D:\work\fsd\my-jquery-slider\src\jquery.my-jquery-slider\View\BarsSlot\BarsSlot.ts">
        <metrics statements="52" coveredstatements="52" conditionals="8" coveredconditionals="8" methods="19" coveredmethods="19"/>
        <line num="1" count="5" type="stmt"/>
        <line num="5" count="5" type="cond" truecount="2" falsecount="0"/>
        <line num="6" count="5" type="stmt"/>
        <line num="21" count="5" type="stmt"/>
        <line num="22" count="19" type="stmt"/>
        <line num="35" count="19" type="stmt"/>
        <line num="36" count="19" type="stmt"/>
        <line num="37" count="19" type="stmt"/>
        <line num="38" count="19" type="stmt"/>
        <line num="39" count="19" type="stmt"/>
        <line num="40" count="19" type="stmt"/>
        <line num="41" count="19" type="stmt"/>
        <line num="44" count="5" type="stmt"/>
        <line num="47" count="1" type="stmt"/>
        <line num="50" count="5" type="stmt"/>
        <line num="51" count="2" type="stmt"/>
        <line num="52" count="2" type="stmt"/>
        <line num="55" count="5" type="stmt"/>
        <line num="56" count="16" type="stmt"/>
        <line num="73" count="5" type="stmt"/>
        <line num="74" count="8" type="stmt"/>
        <line num="77" count="5" type="stmt"/>
        <line num="78" count="5" type="stmt"/>
        <line num="81" count="5" type="stmt"/>
        <line num="82" count="9" type="stmt"/>
        <line num="85" count="5" type="stmt"/>
        <line num="86" count="18" type="stmt"/>
        <line num="87" count="18" type="cond" truecount="2" falsecount="0"/>
        <line num="90" count="5" type="stmt"/>
        <line num="91" count="18" type="stmt"/>
        <line num="94" count="5" type="stmt"/>
        <line num="95" count="21" type="stmt"/>
        <line num="96" count="21" type="stmt"/>
        <line num="97" count="21" type="stmt"/>
        <line num="100" count="5" type="stmt"/>
        <line num="101" count="19" type="stmt"/>
        <line num="102" count="19" type="stmt"/>
        <line num="103" count="19" type="stmt"/>
        <line num="106" count="19" type="stmt"/>
        <line num="107" count="23" type="stmt"/>
        <line num="110" count="5" type="stmt"/>
        <line num="111" count="21" type="cond" truecount="2" falsecount="0"/>
        <line num="112" count="19" type="stmt"/>
        <line num="115" count="5" type="stmt"/>
        <line num="116" count="11" type="cond" truecount="2" falsecount="0"/>
        <line num="117" count="5" type="stmt"/>
        <line num="120" count="5" type="stmt"/>
        <line num="121" count="19" type="stmt"/>
        <line num="125" count="19" type="stmt"/>
        <line num="129" count="19" type="stmt"/>
        <line num="134" count="5" type="stmt"/>
        <line num="137" count="5" type="stmt"/>
      </file>
      <file name="HorizontalBarsSlot.ts" path="D:\work\fsd\my-jquery-slider\src\jquery.my-jquery-slider\View\BarsSlot\HorizontalBarsSlot.ts">
        <metrics statements="23" coveredstatements="23" conditionals="6" coveredconditionals="6" methods="7" coveredmethods="7"/>
        <line num="1" count="3" type="stmt"/>
        <line num="3" count="3" type="stmt"/>
        <line num="4" count="3" type="stmt"/>
        <line num="5" count="12" type="stmt"/>
        <line num="8" count="3" type="stmt"/>
        <line num="9" count="5" type="stmt"/>
        <line num="10" count="5" type="cond" truecount="2" falsecount="0"/>
        <line num="12" count="5" type="cond" truecount="2" falsecount="0"/>
        <line num="13" count="4" type="stmt"/>
        <line num="15" count="5" type="stmt"/>
        <line num="18" count="3" type="stmt"/>
        <line num="19" count="43" type="cond" truecount="2" falsecount="0"/>
        <line num="20" count="7" type="stmt"/>
        <line num="21" count="7" type="stmt"/>
        <line num="24" count="3" type="stmt"/>
        <line num="25" count="4" type="stmt"/>
        <line num="26" count="4" type="stmt"/>
        <line num="29" count="3" type="stmt"/>
        <line num="30" count="12" type="stmt"/>
        <line num="35" count="3" type="stmt"/>
        <line num="36" count="12" type="stmt"/>
        <line num="38" count="3" type="stmt"/>
        <line num="40" count="3" type="stmt"/>
      </file>
      <file name="VerticalBarsSlot.ts" path="D:\work\fsd\my-jquery-slider\src\jquery.my-jquery-slider\View\BarsSlot\VerticalBarsSlot.ts">
        <metrics statements="27" coveredstatements="26" conditionals="8" coveredconditionals="7" methods="9" coveredmethods="9"/>
        <line num="2" count="3" type="stmt"/>
        <line num="4" count="3" type="stmt"/>
        <line num="6" count="6" type="cond" truecount="2" falsecount="0"/>
        <line num="7" count="6" type="stmt"/>
        <line num="10" count="3" type="stmt"/>
        <line num="11" count="6" type="stmt"/>
        <line num="14" count="3" type="stmt"/>
        <line num="15" count="3" type="stmt"/>
        <line num="16" count="3" type="cond" truecount="2" falsecount="0"/>
        <line num="18" count="3" type="cond" truecount="1" falsecount="1"/>
        <line num="19" count="0" type="stmt"/>
        <line num="21" count="3" type="stmt"/>
        <line num="24" count="3" type="stmt"/>
        <line num="25" count="5" type="cond" truecount="2" falsecount="0"/>
        <line num="26" count="3" type="stmt"/>
        <line num="27" count="3" type="stmt"/>
        <line num="30" count="3" type="stmt"/>
        <line num="31" count="3" type="stmt"/>
        <line num="32" count="3" type="stmt"/>
        <line num="35" count="3" type="stmt"/>
        <line num="36" count="6" type="stmt"/>
        <line num="42" count="3" type="stmt"/>
        <line num="43" count="6" type="stmt"/>
        <line num="46" count="3" type="stmt"/>
        <line num="47" count="6" type="stmt"/>
        <line num="49" count="3" type="stmt"/>
        <line num="51" count="3" type="stmt"/>
      </file>
    </package>
    <package name="jquery.my-jquery-slider.View.Root">
      <metrics statements="91" coveredstatements="91" conditionals="32" coveredconditionals="31" methods="24" coveredmethods="24"/>
      <file name="HorizontalRoot.ts" path="D:\work\fsd\my-jquery-slider\src\jquery.my-jquery-slider\View\Root\HorizontalRoot.ts">
        <metrics statements="17" coveredstatements="17" conditionals="8" coveredconditionals="8" methods="4" coveredmethods="4"/>
        <line num="1" count="3" type="stmt"/>
        <line num="3" count="3" type="stmt"/>
        <line num="4" count="3" type="stmt"/>
        <line num="5" count="1" type="stmt"/>
        <line num="8" count="3" type="stmt"/>
        <line num="9" count="18" type="stmt"/>
        <line num="12" count="3" type="stmt"/>
        <line num="13" count="18" type="stmt"/>
        <line num="14" count="18" type="stmt"/>
        <line num="15" count="18" type="stmt"/>
        <line num="16" count="18" type="cond" truecount="2" falsecount="0"/>
        <line num="18" count="18" type="cond" truecount="2" falsecount="0"/>
        <line num="19" count="17" type="cond" truecount="2" falsecount="0"/>
        <line num="21" count="17" type="stmt"/>
        <line num="22" count="17" type="stmt"/>
        <line num="24" count="3" type="stmt"/>
        <line num="26" count="3" type="stmt"/>
      </file>
      <file name="Root.ts" path="D:\work\fsd\my-jquery-slider\src\jquery.my-jquery-slider\View\Root\Root.ts">
        <metrics statements="57" coveredstatements="57" conditionals="16" coveredconditionals="15" methods="16" coveredmethods="16"/>
        <line num="4" count="5" type="cond" truecount="2" falsecount="0"/>
        <line num="5" count="5" type="stmt"/>
        <line num="6" count="5" type="stmt"/>
        <line num="7" count="5" type="stmt"/>
        <line num="23" count="5" type="stmt"/>
        <line num="41" count="22" type="stmt"/>
        <line num="42" count="22" type="stmt"/>
        <line num="43" count="22" type="stmt"/>
        <line num="46" count="5" type="stmt"/>
        <line num="47" count="3" type="stmt"/>
        <line num="48" count="3" type="stmt"/>
        <line num="51" count="5" type="stmt"/>
        <line num="52" count="21" type="stmt"/>
        <line num="53" count="21" type="stmt"/>
        <line num="54" count="21" type="cond" truecount="2" falsecount="0"/>
        <line num="55" count="21" type="stmt"/>
        <line num="58" count="5" type="stmt"/>
        <line num="59" count="2" type="stmt"/>
        <line num="61" count="2" type="stmt"/>
        <line num="64" count="5" type="stmt"/>
        <line num="65" count="3" type="cond" truecount="2" falsecount="0"/>
        <line num="66" count="3" type="stmt"/>
        <line num="75" count="5" type="stmt"/>
        <line num="76" count="25" type="stmt"/>
        <line num="77" count="25" type="stmt"/>
        <line num="78" count="25" type="stmt"/>
        <line num="79" count="25" type="stmt"/>
        <line num="82" count="5" type="stmt"/>
        <line num="83" count="21" type="cond" truecount="2" falsecount="0"/>
        <line num="84" count="21" type="stmt"/>
        <line num="85" count="21" type="stmt"/>
        <line num="88" count="5" type="stmt"/>
        <line num="89" count="24" type="stmt"/>
        <line num="90" count="24" type="stmt"/>
        <line num="91" count="24" type="stmt"/>
        <line num="94" count="5" type="stmt"/>
        <line num="95" count="24" type="stmt"/>
        <line num="96" count="24" type="cond" truecount="2" falsecount="0"/>
        <line num="97" count="2" type="stmt"/>
        <line num="99" count="24" type="cond" truecount="2" falsecount="0"/>
        <line num="100" count="1" type="stmt"/>
        <line num="104" count="5" type="stmt"/>
        <line num="105" count="1" type="stmt"/>
        <line num="106" count="1" type="stmt"/>
        <line num="109" count="5" type="stmt"/>
        <line num="110" count="24" type="stmt"/>
        <line num="111" count="24" type="stmt"/>
        <line num="114" count="5" type="stmt"/>
        <line num="115" count="2" type="stmt"/>
        <line num="116" count="2" type="stmt"/>
        <line num="119" count="5" type="stmt"/>
        <line num="120" count="21" type="cond" truecount="2" falsecount="0"/>
        <line num="121" count="2" type="stmt"/>
        <line num="124" count="5" type="stmt"/>
        <line num="125" count="20" type="stmt"/>
        <line num="127" count="5" type="stmt"/>
        <line num="130" count="5" type="stmt"/>
      </file>
      <file name="VerticalRoot.ts" path="D:\work\fsd\my-jquery-slider\src\jquery.my-jquery-slider\View\Root\VerticalRoot.ts">
        <metrics statements="17" coveredstatements="17" conditionals="8" coveredconditionals="8" methods="4" coveredmethods="4"/>
        <line num="1" count="3" type="stmt"/>
        <line num="3" count="3" type="stmt"/>
        <line num="4" count="3" type="stmt"/>
        <line num="5" count="1" type="stmt"/>
        <line num="8" count="3" type="stmt"/>
        <line num="9" count="6" type="stmt"/>
        <line num="12" count="3" type="stmt"/>
        <line num="13" count="6" type="stmt"/>
        <line num="14" count="6" type="stmt"/>
        <line num="15" count="6" type="stmt"/>
        <line num="16" count="6" type="cond" truecount="2" falsecount="0"/>
        <line num="18" count="6" type="cond" truecount="2" falsecount="0"/>
        <line num="19" count="2" type="cond" truecount="2" falsecount="0"/>
        <line num="21" count="2" type="stmt"/>
        <line num="22" count="2" type="stmt"/>
        <line num="24" count="3" type="stmt"/>
        <line num="26" count="3" type="stmt"/>
      </file>
    </package>
  </project>
</coverage>
