{"D:\\work\\fsd\\my-jquery-slider\\src\\jquery.my-jquery-slider\\Corrector.ts": {"path":"D:\\work\\fsd\\my-jquery-slider\\src\\jquery.my-jquery-slider\\Corrector.ts","statementMap":{"0":{"start":{"line":1,"column":0},"end":{"line":1,"column":null}},"1":{"start":{"line":2,"column":16},"end":{"line":7,"column":null}},"2":{"start":{"line":3,"column":4},"end":{"line":3,"column":24}},"3":{"start":{"line":5,"column":22},"end":{"line":5,"column":64}},"4":{"start":{"line":6,"column":4},"end":{"line":6,"column":83}},"5":{"start":{"line":6,"column":38},"end":{"line":6,"column":83}},"6":{"start":{"line":9,"column":16},"end":{"line":17,"column":null}},"7":{"start":{"line":9,"column":37},"end":{"line":9,"column":57}},"8":{"start":{"line":10,"column":30},"end":{"line":10,"column":32}},"9":{"start":{"line":11,"column":4},"end":{"line":15,"column":7}},"10":{"start":{"line":12,"column":6},"end":{"line":14,"column":null}},"11":{"start":{"line":13,"column":8},"end":{"line":13,"column":59}},"12":{"start":{"line":16,"column":4},"end":{"line":16,"column":53}},"13":{"start":{"line":19,"column":16},"end":{"line":21,"column":null}},"14":{"start":{"line":20,"column":4},"end":{"line":20,"column":34}},"15":{"start":{"line":23,"column":16},"end":{"line":25,"column":null}},"16":{"start":{"line":24,"column":4},"end":{"line":24,"column":43}},"17":{"start":{"line":26,"column":0},"end":{"line":26,"column":null}},"18":{"start":{"line":28,"column":0},"end":{"line":28,"column":25}}},"fnMap":{"0":{"name":"(anonymous_0)","decl":{"start":{"line":1,"column":0},"end":{"line":1,"column":null}},"loc":{"start":{"line":1,"column":0},"end":{"line":26,"column":null}}},"1":{"name":"(anonymous_2)","decl":{"start":{"line":2,"column":2},"end":{"line":2,"column":16}},"loc":{"start":{"line":2,"column":2},"end":{"line":7,"column":3}}},"2":{"name":"(anonymous_3)","decl":{"start":{"line":6,"column":11},"end":{"line":6,"column":12}},"loc":{"start":{"line":6,"column":25},"end":{"line":6,"column":47}}},"3":{"name":"(anonymous_4)","decl":{"start":{"line":9,"column":2},"end":{"line":9,"column":16}},"loc":{"start":{"line":9,"column":2},"end":{"line":17,"column":3}}},"4":{"name":"(anonymous_5)","decl":{"start":{"line":11,"column":20},"end":{"line":11,"column":21}},"loc":{"start":{"line":11,"column":27},"end":{"line":15,"column":5}}},"5":{"name":"(anonymous_6)","decl":{"start":{"line":19,"column":2},"end":{"line":19,"column":16}},"loc":{"start":{"line":19,"column":62},"end":{"line":21,"column":3}}},"6":{"name":"(anonymous_7)","decl":{"start":{"line":23,"column":2},"end":{"line":23,"column":16}},"loc":{"start":{"line":23,"column":42},"end":{"line":25,"column":3}}}},"branchMap":{"0":{"loc":{"start":{"line":12,"column":6},"end":{"line":14,"column":null}},"type":"if","locations":[{"start":{"line":12,"column":6},"end":{"line":14,"column":null}},{"start":{"line":12,"column":6},"end":{"line":14,"column":null}}]},"1":{"loc":{"start":{"line":16,"column":28},"end":{"line":16,"column":49}},"type":"cond-expr","locations":[{"start":{"line":16,"column":28},"end":{"line":16,"column":49}},{"start":{"line":16,"column":51},"end":{"line":16,"column":52}}]}},"s":{"0":5,"1":5,"2":177,"3":45,"4":45,"5":45,"6":5,"7":332,"8":76,"9":76,"10":180,"11":7,"12":76,"13":5,"14":1280,"15":5,"16":187,"17":5,"18":5},"f":{"0":5,"1":45,"2":45,"3":76,"4":180,"5":1280,"6":187},"b":{"0":[7,173],"1":[3,73]}}
,"D:\\work\\fsd\\my-jquery-slider\\src\\jquery.my-jquery-slider\\EventEmitter.ts": {"path":"D:\\work\\fsd\\my-jquery-slider\\src\\jquery.my-jquery-slider\\EventEmitter.ts","statementMap":{"0":{"start":{"line":11,"column":0},"end":{"line":11,"column":null}},"1":{"start":{"line":15,"column":4},"end":{"line":15,"column":21}},"2":{"start":{"line":18,"column":9},"end":{"line":21,"column":null}},"3":{"start":{"line":19,"column":4},"end":{"line":19,"column":61}},"4":{"start":{"line":19,"column":33},"end":{"line":19,"column":61}},"5":{"start":{"line":20,"column":4},"end":{"line":20,"column":42}},"6":{"start":{"line":23,"column":9},"end":{"line":30,"column":null}},"7":{"start":{"line":27,"column":4},"end":{"line":29,"column":6}},"8":{"start":{"line":28,"column":25},"end":{"line":28,"column":null}},"9":{"start":{"line":32,"column":9},"end":{"line":39,"column":null}},"10":{"start":{"line":33,"column":18},"end":{"line":33,"column":40}},"11":{"start":{"line":34,"column":4},"end":{"line":38,"column":null}},"12":{"start":{"line":35,"column":6},"end":{"line":37,"column":8}},"13":{"start":{"line":36,"column":53},"end":{"line":36,"column":null}},"14":{"start":{"line":40,"column":0},"end":{"line":40,"column":null}},"15":{"start":{"line":42,"column":9},"end":{"line":42,"column":21}}},"fnMap":{"0":{"name":"(anonymous_0)","decl":{"start":{"line":11,"column":0},"end":{"line":11,"column":null}},"loc":{"start":{"line":11,"column":0},"end":{"line":40,"column":null}}},"1":{"name":"EventEmitter","decl":{"start":{"line":14,"column":2},"end":{"line":14,"column":null}},"loc":{"start":{"line":14,"column":2},"end":{"line":16,"column":3}}},"2":{"name":"(anonymous_2)","decl":{"start":{"line":18,"column":2},"end":{"line":18,"column":9}},"loc":{"start":{"line":18,"column":61},"end":{"line":21,"column":3}}},"3":{"name":"(anonymous_3)","decl":{"start":{"line":23,"column":2},"end":{"line":23,"column":9}},"loc":{"start":{"line":25,"column":27},"end":{"line":30,"column":3}}},"4":{"name":"(anonymous_4)","decl":{"start":{"line":28,"column":6},"end":{"line":28,"column":7}},"loc":{"start":{"line":28,"column":20},"end":{"line":28,"column":33}}},"5":{"name":"(anonymous_5)","decl":{"start":{"line":32,"column":2},"end":{"line":32,"column":9}},"loc":{"start":{"line":32,"column":47},"end":{"line":39,"column":3}}},"6":{"name":"(anonymous_6)","decl":{"start":{"line":36,"column":8},"end":{"line":36,"column":9}},"loc":{"start":{"line":36,"column":48},"end":{"line":36,"column":61}}}},"branchMap":{"0":{"loc":{"start":{"line":19,"column":4},"end":{"line":19,"column":61}},"type":"if","locations":[{"start":{"line":19,"column":4},"end":{"line":19,"column":61}},{"start":{"line":19,"column":4},"end":{"line":19,"column":61}}]},"1":{"loc":{"start":{"line":34,"column":4},"end":{"line":38,"column":null}},"type":"if","locations":[{"start":{"line":34,"column":4},"end":{"line":38,"column":null}},{"start":{"line":34,"column":4},"end":{"line":38,"column":null}}]}},"s":{"0":2,"1":5,"2":2,"3":7,"4":6,"5":7,"6":2,"7":1,"8":1,"9":2,"10":5,"11":5,"12":4,"13":4,"14":2,"15":2},"f":{"0":2,"1":5,"2":7,"3":1,"4":1,"5":5,"6":4},"b":{"0":[6,1],"1":[4,1]}}
,"D:\\work\\fsd\\my-jquery-slider\\src\\jquery.my-jquery-slider\\Presenter.ts": {"path":"D:\\work\\fsd\\my-jquery-slider\\src\\jquery.my-jquery-slider\\Presenter.ts","statementMap":{"0":{"start":{"line":1,"column":0},"end":{"line":1,"column":null}},"1":{"start":{"line":5,"column":0},"end":{"line":5,"column":null}},"2":{"start":{"line":8,"column":0},"end":{"line":8,"column":null}},"3":{"start":{"line":16,"column":0},"end":{"line":16,"column":null}},"4":{"start":{"line":25,"column":4},"end":{"line":25,"column":null}},"5":{"start":{"line":27,"column":4},"end":{"line":27,"column":23}},"6":{"start":{"line":29,"column":4},"end":{"line":29,"column":29}},"7":{"start":{"line":30,"column":4},"end":{"line":30,"column":35}},"8":{"start":{"line":32,"column":4},"end":{"line":32,"column":23}},"9":{"start":{"line":33,"column":4},"end":{"line":33,"column":22}},"10":{"start":{"line":35,"column":4},"end":{"line":35,"column":36}},"11":{"start":{"line":39,"column":9},"end":{"line":42,"column":null}},"12":{"start":{"line":39,"column":16},"end":{"line":39,"column":null}},"13":{"start":{"line":40,"column":16},"end":{"line":40,"column":50}},"14":{"start":{"line":41,"column":4},"end":{"line":41,"column":30}},"15":{"start":{"line":44,"column":10},"end":{"line":46,"column":null}},"16":{"start":{"line":45,"column":4},"end":{"line":45,"column":34}},"17":{"start":{"line":48,"column":10},"end":{"line":50,"column":null}},"18":{"start":{"line":49,"column":4},"end":{"line":49,"column":29}},"19":{"start":{"line":52,"column":10},"end":{"line":54,"column":null}},"20":{"start":{"line":53,"column":4},"end":{"line":53,"column":30}},"21":{"start":{"line":57,"column":10},"end":{"line":60,"column":null}},"22":{"start":{"line":58,"column":4},"end":{"line":58,"column":38}},"23":{"start":{"line":59,"column":4},"end":{"line":59,"column":63}},"24":{"start":{"line":63,"column":10},"end":{"line":65,"column":null}},"25":{"start":{"line":64,"column":4},"end":{"line":64,"column":28}},"26":{"start":{"line":67,"column":10},"end":{"line":69,"column":null}},"27":{"start":{"line":68,"column":4},"end":{"line":68,"column":30}},"28":{"start":{"line":71,"column":10},"end":{"line":74,"column":null}},"29":{"start":{"line":72,"column":4},"end":{"line":72,"column":68}},"30":{"start":{"line":73,"column":4},"end":{"line":73,"column":72}},"31":{"start":{"line":76,"column":10},"end":{"line":80,"column":null}},"32":{"start":{"line":77,"column":4},"end":{"line":77,"column":38}},"33":{"start":{"line":77,"column":31},"end":{"line":77,"column":38}},"34":{"start":{"line":78,"column":4},"end":{"line":78,"column":26}},"35":{"start":{"line":79,"column":4},"end":{"line":79,"column":39}},"36":{"start":{"line":82,"column":10},"end":{"line":86,"column":null}},"37":{"start":{"line":83,"column":4},"end":{"line":83,"column":38}},"38":{"start":{"line":83,"column":31},"end":{"line":83,"column":38}},"39":{"start":{"line":84,"column":4},"end":{"line":84,"column":26}},"40":{"start":{"line":85,"column":4},"end":{"line":85,"column":41}},"41":{"start":{"line":88,"column":10},"end":{"line":93,"column":null}},"42":{"start":{"line":89,"column":4},"end":{"line":89,"column":59}},"43":{"start":{"line":90,"column":4},"end":{"line":90,"column":65}},"44":{"start":{"line":91,"column":4},"end":{"line":91,"column":67}},"45":{"start":{"line":92,"column":4},"end":{"line":92,"column":69}},"46":{"start":{"line":95,"column":10},"end":{"line":98,"column":null}},"47":{"start":{"line":96,"column":10},"end":{"line":96,"column":50}},"48":{"start":{"line":96,"column":14},"end":{"line":96,"column":16}},"49":{"start":{"line":96,"column":21},"end":{"line":96,"column":23}},"50":{"start":{"line":96,"column":31},"end":{"line":96,"column":41}},"51":{"start":{"line":97,"column":4},"end":{"line":97,"column":56}},"52":{"start":{"line":100,"column":17},"end":{"line":124,"column":null}},"53":{"start":{"line":102,"column":12},"end":{"line":102,"column":14}},"54":{"start":{"line":102,"column":20},"end":{"line":102,"column":22}},"55":{"start":{"line":102,"column":27},"end":{"line":102,"column":29}},"56":{"start":{"line":102,"column":38},"end":{"line":102,"column":40}},"57":{"start":{"line":102,"column":50},"end":{"line":102,"column":null}},"58":{"start":{"line":105,"column":4},"end":{"line":123,"column":6}},"59":{"start":{"line":125,"column":0},"end":{"line":125,"column":null}},"60":{"start":{"line":127,"column":9},"end":{"line":127,"column":18}}},"fnMap":{"0":{"name":"(anonymous_2)","decl":{"start":{"line":16,"column":0},"end":{"line":16,"column":null}},"loc":{"start":{"line":16,"column":0},"end":{"line":125,"column":null}}},"1":{"name":"Presenter","decl":{"start":{"line":23,"column":2},"end":{"line":23,"column":null}},"loc":{"start":{"line":25,"column":33},"end":{"line":36,"column":3}}},"2":{"name":"(anonymous_4)","decl":{"start":{"line":39,"column":2},"end":{"line":39,"column":9}},"loc":{"start":{"line":39,"column":45},"end":{"line":42,"column":3}}},"3":{"name":"(anonymous_5)","decl":{"start":{"line":44,"column":2},"end":{"line":44,"column":10}},"loc":{"start":{"line":44,"column":37},"end":{"line":46,"column":3}}},"4":{"name":"(anonymous_6)","decl":{"start":{"line":48,"column":2},"end":{"line":48,"column":10}},"loc":{"start":{"line":48,"column":2},"end":{"line":50,"column":3}}},"5":{"name":"(anonymous_7)","decl":{"start":{"line":52,"column":2},"end":{"line":52,"column":10}},"loc":{"start":{"line":52,"column":2},"end":{"line":54,"column":3}}},"6":{"name":"(anonymous_8)","decl":{"start":{"line":57,"column":2},"end":{"line":57,"column":10}},"loc":{"start":{"line":57,"column":39},"end":{"line":60,"column":3}}},"7":{"name":"(anonymous_9)","decl":{"start":{"line":63,"column":2},"end":{"line":63,"column":10}},"loc":{"start":{"line":63,"column":46},"end":{"line":65,"column":3}}},"8":{"name":"(anonymous_10)","decl":{"start":{"line":67,"column":2},"end":{"line":67,"column":10}},"loc":{"start":{"line":67,"column":35},"end":{"line":69,"column":3}}},"9":{"name":"(anonymous_11)","decl":{"start":{"line":71,"column":2},"end":{"line":71,"column":10}},"loc":{"start":{"line":71,"column":2},"end":{"line":74,"column":3}}},"10":{"name":"(anonymous_12)","decl":{"start":{"line":76,"column":2},"end":{"line":76,"column":10}},"loc":{"start":{"line":76,"column":48},"end":{"line":80,"column":3}}},"11":{"name":"(anonymous_13)","decl":{"start":{"line":82,"column":2},"end":{"line":82,"column":10}},"loc":{"start":{"line":82,"column":50},"end":{"line":86,"column":3}}},"12":{"name":"(anonymous_14)","decl":{"start":{"line":88,"column":2},"end":{"line":88,"column":10}},"loc":{"start":{"line":88,"column":2},"end":{"line":93,"column":3}}},"13":{"name":"(anonymous_15)","decl":{"start":{"line":95,"column":2},"end":{"line":95,"column":10}},"loc":{"start":{"line":95,"column":48},"end":{"line":98,"column":3}}},"14":{"name":"(anonymous_16)","decl":{"start":{"line":100,"column":2},"end":{"line":100,"column":17}},"loc":{"start":{"line":103,"column":19},"end":{"line":124,"column":3}}}},"branchMap":{"0":{"loc":{"start":{"line":25,"column":4},"end":{"line":25,"column":null}},"type":"if","locations":[{"start":{"line":25,"column":4},"end":{"line":25,"column":null}},{"start":{"line":25,"column":4},"end":{"line":25,"column":null}}]},"1":{"loc":{"start":{"line":39,"column":16},"end":{"line":39,"column":null}},"type":"if","locations":[{"start":{"line":39,"column":16},"end":{"line":39,"column":null}},{"start":{"line":39,"column":16},"end":{"line":39,"column":null}}]},"2":{"loc":{"start":{"line":77,"column":4},"end":{"line":77,"column":38}},"type":"if","locations":[{"start":{"line":77,"column":4},"end":{"line":77,"column":38}},{"start":{"line":77,"column":4},"end":{"line":77,"column":38}}]},"3":{"loc":{"start":{"line":83,"column":4},"end":{"line":83,"column":38}},"type":"if","locations":[{"start":{"line":83,"column":4},"end":{"line":83,"column":38}},{"start":{"line":83,"column":4},"end":{"line":83,"column":38}}]}},"s":{"0":1,"1":1,"2":1,"3":1,"4":10,"5":5,"6":5,"7":5,"8":5,"9":5,"10":5,"11":1,"12":4,"13":2,"14":2,"15":1,"16":0,"17":1,"18":0,"19":1,"20":0,"21":1,"22":7,"23":7,"24":1,"25":7,"26":1,"27":7,"28":1,"29":5,"30":5,"31":1,"32":5,"33":0,"34":5,"35":5,"36":1,"37":2,"38":0,"39":2,"40":2,"41":1,"42":5,"43":5,"44":5,"45":5,"46":1,"47":0,"48":0,"49":0,"50":0,"51":0,"52":1,"53":7,"54":7,"55":7,"56":7,"57":7,"58":7,"59":1,"60":1},"f":{"0":1,"1":5,"2":2,"3":0,"4":0,"5":0,"6":7,"7":7,"8":7,"9":5,"10":5,"11":2,"12":5,"13":0,"14":7},"b":{"0":[5,0],"1":[2,0],"2":[0,5],"3":[0,2]}}
,"D:\\work\\fsd\\my-jquery-slider\\src\\jquery.my-jquery-slider\\TMyJQuerySlider.ts": {"path":"D:\\work\\fsd\\my-jquery-slider\\src\\jquery.my-jquery-slider\\TMyJQuerySlider.ts","statementMap":{"0":{"start":{"line":1,"column":0},"end":{"line":1,"column":null}},"1":{"start":{"line":2,"column":2},"end":{"line":2,"column":null}},"2":{"start":{"line":3,"column":2},"end":{"line":3,"column":null}},"3":{"start":{"line":46,"column":64},"end":{"line":46,"column":75}},"4":{"start":{"line":6,"column":0},"end":{"line":6,"column":null}},"5":{"start":{"line":7,"column":2},"end":{"line":7,"column":null}},"6":{"start":{"line":8,"column":2},"end":{"line":8,"column":null}},"7":{"start":{"line":46,"column":19},"end":{"line":46,"column":36}},"8":{"start":{"line":11,"column":0},"end":{"line":11,"column":null}},"9":{"start":{"line":12,"column":2},"end":{"line":12,"column":null}},"10":{"start":{"line":13,"column":2},"end":{"line":13,"column":null}},"11":{"start":{"line":46,"column":38},"end":{"line":46,"column":49}},"12":{"start":{"line":16,"column":0},"end":{"line":16,"column":null}},"13":{"start":{"line":17,"column":2},"end":{"line":17,"column":null}},"14":{"start":{"line":18,"column":2},"end":{"line":18,"column":null}},"15":{"start":{"line":19,"column":2},"end":{"line":19,"column":null}},"16":{"start":{"line":20,"column":2},"end":{"line":20,"column":null}},"17":{"start":{"line":46,"column":51},"end":{"line":46,"column":62}}},"fnMap":{"0":{"name":"(anonymous_0)","decl":{"start":{"line":1,"column":0},"end":{"line":1,"column":5}},"loc":{"start":{"line":1,"column":16},"end":{"line":4,"column":1}}},"1":{"name":"(anonymous_1)","decl":{"start":{"line":6,"column":0},"end":{"line":6,"column":5}},"loc":{"start":{"line":6,"column":22},"end":{"line":9,"column":1}}},"2":{"name":"(anonymous_2)","decl":{"start":{"line":11,"column":0},"end":{"line":11,"column":5}},"loc":{"start":{"line":11,"column":16},"end":{"line":14,"column":1}}},"3":{"name":"(anonymous_3)","decl":{"start":{"line":16,"column":0},"end":{"line":16,"column":5}},"loc":{"start":{"line":16,"column":16},"end":{"line":21,"column":1}}}},"branchMap":{"0":{"loc":{"start":{"line":1,"column":5},"end":{"line":1,"column":16}},"type":"binary-expr","locations":[{"start":{"line":1,"column":5},"end":{"line":1,"column":16}},{"start":{"line":1,"column":5},"end":{"line":1,"column":null}}]},"1":{"loc":{"start":{"line":6,"column":5},"end":{"line":6,"column":22}},"type":"binary-expr","locations":[{"start":{"line":6,"column":5},"end":{"line":6,"column":22}},{"start":{"line":6,"column":5},"end":{"line":6,"column":null}}]},"2":{"loc":{"start":{"line":11,"column":5},"end":{"line":11,"column":16}},"type":"binary-expr","locations":[{"start":{"line":11,"column":5},"end":{"line":11,"column":16}},{"start":{"line":11,"column":5},"end":{"line":11,"column":null}}]},"3":{"loc":{"start":{"line":16,"column":5},"end":{"line":16,"column":16}},"type":"binary-expr","locations":[{"start":{"line":16,"column":5},"end":{"line":16,"column":16}},{"start":{"line":16,"column":5},"end":{"line":16,"column":null}}]}},"s":{"0":6,"1":6,"2":6,"3":6,"4":6,"5":6,"6":6,"7":6,"8":6,"9":6,"10":6,"11":6,"12":6,"13":6,"14":6,"15":6,"16":6,"17":6},"f":{"0":6,"1":6,"2":6,"3":6},"b":{"0":[6,6],"1":[6,6],"2":[6,6],"3":[6,6]}}
,"D:\\work\\fsd\\my-jquery-slider\\src\\jquery.my-jquery-slider\\Model\\LabelsList.ts": {"path":"D:\\work\\fsd\\my-jquery-slider\\src\\jquery.my-jquery-slider\\Model\\LabelsList.ts","statementMap":{"0":{"start":{"line":21,"column":0},"end":{"line":21,"column":null}},"1":{"start":{"line":28,"column":14},"end":{"line":28,"column":null}},"2":{"start":{"line":22,"column":10},"end":{"line":22,"column":45}},"3":{"start":{"line":24,"column":10},"end":{"line":24,"column":19}},"4":{"start":{"line":26,"column":10},"end":{"line":26,"column":23}},"5":{"start":{"line":29,"column":4},"end":{"line":29,"column":28}},"6":{"start":{"line":32,"column":9},"end":{"line":34,"column":null}},"7":{"start":{"line":33,"column":4},"end":{"line":33,"column":28}},"8":{"start":{"line":36,"column":9},"end":{"line":38,"column":null}},"9":{"start":{"line":37,"column":4},"end":{"line":37,"column":23}},"10":{"start":{"line":40,"column":9},"end":{"line":47,"column":null}},"11":{"start":{"line":41,"column":29},"end":{"line":41,"column":33}},"12":{"start":{"line":42,"column":4},"end":{"line":45,"column":7}},"13":{"start":{"line":43,"column":21},"end":{"line":43,"column":46}},"14":{"start":{"line":44,"column":6},"end":{"line":44,"column":28}},"15":{"start":{"line":44,"column":18},"end":{"line":44,"column":28}},"16":{"start":{"line":46,"column":4},"end":{"line":46,"column":15}},"17":{"start":{"line":49,"column":9},"end":{"line":56,"column":null}},"18":{"start":{"line":50,"column":29},"end":{"line":50,"column":33}},"19":{"start":{"line":51,"column":4},"end":{"line":54,"column":7}},"20":{"start":{"line":52,"column":21},"end":{"line":52,"column":46}},"21":{"start":{"line":53,"column":6},"end":{"line":53,"column":28}},"22":{"start":{"line":53,"column":18},"end":{"line":53,"column":28}},"23":{"start":{"line":55,"column":4},"end":{"line":55,"column":15}},"24":{"start":{"line":58,"column":9},"end":{"line":73,"column":null}},"25":{"start":{"line":59,"column":35},"end":{"line":59,"column":57}},"26":{"start":{"line":60,"column":4},"end":{"line":60,"column":26}},"27":{"start":{"line":60,"column":14},"end":{"line":60,"column":26}},"28":{"start":{"line":61,"column":27},"end":{"line":61,"column":32}},"29":{"start":{"line":62,"column":18},"end":{"line":62,"column":22}},"30":{"start":{"line":63,"column":4},"end":{"line":70,"column":7}},"31":{"start":{"line":64,"column":22},"end":{"line":64,"column":27}},"32":{"start":{"line":65,"column":23},"end":{"line":65,"column":68}},"33":{"start":{"line":66,"column":6},"end":{"line":69,"column":null}},"34":{"start":{"line":67,"column":8},"end":{"line":67,"column":36}},"35":{"start":{"line":68,"column":8},"end":{"line":68,"column":22}},"36":{"start":{"line":71,"column":4},"end":{"line":71,"column":62}},"37":{"start":{"line":72,"column":4},"end":{"line":72,"column":26}},"38":{"start":{"line":75,"column":9},"end":{"line":85,"column":null}},"39":{"start":{"line":75,"column":2},"end":{"line":75,"column":9}},"40":{"start":{"line":76,"column":17},"end":{"line":76,"column":21}},"41":{"start":{"line":77,"column":35},"end":{"line":77,"column":39}},"42":{"start":{"line":78,"column":4},"end":{"line":83,"column":7}},"43":{"start":{"line":79,"column":24},"end":{"line":80,"column":42}},"44":{"start":{"line":81,"column":6},"end":{"line":81,"column":36}},"45":{"start":{"line":81,"column":21},"end":{"line":81,"column":36}},"46":{"start":{"line":82,"column":6},"end":{"line":82,"column":24}},"47":{"start":{"line":84,"column":4},"end":{"line":84,"column":18}},"48":{"start":{"line":87,"column":10},"end":{"line":92,"column":null}},"49":{"start":{"line":88,"column":16},"end":{"line":88,"column":33}},"50":{"start":{"line":89,"column":4},"end":{"line":89,"column":41}},"51":{"start":{"line":90,"column":4},"end":{"line":90,"column":42}},"52":{"start":{"line":91,"column":4},"end":{"line":91,"column":50}},"53":{"start":{"line":94,"column":10},"end":{"line":98,"column":null}},"54":{"start":{"line":95,"column":20},"end":{"line":95,"column":36}},"55":{"start":{"line":96,"column":4},"end":{"line":96,"column":45}},"56":{"start":{"line":97,"column":4},"end":{"line":97,"column":21}},"57":{"start":{"line":100,"column":10},"end":{"line":117,"column":null}},"58":{"start":{"line":100,"column":2},"end":{"line":100,"column":10}},"59":{"start":{"line":101,"column":42},"end":{"line":101,"column":51}},"60":{"start":{"line":102,"column":20},"end":{"line":102,"column":45}},"61":{"start":{"line":103,"column":4},"end":{"line":103,"column":38}},"62":{"start":{"line":103,"column":17},"end":{"line":103,"column":38}},"63":{"start":{"line":104,"column":22},"end":{"line":104,"column":35}},"64":{"start":{"line":105,"column":4},"end":{"line":115,"column":7}},"65":{"start":{"line":106,"column":6},"end":{"line":114,"column":null}},"66":{"start":{"line":107,"column":32},"end":{"line":107,"column":40}},"67":{"start":{"line":108,"column":30},"end":{"line":108,"column":38}},"68":{"start":{"line":109,"column":8},"end":{"line":109,"column":42}},"69":{"start":{"line":110,"column":8},"end":{"line":110,"column":56}},"70":{"start":{"line":112,"column":8},"end":{"line":112,"column":38}},"71":{"start":{"line":113,"column":8},"end":{"line":113,"column":25}},"72":{"start":{"line":116,"column":4},"end":{"line":116,"column":25}},"73":{"start":{"line":118,"column":0},"end":{"line":118,"column":null}},"74":{"start":{"line":121,"column":2},"end":{"line":121,"column":12}}},"fnMap":{"0":{"name":"(anonymous_2)","decl":{"start":{"line":21,"column":0},"end":{"line":21,"column":null}},"loc":{"start":{"line":21,"column":0},"end":{"line":118,"column":null}}},"1":{"name":"LabelsList","decl":{"start":{"line":28,"column":2},"end":{"line":28,"column":14}},"loc":{"start":{"line":28,"column":51},"end":{"line":30,"column":3}}},"2":{"name":"(anonymous_4)","decl":{"start":{"line":32,"column":2},"end":{"line":32,"column":9}},"loc":{"start":{"line":32,"column":36},"end":{"line":34,"column":3}}},"3":{"name":"(anonymous_5)","decl":{"start":{"line":36,"column":2},"end":{"line":36,"column":9}},"loc":{"start":{"line":36,"column":2},"end":{"line":38,"column":3}}},"4":{"name":"(anonymous_6)","decl":{"start":{"line":40,"column":2},"end":{"line":40,"column":9}},"loc":{"start":{"line":40,"column":2},"end":{"line":47,"column":3}}},"5":{"name":"(anonymous_7)","decl":{"start":{"line":42,"column":24},"end":{"line":42,"column":25}},"loc":{"start":{"line":42,"column":31},"end":{"line":45,"column":5}}},"6":{"name":"(anonymous_8)","decl":{"start":{"line":49,"column":2},"end":{"line":49,"column":9}},"loc":{"start":{"line":49,"column":2},"end":{"line":56,"column":3}}},"7":{"name":"(anonymous_9)","decl":{"start":{"line":51,"column":24},"end":{"line":51,"column":25}},"loc":{"start":{"line":51,"column":31},"end":{"line":54,"column":5}}},"8":{"name":"(anonymous_10)","decl":{"start":{"line":58,"column":2},"end":{"line":58,"column":9}},"loc":{"start":{"line":58,"column":59},"end":{"line":73,"column":3}}},"9":{"name":"(anonymous_11)","decl":{"start":{"line":63,"column":24},"end":{"line":63,"column":25}},"loc":{"start":{"line":63,"column":31},"end":{"line":70,"column":5}}},"10":{"name":"(anonymous_12)","decl":{"start":{"line":75,"column":2},"end":{"line":75,"column":9}},"loc":{"start":{"line":75,"column":2},"end":{"line":85,"column":3}}},"11":{"name":"(anonymous_13)","decl":{"start":{"line":78,"column":24},"end":{"line":78,"column":25}},"loc":{"start":{"line":78,"column":33},"end":{"line":83,"column":5}}},"12":{"name":"(anonymous_14)","decl":{"start":{"line":87,"column":2},"end":{"line":87,"column":10}},"loc":{"start":{"line":87,"column":40},"end":{"line":92,"column":3}}},"13":{"name":"(anonymous_15)","decl":{"start":{"line":94,"column":2},"end":{"line":94,"column":10}},"loc":{"start":{"line":94,"column":31},"end":{"line":98,"column":3}}},"14":{"name":"(anonymous_16)","decl":{"start":{"line":100,"column":2},"end":{"line":100,"column":10}},"loc":{"start":{"line":100,"column":47},"end":{"line":117,"column":3}}},"15":{"name":"(anonymous_17)","decl":{"start":{"line":105,"column":19},"end":{"line":105,"column":20}},"loc":{"start":{"line":105,"column":43},"end":{"line":115,"column":5}}}},"branchMap":{"0":{"loc":{"start":{"line":28,"column":14},"end":{"line":28,"column":null}},"type":"if","locations":[{"start":{"line":28,"column":14},"end":{"line":28,"column":null}},{"start":{"line":28,"column":14},"end":{"line":28,"column":null}}]},"1":{"loc":{"start":{"line":43,"column":21},"end":{"line":43,"column":33}},"type":"binary-expr","locations":[{"start":{"line":43,"column":21},"end":{"line":43,"column":33}},{"start":{"line":43,"column":37},"end":{"line":43,"column":46}}]},"2":{"loc":{"start":{"line":44,"column":6},"end":{"line":44,"column":28}},"type":"if","locations":[{"start":{"line":44,"column":6},"end":{"line":44,"column":28}},{"start":{"line":44,"column":6},"end":{"line":44,"column":28}}]},"3":{"loc":{"start":{"line":52,"column":21},"end":{"line":52,"column":33}},"type":"binary-expr","locations":[{"start":{"line":52,"column":21},"end":{"line":52,"column":33}},{"start":{"line":52,"column":37},"end":{"line":52,"column":46}}]},"4":{"loc":{"start":{"line":53,"column":6},"end":{"line":53,"column":28}},"type":"if","locations":[{"start":{"line":53,"column":6},"end":{"line":53,"column":28}},{"start":{"line":53,"column":6},"end":{"line":53,"column":28}}]},"5":{"loc":{"start":{"line":60,"column":4},"end":{"line":60,"column":26}},"type":"if","locations":[{"start":{"line":60,"column":4},"end":{"line":60,"column":26}},{"start":{"line":60,"column":4},"end":{"line":60,"column":26}}]},"6":{"loc":{"start":{"line":65,"column":39},"end":{"line":65,"column":52}},"type":"cond-expr","locations":[{"start":{"line":65,"column":39},"end":{"line":65,"column":52}},{"start":{"line":65,"column":55},"end":{"line":65,"column":68}}]},"7":{"loc":{"start":{"line":66,"column":6},"end":{"line":69,"column":null}},"type":"if","locations":[{"start":{"line":66,"column":6},"end":{"line":69,"column":null}},{"start":{"line":66,"column":6},"end":{"line":69,"column":null}}]},"8":{"loc":{"start":{"line":71,"column":30},"end":{"line":71,"column":54}},"type":"cond-expr","locations":[{"start":{"line":71,"column":30},"end":{"line":71,"column":54}},{"start":{"line":71,"column":57},"end":{"line":71,"column":61}}]},"9":{"loc":{"start":{"line":79,"column":24},"end":{"line":79,"column":42}},"type":"binary-expr","locations":[{"start":{"line":79,"column":24},"end":{"line":79,"column":42}},{"start":{"line":80,"column":11},"end":{"line":80,"column":42}}]},"10":{"loc":{"start":{"line":81,"column":6},"end":{"line":81,"column":36}},"type":"if","locations":[{"start":{"line":81,"column":6},"end":{"line":81,"column":36}},{"start":{"line":81,"column":6},"end":{"line":81,"column":36}}]},"11":{"loc":{"start":{"line":89,"column":35},"end":{"line":89,"column":39}},"type":"cond-expr","locations":[{"start":{"line":89,"column":35},"end":{"line":89,"column":39}},{"start":{"line":89,"column":39},"end":{"line":89,"column":40}}]},"12":{"loc":{"start":{"line":89,"column":20},"end":{"line":89,"column":39}},"type":"binary-expr","locations":[{"start":{"line":89,"column":20},"end":{"line":89,"column":39}},{"start":{"line":89,"column":35},"end":{"line":89,"column":39}}]},"13":{"loc":{"start":{"line":95,"column":20},"end":{"line":95,"column":24}},"type":"binary-expr","locations":[{"start":{"line":95,"column":20},"end":{"line":95,"column":24}},{"start":{"line":95,"column":28},"end":{"line":95,"column":36}}]},"14":{"loc":{"start":{"line":96,"column":26},"end":{"line":96,"column":40}},"type":"cond-expr","locations":[{"start":{"line":96,"column":26},"end":{"line":96,"column":40}},{"start":{"line":96,"column":43},"end":{"line":96,"column":44}}]},"15":{"loc":{"start":{"line":102,"column":20},"end":{"line":102,"column":27}},"type":"binary-expr","locations":[{"start":{"line":102,"column":20},"end":{"line":102,"column":27}},{"start":{"line":102,"column":31},"end":{"line":102,"column":45}}]},"16":{"loc":{"start":{"line":103,"column":4},"end":{"line":103,"column":38}},"type":"if","locations":[{"start":{"line":103,"column":4},"end":{"line":103,"column":38}},{"start":{"line":103,"column":4},"end":{"line":103,"column":38}}]},"17":{"loc":{"start":{"line":106,"column":6},"end":{"line":114,"column":null}},"type":"if","locations":[{"start":{"line":106,"column":6},"end":{"line":114,"column":null}},{"start":{"line":106,"column":6},"end":{"line":114,"column":null}}]},"18":{"loc":{"start":{"line":110,"column":30},"end":{"line":110,"column":49}},"type":"cond-expr","locations":[{"start":{"line":110,"column":30},"end":{"line":110,"column":49}},{"start":{"line":110,"column":52},"end":{"line":110,"column":55}}]}},"s":{"0":1,"1":23,"2":20,"3":20,"4":20,"5":20,"6":1,"7":3,"8":1,"9":4,"10":1,"11":4,"12":4,"13":7,"14":7,"15":5,"16":4,"17":1,"18":5,"19":5,"20":10,"21":10,"22":8,"23":5,"24":1,"25":4,"26":4,"27":1,"28":3,"29":3,"30":3,"31":9,"32":9,"33":9,"34":5,"35":5,"36":3,"37":3,"38":1,"39":2,"40":2,"41":2,"42":2,"43":4,"44":4,"45":1,"46":4,"47":2,"48":1,"49":23,"50":23,"51":23,"52":23,"53":1,"54":23,"55":23,"56":23,"57":1,"58":23,"59":23,"60":23,"61":23,"62":6,"63":17,"64":17,"65":46,"66":12,"67":12,"68":12,"69":12,"70":34,"71":34,"72":17,"73":1,"74":1},"f":{"0":1,"1":20,"2":3,"3":4,"4":4,"5":7,"6":5,"7":10,"8":4,"9":9,"10":2,"11":4,"12":23,"13":23,"14":23,"15":46},"b":{"0":[3,17],"1":[7,4],"2":[5,2],"3":[10,6],"4":[8,2],"5":[1,3],"6":[5,4],"7":[5,4],"8":[3,0],"9":[4,2],"10":[1,3],"11":[2,21],"12":[23,23],"13":[23,8],"14":[7,16],"15":[23,23],"16":[6,17],"17":[12,34],"18":[8,4]}}
,"D:\\work\\fsd\\my-jquery-slider\\src\\jquery.my-jquery-slider\\Model\\Model.ts": {"path":"D:\\work\\fsd\\my-jquery-slider\\src\\jquery.my-jquery-slider\\Model\\Model.ts","statementMap":{"0":{"start":{"line":1,"column":0},"end":{"line":1,"column":62}},"1":{"start":{"line":2,"column":0},"end":{"line":2,"column":72}},"2":{"start":{"line":3,"column":0},"end":{"line":3,"column":40}},"3":{"start":{"line":4,"column":0},"end":{"line":4,"column":null}},"4":{"start":{"line":7,"column":0},"end":{"line":7,"column":52}},"5":{"start":{"line":9,"column":0},"end":{"line":9,"column":null}},"6":{"start":{"line":10,"column":2},"end":{"line":10,"column":null}},"7":{"start":{"line":11,"column":2},"end":{"line":11,"column":null}},"8":{"start":{"line":348,"column":17},"end":{"line":348,"column":27}},"9":{"start":{"line":45,"column":0},"end":{"line":45,"column":null}},"10":{"start":{"line":54,"column":10},"end":{"line":54,"column":39}},"11":{"start":{"line":57,"column":4},"end":{"line":57,"column":43}},"12":{"start":{"line":58,"column":4},"end":{"line":58,"column":32}},"13":{"start":{"line":59,"column":4},"end":{"line":59,"column":42}},"14":{"start":{"line":60,"column":4},"end":{"line":60,"column":39}},"15":{"start":{"line":63,"column":9},"end":{"line":65,"column":null}},"16":{"start":{"line":64,"column":4},"end":{"line":64,"column":49}},"17":{"start":{"line":67,"column":9},"end":{"line":75,"column":null}},"18":{"start":{"line":67,"column":14},"end":{"line":67,"column":null}},"19":{"start":{"line":68,"column":4},"end":{"line":68,"column":28}},"20":{"start":{"line":69,"column":4},"end":{"line":69,"column":36}},"21":{"start":{"line":70,"column":4},"end":{"line":70,"column":66}},"22":{"start":{"line":71,"column":4},"end":{"line":71,"column":65}},"23":{"start":{"line":72,"column":4},"end":{"line":72,"column":38}},"24":{"start":{"line":73,"column":4},"end":{"line":73,"column":25}},"25":{"start":{"line":74,"column":4},"end":{"line":74,"column":33}},"26":{"start":{"line":77,"column":9},"end":{"line":85,"column":null}},"27":{"start":{"line":77,"column":16},"end":{"line":77,"column":null}},"28":{"start":{"line":78,"column":30},"end":{"line":80,"column":61}},"29":{"start":{"line":81,"column":4},"end":{"line":81,"column":28}},"30":{"start":{"line":82,"column":4},"end":{"line":83,"column":40}},"31":{"start":{"line":82,"column":27},"end":{"line":82,"column":39}},"32":{"start":{"line":83,"column":9},"end":{"line":83,"column":40}},"33":{"start":{"line":84,"column":4},"end":{"line":84,"column":35}},"34":{"start":{"line":87,"column":9},"end":{"line":105,"column":null}},"35":{"start":{"line":88,"column":10},"end":{"line":88,"column":60}},"36":{"start":{"line":88,"column":23},"end":{"line":88,"column":25}},"37":{"start":{"line":88,"column":30},"end":{"line":88,"column":32}},"38":{"start":{"line":88,"column":40},"end":{"line":88,"column":50}},"39":{"start":{"line":90,"column":4},"end":{"line":94,"column":null}},"40":{"start":{"line":91,"column":6},"end":{"line":91,"column":46}},"41":{"start":{"line":92,"column":11},"end":{"line":94,"column":null}},"42":{"start":{"line":93,"column":6},"end":{"line":93,"column":52}},"43":{"start":{"line":96,"column":4},"end":{"line":98,"column":null}},"44":{"start":{"line":97,"column":6},"end":{"line":97,"column":34}},"45":{"start":{"line":100,"column":4},"end":{"line":102,"column":null}},"46":{"start":{"line":101,"column":6},"end":{"line":101,"column":40}},"47":{"start":{"line":104,"column":4},"end":{"line":104,"column":19}},"48":{"start":{"line":107,"column":9},"end":{"line":110,"column":null}},"49":{"start":{"line":108,"column":4},"end":{"line":108,"column":30}},"50":{"start":{"line":109,"column":4},"end":{"line":109,"column":19}},"51":{"start":{"line":112,"column":9},"end":{"line":115,"column":null}},"52":{"start":{"line":113,"column":4},"end":{"line":113,"column":31}},"53":{"start":{"line":114,"column":4},"end":{"line":114,"column":19}},"54":{"start":{"line":117,"column":17},"end":{"line":167,"column":null}},"55":{"start":{"line":120,"column":52},"end":{"line":126,"column":6}},"56":{"start":{"line":127,"column":49},"end":{"line":133,"column":6}},"57":{"start":{"line":134,"column":4},"end":{"line":139,"column":null}},"58":{"start":{"line":135,"column":6},"end":{"line":138,"column":8}},"59":{"start":{"line":140,"column":4},"end":{"line":146,"column":null}},"60":{"start":{"line":141,"column":6},"end":{"line":145,"column":8}},"61":{"start":{"line":147,"column":38},"end":{"line":148,"column":43}},"62":{"start":{"line":149,"column":39},"end":{"line":150,"column":43}},"63":{"start":{"line":151,"column":26},"end":{"line":154,"column":6}},"64":{"start":{"line":155,"column":4},"end":{"line":166,"column":6}},"65":{"start":{"line":169,"column":17},"end":{"line":180,"column":null}},"66":{"start":{"line":173,"column":4},"end":{"line":175,"column":null}},"67":{"start":{"line":174,"column":6},"end":{"line":174,"column":58}},"68":{"start":{"line":176,"column":4},"end":{"line":178,"column":null}},"69":{"start":{"line":177,"column":6},"end":{"line":177,"column":39}},"70":{"start":{"line":179,"column":4},"end":{"line":179,"column":18}},"71":{"start":{"line":182,"column":17},"end":{"line":192,"column":null}},"72":{"start":{"line":187,"column":4},"end":{"line":191,"column":6}},"73":{"start":{"line":194,"column":17},"end":{"line":198,"column":null}},"74":{"start":{"line":195,"column":4},"end":{"line":197,"column":6}},"75":{"start":{"line":200,"column":10},"end":{"line":202,"column":null}},"76":{"start":{"line":201,"column":4},"end":{"line":201,"column":63}},"77":{"start":{"line":204,"column":10},"end":{"line":235,"column":null}},"78":{"start":{"line":205,"column":38},"end":{"line":225,"column":6}},"79":{"start":{"line":226,"column":4},"end":{"line":226,"column":62}},"80":{"start":{"line":227,"column":21},"end":{"line":233,"column":6}},"81":{"start":{"line":234,"column":4},"end":{"line":234,"column":50}},"82":{"start":{"line":237,"column":10},"end":{"line":243,"column":null}},"83":{"start":{"line":238,"column":15},"end":{"line":240,"column":null}},"84":{"start":{"line":242,"column":4},"end":{"line":242,"column":47}},"85":{"start":{"line":245,"column":10},"end":{"line":251,"column":null}},"86":{"start":{"line":246,"column":4},"end":{"line":246,"column":36}},"87":{"start":{"line":247,"column":4},"end":{"line":247,"column":66}},"88":{"start":{"line":248,"column":4},"end":{"line":248,"column":65}},"89":{"start":{"line":249,"column":4},"end":{"line":249,"column":38}},"90":{"start":{"line":250,"column":4},"end":{"line":250,"column":25}},"91":{"start":{"line":253,"column":10},"end":{"line":269,"column":null}},"92":{"start":{"line":254,"column":19},"end":{"line":254,"column":49}},"93":{"start":{"line":255,"column":4},"end":{"line":257,"column":null}},"94":{"start":{"line":256,"column":6},"end":{"line":256,"column":61}},"95":{"start":{"line":258,"column":29},"end":{"line":258,"column":31}},"96":{"start":{"line":259,"column":4},"end":{"line":267,"column":null}},"97":{"start":{"line":259,"column":17},"end":{"line":259,"column":18}},"98":{"start":{"line":260,"column":6},"end":{"line":266,"column":8}},"99":{"start":{"line":268,"column":4},"end":{"line":268,"column":18}},"100":{"start":{"line":271,"column":10},"end":{"line":285,"column":null}},"101":{"start":{"line":271,"column":26},"end":{"line":271,"column":null}},"102":{"start":{"line":272,"column":19},"end":{"line":274,"column":19}},"103":{"start":{"line":275,"column":4},"end":{"line":284,"column":6}},"104":{"start":{"line":287,"column":10},"end":{"line":293,"column":null}},"105":{"start":{"line":288,"column":4},"end":{"line":292,"column":6}},"106":{"start":{"line":295,"column":10},"end":{"line":306,"column":null}},"107":{"start":{"line":296,"column":29},"end":{"line":299,"column":6}},"108":{"start":{"line":296,"column":17},"end":{"line":296,"column":19}},"109":{"start":{"line":296,"column":25},"end":{"line":296,"column":29}},"110":{"start":{"line":300,"column":36},"end":{"line":301,"column":38}},"111":{"start":{"line":302,"column":4},"end":{"line":302,"column":70}},"112":{"start":{"line":302,"column":33},"end":{"line":302,"column":70}},"113":{"start":{"line":303,"column":36},"end":{"line":304,"column":68}},"114":{"start":{"line":305,"column":4},"end":{"line":305,"column":70}},"115":{"start":{"line":305,"column":33},"end":{"line":305,"column":70}},"116":{"start":{"line":308,"column":10},"end":{"line":315,"column":null}},"117":{"start":{"line":309,"column":4},"end":{"line":309,"column":54}},"118":{"start":{"line":310,"column":4},"end":{"line":313,"column":null}},"119":{"start":{"line":311,"column":6},"end":{"line":311,"column":57}},"120":{"start":{"line":312,"column":6},"end":{"line":312,"column":40}},"121":{"start":{"line":314,"column":4},"end":{"line":314,"column":25}},"122":{"start":{"line":317,"column":10},"end":{"line":319,"column":null}},"123":{"start":{"line":318,"column":4},"end":{"line":318,"column":53}},"124":{"start":{"line":321,"column":10},"end":{"line":324,"column":null}},"125":{"start":{"line":322,"column":4},"end":{"line":322,"column":25}},"126":{"start":{"line":323,"column":4},"end":{"line":323,"column":35}},"127":{"start":{"line":326,"column":10},"end":{"line":334,"column":null}},"128":{"start":{"line":327,"column":4},"end":{"line":333,"column":7}},"129":{"start":{"line":336,"column":10},"end":{"line":345,"column":null}},"130":{"start":{"line":336,"column":2},"end":{"line":336,"column":10}},"131":{"start":{"line":337,"column":4},"end":{"line":344,"column":9}},"132":{"start":{"line":339,"column":22},"end":{"line":344,"column":8}},"133":{"start":{"line":346,"column":0},"end":{"line":346,"column":null}},"134":{"start":{"line":348,"column":2},"end":{"line":348,"column":7}}},"fnMap":{"0":{"name":"(anonymous_3)","decl":{"start":{"line":9,"column":0},"end":{"line":9,"column":5}},"loc":{"start":{"line":9,"column":15},"end":{"line":12,"column":1}}},"1":{"name":"(anonymous_4)","decl":{"start":{"line":45,"column":0},"end":{"line":45,"column":null}},"loc":{"start":{"line":45,"column":0},"end":{"line":346,"column":null}}},"2":{"name":"Model","decl":{"start":{"line":56,"column":2},"end":{"line":56,"column":null}},"loc":{"start":{"line":56,"column":2},"end":{"line":61,"column":3}}},"3":{"name":"(anonymous_6)","decl":{"start":{"line":63,"column":2},"end":{"line":63,"column":9}},"loc":{"start":{"line":63,"column":50},"end":{"line":65,"column":3}}},"4":{"name":"(anonymous_7)","decl":{"start":{"line":67,"column":2},"end":{"line":67,"column":9}},"loc":{"start":{"line":67,"column":43},"end":{"line":75,"column":3}}},"5":{"name":"(anonymous_8)","decl":{"start":{"line":77,"column":2},"end":{"line":77,"column":9}},"loc":{"start":{"line":77,"column":45},"end":{"line":85,"column":3}}},"6":{"name":"(anonymous_9)","decl":{"start":{"line":87,"column":2},"end":{"line":87,"column":9}},"loc":{"start":{"line":87,"column":36},"end":{"line":105,"column":3}}},"7":{"name":"(anonymous_10)","decl":{"start":{"line":107,"column":2},"end":{"line":107,"column":9}},"loc":{"start":{"line":107,"column":2},"end":{"line":110,"column":3}}},"8":{"name":"(anonymous_11)","decl":{"start":{"line":112,"column":2},"end":{"line":112,"column":9}},"loc":{"start":{"line":112,"column":2},"end":{"line":115,"column":3}}},"9":{"name":"(anonymous_12)","decl":{"start":{"line":117,"column":2},"end":{"line":117,"column":17}},"loc":{"start":{"line":118,"column":28},"end":{"line":167,"column":3}}},"10":{"name":"(anonymous_13)","decl":{"start":{"line":169,"column":2},"end":{"line":169,"column":17}},"loc":{"start":{"line":171,"column":38},"end":{"line":180,"column":3}}},"11":{"name":"(anonymous_14)","decl":{"start":{"line":182,"column":2},"end":{"line":182,"column":17}},"loc":{"start":{"line":185,"column":40},"end":{"line":192,"column":3}}},"12":{"name":"(anonymous_15)","decl":{"start":{"line":194,"column":2},"end":{"line":194,"column":17}},"loc":{"start":{"line":194,"column":56},"end":{"line":198,"column":3}}},"13":{"name":"(anonymous_16)","decl":{"start":{"line":200,"column":2},"end":{"line":200,"column":10}},"loc":{"start":{"line":200,"column":2},"end":{"line":202,"column":3}}},"14":{"name":"(anonymous_17)","decl":{"start":{"line":204,"column":2},"end":{"line":204,"column":10}},"loc":{"start":{"line":204,"column":44},"end":{"line":235,"column":3}}},"15":{"name":"(anonymous_18)","decl":{"start":{"line":237,"column":2},"end":{"line":237,"column":10}},"loc":{"start":{"line":237,"column":2},"end":{"line":243,"column":3}}},"16":{"name":"(anonymous_19)","decl":{"start":{"line":245,"column":2},"end":{"line":245,"column":10}},"loc":{"start":{"line":245,"column":2},"end":{"line":251,"column":3}}},"17":{"name":"(anonymous_20)","decl":{"start":{"line":253,"column":2},"end":{"line":253,"column":10}},"loc":{"start":{"line":253,"column":2},"end":{"line":269,"column":3}}},"18":{"name":"(anonymous_21)","decl":{"start":{"line":271,"column":2},"end":{"line":271,"column":10}},"loc":{"start":{"line":271,"column":55},"end":{"line":285,"column":3}}},"19":{"name":"(anonymous_22)","decl":{"start":{"line":287,"column":2},"end":{"line":287,"column":10}},"loc":{"start":{"line":287,"column":2},"end":{"line":293,"column":3}}},"20":{"name":"(anonymous_23)","decl":{"start":{"line":295,"column":2},"end":{"line":295,"column":10}},"loc":{"start":{"line":295,"column":2},"end":{"line":306,"column":3}}},"21":{"name":"(anonymous_24)","decl":{"start":{"line":308,"column":2},"end":{"line":308,"column":10}},"loc":{"start":{"line":308,"column":51},"end":{"line":315,"column":3}}},"22":{"name":"(anonymous_25)","decl":{"start":{"line":317,"column":2},"end":{"line":317,"column":10}},"loc":{"start":{"line":317,"column":30},"end":{"line":319,"column":3}}},"23":{"name":"(anonymous_26)","decl":{"start":{"line":321,"column":2},"end":{"line":321,"column":10}},"loc":{"start":{"line":321,"column":2},"end":{"line":324,"column":3}}},"24":{"name":"(anonymous_27)","decl":{"start":{"line":326,"column":2},"end":{"line":326,"column":10}},"loc":{"start":{"line":326,"column":2},"end":{"line":334,"column":3}}},"25":{"name":"(anonymous_28)","decl":{"start":{"line":336,"column":2},"end":{"line":336,"column":10}},"loc":{"start":{"line":336,"column":2},"end":{"line":345,"column":3}}},"26":{"name":"(anonymous_29)","decl":{"start":{"line":339,"column":11},"end":{"line":339,"column":12}},"loc":{"start":{"line":339,"column":17},"end":{"line":339,"column":null}}}},"branchMap":{"0":{"loc":{"start":{"line":9,"column":5},"end":{"line":9,"column":15}},"type":"binary-expr","locations":[{"start":{"line":9,"column":5},"end":{"line":9,"column":15}},{"start":{"line":9,"column":5},"end":{"line":9,"column":null}}]},"1":{"loc":{"start":{"line":67,"column":14},"end":{"line":67,"column":null}},"type":"if","locations":[{"start":{"line":67,"column":14},"end":{"line":67,"column":null}},{"start":{"line":67,"column":14},"end":{"line":67,"column":null}}]},"2":{"loc":{"start":{"line":77,"column":16},"end":{"line":77,"column":null}},"type":"if","locations":[{"start":{"line":77,"column":16},"end":{"line":77,"column":null}},{"start":{"line":77,"column":16},"end":{"line":77,"column":null}}]},"3":{"loc":{"start":{"line":78,"column":30},"end":{"line":78,"column":44}},"type":"binary-expr","locations":[{"start":{"line":78,"column":30},"end":{"line":78,"column":44}},{"start":{"line":79,"column":10},"end":{"line":79,"column":40}},{"start":{"line":79,"column":44},"end":{"line":79,"column":65}},{"start":{"line":80,"column":10},"end":{"line":80,"column":30}},{"start":{"line":80,"column":34},"end":{"line":80,"column":60}}]},"4":{"loc":{"start":{"line":82,"column":4},"end":{"line":83,"column":40}},"type":"if","locations":[{"start":{"line":82,"column":4},"end":{"line":83,"column":40}},{"start":{"line":82,"column":4},"end":{"line":83,"column":40}}]},"5":{"loc":{"start":{"line":90,"column":4},"end":{"line":94,"column":null}},"type":"if","locations":[{"start":{"line":90,"column":4},"end":{"line":94,"column":null}},{"start":{"line":90,"column":4},"end":{"line":94,"column":null}}]},"6":{"loc":{"start":{"line":92,"column":11},"end":{"line":94,"column":null}},"type":"if","locations":[{"start":{"line":92,"column":11},"end":{"line":94,"column":null}},{"start":{"line":92,"column":11},"end":{"line":94,"column":null}}]},"7":{"loc":{"start":{"line":96,"column":4},"end":{"line":98,"column":null}},"type":"if","locations":[{"start":{"line":96,"column":4},"end":{"line":98,"column":null}},{"start":{"line":96,"column":4},"end":{"line":98,"column":null}}]},"8":{"loc":{"start":{"line":100,"column":4},"end":{"line":102,"column":null}},"type":"if","locations":[{"start":{"line":100,"column":4},"end":{"line":102,"column":null}},{"start":{"line":100,"column":4},"end":{"line":102,"column":null}}]},"9":{"loc":{"start":{"line":134,"column":4},"end":{"line":139,"column":null}},"type":"if","locations":[{"start":{"line":134,"column":4},"end":{"line":139,"column":null}},{"start":{"line":134,"column":4},"end":{"line":139,"column":null}}]},"10":{"loc":{"start":{"line":140,"column":4},"end":{"line":146,"column":null}},"type":"if","locations":[{"start":{"line":140,"column":4},"end":{"line":146,"column":null}},{"start":{"line":140,"column":4},"end":{"line":146,"column":null}}]},"11":{"loc":{"start":{"line":148,"column":8},"end":{"line":148,"column":38}},"type":"cond-expr","locations":[{"start":{"line":148,"column":8},"end":{"line":148,"column":38}},{"start":{"line":148,"column":41},"end":{"line":148,"column":43}}]},"12":{"loc":{"start":{"line":150,"column":8},"end":{"line":150,"column":38}},"type":"cond-expr","locations":[{"start":{"line":150,"column":8},"end":{"line":150,"column":38}},{"start":{"line":150,"column":41},"end":{"line":150,"column":43}}]},"13":{"loc":{"start":{"line":156,"column":20},"end":{"line":156,"column":24}},"type":"cond-expr","locations":[{"start":{"line":156,"column":20},"end":{"line":156,"column":24}},{"start":{"line":156,"column":24},"end":{"line":156,"column":41}}]},"14":{"loc":{"start":{"line":156,"column":6},"end":{"line":156,"column":24}},"type":"binary-expr","locations":[{"start":{"line":156,"column":6},"end":{"line":156,"column":24}},{"start":{"line":156,"column":20},"end":{"line":156,"column":24}}]},"15":{"loc":{"start":{"line":159,"column":33},"end":{"line":159,"column":null}},"type":"cond-expr","locations":[{"start":{"line":159,"column":33},"end":{"line":159,"column":null}},{"start":{"line":160,"column":11},"end":{"line":160,"column":36}}]},"16":{"loc":{"start":{"line":157,"column":6},"end":{"line":159,"column":null}},"type":"binary-expr","locations":[{"start":{"line":157,"column":6},"end":{"line":159,"column":null}},{"start":{"line":159,"column":33},"end":{"line":159,"column":null}}]},"17":{"loc":{"start":{"line":158,"column":48},"end":{"line":158,"column":null}},"type":"cond-expr","locations":[{"start":{"line":158,"column":48},"end":{"line":158,"column":null}},{"start":{"line":159,"column":11},"end":{"line":159,"column":33}}]},"18":{"loc":{"start":{"line":157,"column":6},"end":{"line":158,"column":null}},"type":"binary-expr","locations":[{"start":{"line":157,"column":6},"end":{"line":158,"column":null}},{"start":{"line":158,"column":48},"end":{"line":158,"column":null}}]},"19":{"loc":{"start":{"line":157,"column":31},"end":{"line":157,"column":null}},"type":"cond-expr","locations":[{"start":{"line":157,"column":31},"end":{"line":157,"column":null}},{"start":{"line":158,"column":11},"end":{"line":158,"column":48}}]},"20":{"loc":{"start":{"line":157,"column":6},"end":{"line":157,"column":null}},"type":"binary-expr","locations":[{"start":{"line":157,"column":6},"end":{"line":157,"column":null}},{"start":{"line":157,"column":31},"end":{"line":157,"column":null}}]},"21":{"loc":{"start":{"line":163,"column":33},"end":{"line":163,"column":null}},"type":"cond-expr","locations":[{"start":{"line":163,"column":33},"end":{"line":163,"column":null}},{"start":{"line":164,"column":11},"end":{"line":164,"column":36}}]},"22":{"loc":{"start":{"line":161,"column":6},"end":{"line":163,"column":null}},"type":"binary-expr","locations":[{"start":{"line":161,"column":6},"end":{"line":163,"column":null}},{"start":{"line":163,"column":33},"end":{"line":163,"column":null}}]},"23":{"loc":{"start":{"line":162,"column":49},"end":{"line":162,"column":null}},"type":"cond-expr","locations":[{"start":{"line":162,"column":49},"end":{"line":162,"column":null}},{"start":{"line":163,"column":11},"end":{"line":163,"column":33}}]},"24":{"loc":{"start":{"line":161,"column":6},"end":{"line":162,"column":null}},"type":"binary-expr","locations":[{"start":{"line":161,"column":6},"end":{"line":162,"column":null}},{"start":{"line":162,"column":49},"end":{"line":162,"column":null}}]},"25":{"loc":{"start":{"line":161,"column":31},"end":{"line":161,"column":null}},"type":"cond-expr","locations":[{"start":{"line":161,"column":31},"end":{"line":161,"column":null}},{"start":{"line":162,"column":11},"end":{"line":162,"column":49}}]},"26":{"loc":{"start":{"line":161,"column":6},"end":{"line":161,"column":null}},"type":"binary-expr","locations":[{"start":{"line":161,"column":6},"end":{"line":161,"column":null}},{"start":{"line":161,"column":31},"end":{"line":161,"column":null}}]},"27":{"loc":{"start":{"line":165,"column":20},"end":{"line":165,"column":24}},"type":"cond-expr","locations":[{"start":{"line":165,"column":20},"end":{"line":165,"column":24}},{"start":{"line":165,"column":24},"end":{"line":165,"column":41}}]},"28":{"loc":{"start":{"line":165,"column":6},"end":{"line":165,"column":24}},"type":"binary-expr","locations":[{"start":{"line":165,"column":6},"end":{"line":165,"column":24}},{"start":{"line":165,"column":20},"end":{"line":165,"column":24}}]},"29":{"loc":{"start":{"line":173,"column":4},"end":{"line":175,"column":null}},"type":"if","locations":[{"start":{"line":173,"column":4},"end":{"line":175,"column":null}},{"start":{"line":173,"column":4},"end":{"line":175,"column":null}}]},"30":{"loc":{"start":{"line":176,"column":4},"end":{"line":178,"column":null}},"type":"if","locations":[{"start":{"line":176,"column":4},"end":{"line":178,"column":null}},{"start":{"line":176,"column":4},"end":{"line":178,"column":null}}]},"31":{"loc":{"start":{"line":188,"column":20},"end":{"line":188,"column":24}},"type":"cond-expr","locations":[{"start":{"line":188,"column":20},"end":{"line":188,"column":24}},{"start":{"line":188,"column":24},"end":{"line":188,"column":36}}]},"32":{"loc":{"start":{"line":188,"column":6},"end":{"line":188,"column":24}},"type":"binary-expr","locations":[{"start":{"line":188,"column":6},"end":{"line":188,"column":24}},{"start":{"line":188,"column":20},"end":{"line":188,"column":24}}]},"33":{"loc":{"start":{"line":189,"column":31},"end":{"line":189,"column":35}},"type":"cond-expr","locations":[{"start":{"line":189,"column":31},"end":{"line":189,"column":35}},{"start":{"line":189,"column":35},"end":{"line":189,"column":49}}]},"34":{"loc":{"start":{"line":189,"column":6},"end":{"line":189,"column":35}},"type":"binary-expr","locations":[{"start":{"line":189,"column":6},"end":{"line":189,"column":35}},{"start":{"line":189,"column":31},"end":{"line":189,"column":35}}]},"35":{"loc":{"start":{"line":189,"column":6},"end":{"line":189,"column":11}},"type":"cond-expr","locations":[{"start":{"line":189,"column":6},"end":{"line":189,"column":11}},{"start":{"line":189,"column":15},"end":{"line":189,"column":31}}]},"36":{"loc":{"start":{"line":189,"column":6},"end":{"line":189,"column":15}},"type":"binary-expr","locations":[{"start":{"line":189,"column":6},"end":{"line":189,"column":15}},{"start":{"line":189,"column":6},"end":{"line":189,"column":15}}]},"37":{"loc":{"start":{"line":190,"column":20},"end":{"line":190,"column":24}},"type":"cond-expr","locations":[{"start":{"line":190,"column":20},"end":{"line":190,"column":24}},{"start":{"line":190,"column":24},"end":{"line":190,"column":36}}]},"38":{"loc":{"start":{"line":190,"column":6},"end":{"line":190,"column":24}},"type":"binary-expr","locations":[{"start":{"line":190,"column":6},"end":{"line":190,"column":24}},{"start":{"line":190,"column":20},"end":{"line":190,"column":24}}]},"39":{"loc":{"start":{"line":195,"column":13},"end":{"line":195,"column":29}},"type":"binary-expr","locations":[{"start":{"line":195,"column":13},"end":{"line":195,"column":29}},{"start":{"line":196,"column":10},"end":{"line":196,"column":29}},{"start":{"line":196,"column":33},"end":{"line":196,"column":52}}]},"40":{"loc":{"start":{"line":201,"column":11},"end":{"line":201,"column":29}},"type":"binary-expr","locations":[{"start":{"line":201,"column":11},"end":{"line":201,"column":29}},{"start":{"line":201,"column":33},"end":{"line":201,"column":62}}]},"41":{"loc":{"start":{"line":228,"column":38},"end":{"line":228,"column":null}},"type":"cond-expr","locations":[{"start":{"line":228,"column":38},"end":{"line":228,"column":null}},{"start":{"line":229,"column":12},"end":{"line":229,"column":58}}]},"42":{"loc":{"start":{"line":228,"column":19},"end":{"line":228,"column":null}},"type":"binary-expr","locations":[{"start":{"line":228,"column":19},"end":{"line":228,"column":null}},{"start":{"line":228,"column":38},"end":{"line":228,"column":null}}]},"43":{"loc":{"start":{"line":229,"column":31},"end":{"line":229,"column":32}},"type":"cond-expr","locations":[{"start":{"line":229,"column":31},"end":{"line":229,"column":32}},{"start":{"line":229,"column":35},"end":{"line":229,"column":58}}]},"44":{"loc":{"start":{"line":230,"column":40},"end":{"line":230,"column":null}},"type":"cond-expr","locations":[{"start":{"line":230,"column":40},"end":{"line":230,"column":null}},{"start":{"line":231,"column":12},"end":{"line":231,"column":61}}]},"45":{"loc":{"start":{"line":230,"column":20},"end":{"line":230,"column":null}},"type":"binary-expr","locations":[{"start":{"line":230,"column":20},"end":{"line":230,"column":null}},{"start":{"line":230,"column":40},"end":{"line":230,"column":null}}]},"46":{"loc":{"start":{"line":231,"column":31},"end":{"line":231,"column":34}},"type":"cond-expr","locations":[{"start":{"line":231,"column":31},"end":{"line":231,"column":34}},{"start":{"line":231,"column":37},"end":{"line":231,"column":61}}]},"47":{"loc":{"start":{"line":255,"column":4},"end":{"line":257,"column":null}},"type":"if","locations":[{"start":{"line":255,"column":4},"end":{"line":257,"column":null}},{"start":{"line":255,"column":4},"end":{"line":257,"column":null}}]},"48":{"loc":{"start":{"line":271,"column":26},"end":{"line":271,"column":null}},"type":"if","locations":[{"start":{"line":271,"column":26},"end":{"line":271,"column":null}},{"start":{"line":271,"column":26},"end":{"line":271,"column":null}}]},"49":{"loc":{"start":{"line":273,"column":8},"end":{"line":273,"column":15}},"type":"cond-expr","locations":[{"start":{"line":273,"column":8},"end":{"line":273,"column":15}},{"start":{"line":274,"column":8},"end":{"line":274,"column":19}}]},"50":{"loc":{"start":{"line":300,"column":36},"end":{"line":300,"column":51}},"type":"binary-expr","locations":[{"start":{"line":300,"column":36},"end":{"line":300,"column":51}},{"start":{"line":301,"column":9},"end":{"line":301,"column":38}}]},"51":{"loc":{"start":{"line":302,"column":4},"end":{"line":302,"column":70}},"type":"if","locations":[{"start":{"line":302,"column":4},"end":{"line":302,"column":70}},{"start":{"line":302,"column":4},"end":{"line":302,"column":70}}]},"52":{"loc":{"start":{"line":303,"column":36},"end":{"line":303,"column":51}},"type":"binary-expr","locations":[{"start":{"line":303,"column":36},"end":{"line":303,"column":51}},{"start":{"line":304,"column":10},"end":{"line":304,"column":39}},{"start":{"line":304,"column":43},"end":{"line":304,"column":67}}]},"53":{"loc":{"start":{"line":305,"column":4},"end":{"line":305,"column":70}},"type":"if","locations":[{"start":{"line":305,"column":4},"end":{"line":305,"column":70}},{"start":{"line":305,"column":4},"end":{"line":305,"column":70}}]},"54":{"loc":{"start":{"line":310,"column":4},"end":{"line":313,"column":null}},"type":"if","locations":[{"start":{"line":310,"column":4},"end":{"line":313,"column":null}},{"start":{"line":310,"column":4},"end":{"line":313,"column":null}}]}},"s":{"0":1,"1":1,"2":1,"3":1,"4":1,"5":1,"6":1,"7":1,"8":1,"9":1,"10":28,"11":28,"12":28,"13":28,"14":28,"15":1,"16":1,"17":1,"18":41,"19":26,"20":26,"21":26,"22":26,"23":26,"24":26,"25":26,"26":1,"27":7,"28":6,"29":6,"30":6,"31":3,"32":3,"33":6,"34":1,"35":4,"36":4,"37":4,"38":4,"39":4,"40":1,"41":3,"42":2,"43":4,"44":2,"45":4,"46":1,"47":4,"48":1,"49":1,"50":1,"51":1,"52":1,"53":1,"54":1,"55":32,"56":32,"57":32,"58":4,"59":28,"60":22,"61":6,"62":6,"63":6,"64":6,"65":1,"66":4,"67":1,"68":3,"69":1,"70":2,"71":1,"72":22,"73":1,"74":33,"75":1,"76":5,"77":1,"78":32,"79":32,"80":32,"81":32,"82":1,"83":38,"84":38,"85":1,"86":3,"87":3,"88":3,"89":3,"90":3,"91":1,"92":29,"93":29,"94":1,"95":28,"96":28,"97":28,"98":38,"99":28,"100":1,"101":61,"102":32,"103":32,"104":1,"105":30,"106":1,"107":30,"108":30,"109":30,"110":30,"111":30,"112":2,"113":30,"114":30,"115":19,"116":1,"117":3,"118":3,"119":1,"120":1,"121":3,"122":1,"123":38,"124":1,"125":6,"126":6,"127":1,"128":38,"129":1,"130":38,"131":38,"132":0,"133":1,"134":1},"f":{"0":1,"1":1,"2":28,"3":1,"4":26,"5":6,"6":4,"7":1,"8":1,"9":32,"10":4,"11":22,"12":33,"13":5,"14":32,"15":38,"16":3,"17":29,"18":32,"19":30,"20":30,"21":3,"22":38,"23":6,"24":38,"25":38,"26":0},"b":{"0":[1,1],"1":[15,11],"2":[1,5],"3":[6,5,1,4,1],"4":[3,3],"5":[1,3],"6":[2,1],"7":[2,2],"8":[1,3],"9":[4,28],"10":[22,6],"11":[1,5],"12":[1,5],"13":[2,4],"14":[6,6],"15":[3,3],"16":[6,6],"17":[3,3],"18":[6,6],"19":[2,4],"20":[6,6],"21":[3,3],"22":[6,6],"23":[3,3],"24":[6,6],"25":[2,4],"26":[6,6],"27":[2,4],"28":[6,6],"29":[1,3],"30":[1,2],"31":[2,20],"32":[22,22],"33":[3,19],"34":[22,22],"35":[2,20],"36":[22,22],"37":[2,20],"38":[22,22],"39":[33,27,1],"40":[5,5],"41":[2,30],"42":[32,32],"43":[3,27],"44":[0,32],"45":[32,32],"46":[5,27],"47":[1,28],"48":[29,3],"49":[2,30],"50":[30,30],"51":[2,28],"52":[30,30,11],"53":[19,11],"54":[1,2]}}
,"D:\\work\\fsd\\my-jquery-slider\\src\\jquery.my-jquery-slider\\Model\\Range.ts": {"path":"D:\\work\\fsd\\my-jquery-slider\\src\\jquery.my-jquery-slider\\Model\\Range.ts","statementMap":{"0":{"start":{"line":16,"column":0},"end":{"line":16,"column":null}},"1":{"start":{"line":23,"column":14},"end":{"line":23,"column":null}},"2":{"start":{"line":17,"column":10},"end":{"line":17,"column":20}},"3":{"start":{"line":19,"column":10},"end":{"line":19,"column":18}},"4":{"start":{"line":21,"column":10},"end":{"line":21,"column":23}},"5":{"start":{"line":24,"column":4},"end":{"line":24,"column":28}},"6":{"start":{"line":27,"column":9},"end":{"line":30,"column":null}},"7":{"start":{"line":28,"column":4},"end":{"line":28,"column":38}},"8":{"start":{"line":29,"column":4},"end":{"line":29,"column":25}},"9":{"start":{"line":32,"column":9},"end":{"line":34,"column":null}},"10":{"start":{"line":33,"column":4},"end":{"line":33,"column":20}},"11":{"start":{"line":36,"column":9},"end":{"line":39,"column":null}},"12":{"start":{"line":37,"column":4},"end":{"line":37,"column":38}},"13":{"start":{"line":38,"column":4},"end":{"line":38,"column":25}},"14":{"start":{"line":41,"column":9},"end":{"line":43,"column":null}},"15":{"start":{"line":42,"column":4},"end":{"line":42,"column":20}},"16":{"start":{"line":45,"column":9},"end":{"line":56,"column":null}},"17":{"start":{"line":46,"column":20},"end":{"line":47,"column":33}},"18":{"start":{"line":48,"column":4},"end":{"line":54,"column":null}},"19":{"start":{"line":49,"column":6},"end":{"line":49,"column":29}},"20":{"start":{"line":50,"column":11},"end":{"line":54,"column":null}},"21":{"start":{"line":51,"column":6},"end":{"line":51,"column":35}},"22":{"start":{"line":53,"column":6},"end":{"line":53,"column":35}},"23":{"start":{"line":55,"column":4},"end":{"line":55,"column":29}},"24":{"start":{"line":58,"column":9},"end":{"line":60,"column":null}},"25":{"start":{"line":59,"column":4},"end":{"line":59,"column":24}},"26":{"start":{"line":62,"column":10},"end":{"line":70,"column":null}},"27":{"start":{"line":63,"column":16},"end":{"line":63,"column":33}},"28":{"start":{"line":64,"column":4},"end":{"line":66,"column":19}},"29":{"start":{"line":67,"column":4},"end":{"line":67,"column":26}},"30":{"start":{"line":68,"column":4},"end":{"line":69,"column":68}},"31":{"start":{"line":72,"column":17},"end":{"line":74,"column":null}},"32":{"start":{"line":73,"column":4},"end":{"line":73,"column":22}},"33":{"start":{"line":76,"column":10},"end":{"line":83,"column":null}},"34":{"start":{"line":77,"column":4},"end":{"line":77,"column":63}},"35":{"start":{"line":78,"column":4},"end":{"line":80,"column":17}},"36":{"start":{"line":81,"column":4},"end":{"line":81,"column":39}},"37":{"start":{"line":82,"column":4},"end":{"line":82,"column":29}},"38":{"start":{"line":84,"column":0},"end":{"line":84,"column":null}},"39":{"start":{"line":86,"column":9},"end":{"line":86,"column":14}}},"fnMap":{"0":{"name":"(anonymous_2)","decl":{"start":{"line":16,"column":0},"end":{"line":16,"column":null}},"loc":{"start":{"line":16,"column":0},"end":{"line":84,"column":null}}},"1":{"name":"Range","decl":{"start":{"line":23,"column":2},"end":{"line":23,"column":14}},"loc":{"start":{"line":23,"column":65},"end":{"line":25,"column":3}}},"2":{"name":"(anonymous_4)","decl":{"start":{"line":27,"column":2},"end":{"line":27,"column":9}},"loc":{"start":{"line":27,"column":27},"end":{"line":30,"column":3}}},"3":{"name":"(anonymous_5)","decl":{"start":{"line":32,"column":2},"end":{"line":32,"column":9}},"loc":{"start":{"line":32,"column":2},"end":{"line":34,"column":3}}},"4":{"name":"(anonymous_6)","decl":{"start":{"line":36,"column":2},"end":{"line":36,"column":9}},"loc":{"start":{"line":36,"column":27},"end":{"line":39,"column":3}}},"5":{"name":"(anonymous_7)","decl":{"start":{"line":41,"column":2},"end":{"line":41,"column":9}},"loc":{"start":{"line":41,"column":2},"end":{"line":43,"column":3}}},"6":{"name":"(anonymous_8)","decl":{"start":{"line":45,"column":2},"end":{"line":45,"column":9}},"loc":{"start":{"line":45,"column":35},"end":{"line":56,"column":3}}},"7":{"name":"(anonymous_9)","decl":{"start":{"line":58,"column":2},"end":{"line":58,"column":9}},"loc":{"start":{"line":58,"column":2},"end":{"line":60,"column":3}}},"8":{"name":"(anonymous_10)","decl":{"start":{"line":62,"column":2},"end":{"line":62,"column":10}},"loc":{"start":{"line":62,"column":35},"end":{"line":70,"column":3}}},"9":{"name":"(anonymous_11)","decl":{"start":{"line":72,"column":2},"end":{"line":72,"column":17}},"loc":{"start":{"line":72,"column":56},"end":{"line":74,"column":3}}},"10":{"name":"(anonymous_12)","decl":{"start":{"line":76,"column":2},"end":{"line":76,"column":10}},"loc":{"start":{"line":76,"column":43},"end":{"line":83,"column":3}}}},"branchMap":{"0":{"loc":{"start":{"line":23,"column":14},"end":{"line":23,"column":null}},"type":"if","locations":[{"start":{"line":23,"column":14},"end":{"line":23,"column":null}},{"start":{"line":23,"column":14},"end":{"line":23,"column":null}}]},"1":{"loc":{"start":{"line":46,"column":20},"end":{"line":46,"column":44}},"type":"binary-expr","locations":[{"start":{"line":46,"column":20},"end":{"line":46,"column":44}},{"start":{"line":47,"column":9},"end":{"line":47,"column":33}}]},"2":{"loc":{"start":{"line":48,"column":4},"end":{"line":54,"column":null}},"type":"if","locations":[{"start":{"line":48,"column":4},"end":{"line":54,"column":null}},{"start":{"line":48,"column":4},"end":{"line":54,"column":null}}]},"3":{"loc":{"start":{"line":50,"column":11},"end":{"line":54,"column":null}},"type":"if","locations":[{"start":{"line":50,"column":11},"end":{"line":54,"column":null}},{"start":{"line":50,"column":11},"end":{"line":54,"column":null}}]},"4":{"loc":{"start":{"line":65,"column":8},"end":{"line":65,"column":18}},"type":"cond-expr","locations":[{"start":{"line":65,"column":8},"end":{"line":65,"column":18}},{"start":{"line":66,"column":8},"end":{"line":66,"column":18}}]},"5":{"loc":{"start":{"line":69,"column":8},"end":{"line":69,"column":39}},"type":"cond-expr","locations":[{"start":{"line":69,"column":8},"end":{"line":69,"column":39}},{"start":{"line":69,"column":42},"end":{"line":69,"column":67}}]},"6":{"loc":{"start":{"line":68,"column":19},"end":{"line":68,"column":33}},"type":"binary-expr","locations":[{"start":{"line":68,"column":19},"end":{"line":68,"column":33}},{"start":{"line":68,"column":37},"end":{"line":68,"column":57}}]},"7":{"loc":{"start":{"line":77,"column":48},"end":{"line":77,"column":51}},"type":"cond-expr","locations":[{"start":{"line":77,"column":48},"end":{"line":77,"column":51}},{"start":{"line":77,"column":54},"end":{"line":77,"column":62}}]},"8":{"loc":{"start":{"line":79,"column":8},"end":{"line":79,"column":11}},"type":"cond-expr","locations":[{"start":{"line":79,"column":8},"end":{"line":79,"column":11}},{"start":{"line":80,"column":8},"end":{"line":80,"column":16}}]}},"s":{"0":2,"1":20,"2":15,"3":15,"4":15,"5":15,"6":2,"7":4,"8":4,"9":2,"10":46,"11":2,"12":4,"13":4,"14":2,"15":41,"16":2,"17":23,"18":23,"19":19,"20":4,"21":2,"22":2,"23":23,"24":2,"25":54,"26":2,"27":15,"28":15,"29":15,"30":15,"31":2,"32":31,"33":2,"34":8,"35":8,"36":8,"37":8,"38":2,"39":2},"f":{"0":2,"1":15,"2":4,"3":46,"4":4,"5":41,"6":23,"7":54,"8":15,"9":31,"10":8},"b":{"0":[5,10],"1":[23,21],"2":[19,4],"3":[2,2],"4":[14,1],"5":[11,4],"6":[15,4],"7":[6,2],"8":[7,1]}}
,"D:\\work\\fsd\\my-jquery-slider\\src\\jquery.my-jquery-slider\\Model\\Slider.ts": {"path":"D:\\work\\fsd\\my-jquery-slider\\src\\jquery.my-jquery-slider\\Model\\Slider.ts","statementMap":{"0":{"start":{"line":1,"column":0},"end":{"line":1,"column":37}},"1":{"start":{"line":47,"column":0},"end":{"line":47,"column":null}},"2":{"start":{"line":50,"column":10},"end":{"line":50,"column":26}},"3":{"start":{"line":52,"column":10},"end":{"line":52,"column":19}},"4":{"start":{"line":54,"column":10},"end":{"line":54,"column":47}},"5":{"start":{"line":57,"column":4},"end":{"line":57,"column":47}},"6":{"start":{"line":58,"column":4},"end":{"line":58,"column":28}},"7":{"start":{"line":61,"column":9},"end":{"line":63,"column":null}},"8":{"start":{"line":62,"column":4},"end":{"line":62,"column":28}},"9":{"start":{"line":65,"column":9},"end":{"line":78,"column":null}},"10":{"start":{"line":66,"column":4},"end":{"line":77,"column":6}},"11":{"start":{"line":80,"column":9},"end":{"line":96,"column":null}},"12":{"start":{"line":81,"column":4},"end":{"line":83,"column":null}},"13":{"start":{"line":81,"column":37},"end":{"line":81,"column":61}},"14":{"start":{"line":82,"column":6},"end":{"line":82,"column":37}},"15":{"start":{"line":84,"column":4},"end":{"line":84,"column":33}},"16":{"start":{"line":85,"column":19},"end":{"line":85,"column":20}},"17":{"start":{"line":86,"column":4},"end":{"line":93,"column":7}},"18":{"start":{"line":87,"column":6},"end":{"line":89,"column":null}},"19":{"start":{"line":88,"column":8},"end":{"line":88,"column":28}},"20":{"start":{"line":90,"column":6},"end":{"line":92,"column":null}},"21":{"start":{"line":91,"column":8},"end":{"line":91,"column":29}},"22":{"start":{"line":94,"column":4},"end":{"line":94,"column":36}},"23":{"start":{"line":95,"column":4},"end":{"line":95,"column":35}},"24":{"start":{"line":98,"column":9},"end":{"line":100,"column":null}},"25":{"start":{"line":99,"column":4},"end":{"line":99,"column":35}},"26":{"start":{"line":102,"column":9},"end":{"line":120,"column":null}},"27":{"start":{"line":103,"column":4},"end":{"line":105,"column":null}},"28":{"start":{"line":103,"column":37},"end":{"line":103,"column":61}},"29":{"start":{"line":104,"column":6},"end":{"line":104,"column":37}},"30":{"start":{"line":106,"column":4},"end":{"line":106,"column":54}},"31":{"start":{"line":107,"column":19},"end":{"line":107,"column":20}},"32":{"start":{"line":108,"column":19},"end":{"line":108,"column":48}},"33":{"start":{"line":109,"column":4},"end":{"line":116,"column":7}},"34":{"start":{"line":110,"column":6},"end":{"line":112,"column":null}},"35":{"start":{"line":111,"column":8},"end":{"line":111,"column":28}},"36":{"start":{"line":113,"column":6},"end":{"line":115,"column":null}},"37":{"start":{"line":114,"column":8},"end":{"line":114,"column":29}},"38":{"start":{"line":117,"column":4},"end":{"line":117,"column":31}},"39":{"start":{"line":118,"column":4},"end":{"line":118,"column":43}},"40":{"start":{"line":119,"column":4},"end":{"line":119,"column":56}},"41":{"start":{"line":122,"column":9},"end":{"line":124,"column":null}},"42":{"start":{"line":123,"column":4},"end":{"line":123,"column":56}},"43":{"start":{"line":126,"column":9},"end":{"line":128,"column":null}},"44":{"start":{"line":127,"column":4},"end":{"line":127,"column":57}},"45":{"start":{"line":130,"column":9},"end":{"line":134,"column":null}},"46":{"start":{"line":131,"column":21},"end":{"line":132,"column":27}},"47":{"start":{"line":133,"column":4},"end":{"line":133,"column":35}},"48":{"start":{"line":136,"column":9},"end":{"line":143,"column":null}},"49":{"start":{"line":137,"column":18},"end":{"line":137,"column":41}},"50":{"start":{"line":138,"column":20},"end":{"line":138,"column":53}},"51":{"start":{"line":139,"column":24},"end":{"line":140,"column":79}},"52":{"start":{"line":141,"column":4},"end":{"line":141,"column":55}},"53":{"start":{"line":142,"column":4},"end":{"line":142,"column":26}},"54":{"start":{"line":145,"column":9},"end":{"line":147,"column":null}},"55":{"start":{"line":146,"column":4},"end":{"line":146,"column":21}},"56":{"start":{"line":149,"column":9},"end":{"line":152,"column":null}},"57":{"start":{"line":150,"column":4},"end":{"line":150,"column":35}},"58":{"start":{"line":151,"column":4},"end":{"line":151,"column":33}},"59":{"start":{"line":154,"column":9},"end":{"line":157,"column":null}},"60":{"start":{"line":155,"column":4},"end":{"line":155,"column":56}},"61":{"start":{"line":156,"column":4},"end":{"line":156,"column":33}},"62":{"start":{"line":159,"column":9},"end":{"line":164,"column":null}},"63":{"start":{"line":160,"column":4},"end":{"line":162,"column":30}},"64":{"start":{"line":163,"column":4},"end":{"line":163,"column":28}},"65":{"start":{"line":166,"column":9},"end":{"line":169,"column":null}},"66":{"start":{"line":167,"column":18},"end":{"line":167,"column":50}},"67":{"start":{"line":168,"column":4},"end":{"line":168,"column":38}},"68":{"start":{"line":171,"column":9},"end":{"line":173,"column":null}},"69":{"start":{"line":172,"column":4},"end":{"line":172,"column":50}},"70":{"start":{"line":172,"column":34},"end":{"line":172,"column":49}},"71":{"start":{"line":175,"column":9},"end":{"line":181,"column":null}},"72":{"start":{"line":175,"column":2},"end":{"line":175,"column":9}},"73":{"start":{"line":176,"column":32},"end":{"line":176,"column":34}},"74":{"start":{"line":177,"column":4},"end":{"line":179,"column":7}},"75":{"start":{"line":178,"column":6},"end":{"line":178,"column":53}},"76":{"start":{"line":180,"column":4},"end":{"line":180,"column":21}},"77":{"start":{"line":183,"column":9},"end":{"line":206,"column":null}},"78":{"start":{"line":183,"column":2},"end":{"line":183,"column":9}},"79":{"start":{"line":184,"column":22},"end":{"line":184,"column":65}},"80":{"start":{"line":185,"column":4},"end":{"line":189,"column":null}},"81":{"start":{"line":186,"column":6},"end":{"line":188,"column":8}},"82":{"start":{"line":190,"column":18},"end":{"line":190,"column":54}},"83":{"start":{"line":191,"column":4},"end":{"line":194,"column":null}},"84":{"start":{"line":192,"column":6},"end":{"line":192,"column":29}},"85":{"start":{"line":193,"column":6},"end":{"line":193,"column":31}},"86":{"start":{"line":195,"column":4},"end":{"line":195,"column":48}},"87":{"start":{"line":195,"column":23},"end":{"line":195,"column":48}},"88":{"start":{"line":196,"column":38},"end":{"line":196,"column":40}},"89":{"start":{"line":197,"column":4},"end":{"line":201,"column":7}},"90":{"start":{"line":198,"column":6},"end":{"line":200,"column":null}},"91":{"start":{"line":199,"column":8},"end":{"line":199,"column":37}},"92":{"start":{"line":202,"column":4},"end":{"line":204,"column":26}},"93":{"start":{"line":205,"column":4},"end":{"line":205,"column":34}},"94":{"start":{"line":208,"column":9},"end":{"line":210,"column":null}},"95":{"start":{"line":209,"column":4},"end":{"line":209,"column":41}},"96":{"start":{"line":212,"column":9},"end":{"line":214,"column":null}},"97":{"start":{"line":213,"column":4},"end":{"line":213,"column":52}},"98":{"start":{"line":216,"column":9},"end":{"line":218,"column":null}},"99":{"start":{"line":217,"column":4},"end":{"line":217,"column":52}},"100":{"start":{"line":220,"column":17},"end":{"line":240,"column":null}},"101":{"start":{"line":221,"column":34},"end":{"line":221,"column":36}},"102":{"start":{"line":222,"column":4},"end":{"line":238,"column":7}},"103":{"start":{"line":223,"column":6},"end":{"line":226,"column":null}},"104":{"start":{"line":224,"column":8},"end":{"line":224,"column":32}},"105":{"start":{"line":225,"column":8},"end":{"line":225,"column":15}},"106":{"start":{"line":227,"column":24},"end":{"line":227,"column":41}},"107":{"start":{"line":228,"column":27},"end":{"line":228,"column":45}},"108":{"start":{"line":229,"column":28},"end":{"line":230,"column":52}},"109":{"start":{"line":231,"column":6},"end":{"line":234,"column":null}},"110":{"start":{"line":232,"column":8},"end":{"line":232,"column":32}},"111":{"start":{"line":233,"column":8},"end":{"line":233,"column":15}},"112":{"start":{"line":235,"column":34},"end":{"line":236,"column":66}},"113":{"start":{"line":237,"column":6},"end":{"line":237,"column":55}},"114":{"start":{"line":237,"column":31},"end":{"line":237,"column":55}},"115":{"start":{"line":239,"column":4},"end":{"line":239,"column":23}},"116":{"start":{"line":242,"column":17},"end":{"line":249,"column":null}},"117":{"start":{"line":243,"column":4},"end":{"line":248,"column":7}},"118":{"start":{"line":244,"column":6},"end":{"line":246,"column":null}},"119":{"start":{"line":245,"column":8},"end":{"line":245,"column":39}},"120":{"start":{"line":247,"column":6},"end":{"line":247,"column":37}},"121":{"start":{"line":251,"column":17},"end":{"line":256,"column":null}},"122":{"start":{"line":252,"column":4},"end":{"line":254,"column":null}},"123":{"start":{"line":253,"column":6},"end":{"line":253,"column":55}},"124":{"start":{"line":255,"column":4},"end":{"line":255,"column":55}},"125":{"start":{"line":258,"column":17},"end":{"line":267,"column":null}},"126":{"start":{"line":259,"column":18},"end":{"line":259,"column":22}},"127":{"start":{"line":260,"column":4},"end":{"line":265,"column":null}},"128":{"start":{"line":260,"column":17},"end":{"line":260,"column":18}},"129":{"start":{"line":261,"column":6},"end":{"line":264,"column":null}},"130":{"start":{"line":262,"column":8},"end":{"line":262,"column":24}},"131":{"start":{"line":263,"column":8},"end":{"line":263,"column":14}},"132":{"start":{"line":266,"column":4},"end":{"line":266,"column":19}},"133":{"start":{"line":269,"column":17},"end":{"line":276,"column":null}},"134":{"start":{"line":272,"column":4},"end":{"line":272,"column":32}},"135":{"start":{"line":272,"column":21},"end":{"line":272,"column":32}},"136":{"start":{"line":273,"column":25},"end":{"line":273,"column":27}},"137":{"start":{"line":274,"column":4},"end":{"line":274,"column":61}},"138":{"start":{"line":274,"column":17},"end":{"line":274,"column":18}},"139":{"start":{"line":274,"column":40},"end":{"line":274,"column":61}},"140":{"start":{"line":275,"column":4},"end":{"line":275,"column":24}},"141":{"start":{"line":278,"column":17},"end":{"line":293,"column":null}},"142":{"start":{"line":281,"column":25},"end":{"line":281,"column":27}},"143":{"start":{"line":282,"column":4},"end":{"line":291,"column":null}},"144":{"start":{"line":282,"column":17},"end":{"line":282,"column":27}},"145":{"start":{"line":283,"column":6},"end":{"line":290,"column":null}},"146":{"start":{"line":284,"column":8},"end":{"line":288,"column":null}},"147":{"start":{"line":284,"column":21},"end":{"line":284,"column":22}},"148":{"start":{"line":285,"column":10},"end":{"line":287,"column":null}},"149":{"start":{"line":286,"column":12},"end":{"line":286,"column":33}},"150":{"start":{"line":289,"column":8},"end":{"line":289,"column":14}},"151":{"start":{"line":292,"column":4},"end":{"line":292,"column":24}},"152":{"start":{"line":295,"column":10},"end":{"line":313,"column":nul
[...]
n":4},"end":{"line":27,"column":82}},"18":{"start":{"line":30,"column":12},"end":{"line":33,"column":null}},"19":{"start":{"line":31,"column":20},"end":{"line":31,"column":51}},"20":{"start":{"line":32,"column":4},"end":{"line":32,"column":53}},"21":{"start":{"line":35,"column":12},"end":{"line":40,"column":null}},"22":{"start":{"line":36,"column":4},"end":{"line":39,"column":6}},"23":{"start":{"line":42,"column":12},"end":{"line":44,"column":null}},"24":{"start":{"line":43,"column":4},"end":{"line":43,"column":57}},"25":{"start":{"line":46,"column":10},"end":{"line":48,"column":null}},"26":{"start":{"line":47,"column":4},"end":{"line":47,"column":66}},"27":{"start":{"line":49,"column":0},"end":{"line":49,"column":null}},"28":{"start":{"line":51,"column":0},"end":{"line":51,"column":32}}},"fnMap":{"0":{"name":"(anonymous_6)","decl":{"start":{"line":4,"column":0},"end":{"line":4,"column":31}},"loc":{"start":{"line":4,"column":0},"end":{"line":49,"column":null}}},"1":{"name":"VerticalBarsSlot","decl":{"start":{"line":5,"column":2},"end":{"line":5,"column":14}},"loc":{"start":{"line":5,"column":52},"end":{"line":8,"column":3}}},"2":{"name":"(anonymous_8)","decl":{"start":{"line":10,"column":2},"end":{"line":10,"column":9}},"loc":{"start":{"line":10,"column":2},"end":{"line":12,"column":3}}},"3":{"name":"(anonymous_9)","decl":{"start":{"line":14,"column":2},"end":{"line":14,"column":12}},"loc":{"start":{"line":14,"column":43},"end":{"line":22,"column":3}}},"4":{"name":"(anonymous_10)","decl":{"start":{"line":24,"column":2},"end":{"line":24,"column":12}},"loc":{"start":{"line":24,"column":43},"end":{"line":28,"column":3}}},"5":{"name":"(anonymous_11)","decl":{"start":{"line":30,"column":2},"end":{"line":30,"column":12}},"loc":{"start":{"line":30,"column":52},"end":{"line":33,"column":3}}},"6":{"name":"(anonymous_12)","decl":{"start":{"line":35,"column":2},"end":{"line":35,"column":12}},"loc":{"start":{"line":35,"column":49},"end":{"line":40,"column":3}}},"7":{"name":"(anonymous_13)","decl":{"start":{"line":42,"column":2},"end":{"line":42,"column":12}},"loc":{"start":{"line":42,"column":2},"end":{"line":44,"column":3}}},"8":{"name":"(anonymous_14)","decl":{"start":{"line":46,"column":2},"end":{"line":46,"column":10}},"loc":{"start":{"line":46,"column":2},"end":{"line":48,"column":3}}}},"branchMap":{"0":{"loc":{"start":{"line":6,"column":4},"end":{"line":6,"column":24}},"type":"binary-expr","locations":[{"start":{"line":6,"column":4},"end":{"line":6,"column":24}},{"start":{"line":6,"column":24},"end":{"line":6,"column":null}}]},"1":{"loc":{"start":{"line":16,"column":32},"end":{"line":16,"column":53}},"type":"binary-expr","locations":[{"start":{"line":16,"column":32},"end":{"line":16,"column":53}},{"start":{"line":17,"column":9},"end":{"line":17,"column":41}}]},"2":{"loc":{"start":{"line":18,"column":4},"end":{"line":20,"column":null}},"type":"if","locations":[{"start":{"line":18,"column":4},"end":{"line":20,"column":null}},{"start":{"line":18,"column":4},"end":{"line":20,"column":null}}]},"3":{"loc":{"start":{"line":25,"column":4},"end":{"line":25,"column":33}},"type":"if","locations":[{"start":{"line":25,"column":4},"end":{"line":25,"column":33}},{"start":{"line":25,"column":4},"end":{"line":25,"column":33}}]}},"s":{"0":3,"1":3,"2":3,"3":6,"4":6,"5":3,"6":6,"7":3,"8":3,"9":3,"10":3,"11":0,"12":3,"13":3,"14":5,"15":2,"16":3,"17":3,"18":3,"19":3,"20":3,"21":3,"22":6,"23":3,"24":6,"25":3,"26":6,"27":3,"28":3},"f":{"0":3,"1":6,"2":6,"3":3,"4":5,"5":3,"6":6,"7":6,"8":6},"b":{"0":[6,6],"1":[3,3],"2":[0,3],"3":[2,3]}}
,"D:\\work\\fsd\\my-jquery-slider\\src\\jquery.my-jquery-slider\\View\\Root\\HorizontalRoot.ts": {"path":"D:\\work\\fsd\\my-jquery-slider\\src\\jquery.my-jquery-slider\\View\\Root\\HorizontalRoot.ts","statementMap":{"0":{"start":{"line":1,"column":0},"end":{"line":1,"column":30}},"1":{"start":{"line":3,"column":0},"end":{"line":3,"column":null}},"2":{"start":{"line":3,"column":29},"end":{"line":3,"column":33}},"3":{"start":{"line":4,"column":12},"end":{"line":6,"column":null}},"4":{"start":{"line":5,"column":4},"end":{"line":5,"column":55}},"5":{"start":{"line":8,"column":12},"end":{"line":10,"column":null}},"6":{"start":{"line":9,"column":4},"end":{"line":9,"column":65}},"7":{"start":{"line":12,"column":12},"end":{"line":23,"column":null}},"8":{"start":{"line":13,"column":16},"end":{"line":13,"column":19}},"9":{"start":{"line":14,"column":4},"end":{"line":14,"column":42}},"10":{"start":{"line":15,"column":4},"end":{"line":15,"column":39}},"11":{"start":{"line":16,"column":22},"end":{"line":17,"column":43}},"12":{"start":{"line":18,"column":4},"end":{"line":18,"column":26}},"13":{"start":{"line":18,"column":19},"end":{"line":18,"column":26}},"14":{"start":{"line":19,"column":18},"end":{"line":20,"column":41}},"15":{"start":{"line":21,"column":4},"end":{"line":21,"column":41}},"16":{"start":{"line":22,"column":4},"end":{"line":22,"column":38}},"17":{"start":{"line":24,"column":0},"end":{"line":24,"column":null}},"18":{"start":{"line":26,"column":0},"end":{"line":26,"column":30}}},"fnMap":{"0":{"name":"(anonymous_6)","decl":{"start":{"line":3,"column":0},"end":{"line":3,"column":29}},"loc":{"start":{"line":3,"column":0},"end":{"line":24,"column":null}}},"1":{"name":"(anonymous_8)","decl":{"start":{"line":4,"column":2},"end":{"line":4,"column":12}},"loc":{"start":{"line":4,"column":2},"end":{"line":6,"column":3}}},"2":{"name":"(anonymous_9)","decl":{"start":{"line":8,"column":2},"end":{"line":8,"column":12}},"loc":{"start":{"line":8,"column":2},"end":{"line":10,"column":3}}},"3":{"name":"(anonymous_10)","decl":{"start":{"line":12,"column":2},"end":{"line":12,"column":12}},"loc":{"start":{"line":12,"column":2},"end":{"line":23,"column":3}}}},"branchMap":{"0":{"loc":{"start":{"line":16,"column":22},"end":{"line":16,"column":36}},"type":"binary-expr","locations":[{"start":{"line":16,"column":22},"end":{"line":16,"column":36}},{"start":{"line":17,"column":9},"end":{"line":17,"column":43}}]},"1":{"loc":{"start":{"line":18,"column":4},"end":{"line":18,"column":26}},"type":"if","locations":[{"start":{"line":18,"column":4},"end":{"line":18,"column":26}},{"start":{"line":18,"column":4},"end":{"line":18,"column":26}}]},"2":{"loc":{"start":{"line":20,"column":11},"end":{"line":20,"column":28}},"type":"cond-expr","locations":[{"start":{"line":20,"column":11},"end":{"line":20,"column":28}},{"start":{"line":20,"column":34},"end":{"line":20,"column":41}}]},"3":{"loc":{"start":{"line":19,"column":18},"end":{"line":19,"column":31}},"type":"binary-expr","locations":[{"start":{"line":19,"column":18},"end":{"line":19,"column":31}},{"start":{"line":19,"column":35},"end":{"line":19,"column":54}}]}},"s":{"0":3,"1":3,"2":3,"3":3,"4":1,"5":3,"6":18,"7":3,"8":18,"9":18,"10":18,"11":18,"12":18,"13":1,"14":17,"15":17,"16":17,"17":3,"18":3},"f":{"0":18,"1":1,"2":18,"3":18},"b":{"0":[18,15],"1":[1,17],"2":[2,15],"3":[17,3]}}
,"D:\\work\\fsd\\my-jquery-slider\\src\\jquery.my-jquery-slider\\View\\Root\\Root.ts": {"path":"D:\\work\\fsd\\my-jquery-slider\\src\\jquery.my-jquery-slider\\View\\Root\\Root.ts","statementMap":{"0":{"start":{"line":4,"column":0},"end":{"line":4,"column":null}},"1":{"start":{"line":5,"column":2},"end":{"line":5,"column":null}},"2":{"start":{"line":6,"column":2},"end":{"line":6,"column":null}},"3":{"start":{"line":7,"column":2},"end":{"line":7,"column":null}},"4":{"start":{"line":130,"column":28},"end":{"line":130,"column":38}},"5":{"start":{"line":23,"column":0},"end":{"line":23,"column":null}},"6":{"start":{"line":41,"column":4},"end":{"line":41,"column":29}},"7":{"start":{"line":42,"column":4},"end":{"line":42,"column":29}},"8":{"start":{"line":43,"column":4},"end":{"line":43,"column":31}},"9":{"start":{"line":46,"column":9},"end":{"line":49,"column":null}},"10":{"start":{"line":47,"column":4},"end":{"line":47,"column":31}},"11":{"start":{"line":48,"column":4},"end":{"line":48,"column":25}},"12":{"start":{"line":51,"column":9},"end":{"line":56,"column":null}},"13":{"start":{"line":52,"column":4},"end":{"line":52,"column":30}},"14":{"start":{"line":53,"column":4},"end":{"line":53,"column":20}},"15":{"start":{"line":54,"column":4},"end":{"line":54,"column":39}},"16":{"start":{"line":54,"column":20},"end":{"line":54,"column":39}},"17":{"start":{"line":55,"column":4},"end":{"line":55,"column":25}},"18":{"start":{"line":58,"column":9},"end":{"line":62,"column":null}},"19":{"start":{"line":59,"column":20},"end":{"line":60,"column":54}},"20":{"start":{"line":61,"column":4},"end":{"line":61,"column":45}},"21":{"start":{"line":64,"column":9},"end":{"line":67,"column":null}},"22":{"start":{"line":65,"column":4},"end":{"line":65,"column":50}},"23":{"start":{"line":65,"column":20},"end":{"line":65,"column":50}},"24":{"start":{"line":66,"column":4},"end":{"line":66,"column":23}},"25":{"start":{"line":75,"column":10},"end":{"line":80,"column":null}},"26":{"start":{"line":76,"column":16},"end":{"line":76,"column":33}},"27":{"start":{"line":77,"column":4},"end":{"line":77,"column":38}},"28":{"start":{"line":78,"column":4},"end":{"line":78,"column":32}},"29":{"start":{"line":79,"column":4},"end":{"line":79,"column":46}},"30":{"start":{"line":82,"column":10},"end":{"line":86,"column":null}},"31":{"start":{"line":83,"column":4},"end":{"line":83,"column":46}},"32":{"start":{"line":83,"column":17},"end":{"line":83,"column":46}},"33":{"start":{"line":84,"column":4},"end":{"line":84,"column":55}},"34":{"start":{"line":85,"column":4},"end":{"line":85,"column":43}},"35":{"start":{"line":88,"column":10},"end":{"line":92,"column":null}},"36":{"start":{"line":89,"column":4},"end":{"line":89,"column":27}},"37":{"start":{"line":90,"column":4},"end":{"line":90,"column":22}},"38":{"start":{"line":91,"column":4},"end":{"line":91,"column":23}},"39":{"start":{"line":94,"column":10},"end":{"line":102,"column":null}},"40":{"start":{"line":95,"column":4},"end":{"line":95,"column":27}},"41":{"start":{"line":96,"column":4},"end":{"line":98,"column":null}},"42":{"start":{"line":97,"column":6},"end":{"line":97,"column":26}},"43":{"start":{"line":99,"column":4},"end":{"line":101,"column":null}},"44":{"start":{"line":100,"column":6},"end":{"line":100,"column":23}},"45":{"start":{"line":104,"column":10},"end":{"line":107,"column":null}},"46":{"start":{"line":105,"column":4},"end":{"line":105,"column":68}},"47":{"start":{"line":106,"column":4},"end":{"line":106,"column":64}},"48":{"start":{"line":109,"column":10},"end":{"line":112,"column":null}},"49":{"start":{"line":110,"column":4},"end":{"line":110,"column":67}},"50":{"start":{"line":111,"column":4},"end":{"line":111,"column":68}},"51":{"start":{"line":114,"column":10},"end":{"line":117,"column":null}},"52":{"start":{"line":115,"column":4},"end":{"line":115,"column":67}},"53":{"start":{"line":116,"column":4},"end":{"line":116,"column":65}},"54":{"start":{"line":119,"column":10},"end":{"line":122,"column":null}},"55":{"start":{"line":120,"column":4},"end":{"line":120,"column":28}},"56":{"start":{"line":120,"column":21},"end":{"line":120,"column":28}},"57":{"start":{"line":121,"column":4},"end":{"line":121,"column":48}},"58":{"start":{"line":124,"column":10},"end":{"line":126,"column":null}},"59":{"start":{"line":125,"column":4},"end":{"line":125,"column":50}},"60":{"start":{"line":127,"column":0},"end":{"line":127,"column":null}},"61":{"start":{"line":130,"column":22},"end":{"line":130,"column":26}}},"fnMap":{"0":{"name":"(anonymous_2)","decl":{"start":{"line":4,"column":0},"end":{"line":4,"column":5}},"loc":{"start":{"line":4,"column":15},"end":{"line":8,"column":1}}},"1":{"name":"(anonymous_3)","decl":{"start":{"line":23,"column":0},"end":{"line":23,"column":null}},"loc":{"start":{"line":23,"column":0},"end":{"line":127,"column":null}}},"2":{"name":"Root","decl":{"start":{"line":36,"column":2},"end":{"line":36,"column":null}},"loc":{"start":{"line":39,"column":24},"end":{"line":44,"column":3}}},"3":{"name":"(anonymous_5)","decl":{"start":{"line":46,"column":2},"end":{"line":46,"column":9}},"loc":{"start":{"line":46,"column":36},"end":{"line":49,"column":3}}},"4":{"name":"(anonymous_6)","decl":{"start":{"line":51,"column":2},"end":{"line":51,"column":9}},"loc":{"start":{"line":51,"column":36},"end":{"line":56,"column":3}}},"5":{"name":"(anonymous_7)","decl":{"start":{"line":58,"column":2},"end":{"line":58,"column":9}},"loc":{"start":{"line":58,"column":2},"end":{"line":62,"column":3}}},"6":{"name":"(anonymous_8)","decl":{"start":{"line":64,"column":2},"end":{"line":64,"column":9}},"loc":{"start":{"line":64,"column":31},"end":{"line":67,"column":3}}},"7":{"name":"(anonymous_9)","decl":{"start":{"line":75,"column":2},"end":{"line":75,"column":10}},"loc":{"start":{"line":75,"column":43},"end":{"line":80,"column":3}}},"8":{"name":"(anonymous_10)","decl":{"start":{"line":82,"column":2},"end":{"line":82,"column":10}},"loc":{"start":{"line":82,"column":36},"end":{"line":86,"column":3}}},"9":{"name":"(anonymous_11)","decl":{"start":{"line":88,"column":2},"end":{"line":88,"column":10}},"loc":{"start":{"line":88,"column":2},"end":{"line":92,"column":3}}},"10":{"name":"(anonymous_12)","decl":{"start":{"line":94,"column":2},"end":{"line":94,"column":10}},"loc":{"start":{"line":94,"column":2},"end":{"line":102,"column":3}}},"11":{"name":"(anonymous_13)","decl":{"start":{"line":104,"column":2},"end":{"line":104,"column":10}},"loc":{"start":{"line":104,"column":2},"end":{"line":107,"column":3}}},"12":{"name":"(anonymous_14)","decl":{"start":{"line":109,"column":2},"end":{"line":109,"column":10}},"loc":{"start":{"line":109,"column":2},"end":{"line":112,"column":3}}},"13":{"name":"(anonymous_15)","decl":{"start":{"line":114,"column":2},"end":{"line":114,"column":10}},"loc":{"start":{"line":114,"column":2},"end":{"line":117,"column":3}}},"14":{"name":"(anonymous_16)","decl":{"start":{"line":119,"column":2},"end":{"line":119,"column":10}},"loc":{"start":{"line":119,"column":2},"end":{"line":122,"column":3}}},"15":{"name":"(anonymous_17)","decl":{"start":{"line":124,"column":2},"end":{"line":124,"column":10}},"loc":{"start":{"line":124,"column":2},"end":{"line":126,"column":3}}}},"branchMap":{"0":{"loc":{"start":{"line":4,"column":5},"end":{"line":4,"column":15}},"type":"binary-expr","locations":[{"start":{"line":4,"column":5},"end":{"line":4,"column":15}},{"start":{"line":4,"column":5},"end":{"line":4,"column":null}}]},"1":{"loc":{"start":{"line":54,"column":4},"end":{"line":54,"column":39}},"type":"if","locations":[{"start":{"line":54,"column":4},"end":{"line":54,"column":39}},{"start":{"line":54,"column":4},"end":{"line":54,"column":39}}]},"2":{"loc":{"start":{"line":60,"column":8},"end":{"line":60,"column":49}},"type":"cond-expr","locations":[{"start":{"line":60,"column":8},"end":{"line":60,"column":49}},{"start":{"line":60,"column":52},"end":{"line":60,"column":54}}]},"3":{"loc":{"start":{"line":65,"column":4},"end":{"line":65,"column":50}},"type":"if","locations":[{"start":{"line":65,"column":4},"end":{"line":65,"column":50}},{"start":{"line":65,"column":4},"end":{"line":65,"column":50}}]},"4":{"loc":{"start":{"line":83,"column":4},"end":{"line":83,"column":46}},"type":"if","locations":[{"start":{"line":83,"column":4},"end":{"line":83,"column":46}},{"start":{"line":83,"column":4},"end":{"line":83,"column":46}}]},"5":{"loc":{"start":{"line":96,"column":4},"end":{"line":98,"column":null}},"type":"if","locations":[{"start":{"line":96,"column":4},"end":{"line":98,"column":null}},{"start":{"line":96,"column":4},"end":{"line":98,"column":null}}]},"6":{"loc":{"start":{"line":99,"column":4},"end":{"line":101,"column":null}},"type":"if","locations":[{"start":{"line":99,"column":4},"end":{"line":101,"column":null}},{"start":{"line":99,"column":4},"end":{"line":101,"column":null}}]},"7":{"loc":{"start":{"line":120,"column":4},"end":{"line":120,"column":28}},"type":"if","locations":[{"start":{"line":120,"column":4},"end":{"line":120,"column":28}},{"start":{"line":120,"column":4},"end":{"line":120,"column":28}}]}},"s":{"0":5,"1":5,"2":5,"3":5,"4":5,"5":5,"6":22,"7":22,"8":22,"9":5,"10":3,"11":3,"12":5,"13":21,"14":21,"15":21,"16":20,"17":21,"18":5,"19":2,"20":2,"21":5,"22":3,"23":1,"24":3,"25":5,"26":25,"27":25,"28":25,"29":25,"30":5,"31":21,"32":20,"33":21,"34":21,"35":5,"36":24,"37":24,"38":24,"39":5,"40":24,"41":24,"42":2,"43":24,"44":1,"45":5,"46":1,"47":1,"48":5,"49":24,"50":24,"51":5,"52":2,"53":2,"54":5,"55":21,"56":19,"57":2,"58":5,"59":20,"60":5,"61":5},"f":{"0":5,"1":5,"2":22,"3":3,"4":21,"5":2,"6":3,"7":25,"8":21,"9":24,"10":24,"11":1,"12":24,"13":2,"14":21,"15":20},"b":{"0":[5,5],"1":[20,1],"2":[0,2],"3":[1,2],"4":[20,1],"5":[2,22],"6":[1,23],"7":[19,2]}}
,"D:\\work\\fsd\\my-jquery-slider\\src\\jquery.my-jquery-slider\\View\\Root\\VerticalRoot.ts": {"path":"D:\\work\\fsd\\my-jquery-slider\\src\\jquery.my-jquery-slider\\View\\Root\\VerticalRoot.ts","statementMap":{"0":{"start":{"line":1,"column":0},"end":{"line":1,"column":30}},"1":{"start":{"line":3,"column":0},"end":{"line":3,"column":null}},"2":{"start":{"line":3,"column":27},"end":{"line":3,"column":31}},"3":{"start":{"line":4,"column":12},"end":{"line":6,"column":null}},"4":{"start":{"line":5,"column":4},"end":{"line":5,"column":56}},"5":{"start":{"line":8,"column":12},"end":{"line":10,"column":null}},"6":{"start":{"line":9,"column":4},"end":{"line":9,"column":62}},"7":{"start":{"line":12,"column":12},"end":{"line":23,"column":null}},"8":{"start":{"line":13,"column":16},"end":{"line":13,"column":19}},"9":{"start":{"line":14,"column":4},"end":{"line":14,"column":43}},"10":{"start":{"line":15,"column":4},"end":{"line":15,"column":40}},"11":{"start":{"line":16,"column":22},"end":{"line":17,"column":43}},"12":{"start":{"line":18,"column":4},"end":{"line":18,"column":26}},"13":{"start":{"line":18,"column":19},"end":{"line":18,"column":26}},"14":{"start":{"line":19,"column":19},"end":{"line":20,"column":41}},"15":{"start":{"line":21,"column":4},"end":{"line":21,"column":43}},"16":{"start":{"line":22,"column":4},"end":{"line":22,"column":40}},"17":{"start":{"line":24,"column":0},"end":{"line":24,"column":null}},"18":{"start":{"line":26,"column":0},"end":{"line":26,"column":28}}},"fnMap":{"0":{"name":"(anonymous_6)","decl":{"start":{"line":3,"column":0},"end":{"line":3,"column":27}},"loc":{"start":{"line":3,"column":0},"end":{"line":24,"column":null}}},"1":{"name":"(anonymous_8)","decl":{"start":{"line":4,"column":2},"end":{"line":4,"column":12}},"loc":{"start":{"line":4,"column":2},"end":{"line":6,"column":3}}},"2":{"name":"(anonymous_9)","decl":{"start":{"line":8,"column":2},"end":{"line":8,"column":12}},"loc":{"start":{"line":8,"column":2},"end":{"line":10,"column":3}}},"3":{"name":"(anonymous_10)","decl":{"start":{"line":12,"column":2},"end":{"line":12,"column":12}},"loc":{"start":{"line":12,"column":2},"end":{"line":23,"column":3}}}},"branchMap":{"0":{"loc":{"start":{"line":16,"column":22},"end":{"line":16,"column":36}},"type":"binary-expr","locations":[{"start":{"line":16,"column":22},"end":{"line":16,"column":36}},{"start":{"line":17,"column":9},"end":{"line":17,"column":43}}]},"1":{"loc":{"start":{"line":18,"column":4},"end":{"line":18,"column":26}},"type":"if","locations":[{"start":{"line":18,"column":4},"end":{"line":18,"column":26}},{"start":{"line":18,"column":4},"end":{"line":18,"column":26}}]},"2":{"loc":{"start":{"line":20,"column":11},"end":{"line":20,"column":28}},"type":"cond-expr","locations":[{"start":{"line":20,"column":11},"end":{"line":20,"column":28}},{"start":{"line":20,"column":34},"end":{"line":20,"column":41}}]},"3":{"loc":{"start":{"line":19,"column":19},"end":{"line":19,"column":32}},"type":"binary-expr","locations":[{"start":{"line":19,"column":19},"end":{"line":19,"column":32}},{"start":{"line":19,"column":36},"end":{"line":19,"column":55}}]}},"s":{"0":3,"1":3,"2":3,"3":3,"4":1,"5":3,"6":6,"7":3,"8":6,"9":6,"10":6,"11":6,"12":6,"13":4,"14":2,"15":2,"16":2,"17":3,"18":3},"f":{"0":10,"1":1,"2":6,"3":6},"b":{"0":[6,4],"1":[4,2],"2":[1,1],"3":[2,2]}}
}
