{"D:\\work\\fsd\\my-jquery-slider\\src\\jquery.my-jquery-slider\\Corrector.ts": {"path":"D:\\work\\fsd\\my-jquery-slider\\src\\jquery.my-jquery-slider\\Corrector.ts","statementMap":{"0":{"start":{"line":1,"column":0},"end":{"line":1,"column":null}},"1":{"start":{"line":2,"column":16},"end":{"line":8,"column":null}},"2":{"start":{"line":5,"column":21},"end":{"line":5,"column":52}},"3":{"start":{"line":6,"column":27},"end":{"line":6,"column":57}},"4":{"start":{"line":7,"column":4},"end":{"line":7,"column":69}},"5":{"start":{"line":7,"column":38},"end":{"line":7,"column":69}},"6":{"start":{"line":9,"column":0},"end":{"line":9,"column":null}},"7":{"start":{"line":11,"column":0},"end":{"line":11,"column":25}}},"fnMap":{"0":{"name":"(anonymous_0)","decl":{"start":{"line":1,"column":0},"end":{"line":1,"column":null}},"loc":{"start":{"line":1,"column":0},"end":{"line":9,"column":null}}},"1":{"name":"(anonymous_2)","decl":{"start":{"line":2,"column":2},"end":{"line":2,"column":16}},"loc":{"start":{"line":3,"column":18},"end":{"line":8,"column":3}}},"2":{"name":"(anonymous_3)","decl":{"start":{"line":7,"column":11},"end":{"line":7,"column":12}},"loc":{"start":{"line":7,"column":25},"end":{"line":7,"column":39}}}},"branchMap":{"0":{"loc":{"start":{"line":6,"column":38},"end":{"line":6,"column":53}},"type":"cond-expr","locations":[{"start":{"line":6,"column":38},"end":{"line":6,"column":53}},{"start":{"line":6,"column":56},"end":{"line":6,"column":57}}]}},"s":{"0":5,"1":5,"2":630,"3":630,"4":630,"5":630,"6":5,"7":5},"f":{"0":5,"1":630,"2":630},"b":{"0":[1,629]}}
,"D:\\work\\fsd\\my-jquery-slider\\src\\jquery.my-jquery-slider\\EventEmitter.ts": {"path":"D:\\work\\fsd\\my-jquery-slider\\src\\jquery.my-jquery-slider\\EventEmitter.ts","statementMap":{"0":{"start":{"line":11,"column":0},"end":{"line":11,"column":null}},"1":{"start":{"line":15,"column":4},"end":{"line":15,"column":21}},"2":{"start":{"line":18,"column":9},"end":{"line":21,"column":null}},"3":{"start":{"line":19,"column":4},"end":{"line":19,"column":61}},"4":{"start":{"line":19,"column":33},"end":{"line":19,"column":61}},"5":{"start":{"line":20,"column":4},"end":{"line":20,"column":42}},"6":{"start":{"line":23,"column":9},"end":{"line":30,"column":null}},"7":{"start":{"line":27,"column":4},"end":{"line":29,"column":6}},"8":{"start":{"line":28,"column":25},"end":{"line":28,"column":null}},"9":{"start":{"line":32,"column":9},"end":{"line":39,"column":null}},"10":{"start":{"line":33,"column":18},"end":{"line":33,"column":40}},"11":{"start":{"line":34,"column":4},"end":{"line":38,"column":null}},"12":{"start":{"line":35,"column":6},"end":{"line":37,"column":8}},"13":{"start":{"line":36,"column":53},"end":{"line":36,"column":null}},"14":{"start":{"line":40,"column":0},"end":{"line":40,"column":null}},"15":{"start":{"line":42,"column":9},"end":{"line":42,"column":21}}},"fnMap":{"0":{"name":"(anonymous_0)","decl":{"start":{"line":11,"column":0},"end":{"line":11,"column":null}},"loc":{"start":{"line":11,"column":0},"end":{"line":40,"column":null}}},"1":{"name":"EventEmitter","decl":{"start":{"line":14,"column":2},"end":{"line":14,"column":null}},"loc":{"start":{"line":14,"column":2},"end":{"line":16,"column":3}}},"2":{"name":"(anonymous_2)","decl":{"start":{"line":18,"column":2},"end":{"line":18,"column":9}},"loc":{"start":{"line":18,"column":61},"end":{"line":21,"column":3}}},"3":{"name":"(anonymous_3)","decl":{"start":{"line":23,"column":2},"end":{"line":23,"column":9}},"loc":{"start":{"line":25,"column":27},"end":{"line":30,"column":3}}},"4":{"name":"(anonymous_4)","decl":{"start":{"line":28,"column":6},"end":{"line":28,"column":7}},"loc":{"start":{"line":28,"column":20},"end":{"line":28,"column":33}}},"5":{"name":"(anonymous_5)","decl":{"start":{"line":32,"column":2},"end":{"line":32,"column":9}},"loc":{"start":{"line":32,"column":47},"end":{"line":39,"column":3}}},"6":{"name":"(anonymous_6)","decl":{"start":{"line":36,"column":8},"end":{"line":36,"column":9}},"loc":{"start":{"line":36,"column":48},"end":{"line":36,"column":61}}}},"branchMap":{"0":{"loc":{"start":{"line":19,"column":4},"end":{"line":19,"column":61}},"type":"if","locations":[{"start":{"line":19,"column":4},"end":{"line":19,"column":61}},{"start":{"line":19,"column":4},"end":{"line":19,"column":61}}]},"1":{"loc":{"start":{"line":34,"column":4},"end":{"line":38,"column":null}},"type":"if","locations":[{"start":{"line":34,"column":4},"end":{"line":38,"column":null}},{"start":{"line":34,"column":4},"end":{"line":38,"column":null}}]}},"s":{"0":2,"1":5,"2":2,"3":7,"4":6,"5":7,"6":2,"7":1,"8":1,"9":2,"10":5,"11":5,"12":4,"13":4,"14":2,"15":2},"f":{"0":2,"1":5,"2":7,"3":1,"4":1,"5":5,"6":4},"b":{"0":[6,1],"1":[4,1]}}
,"D:\\work\\fsd\\my-jquery-slider\\src\\jquery.my-jquery-slider\\Presenter.ts": {"path":"D:\\work\\fsd\\my-jquery-slider\\src\\jquery.my-jquery-slider\\Presenter.ts","statementMap":{"0":{"start":{"line":1,"column":0},"end":{"line":1,"column":46}},"1":{"start":{"line":3,"column":0},"end":{"line":3,"column":48}},"2":{"start":{"line":10,"column":0},"end":{"line":10,"column":null}},"3":{"start":{"line":21,"column":4},"end":{"line":21,"column":null}},"4":{"start":{"line":23,"column":4},"end":{"line":23,"column":23}},"5":{"start":{"line":25,"column":4},"end":{"line":25,"column":43}},"6":{"start":{"line":26,"column":4},"end":{"line":26,"column":23}},"7":{"start":{"line":28,"column":4},"end":{"line":28,"column":35}},"8":{"start":{"line":29,"column":4},"end":{"line":29,"column":22}},"9":{"start":{"line":31,"column":4},"end":{"line":31,"column":23}},"10":{"start":{"line":35,"column":9},"end":{"line":38,"column":null}},"11":{"start":{"line":35,"column":16},"end":{"line":35,"column":null}},"12":{"start":{"line":36,"column":16},"end":{"line":36,"column":50}},"13":{"start":{"line":37,"column":4},"end":{"line":37,"column":30}},"14":{"start":{"line":40,"column":10},"end":{"line":42,"column":null}},"15":{"start":{"line":41,"column":4},"end":{"line":41,"column":43}},"16":{"start":{"line":44,"column":10},"end":{"line":46,"column":null}},"17":{"start":{"line":45,"column":4},"end":{"line":45,"column":54}},"18":{"start":{"line":48,"column":10},"end":{"line":50,"column":null}},"19":{"start":{"line":49,"column":4},"end":{"line":49,"column":41}},"20":{"start":{"line":52,"column":10},"end":{"line":54,"column":null}},"21":{"start":{"line":53,"column":4},"end":{"line":53,"column":47}},"22":{"start":{"line":56,"column":10},"end":{"line":58,"column":null}},"23":{"start":{"line":57,"column":4},"end":{"line":57,"column":29}},"24":{"start":{"line":60,"column":10},"end":{"line":62,"column":null}},"25":{"start":{"line":61,"column":4},"end":{"line":61,"column":30}},"26":{"start":{"line":65,"column":10},"end":{"line":71,"column":null}},"27":{"start":{"line":65,"column":18},"end":{"line":65,"column":null}},"28":{"start":{"line":66,"column":36},"end":{"line":66,"column":58}},"29":{"start":{"line":67,"column":4},"end":{"line":67,"column":30}},"30":{"start":{"line":68,"column":4},"end":{"line":69,"column":36}},"31":{"start":{"line":68,"column":16},"end":{"line":68,"column":41}},"32":{"start":{"line":69,"column":9},"end":{"line":69,"column":36}},"33":{"start":{"line":70,"column":4},"end":{"line":70,"column":57}},"34":{"start":{"line":74,"column":10},"end":{"line":76,"column":null}},"35":{"start":{"line":75,"column":4},"end":{"line":75,"column":28}},"36":{"start":{"line":78,"column":10},"end":{"line":80,"column":null}},"37":{"start":{"line":79,"column":4},"end":{"line":79,"column":61}},"38":{"start":{"line":82,"column":10},"end":{"line":84,"column":null}},"39":{"start":{"line":83,"column":4},"end":{"line":83,"column":53}},"40":{"start":{"line":86,"column":10},"end":{"line":97,"column":null}},"41":{"start":{"line":87,"column":4},"end":{"line":87,"column":51}},"42":{"start":{"line":88,"column":4},"end":{"line":88,"column":61}},"43":{"start":{"line":89,"column":4},"end":{"line":92,"column":6}},"44":{"start":{"line":93,"column":4},"end":{"line":93,"column":59}},"45":{"start":{"line":94,"column":4},"end":{"line":94,"column":66}},"46":{"start":{"line":95,"column":4},"end":{"line":95,"column":57}},"47":{"start":{"line":96,"column":4},"end":{"line":96,"column":59}},"48":{"start":{"line":99,"column":10},"end":{"line":121,"column":null}},"49":{"start":{"line":102,"column":4},"end":{"line":120,"column":6}},"50":{"start":{"line":11,"column":16},"end":{"line":11,"column":50}},"51":{"start":{"line":122,"column":0},"end":{"line":122,"column":null}},"52":{"start":{"line":124,"column":9},"end":{"line":124,"column":18}}},"fnMap":{"0":{"name":"(anonymous_2)","decl":{"start":{"line":10,"column":0},"end":{"line":10,"column":null}},"loc":{"start":{"line":10,"column":0},"end":{"line":10,"column":null}}},"1":{"name":"Presenter","decl":{"start":{"line":19,"column":2},"end":{"line":19,"column":null}},"loc":{"start":{"line":21,"column":33},"end":{"line":32,"column":3}}},"2":{"name":"(anonymous_4)","decl":{"start":{"line":35,"column":2},"end":{"line":35,"column":9}},"loc":{"start":{"line":35,"column":45},"end":{"line":38,"column":3}}},"3":{"name":"(anonymous_5)","decl":{"start":{"line":40,"column":2},"end":{"line":40,"column":10}},"loc":{"start":{"line":40,"column":35},"end":{"line":42,"column":3}}},"4":{"name":"(anonymous_6)","decl":{"start":{"line":44,"column":2},"end":{"line":44,"column":10}},"loc":{"start":{"line":44,"column":46},"end":{"line":46,"column":3}}},"5":{"name":"(anonymous_7)","decl":{"start":{"line":48,"column":2},"end":{"line":48,"column":10}},"loc":{"start":{"line":48,"column":33},"end":{"line":50,"column":3}}},"6":{"name":"(anonymous_8)","decl":{"start":{"line":52,"column":2},"end":{"line":52,"column":10}},"loc":{"start":{"line":52,"column":39},"end":{"line":54,"column":3}}},"7":{"name":"(anonymous_9)","decl":{"start":{"line":56,"column":2},"end":{"line":56,"column":10}},"loc":{"start":{"line":56,"column":2},"end":{"line":58,"column":3}}},"8":{"name":"(anonymous_10)","decl":{"start":{"line":60,"column":2},"end":{"line":60,"column":10}},"loc":{"start":{"line":60,"column":2},"end":{"line":62,"column":3}}},"9":{"name":"(anonymous_11)","decl":{"start":{"line":65,"column":2},"end":{"line":65,"column":10}},"loc":{"start":{"line":65,"column":32},"end":{"line":71,"column":3}}},"10":{"name":"(anonymous_12)","decl":{"start":{"line":74,"column":2},"end":{"line":74,"column":10}},"loc":{"start":{"line":74,"column":46},"end":{"line":76,"column":3}}},"11":{"name":"(anonymous_13)","decl":{"start":{"line":78,"column":2},"end":{"line":78,"column":10}},"loc":{"start":{"line":78,"column":35},"end":{"line":80,"column":3}}},"12":{"name":"(anonymous_14)","decl":{"start":{"line":82,"column":2},"end":{"line":82,"column":10}},"loc":{"start":{"line":82,"column":2},"end":{"line":84,"column":3}}},"13":{"name":"(anonymous_15)","decl":{"start":{"line":86,"column":2},"end":{"line":86,"column":10}},"loc":{"start":{"line":86,"column":2},"end":{"line":97,"column":3}}},"14":{"name":"(anonymous_16)","decl":{"start":{"line":99,"column":2},"end":{"line":99,"column":10}},"loc":{"start":{"line":100,"column":27},"end":{"line":121,"column":3}}}},"branchMap":{"0":{"loc":{"start":{"line":21,"column":4},"end":{"line":21,"column":null}},"type":"if","locations":[{"start":{"line":21,"column":4},"end":{"line":21,"column":null}},{"start":{"line":21,"column":4},"end":{"line":21,"column":null}}]},"1":{"loc":{"start":{"line":35,"column":16},"end":{"line":35,"column":null}},"type":"if","locations":[{"start":{"line":35,"column":16},"end":{"line":35,"column":null}},{"start":{"line":35,"column":16},"end":{"line":35,"column":null}}]},"2":{"loc":{"start":{"line":65,"column":18},"end":{"line":65,"column":null}},"type":"if","locations":[{"start":{"line":65,"column":18},"end":{"line":65,"column":null}},{"start":{"line":65,"column":18},"end":{"line":65,"column":null}}]},"3":{"loc":{"start":{"line":68,"column":4},"end":{"line":69,"column":36}},"type":"if","locations":[{"start":{"line":68,"column":4},"end":{"line":69,"column":36}},{"start":{"line":68,"column":4},"end":{"line":69,"column":36}}]}},"s":{"0":1,"1":1,"2":1,"3":10,"4":5,"5":5,"6":5,"7":5,"8":5,"9":5,"10":1,"11":4,"12":2,"13":2,"14":1,"15":0,"16":1,"17":0,"18":1,"19":0,"20":1,"21":0,"22":1,"23":0,"24":1,"25":0,"26":1,"27":9,"28":7,"29":7,"30":7,"31":5,"32":2,"33":7,"34":1,"35":7,"36":1,"37":7,"38":1,"39":5,"40":1,"41":5,"42":5,"43":5,"44":5,"45":5,"46":5,"47":5,"48":1,"49":7,"50":1,"51":1,"52":1},"f":{"0":1,"1":5,"2":2,"3":0,"4":0,"5":0,"6":0,"7":0,"8":0,"9":7,"10":7,"11":7,"12":5,"13":5,"14":7},"b":{"0":[5,0],"1":[2,0],"2":[2,5],"3":[5,2]}}
,"D:\\work\\fsd\\my-jquery-slider\\src\\jquery.my-jquery-slider\\Model\\List.ts": {"path":"D:\\work\\fsd\\my-jquery-slider\\src\\jquery.my-jquery-slider\\Model\\List.ts","statementMap":{"0":{"start":{"line":21,"column":0},"end":{"line":21,"column":null}},"1":{"start":{"line":28,"column":14},"end":{"line":28,"column":null}},"2":{"start":{"line":22,"column":10},"end":{"line":22,"column":43}},"3":{"start":{"line":24,"column":10},"end":{"line":24,"column":19}},"4":{"start":{"line":26,"column":10},"end":{"line":26,"column":23}},"5":{"start":{"line":29,"column":4},"end":{"line":29,"column":28}},"6":{"start":{"line":32,"column":9},"end":{"line":34,"column":null}},"7":{"start":{"line":33,"column":4},"end":{"line":33,"column":28}},"8":{"start":{"line":36,"column":9},"end":{"line":38,"column":null}},"9":{"start":{"line":37,"column":4},"end":{"line":37,"column":22}},"10":{"start":{"line":40,"column":9},"end":{"line":47,"column":null}},"11":{"start":{"line":41,"column":29},"end":{"line":41,"column":33}},"12":{"start":{"line":42,"column":4},"end":{"line":45,"column":7}},"13":{"start":{"line":43,"column":21},"end":{"line":43,"column":46}},"14":{"start":{"line":44,"column":6},"end":{"line":44,"column":28}},"15":{"start":{"line":44,"column":18},"end":{"line":44,"column":28}},"16":{"start":{"line":46,"column":4},"end":{"line":46,"column":15}},"17":{"start":{"line":49,"column":9},"end":{"line":56,"column":null}},"18":{"start":{"line":50,"column":29},"end":{"line":50,"column":33}},"19":{"start":{"line":51,"column":4},"end":{"line":54,"column":7}},"20":{"start":{"line":52,"column":21},"end":{"line":52,"column":46}},"21":{"start":{"line":53,"column":6},"end":{"line":53,"column":28}},"22":{"start":{"line":53,"column":18},"end":{"line":53,"column":28}},"23":{"start":{"line":55,"column":4},"end":{"line":55,"column":15}},"24":{"start":{"line":58,"column":9},"end":{"line":73,"column":null}},"25":{"start":{"line":59,"column":35},"end":{"line":59,"column":56}},"26":{"start":{"line":60,"column":4},"end":{"line":60,"column":26}},"27":{"start":{"line":60,"column":14},"end":{"line":60,"column":26}},"28":{"start":{"line":61,"column":27},"end":{"line":61,"column":32}},"29":{"start":{"line":62,"column":18},"end":{"line":62,"column":22}},"30":{"start":{"line":63,"column":4},"end":{"line":70,"column":7}},"31":{"start":{"line":64,"column":22},"end":{"line":64,"column":27}},"32":{"start":{"line":65,"column":23},"end":{"line":65,"column":68}},"33":{"start":{"line":66,"column":6},"end":{"line":69,"column":null}},"34":{"start":{"line":67,"column":8},"end":{"line":67,"column":36}},"35":{"start":{"line":68,"column":8},"end":{"line":68,"column":22}},"36":{"start":{"line":71,"column":4},"end":{"line":71,"column":61}},"37":{"start":{"line":72,"column":4},"end":{"line":72,"column":26}},"38":{"start":{"line":75,"column":9},"end":{"line":85,"column":null}},"39":{"start":{"line":75,"column":2},"end":{"line":75,"column":9}},"40":{"start":{"line":76,"column":17},"end":{"line":76,"column":21}},"41":{"start":{"line":77,"column":35},"end":{"line":77,"column":39}},"42":{"start":{"line":78,"column":4},"end":{"line":83,"column":7}},"43":{"start":{"line":79,"column":24},"end":{"line":80,"column":42}},"44":{"start":{"line":81,"column":6},"end":{"line":81,"column":36}},"45":{"start":{"line":81,"column":21},"end":{"line":81,"column":36}},"46":{"start":{"line":82,"column":6},"end":{"line":82,"column":24}},"47":{"start":{"line":84,"column":4},"end":{"line":84,"column":18}},"48":{"start":{"line":87,"column":10},"end":{"line":92,"column":null}},"49":{"start":{"line":88,"column":16},"end":{"line":88,"column":33}},"50":{"start":{"line":89,"column":4},"end":{"line":89,"column":41}},"51":{"start":{"line":90,"column":4},"end":{"line":90,"column":42}},"52":{"start":{"line":91,"column":4},"end":{"line":91,"column":47}},"53":{"start":{"line":94,"column":10},"end":{"line":98,"column":null}},"54":{"start":{"line":95,"column":20},"end":{"line":95,"column":36}},"55":{"start":{"line":96,"column":4},"end":{"line":96,"column":45}},"56":{"start":{"line":97,"column":4},"end":{"line":97,"column":21}},"57":{"start":{"line":100,"column":10},"end":{"line":117,"column":null}},"58":{"start":{"line":100,"column":2},"end":{"line":100,"column":10}},"59":{"start":{"line":101,"column":40},"end":{"line":101,"column":49}},"60":{"start":{"line":102,"column":20},"end":{"line":102,"column":43}},"61":{"start":{"line":103,"column":4},"end":{"line":103,"column":37}},"62":{"start":{"line":103,"column":17},"end":{"line":103,"column":37}},"63":{"start":{"line":104,"column":22},"end":{"line":104,"column":35}},"64":{"start":{"line":105,"column":4},"end":{"line":115,"column":7}},"65":{"start":{"line":106,"column":6},"end":{"line":114,"column":null}},"66":{"start":{"line":107,"column":32},"end":{"line":107,"column":39}},"67":{"start":{"line":108,"column":30},"end":{"line":108,"column":37}},"68":{"start":{"line":109,"column":8},"end":{"line":109,"column":41}},"69":{"start":{"line":110,"column":8},"end":{"line":110,"column":56}},"70":{"start":{"line":112,"column":8},"end":{"line":112,"column":36}},"71":{"start":{"line":113,"column":8},"end":{"line":113,"column":25}},"72":{"start":{"line":116,"column":4},"end":{"line":116,"column":24}},"73":{"start":{"line":118,"column":0},"end":{"line":118,"column":null}},"74":{"start":{"line":121,"column":2},"end":{"line":121,"column":6}}},"fnMap":{"0":{"name":"(anonymous_2)","decl":{"start":{"line":21,"column":0},"end":{"line":21,"column":null}},"loc":{"start":{"line":21,"column":0},"end":{"line":118,"column":null}}},"1":{"name":"List","decl":{"start":{"line":28,"column":2},"end":{"line":28,"column":14}},"loc":{"start":{"line":28,"column":44},"end":{"line":30,"column":3}}},"2":{"name":"(anonymous_4)","decl":{"start":{"line":32,"column":2},"end":{"line":32,"column":9}},"loc":{"start":{"line":32,"column":30},"end":{"line":34,"column":3}}},"3":{"name":"(anonymous_5)","decl":{"start":{"line":36,"column":2},"end":{"line":36,"column":9}},"loc":{"start":{"line":36,"column":2},"end":{"line":38,"column":3}}},"4":{"name":"(anonymous_6)","decl":{"start":{"line":40,"column":2},"end":{"line":40,"column":9}},"loc":{"start":{"line":40,"column":2},"end":{"line":47,"column":3}}},"5":{"name":"(anonymous_7)","decl":{"start":{"line":42,"column":23},"end":{"line":42,"column":24}},"loc":{"start":{"line":42,"column":30},"end":{"line":45,"column":5}}},"6":{"name":"(anonymous_8)","decl":{"start":{"line":49,"column":2},"end":{"line":49,"column":9}},"loc":{"start":{"line":49,"column":2},"end":{"line":56,"column":3}}},"7":{"name":"(anonymous_9)","decl":{"start":{"line":51,"column":23},"end":{"line":51,"column":24}},"loc":{"start":{"line":51,"column":30},"end":{"line":54,"column":5}}},"8":{"name":"(anonymous_10)","decl":{"start":{"line":58,"column":2},"end":{"line":58,"column":9}},"loc":{"start":{"line":58,"column":59},"end":{"line":73,"column":3}}},"9":{"name":"(anonymous_11)","decl":{"start":{"line":63,"column":23},"end":{"line":63,"column":24}},"loc":{"start":{"line":63,"column":30},"end":{"line":70,"column":5}}},"10":{"name":"(anonymous_12)","decl":{"start":{"line":75,"column":2},"end":{"line":75,"column":9}},"loc":{"start":{"line":75,"column":2},"end":{"line":85,"column":3}}},"11":{"name":"(anonymous_13)","decl":{"start":{"line":78,"column":23},"end":{"line":78,"column":24}},"loc":{"start":{"line":78,"column":32},"end":{"line":83,"column":5}}},"12":{"name":"(anonymous_14)","decl":{"start":{"line":87,"column":2},"end":{"line":87,"column":10}},"loc":{"start":{"line":87,"column":34},"end":{"line":92,"column":3}}},"13":{"name":"(anonymous_15)","decl":{"start":{"line":94,"column":2},"end":{"line":94,"column":10}},"loc":{"start":{"line":94,"column":31},"end":{"line":98,"column":3}}},"14":{"name":"(anonymous_16)","decl":{"start":{"line":100,"column":2},"end":{"line":100,"column":10}},"loc":{"start":{"line":100,"column":44},"end":{"line":117,"column":3}}},"15":{"name":"(anonymous_17)","decl":{"start":{"line":105,"column":18},"end":{"line":105,"column":19}},"loc":{"start":{"line":105,"column":40},"end":{"line":115,"column":5}}}},"branchMap":{"0":{"loc":{"start":{"line":28,"column":14},"end":{"line":28,"column":null}},"type":"if","locations":[{"start":{"line":28,"column":14},"end":{"line":28,"column":null}},{"start":{"line":28,"column":14},"end":{"line":28,"column":null}}]},"1":{"loc":{"start":{"line":43,"column":21},"end":{"line":43,"column":33}},"type":"binary-expr","locations":[{"start":{"line":43,"column":21},"end":{"line":43,"column":33}},{"start":{"line":43,"column":37},"end":{"line":43,"column":46}}]},"2":{"loc":{"start":{"line":44,"column":6},"end":{"line":44,"column":28}},"type":"if","locations":[{"start":{"line":44,"column":6},"end":{"line":44,"column":28}},{"start":{"line":44,"column":6},"end":{"line":44,"column":28}}]},"3":{"loc":{"start":{"line":52,"column":21},"end":{"line":52,"column":33}},"type":"binary-expr","locations":[{"start":{"line":52,"column":21},"end":{"line":52,"column":33}},{"start":{"line":52,"column":37},"end":{"line":52,"column":46}}]},"4":{"loc":{"start":{"line":53,"column":6},"end":{"line":53,"column":28}},"type":"if","locations":[{"start":{"line":53,"column":6},"end":{"line":53,"column":28}},{"start":{"line":53,"column":6},"end":{"line":53,"column":28}}]},"5":{"loc":{"start":{"line":60,"column":4},"end":{"line":60,"column":26}},"type":"if","locations":[{"start":{"line":60,"column":4},"end":{"line":60,"column":26}},{"start":{"line":60,"column":4},"end":{"line":60,"column":26}}]},"6":{"loc":{"start":{"line":65,"column":39},"end":{"line":65,"column":52}},"type":"cond-expr","locations":[{"start":{"line":65,"column":39},"end":{"line":65,"column":52}},{"start":{"line":65,"column":55},"end":{"line":65,"column":68}}]},"7":{"loc":{"start":{"line":66,"column":6},"end":{"line":69,"column":null}},"type":"if","locations":[{"start":{"line":66,"column":6},"end":{"line":69,"column":null}},{"start":{"line":66,"column":6},"end":{"line":69,"column":null}}]},"8":{"loc":{"start":{"line":71,"column":30},"end":{"line":71,"column":53}},"type":"cond-expr","locations":[{"start":{"line":71,"column":30},"end":{"line":71,"column":53}},{"start":{"line":71,"column":56},"end":{"line":71,"column":60}}]},"9":{"loc":{"start":{"line":79,"column":24},"end":{"line":79,"column":42}},"type":"binary-expr","locations":[{"start":{"line":79,"column":24},"end":{"line":79,"column":42}},{"start":{"line":80,"column":11},"end":{"line":80,"column":42}}]},"10":{"loc":{"start":{"line":81,"column":6},"end":{"line":81,"column":36}},"type":"if","locations":[{"start":{"line":81,"column":6},"end":{"line":81,"column":36}},{"start":{"line":81,"column":6},"end":{"line":81,"column":36}}]},"11":{"loc":{"start":{"line":89,"column":35},"end":{"line":89,"column":39}},"type":"cond-expr","locations":[{"start":{"line":89,"column":35},"end":{"line":89,"column":39}},{"start":{"line":89,"column":39},"end":{"line":89,"column":40}}]},"12":{"loc":{"start":{"line":89,"column":20},"end":{"line":89,"column":39}},"type":"binary-expr","locations":[{"start":{"line":89,"column":20},"end":{"line":89,"column":39}},{"start":{"line":89,"column":35},"end":{"line":89,"column":39}}]},"13":{"loc":{"start":{"line":95,"column":20},"end":{"line":95,"column":24}},"type":"binary-expr","locations":[{"start":{"line":95,"column":20},"end":{"line":95,"column":24}},{"start":{"line":95,"column":28},"end":{"line":95,"column":36}}]},"14":{"loc":{"start":{"line":96,"column":26},"end":{"line":96,"column":40}},"type":"cond-expr","locations":[{"start":{"line":96,"column":26},"end":{"line":96,"column":40}},{"start":{"line":96,"column":43},"end":{"line":96,"column":44}}]},"15":{"loc":{"start":{"line":102,"column":20},"end":{"line":102,"column":26}},"type":"binary-expr","locations":[{"start":{"line":102,"column":20},"end":{"line":102,"column":26}},{"start":{"line":102,"column":30},"end":{"line":102,"column":43}}]},"16":{"loc":{"start":{"line":103,"column":4},"end":{"line":103,"column":37}},"type":"if","locations":[{"start":{"line":103,"column":4},"end":{"line":103,"column":37}},{"start":{"line":103,"column":4},"end":{"line":103,"column":37}}]},"17":{"loc":{"start":{"line":106,"column":6},"end":{"line":114,"column":null}},"type":"if","locations":[{"start":{"line":106,"column":6},"end":{"line":114,"column":null}},{"start":{"line":106,"column":6},"end":{"line":114,"column":null}}]},"18":{"loc":{"start":{"line":110,"column":30},"end":{"line":110,"column":49}},"type":"cond-expr","locations":[{"start":{"line":110,"column":30},"end":{"line":110,"column":49}},{"start":{"line":110,"column":52},"end":{"line":110,"column":55}}]}},"s":{"0":1,"1":23,"2":20,"3":20,"4":20,"5":20,"6":1,"7":3,"8":1,"9":4,"10":1,"11":4,"12":4,"13":7,"14":7,"15":5,"16":4,"17":1,"18":5,"19":5,"20":10,"21":10,"22":8,"23":5,"24":1,"25":4,"26":4,"27":1,"28":3,"29":3,"30":3,"31":9,"32":9,"33":9,"34":5,"35":5,"36":3,"37":3,"38":1,"39":2,"40":2,"41":2,"42":2,"43":4,"44":4,"45":1,"46":4,"47":2,"48":1,"49":23,"50":23,"51":23,"52":23,"53":1,"54":23,"55":23,"56":23,"57":1,"58":23,"59":23,"60":23,"61":23,"62":6,"63":17,"64":17,"65":46,"66":12,"67":12,"68":12,"69":12,"70":34,"71":34,"72":17,"73":1,"74":1},"f":{"0":1,"1":20,"2":3,"3":4,"4":4,"5":7,"6":5,"7":10,"8":4,"9":9,"10":2,"11":4,"12":23,"13":23,"14":23,"15":46},"b":{"0":[3,17],"1":[7,4],"2":[5,2],"3":[10,6],"4":[8,2],"5":[1,3],"6":[5,4],"7":[5,4],"8":[3,0],"9":[4,2],"10":[1,3],"11":[2,21],"12":[23,23],"13":[23,8],"14":[7,16],"15":[23,23],"16":[6,17],"17":[12,34],"18":[8,4]}}
,"D:\\work\\fsd\\my-jquery-slider\\src\\jquery.my-jquery-slider\\Model\\Model.ts": {"path":"D:\\work\\fsd\\my-jquery-slider\\src\\jquery.my-jquery-slider\\Model\\Model.ts","statementMap":{"0":{"start":{"line":1,"column":0},"end":{"line":1,"column":62}},"1":{"start":{"line":3,"column":0},"end":{"line":3,"column":40}},"2":{"start":{"line":4,"column":0},"end":{"line":4,"column":null}},"3":{"start":{"line":7,"column":0},"end":{"line":7,"column":52}},"4":{"start":{"line":33,"column":0},"end":{"line":33,"column":null}},"5":{"start":{"line":44,"column":14},"end":{"line":44,"column":null}},"6":{"start":{"line":36,"column":10},"end":{"line":36,"column":32}},"7":{"start":{"line":38,"column":10},"end":{"line":38,"column":43}},"8":{"start":{"line":40,"column":10},"end":{"line":40,"column":35}},"9":{"start":{"line":42,"column":10},"end":{"line":42,"column":39}},"10":{"start":{"line":45,"column":4},"end":{"line":45,"column":43}},"11":{"start":{"line":46,"column":4},"end":{"line":46,"column":28}},"12":{"start":{"line":47,"column":4},"end":{"line":47,"column":16}},"13":{"start":{"line":50,"column":9},"end":{"line":52,"column":null}},"14":{"start":{"line":51,"column":4},"end":{"line":51,"column":49}},"15":{"start":{"line":54,"column":9},"end":{"line":64,"column":null}},"16":{"start":{"line":54,"column":16},"end":{"line":54,"column":null}},"17":{"start":{"line":55,"column":30},"end":{"line":59,"column":38}},"18":{"start":{"line":60,"column":4},"end":{"line":60,"column":28}},"19":{"start":{"line":61,"column":4},"end":{"line":62,"column":40}},"20":{"start":{"line":61,"column":27},"end":{"line":61,"column":39}},"21":{"start":{"line":62,"column":9},"end":{"line":62,"column":40}},"22":{"start":{"line":63,"column":4},"end":{"line":63,"column":18}},"23":{"start":{"line":66,"column":9},"end":{"line":68,"column":null}},"24":{"start":{"line":67,"column":4},"end":{"line":67,"column":30}},"25":{"start":{"line":70,"column":9},"end":{"line":72,"column":null}},"26":{"start":{"line":71,"column":4},"end":{"line":71,"column":40}},"27":{"start":{"line":74,"column":9},"end":{"line":83,"column":null}},"28":{"start":{"line":74,"column":2},"end":{"line":74,"column":9}},"29":{"start":{"line":75,"column":4},"end":{"line":82,"column":9}},"30":{"start":{"line":77,"column":18},"end":{"line":82,"column":8}},"31":{"start":{"line":85,"column":9},"end":{"line":87,"column":null}},"32":{"start":{"line":86,"column":4},"end":{"line":86,"column":43}},"33":{"start":{"line":89,"column":9},"end":{"line":91,"column":null}},"34":{"start":{"line":90,"column":4},"end":{"line":90,"column":32}},"35":{"start":{"line":93,"column":9},"end":{"line":96,"column":null}},"36":{"start":{"line":94,"column":4},"end":{"line":94,"column":32}},"37":{"start":{"line":95,"column":4},"end":{"line":95,"column":19}},"38":{"start":{"line":98,"column":9},"end":{"line":101,"column":null}},"39":{"start":{"line":99,"column":4},"end":{"line":99,"column":38}},"40":{"start":{"line":100,"column":4},"end":{"line":100,"column":19}},"41":{"start":{"line":103,"column":9},"end":{"line":106,"column":null}},"42":{"start":{"line":104,"column":4},"end":{"line":104,"column":33}},"43":{"start":{"line":105,"column":4},"end":{"line":105,"column":19}},"44":{"start":{"line":108,"column":9},"end":{"line":111,"column":null}},"45":{"start":{"line":109,"column":4},"end":{"line":109,"column":45}},"46":{"start":{"line":110,"column":4},"end":{"line":110,"column":19}},"47":{"start":{"line":113,"column":9},"end":{"line":116,"column":null}},"48":{"start":{"line":114,"column":4},"end":{"line":114,"column":30}},"49":{"start":{"line":115,"column":4},"end":{"line":115,"column":19}},"50":{"start":{"line":118,"column":9},"end":{"line":121,"column":null}},"51":{"start":{"line":119,"column":4},"end":{"line":119,"column":31}},"52":{"start":{"line":120,"column":4},"end":{"line":120,"column":19}},"53":{"start":{"line":123,"column":17},"end":{"line":173,"column":null}},"54":{"start":{"line":126,"column":52},"end":{"line":132,"column":6}},"55":{"start":{"line":133,"column":49},"end":{"line":139,"column":6}},"56":{"start":{"line":140,"column":4},"end":{"line":145,"column":null}},"57":{"start":{"line":141,"column":6},"end":{"line":144,"column":8}},"58":{"start":{"line":146,"column":4},"end":{"line":152,"column":null}},"59":{"start":{"line":147,"column":6},"end":{"line":151,"column":8}},"60":{"start":{"line":153,"column":38},"end":{"line":154,"column":43}},"61":{"start":{"line":155,"column":39},"end":{"line":156,"column":43}},"62":{"start":{"line":157,"column":26},"end":{"line":160,"column":6}},"63":{"start":{"line":161,"column":4},"end":{"line":172,"column":6}},"64":{"start":{"line":175,"column":17},"end":{"line":186,"column":null}},"65":{"start":{"line":179,"column":4},"end":{"line":181,"column":null}},"66":{"start":{"line":180,"column":6},"end":{"line":180,"column":58}},"67":{"start":{"line":182,"column":4},"end":{"line":184,"column":null}},"68":{"start":{"line":183,"column":6},"end":{"line":183,"column":39}},"69":{"start":{"line":185,"column":4},"end":{"line":185,"column":18}},"70":{"start":{"line":188,"column":17},"end":{"line":198,"column":null}},"71":{"start":{"line":193,"column":4},"end":{"line":197,"column":6}},"72":{"start":{"line":200,"column":17},"end":{"line":204,"column":null}},"73":{"start":{"line":201,"column":4},"end":{"line":203,"column":6}},"74":{"start":{"line":206,"column":10},"end":{"line":237,"column":null}},"75":{"start":{"line":207,"column":38},"end":{"line":227,"column":6}},"76":{"start":{"line":228,"column":4},"end":{"line":228,"column":62}},"77":{"start":{"line":229,"column":21},"end":{"line":235,"column":6}},"78":{"start":{"line":236,"column":4},"end":{"line":236,"column":50}},"79":{"start":{"line":239,"column":10},"end":{"line":255,"column":null}},"80":{"start":{"line":240,"column":35},"end":{"line":253,"column":6}},"81":{"start":{"line":254,"column":4},"end":{"line":254,"column":47}},"82":{"start":{"line":257,"column":10},"end":{"line":263,"column":null}},"83":{"start":{"line":258,"column":4},"end":{"line":258,"column":36}},"84":{"start":{"line":259,"column":4},"end":{"line":259,"column":66}},"85":{"start":{"line":260,"column":4},"end":{"line":260,"column":47}},"86":{"start":{"line":261,"column":4},"end":{"line":261,"column":32}},"87":{"start":{"line":262,"column":4},"end":{"line":262,"column":25}},"88":{"start":{"line":265,"column":10},"end":{"line":281,"column":null}},"89":{"start":{"line":266,"column":19},"end":{"line":266,"column":49}},"90":{"start":{"line":267,"column":4},"end":{"line":269,"column":null}},"91":{"start":{"line":268,"column":6},"end":{"line":268,"column":61}},"92":{"start":{"line":270,"column":29},"end":{"line":270,"column":31}},"93":{"start":{"line":271,"column":4},"end":{"line":279,"column":null}},"94":{"start":{"line":271,"column":17},"end":{"line":271,"column":18}},"95":{"start":{"line":272,"column":6},"end":{"line":278,"column":8}},"96":{"start":{"line":280,"column":4},"end":{"line":280,"column":18}},"97":{"start":{"line":283,"column":10},"end":{"line":297,"column":null}},"98":{"start":{"line":283,"column":26},"end":{"line":283,"column":null}},"99":{"start":{"line":284,"column":19},"end":{"line":286,"column":19}},"100":{"start":{"line":287,"column":4},"end":{"line":296,"column":6}},"101":{"start":{"line":299,"column":10},"end":{"line":305,"column":null}},"102":{"start":{"line":300,"column":4},"end":{"line":304,"column":6}},"103":{"start":{"line":307,"column":10},"end":{"line":318,"column":null}},"104":{"start":{"line":308,"column":29},"end":{"line":311,"column":6}},"105":{"start":{"line":308,"column":17},"end":{"line":308,"column":19}},"106":{"start":{"line":308,"column":25},"end":{"line":308,"column":29}},"107":{"start":{"line":312,"column":36},"end":{"line":313,"column":38}},"108":{"start":{"line":314,"column":4},"end":{"line":314,"column":70}},"109":{"start":{"line":314,"column":33},"end":{"line":314,"column":70}},"110":{"start":{"line":315,"column":36},"end":{"line":316,"column":62}},"111":{"start":{"line":317,"column":4},"end":{"line":317,"column":70}},"112":{"start":{"line":317,"column":33},"end":{"line":317,"column":70}},"113":{"start":{"line":320,"column":10},"end":{"line":327,"column":null}},"114":{"start":{"line":321,"column":4},"end":{"line":321,"column":54}},"115":{"start":{"line":322,"column":4},"end":{"line":325,"column":null}},"116":{"start":{"line":323,"column":6},"end":{"line":323,"column":45}},"117":{"start":{"line":324,"column":6},"end":{"line":324,"column":34}},"118":{"start":{"line":326,"column":4},"end":{"line":326,"column":25}},"119":{"start":{"line":329,"column":10},"end":{"line":331,"column":null}},"120":{"start":{"line":330,"column":4},"end":{"line":330,"column":37}},"121":{"start":{"line":333,"column":10},"end":{"line":336,"column":null}},"122":{"start":{"line":334,"column":4},"end":{"line":334,"column":25}},"123":{"start":{"line":335,"column":4},"end":{"line":335,"column":18}},"124":{"start":{"line":337,"column":0},"end":{"line":337,"column":null}},"125":{"start":{"line":338,"column":9},"end":{"line":338,"column":14}}},"fnMap":{"0":{"name":"(anonymous_3)","decl":{"start":{"line":33,"column":0},"end":{"line":33,"column":null}},"loc":{"start":{"line":33,"column":0},"end":{"line":337,"column":null}}},"1":{"name":"Model","decl":{"start":{"line":44,"column":2},"end":{"line":44,"column":14}},"loc":{"start":{"line":44,"column":43},"end":{"line":48,"column":3}}},"2":{"name":"(anonymous_5)","decl":{"start":{"line":50,"column":2},"end":{"line":50,"column":9}},"loc":{"start":{"line":50,"column":50},"end":{"line":52,"column":3}}},"3":{"name":"(anonymous_6)","decl":{"start":{"line":54,"column":2},"end":{"line":54,"column":9}},"loc":{"start":{"line":54,"column":45},"end":{"line":64,"column":3}}},"4":{"name":"(anonymous_7)","decl":{"start":{"line":66,"column":2},"end":{"line":66,"column":9}},"loc":{"start":{"line":66,"column":2},"end":{"line":68,"column":3}}},"5":{"name":"(anonymous_8)","decl":{"start":{"line":70,"column":2},"end":{"line":70,"column":9}},"loc":{"start":{"line":70,"column":2},"end":{"line":72,"column":3}}},"6":{"name":"(anonymous_9)","decl":{"start":{"line":74,"column":2},"end":{"line":74,"column":9}},"loc":{"start":{"line":74,"column":2},"end":{"line":83,"column":3}}},"7":{"name":"(anonymous_10)","decl":{"start":{"line":77,"column":11},"end":{"line":77,"column":12}},"loc":{"start":{"line":77,"column":13},"end":{"line":77,"column":null}}},"8":{"name":"(anonymous_11)","decl":{"start":{"line":85,"column":2},"end":{"line":85,"column":9}},"loc":{"start":{"line":85,"column":2},"end":{"line":87,"column":3}}},"9":{"name":"(anonymous_12)","decl":{"start":{"line":89,"column":2},"end":{"line":89,"column":9}},"loc":{"start":{"line":89,"column":2},"end":{"line":91,"column":3}}},"10":{"name":"(anonymous_13)","decl":{"start":{"line":93,"column":2},"end":{"line":93,"column":9}},"loc":{"start":{"line":93,"column":31},"end":{"line":96,"column":3}}},"11":{"name":"(anonymous_14)","decl":{"start":{"line":98,"column":2},"end":{"line":98,"column":9}},"loc":{"start":{"line":98,"column":37},"end":{"line":101,"column":3}}},"12":{"name":"(anonymous_15)","decl":{"start":{"line":103,"column":2},"end":{"line":103,"column":9}},"loc":{"start":{"line":103,"column":32},"end":{"line":106,"column":3}}},"13":{"name":"(anonymous_16)","decl":{"start":{"line":108,"column":2},"end":{"line":108,"column":9}},"loc":{"start":{"line":108,"column":44},"end":{"line":111,"column":3}}},"14":{"name":"(anonymous_17)","decl":{"start":{"line":113,"column":2},"end":{"line":113,"column":9}},"loc":{"start":{"line":113,"column":2},"end":{"line":116,"column":3}}},"15":{"name":"(anonymous_18)","decl":{"start":{"line":118,"column":2},"end":{"line":118,"column":9}},"loc":{"start":{"line":118,"column":2},"end":{"line":121,"column":3}}},"16":{"name":"(anonymous_19)","decl":{"start":{"line":123,"column":2},"end":{"line":123,"column":17}},"loc":{"start":{"line":124,"column":28},"end":{"line":173,"column":3}}},"17":{"name":"(anonymous_20)","decl":{"start":{"line":175,"column":2},"end":{"line":175,"column":17}},"loc":{"start":{"line":177,"column":38},"end":{"line":186,"column":3}}},"18":{"name":"(anonymous_21)","decl":{"start":{"line":188,"column":2},"end":{"line":188,"column":17}},"loc":{"start":{"line":191,"column":40},"end":{"line":198,"column":3}}},"19":{"name":"(anonymous_22)","decl":{"start":{"line":200,"column":2},"end":{"line":200,"column":17}},"loc":{"start":{"line":200,"column":56},"end":{"line":204,"column":3}}},"20":{"name":"(anonymous_23)","decl":{"start":{"line":206,"column":2},"end":{"line":206,"column":10}},"loc":{"start":{"line":206,"column":44},"end":{"line":237,"column":3}}},"21":{"name":"(anonymous_24)","decl":{"start":{"line":239,"column":2},"end":{"line":239,"column":10}},"loc":{"start":{"line":239,"column":2},"end":{"line":255,"column":3}}},"22":{"name":"(anonymous_25)","decl":{"start":{"line":257,"column":2},"end":{"line":257,"column":10}},"loc":{"start":{"line":257,"column":2},"end":{"line":263,"column":3}}},"23":{"name":"(anonymous_26)","decl":{"start":{"line":265,"column":2},"end":{"line":265,"column":10}},"loc":{"start":{"line":265,"column":2},"end":{"line":281,"column":3}}},"24":{"name":"(anonymous_27)","decl":{"start":{"line":283,"column":2},"end":{"line":283,"column":10}},"loc":{"start":{"line":283,"column":55},"end":{"line":297,"column":3}}},"25":{"name":"(anonymous_28)","decl":{"start":{"line":299,"column":2},"end":{"line":299,"column":10}},"loc":{"start":{"line":299,"column":2},"end":{"line":305,"column":3}}},"26":{"name":"(anonymous_29)","decl":{"start":{"line":307,"column":2},"end":{"line":307,"column":10}},"loc":{"start":{"line":307,"column":2},"end":{"line":318,"column":3}}},"27":{"name":"(anonymous_30)","decl":{"start":{"line":320,"column":2},"end":{"line":320,"column":10}},"loc":{"start":{"line":320,"column":51},"end":{"line":327,"column":3}}},"28":{"name":"(anonymous_31)","decl":{"start":{"line":329,"column":2},"end":{"line":329,"column":10}},"loc":{"start":{"line":329,"column":2},"end":{"line":331,"column":3}}},"29":{"name":"(anonymous_32)","decl":{"start":{"line":333,"column":2},"end":{"line":333,"column":10}},"loc":{"start":{"line":333,"column":2},"end":{"line":336,"column":3}}}},"branchMap":{"0":{"loc":{"start":{"line":44,"column":14},"end":{"line":44,"column":null}},"type":"if","locations":[{"start":{"line":44,"column":14},"end":{"line":44,"column":null}},{"start":{"line":44,"column":14},"end":{"line":44,"column":null}}]},"1":{"loc":{"start":{"line":54,"column":16},"end":{"line":54,"column":null}},"type":"if","locations":[{"start":{"line":54,"column":16},"end":{"line":54,"column":null}},{"start":{"line":54,"column":16},"end":{"line":54,"column":null}}]},"2":{"loc":{"start":{"line":55,"column":30},"end":{"line":55,"column":60}},"type":"binary-expr","locations":[{"start":{"line":55,"column":30},"end":{"line":55,"column":60}},{"start":{"line":56,"column":9},"end":{"line":56,"column":23}},{"start":{"line":57,"column":10},"end":{"line":57,"column":28}},{"start":{"line":58,"column":11},"end":{"line":58,"column":40}},{"start":{"line":59,"column":11},"end":{"line":59,"column":37}}]},"3":{"loc":{"start":{"line":61,"column":4},"end":{"line":62,"column":40}},"type":"if","locations":[{"start":{"line":61,"column":4},"end":{"line":62,"column":40}},{"start":{"line":61,"column":4},"end":{"line":62,"column":40}}]},"4":{"loc":{"start":{"line":140,"column":4},"end":{"line":145,"column":null}},"type":"if","locations":[{"start":{"line":140,"column":4},"end":{"line":145,"column":null}},{"start":{"line":140,"column":4},"end":{"line":145,"column":null}}]},"5":{"loc":{"start":{"line":146,"column":4},"end":{"line":152,"column":null}},"type":"if","locations":[{"start":{"line":146,"column":4},"end":{"line":152,"column":null}},{"start":{"line":146,"column":4},"end":{"line":152,"column":null}}]},"6":{"loc":{"start":{"line":154,"column":8},"end":{"line":154,"column":38}},"type":"cond-expr","locations":[{"start":{"line":154,"column":8},"end":{"line":154,"column":38}},{"start":{"line":154,"column":41},"end":{"line":154,"column":43}}]},"7":{"loc":{"start":{"line":156,"column":8},"end":{"line":156,"column":38}},"type":"cond-expr","locations":[{"start":{"line":156,"column":8},"end":{"line":156,"column":38}},{"start":{"line":156,"column":41},"end":{"line":156,"column":43}}]},"8":{"loc":{"start":{"line":162,"column":20},"end":{"line":162,"column":24}},"type":"cond-expr","locations":[{"start":{"line":162,"column":20},"end":{"line":162,"column":24}},{"start":{"line":162,"column":24},"end":{"line":162,"column":41}}]},"9":{"loc":{"start":{"line":162,"column":6},"end":{"line":162,"column":24}},"type":"binary-expr","locations":[{"start":{"line":162,"column":6},"end":{"line":162,"column":24}},{"start":{"line":162,"column":20},"end":{"line":162,"column":24}}]},"10":{"loc":{"start":{"line":165,"column":33},"end":{"line":165,"column":null}},"type":"cond-expr","locations":[{"start":{"line":165,"column":33},"end":{"line":165,"column":null}},{"start":{"line":166,"column":11},"end":{"line":166,"column":36}}]},"11":{"loc":{"start":{"line":163,"column":6},"end":{"line":165,"column":null}},"type":"binary-expr","locations":[{"start":{"line":163,"column":6},"end":{"line":165,"column":null}},{"start":{"line":165,"column":33},"end":{"line":165,"column":null}}]},"12":{"loc":{"start":{"line":164,"column":48},"end":{"line":164,"column":null}},"type":"cond-expr","locations":[{"start":{"line":164,"column":48},"end":{"line":164,"column":null}},{"start":{"line":165,"column":11},"end":{"line":165,"column":33}}]},"13":{"loc":{"start":{"line":163,"column":6},"end":{"line":164,"column":null}},"type":"binary-expr","locations":[{"start":{"line":163,"column":6},"end":{"line":164,"column":null}},{"start":{"line":164,"column":48},"end":{"line":164,"column":null}}]},"14":{"loc":{"start":{"line":163,"column":31},"end":{"line":163,"column":null}},"type":"cond-expr","locations":[{"start":{"line":163,"column":31},"end":{"line":163,"column":null}},{"start":{"line":164,"column":11},"end":{"line":164,"column":48}}]},"15":{"loc":{"start":{"line":163,"column":6},"end":{"line":163,"column":null}},"type":"binary-expr","locations":[{"start":{"line":163,"column":6},"end":{"line":163,"column":null}},{"start":{"line":163,"column":31},"end":{"line":163,"column":null}}]},"16":{"loc":{"start":{"line":169,"column":33},"end":{"line":169,"column":null}},"type":"cond-expr","locations":[{"start":{"line":169,"column":33},"end":{"line":169,"column":null}},{"start":{"line":170,"column":11},"end":{"line":170,"column":36}}]},"17":{"loc":{"start":{"line":167,"column":6},"end":{"line":169,"column":null}},"type":"binary-expr","locations":[{"start":{"line":167,"column":6},"end":{"line":169,"column":null}},{"start":{"line":169,"column":33},"end":{"line":169,"column":null}}]},"18":{"loc":{"start":{"line":168,"column":49},"end":{"line":168,"column":null}},"type":"cond-expr","locations":[{"start":{"line":168,"column":49},"end":{"line":168,"column":null}},{"start":{"line":169,"column":11},"end":{"line":169,"column":33}}]},"19":{"loc":{"start":{"line":167,"column":6},"end":{"line":168,"column":null}},"type":"binary-expr","locations":[{"start":{"line":167,"column":6},"end":{"line":168,"column":null}},{"start":{"line":168,"column":49},"end":{"line":168,"column":null}}]},"20":{"loc":{"start":{"line":167,"column":31},"end":{"line":167,"column":null}},"type":"cond-expr","locations":[{"start":{"line":167,"column":31},"end":{"line":167,"column":null}},{"start":{"line":168,"column":11},"end":{"line":168,"column":49}}]},"21":{"loc":{"start":{"line":167,"column":6},"end":{"line":167,"column":null}},"type":"binary-expr","locations":[{"start":{"line":167,"column":6},"end":{"line":167,"column":null}},{"start":{"line":167,"column":31},"end":{"line":167,"column":null}}]},"22":{"loc":{"start":{"line":171,"column":20},"end":{"line":171,"column":24}},"type":"cond-expr","locations":[{"start":{"line":171,"column":20},"end":{"line":171,"column":24}},{"start":{"line":171,"column":24},"end":{"line":171,"column":41}}]},"23":{"loc":{"start":{"line":171,"column":6},"end":{"line":171,"column":24}},"type":"binary-expr","locations":[{"start":{"line":171,"column":6},"end":{"line":171,"column":24}},{"start":{"line":171,"column":20},"end":{"line":171,"column":24}}]},"24":{"loc":{"start":{"line":179,"column":4},"end":{"line":181,"column":null}},"type":"if","locations":[{"start":{"line":179,"column":4},"end":{"line":181,"column":null}},{"start":{"line":179,"column":4},"end":{"line":181,"column":null}}]},"25":{"loc":{"start":{"line":182,"column":4},"end":{"line":184,"column":null}},"type":"if","locations":[{"start":{"line":182,"column":4},"end":{"line":184,"column":null}},{"start":{"line":182,"column":4},"end":{"line":184,"column":null}}]},"26":{"loc":{"start":{"line":194,"column":20},"end":{"line":194,"column":24}},"type":"cond-expr","locations":[{"start":{"line":194,"column":20},"end":{"line":194,"column":24}},{"start":{"line":194,"column":24},"end":{"line":194,"column":36}}]},"27":{"loc":{"start":{"line":194,"column":6},"end":{"line":194,"column":24}},"type":"binary-expr","locations":[{"start":{"line":194,"column":6},"end":{"line":194,"column":24}},{"start":{"line":194,"column":20},"end":{"line":194,"column":24}}]},"28":{"loc":{"start":{"line":195,"column":31},"end":{"line":195,"column":35}},"type":"cond-expr","locations":[{"start":{"line":195,"column":31},"end":{"line":195,"column":35}},{"start":{"line":195,"column":35},"end":{"line":195,"column":49}}]},"29":{"loc":{"start":{"line":195,"column":6},"end":{"line":195,"column":35}},"type":"binary-expr","locations":[{"start":{"line":195,"column":6},"end":{"line":195,"column":35}},{"start":{"line":195,"column":31},"end":{"line":195,"column":35}}]},"30":{"loc":{"start":{"line":195,"column":6},"end":{"line":195,"column":11}},"type":"cond-expr","locations":[{"start":{"line":195,"column":6},"end":{"line":195,"column":11}},{"start":{"line":195,"column":15},"end":{"line":195,"column":31}}]},"31":{"loc":{"start":{"line":195,"column":6},"end":{"line":195,"column":15}},"type":"binary-expr","locations":[{"start":{"line":195,"column":6},"end":{"line":195,"column":15}},{"start":{"line":195,"column":6},"end":{"line":195,"column":15}}]},"32":{"loc":{"start":{"line":196,"column":20},"end":{"line":196,"column":24}},"type":"cond-expr","locations":[{"start":{"line":196,"column":20},"end":{"line":196,"column":24}},{"start":{"line":196,"column":24},"end":{"line":196,"column":36}}]},"33":{"loc":{"start":{"line":196,"column":6},"end":{"line":196,"column":24}},"type":"binary-expr","locations":[{"start":{"line":196,"column":6},"end":{"line":196,"column":24}},{"start":{"line":196,"column":20},"end":{"line":196,"column":24}}]},"34":{"loc":{"start":{"line":201,"column":13},"end":{"line":201,"column":29}},"type":"binary-expr","locations":[{"start":{"line":201,"column":13},"end":{"line":201,"column":29}},{"start":{"line":202,"column":10},"end":{"line":202,"column":29}},{"start":{"line":202,"column":33},"end":{"line":202,"column":52}}]},"35":{"loc":{"start":{"line":230,"column":28},"end":{"line":230,"column":null}},"type":"cond-expr","locations":[{"start":{"line":230,"column":28},"end":{"line":230,"column":null}},{"start":{"line":231,"column":12},"end":{"line":231,"column":53}}]},"36":{"loc":{"start":{"line":230,"column":14},"end":{"line":230,"column":null}},"type":"binary-expr","locations":[{"start":{"line":230,"column":14},"end":{"line":230,"column":null}},{"start":{"line":230,"column":28},"end":{"line":230,"column":null}}]},"37":{"loc":{"start":{"line":231,"column":31},"end":{"line":231,"column":32}},"type":"cond-expr","locations":[{"start":{"line":231,"column":31},"end":{"line":231,"column":32}},{"start":{"line":231,"column":35},"end":{"line":231,"column":53}}]},"38":{"loc":{"start":{"line":232,"column":40},"end":{"line":232,"column":null}},"type":"cond-expr","locations":[{"start":{"line":232,"column":40},"end":{"line":232,"column":null}},{"start":{"line":233,"column":12},"end":{"line":233,"column":61}}]},"39":{"loc":{"start":{"line":232,"column":20},"end":{"line":232,"column":null}},"type":"binary-expr","locations":[{"start":{"line":232,"column":20},"end":{"line":232,"column":null}},{"start":{"line":232,"column":40},"end":{"line":232,"column":null}}]},"40":{"loc":{"start":{"line":233,"column":31},"end":{"line":233,"column":34}},"type":"cond-expr","locations":[{"start":{"line":233,"column":31},"end":{"line":233,"column":34}},{"start":{"line":233,"column":37},"end":{"line":233,"column":61}}]},"41":{"loc":{"start":{"line":267,"column":4},"end":{"line":269,"column":null}},"type":"if","locations":[{"start":{"line":267,"column":4},"end":{"line":269,"column":null}},{"start":{"line":267,"column":4},"end":{"line":269,"column":null}}]},"42":{"loc":{"start":{"line":283,"column":26},"end":{"line":283,"column":null}},"type":"if","locations":[{"start":{"line":283,"column":26},"end":{"line":283,"column":null}},{"start":{"line":283,"column":26},"end":{"line":283,"column":null}}]},"43":{"loc":{"start":{"line":285,"column":8},"end":{"line":285,"column":15}},"type":"cond-expr","locations":[{"start":{"line":285,"column":8},"end":{"line":285,"column":15}},{"start":{"line":286,"column":8},"end":{"line":286,"column":19}}]},"44":{"loc":{"start":{"line":312,"column":36},"end":{"line":312,"column":51}},"type":"binary-expr","locations":[{"start":{"line":312,"column":36},"end":{"line":312,"column":51}},{"start":{"line":313,"column":9},"end":{"line":313,"column":38}}]},"45":{"loc":{"start":{"line":314,"column":4},"end":{"line":314,"column":70}},"type":"if","locations":[{"start":{"line":314,"column":4},"end":{"line":314,"column":70}},{"start":{"line":314,"column":4},"end":{"line":314,"column":70}}]},"46":{"loc":{"start":{"line":315,"column":36},"end":{"line":315,"column":51}},"type":"binary-expr","locations":[{"start":{"line":315,"column":36},"end":{"line":315,"column":51}},{"start":{"line":316,"column":10},"end":{"line":316,"column":39}},{"start":{"line":316,"column":43},"end":{"line":316,"column":61}}]},"47":{"loc":{"start":{"line":317,"column":4},"end":{"line":317,"column":70}},"type":"if","locations":[{"start":{"line":317,"column":4},"end":{"line":317,"column":70}},{"start":{"line":317,"column":4},"end":{"line":317,"column":70}}]},"48":{"loc":{"start":{"line":322,"column":4},"end":{"line":325,"column":null}},"type":"if","locations":[{"start":{"line":322,"column":4},"end":{"line":325,"column":null}},{"start":{"line":322,"column":4},"end":{"line":325,"column":null}}]}},"s":{"0":1,"1":1,"2":1,"3":1,"4":1,"5":43,"6":27,"7":27,"8":27,"9":27,"10":27,"11":27,"12":27,"13":1,"14":1,"15":1,"16":7,"17":6,"18":6,"19":6,"20":3,"21":3,"22":6,"23":1,"24":2,"25":1,"26":0,"27":1,"28":0,"29":0,"30":0,"31":1,"32":0,"33":1,"34":0,"35":1,"36":1,"37":1,"38":1,"39":1,"40":1,"41":1,"42":1,"43":1,"44":1,"45":1,"46":1,"47":1,"48":1,"49":1,"50":1,"51":1,"52":1,"53":1,"54":33,"55":33,"56":33,"57":4,"58":29,"59":23,"60":6,"61":6,"62":6,"63":6,"64":1,"65":4,"66":1,"67":3,"68":1,"69":2,"70":1,"71":23,"72":1,"73":35,"74":1,"75":33,"76":33,"77":33,"78":33,"79":1,"80":39,"81":39,"82":1,"83":30,"84":30,"85":30,"86":30,"87":30,"88":1,"89":30,"90":30,"91":1,"92":29,"93":29,"94":29,"95":39,"96":29,"97":1,"98":63,"99":33,"100":33,"101":1,"102":31,"103":1,"104":31,"105":31,"106":31,"107":31,"108":31,"109":2,"110":31,"111":31,"112":19,"113":1,"114":3,"115":3,"116":1,"117":1,"118":3,"119":1,"120":12,"121":1,"122":6,"123":6,"124":1,"125":1},"f":{"0":1,"1":27,"2":1,"3":6,"4":2,"5":0,"6":0,"7":0,"8":0,"9":0,"10":1,"11":1,"12":1,"13":1,"14":1,"15":1,"16":33,"17":4,"18":23,"19":35,"20":33,"21":39,"22":30,"23":30,"24":33,"25":31,"26":31,"27":3,"28":12,"29":6},"b":{"0":[16,11],"1":[1,5],"2":[6,5,4,4,1],"3":[3,3],"4":[4,29],"5":[23,6],"6":[1,5],"7":[1,5],"8":[2,4],"9":[6,6],"10":[3,3],"11":[6,6],"12":[3,3],"13":[6,6],"14":[2,4],"15":[6,6],"16":[3,3],"17":[6,6],"18":[3,3],"19":[6,6],"20":[2,4],"21":[6,6],"22":[2,4],"23":[6,6],"24":[1,3],"25":[1,2],"26":[2,21],"27":[23,23],"28":[3,20],"29":[23,23],"30":[2,21],"31":[23,23],"32":[2,21],"33":[23,23],"34":[35,29,1],"35":[2,31],"36":[33,33],"37":[3,28],"38":[0,33],"39":[33,33],"40":[5,28],"41":[1,29],"42":[30,3],"43":[2,31],"44":[31,31],"45":[2,29],"46":[31,31,12],"47":[19,12],"48":[1,2]}}
,"D:\\work\\fsd\\my-jquery-slider\\src\\jquery.my-jquery-slider\\Model\\Range.ts": {"path":"D:\\work\\fsd\\my-jquery-slider\\src\\jquery.my-jquery-slider\\Model\\Range.ts","statementMap":{"0":{"start":{"line":16,"column":0},"end":{"line":16,"column":null}},"1":{"start":{"line":23,"column":14},"end":{"line":23,"column":null}},"2":{"start":{"line":17,"column":10},"end":{"line":17,"column":20}},"3":{"start":{"line":19,"column":10},"end":{"line":19,"column":18}},"4":{"start":{"line":21,"column":10},"end":{"line":21,"column":23}},"5":{"start":{"line":24,"column":4},"end":{"line":24,"column":28}},"6":{"start":{"line":27,"column":9},"end":{"line":30,"column":null}},"7":{"start":{"line":28,"column":4},"end":{"line":28,"column":38}},"8":{"start":{"line":29,"column":4},"end":{"line":29,"column":25}},"9":{"start":{"line":32,"column":9},"end":{"line":34,"column":null}},"10":{"start":{"line":33,"column":4},"end":{"line":33,"column":20}},"11":{"start":{"line":36,"column":9},"end":{"line":39,"column":null}},"12":{"start":{"line":37,"column":4},"end":{"line":37,"column":38}},"13":{"start":{"line":38,"column":4},"end":{"line":38,"column":25}},"14":{"start":{"line":41,"column":9},"end":{"line":43,"column":null}},"15":{"start":{"line":42,"column":4},"end":{"line":42,"column":20}},"16":{"start":{"line":45,"column":9},"end":{"line":56,"column":null}},"17":{"start":{"line":46,"column":20},"end":{"line":47,"column":33}},"18":{"start":{"line":48,"column":4},"end":{"line":54,"column":null}},"19":{"start":{"line":49,"column":6},"end":{"line":49,"column":29}},"20":{"start":{"line":50,"column":11},"end":{"line":54,"column":null}},"21":{"start":{"line":51,"column":6},"end":{"line":51,"column":35}},"22":{"start":{"line":53,"column":6},"end":{"line":53,"column":35}},"23":{"start":{"line":55,"column":4},"end":{"line":55,"column":29}},"24":{"start":{"line":58,"column":9},"end":{"line":60,"column":null}},"25":{"start":{"line":59,"column":4},"end":{"line":59,"column":24}},"26":{"start":{"line":62,"column":10},"end":{"line":70,"column":null}},"27":{"start":{"line":63,"column":16},"end":{"line":63,"column":33}},"28":{"start":{"line":64,"column":4},"end":{"line":66,"column":19}},"29":{"start":{"line":67,"column":4},"end":{"line":67,"column":26}},"30":{"start":{"line":68,"column":4},"end":{"line":69,"column":68}},"31":{"start":{"line":72,"column":17},"end":{"line":74,"column":null}},"32":{"start":{"line":73,"column":4},"end":{"line":73,"column":22}},"33":{"start":{"line":76,"column":10},"end":{"line":83,"column":null}},"34":{"start":{"line":77,"column":4},"end":{"line":77,"column":63}},"35":{"start":{"line":78,"column":4},"end":{"line":80,"column":17}},"36":{"start":{"line":81,"column":4},"end":{"line":81,"column":39}},"37":{"start":{"line":82,"column":4},"end":{"line":82,"column":29}},"38":{"start":{"line":84,"column":0},"end":{"line":84,"column":null}},"39":{"start":{"line":86,"column":9},"end":{"line":86,"column":14}}},"fnMap":{"0":{"name":"(anonymous_2)","decl":{"start":{"line":16,"column":0},"end":{"line":16,"column":null}},"loc":{"start":{"line":16,"column":0},"end":{"line":84,"column":null}}},"1":{"name":"Range","decl":{"start":{"line":23,"column":2},"end":{"line":23,"column":14}},"loc":{"start":{"line":23,"column":65},"end":{"line":25,"column":3}}},"2":{"name":"(anonymous_4)","decl":{"start":{"line":27,"column":2},"end":{"line":27,"column":9}},"loc":{"start":{"line":27,"column":27},"end":{"line":30,"column":3}}},"3":{"name":"(anonymous_5)","decl":{"start":{"line":32,"column":2},"end":{"line":32,"column":9}},"loc":{"start":{"line":32,"column":2},"end":{"line":34,"column":3}}},"4":{"name":"(anonymous_6)","decl":{"start":{"line":36,"column":2},"end":{"line":36,"column":9}},"loc":{"start":{"line":36,"column":27},"end":{"line":39,"column":3}}},"5":{"name":"(anonymous_7)","decl":{"start":{"line":41,"column":2},"end":{"line":41,"column":9}},"loc":{"start":{"line":41,"column":2},"end":{"line":43,"column":3}}},"6":{"name":"(anonymous_8)","decl":{"start":{"line":45,"column":2},"end":{"line":45,"column":9}},"loc":{"start":{"line":45,"column":35},"end":{"line":56,"column":3}}},"7":{"name":"(anonymous_9)","decl":{"start":{"line":58,"column":2},"end":{"line":58,"column":9}},"loc":{"start":{"line":58,"column":2},"end":{"line":60,"column":3}}},"8":{"name":"(anonymous_10)","decl":{"start":{"line":62,"column":2},"end":{"line":62,"column":10}},"loc":{"start":{"line":62,"column":35},"end":{"line":70,"column":3}}},"9":{"name":"(anonymous_11)","decl":{"start":{"line":72,"column":2},"end":{"line":72,"column":17}},"loc":{"start":{"line":72,"column":56},"end":{"line":74,"column":3}}},"10":{"name":"(anonymous_12)","decl":{"start":{"line":76,"column":2},"end":{"line":76,"column":10}},"loc":{"start":{"line":76,"column":43},"end":{"line":83,"column":3}}}},"branchMap":{"0":{"loc":{"start":{"line":23,"column":14},"end":{"line":23,"column":null}},"type":"if","locations":[{"start":{"line":23,"column":14},"end":{"line":23,"column":null}},{"start":{"line":23,"column":14},"end":{"line":23,"column":null}}]},"1":{"loc":{"start":{"line":46,"column":20},"end":{"line":46,"column":44}},"type":"binary-expr","locations":[{"start":{"line":46,"column":20},"end":{"line":46,"column":44}},{"start":{"line":47,"column":9},"end":{"line":47,"column":33}}]},"2":{"loc":{"start":{"line":48,"column":4},"end":{"line":54,"column":null}},"type":"if","locations":[{"start":{"line":48,"column":4},"end":{"line":54,"column":null}},{"start":{"line":48,"column":4},"end":{"line":54,"column":null}}]},"3":{"loc":{"start":{"line":50,"column":11},"end":{"line":54,"column":null}},"type":"if","locations":[{"start":{"line":50,"column":11},"end":{"line":54,"column":null}},{"start":{"line":50,"column":11},"end":{"line":54,"column":null}}]},"4":{"loc":{"start":{"line":65,"column":8},"end":{"line":65,"column":18}},"type":"cond-expr","locations":[{"start":{"line":65,"column":8},"end":{"line":65,"column":18}},{"start":{"line":66,"column":8},"end":{"line":66,"column":18}}]},"5":{"loc":{"start":{"line":69,"column":8},"end":{"line":69,"column":39}},"type":"cond-expr","locations":[{"start":{"line":69,"column":8},"end":{"line":69,"column":39}},{"start":{"line":69,"column":42},"end":{"line":69,"column":67}}]},"6":{"loc":{"start":{"line":68,"column":19},"end":{"line":68,"column":33}},"type":"binary-expr","locations":[{"start":{"line":68,"column":19},"end":{"line":68,"column":33}},{"start":{"line":68,"column":37},"end":{"line":68,"column":57}}]},"7":{"loc":{"start":{"line":77,"column":48},"end":{"line":77,"column":51}},"type":"cond-expr","locations":[{"start":{"line":77,"column":48},"end":{"line":77,"column":51}},{"start":{"line":77,"column":54},"end":{"line":77,"column":62}}]},"8":{"loc":{"start":{"line":79,"column":8},"end":{"line":79,"column":11}},"type":"cond-expr","locations":[{"start":{"line":79,"column":8},"end":{"line":79,"column":11}},{"start":{"line":80,"column":8},"end":{"line":80,"column":16}}]}},"s":{"0":2,"1":20,"2":15,"3":15,"4":15,"5":15,"6":2,"7":4,"8":4,"9":2,"10":46,"11":2,"12":4,"13":4,"14":2,"15":41,"16":2,"17":23,"18":23,"19":19,"20":4,"21":2,"22":2,"23":23,"24":2,"25":54,"26":2,"27":15,"28":15,"29":15,"30":15,"31":2,"32":31,"33":2,"34":8,"35":8,"36":8,"37":8,"38":2,"39":2},"f":{"0":2,"1":15,"2":4,"3":46,"4":4,"5":41,"6":23,"7":54,"8":15,"9":31,"10":8},"b":{"0":[5,10],"1":[23,21],"2":[19,4],"3":[2,2],"4":[14,1],"5":[11,4],"6":[15,4],"7":[6,2],"8":[7,1]}}
,"D:\\work\\fsd\\my-jquery-slider\\src\\jquery.my-jquery-slider\\Model\\Slider.ts": {"path":"D:\\work\\fsd\\my-jquery-slider\\src\\jquery.my-jquery-slider\\Model\\Slider.ts","statementMap":{"0":{"start":{"line":1,"column":0},"end":{"line":1,"column":37}},"1":{"start":{"line":40,"column":0},"end":{"line":40,"column":null}},"2":{"start":{"line":43,"column":10},"end":{"line":43,"column":21}},"3":{"start":{"line":45,"column":10},"end":{"line":45,"column":19}},"4":{"start":{"line":47,"column":10},"end":{"line":47,"column":47}},"5":{"start":{"line":50,"column":4},"end":{"line":50,"column":47}},"6":{"start":{"line":51,"column":4},"end":{"line":51,"column":28}},"7":{"start":{"line":54,"column":9},"end":{"line":56,"column":null}},"8":{"start":{"line":55,"column":4},"end":{"line":55,"column":28}},"9":{"start":{"line":58,"column":9},"end":{"line":74,"column":null}},"10":{"start":{"line":59,"column":4},"end":{"line":61,"column":null}},"11":{"start":{"line":59,"column":37},"end":{"line":59,"column":61}},"12":{"start":{"line":60,"column":6},"end":{"line":60,"column":37}},"13":{"start":{"line":62,"column":4},"end":{"line":62,"column":33}},"14":{"start":{"line":63,"column":19},"end":{"line":63,"column":20}},"15":{"start":{"line":64,"column":4},"end":{"line":71,"column":7}},"16":{"start":{"line":65,"column":6},"end":{"line":67,"column":null}},"17":{"start":{"line":66,"column":8},"end":{"line":66,"column":28}},"18":{"start":{"line":68,"column":6},"end":{"line":70,"column":null}},"19":{"start":{"line":69,"column":8},"end":{"line":69,"column":29}},"20":{"start":{"line":72,"column":4},"end":{"line":72,"column":36}},"21":{"start":{"line":73,"column":4},"end":{"line":73,"column":35}},"22":{"start":{"line":76,"column":9},"end":{"line":78,"column":null}},"23":{"start":{"line":77,"column":4},"end":{"line":77,"column":35}},"24":{"start":{"line":80,"column":9},"end":{"line":98,"column":null}},"25":{"start":{"line":81,"column":4},"end":{"line":83,"column":null}},"26":{"start":{"line":81,"column":37},"end":{"line":81,"column":61}},"27":{"start":{"line":82,"column":6},"end":{"line":82,"column":37}},"28":{"start":{"line":84,"column":4},"end":{"line":84,"column":54}},"29":{"start":{"line":85,"column":19},"end":{"line":85,"column":20}},"30":{"start":{"line":86,"column":19},"end":{"line":86,"column":48}},"31":{"start":{"line":87,"column":4},"end":{"line":94,"column":7}},"32":{"start":{"line":88,"column":6},"end":{"line":90,"column":null}},"33":{"start":{"line":89,"column":8},"end":{"line":89,"column":28}},"34":{"start":{"line":91,"column":6},"end":{"line":93,"column":null}},"35":{"start":{"line":92,"column":8},"end":{"line":92,"column":29}},"36":{"start":{"line":95,"column":4},"end":{"line":95,"column":31}},"37":{"start":{"line":96,"column":4},"end":{"line":96,"column":43}},"38":{"start":{"line":97,"column":4},"end":{"line":97,"column":56}},"39":{"start":{"line":100,"column":9},"end":{"line":102,"column":null}},"40":{"start":{"line":101,"column":4},"end":{"line":101,"column":56}},"41":{"start":{"line":104,"column":9},"end":{"line":106,"column":null}},"42":{"start":{"line":105,"column":4},"end":{"line":105,"column":52}},"43":{"start":{"line":108,"column":9},"end":{"line":110,"column":null}},"44":{"start":{"line":109,"column":4},"end":{"line":109,"column":49}},"45":{"start":{"line":112,"column":9},"end":{"line":116,"column":null}},"46":{"start":{"line":113,"column":21},"end":{"line":114,"column":27}},"47":{"start":{"line":115,"column":4},"end":{"line":115,"column":35}},"48":{"start":{"line":118,"column":9},"end":{"line":122,"column":null}},"49":{"start":{"line":119,"column":20},"end":{"line":119,"column":36}},"50":{"start":{"line":120,"column":4},"end":{"line":120,"column":45}},"51":{"start":{"line":121,"column":4},"end":{"line":121,"column":26}},"52":{"start":{"line":124,"column":9},"end":{"line":126,"column":null}},"53":{"start":{"line":125,"column":4},"end":{"line":125,"column":21}},"54":{"start":{"line":128,"column":9},"end":{"line":146,"column":null}},"55":{"start":{"line":128,"column":2},"end":{"line":128,"column":9}},"56":{"start":{"line":129,"column":4},"end":{"line":131,"column":null}},"57":{"start":{"line":130,"column":6},"end":{"line":130,"column":44}},"58":{"start":{"line":132,"column":4},"end":{"line":144,"column":7}},"59":{"start":{"line":133,"column":6},"end":{"line":135,"column":null}},"60":{"start":{"line":134,"column":8},"end":{"line":134,"column":36}},"61":{"start":{"line":136,"column":28},"end":{"line":137,"column":32}},"62":{"start":{"line":138,"column":6},"end":{"line":140,"column":null}},"63":{"start":{"line":139,"column":8},"end":{"line":139,"column":28}},"64":{"start":{"line":141,"column":6},"end":{"line":143,"column":null}},"65":{"start":{"line":142,"column":8},"end":{"line":142,"column":43}},"66":{"start":{"line":145,"column":4},"end":{"line":145,"column":33}},"67":{"start":{"line":148,"column":9},"end":{"line":150,"column":null}},"68":{"start":{"line":149,"column":4},"end":{"line":149,"column":39}},"69":{"start":{"line":152,"column":9},"end":{"line":177,"column":null}},"70":{"start":{"line":152,"column":2},"end":{"line":152,"column":9}},"71":{"start":{"line":153,"column":4},"end":{"line":155,"column":null}},"72":{"start":{"line":154,"column":6},"end":{"line":154,"column":65}},"73":{"start":{"line":156,"column":19},"end":{"line":156,"column":48}},"74":{"start":{"line":157,"column":4},"end":{"line":174,"column":7}},"75":{"start":{"line":158,"column":6},"end":{"line":160,"column":null}},"76":{"start":{"line":159,"column":8},"end":{"line":159,"column":36}},"77":{"start":{"line":161,"column":28},"end":{"line":162,"column":32}},"78":{"start":{"line":163,"column":6},"end":{"line":165,"column":null}},"79":{"start":{"line":164,"column":8},"end":{"line":164,"column":28}},"80":{"start":{"line":166,"column":6},"end":{"line":173,"column":null}},"81":{"start":{"line":167,"column":8},"end":{"line":172,"column":10}},"82":{"start":{"line":175,"column":4},"end":{"line":175,"column":43}},"83":{"start":{"line":176,"column":4},"end":{"line":176,"column":33}},"84":{"start":{"line":179,"column":9},"end":{"line":181,"column":null}},"85":{"start":{"line":180,"column":4},"end":{"line":180,"column":60}},"86":{"start":{"line":183,"column":9},"end":{"line":188,"column":null}},"87":{"start":{"line":184,"column":4},"end":{"line":186,"column":25}},"88":{"start":{"line":187,"column":4},"end":{"line":187,"column":23}},"89":{"start":{"line":190,"column":9},"end":{"line":192,"column":null}},"90":{"start":{"line":191,"column":4},"end":{"line":191,"column":23}},"91":{"start":{"line":194,"column":9},"end":{"line":197,"column":null}},"92":{"start":{"line":195,"column":18},"end":{"line":195,"column":50}},"93":{"start":{"line":196,"column":4},"end":{"line":196,"column":33}},"94":{"start":{"line":199,"column":9},"end":{"line":201,"column":null}},"95":{"start":{"line":200,"column":4},"end":{"line":200,"column":36}},"96":{"start":{"line":203,"column":9},"end":{"line":215,"column":null}},"97":{"start":{"line":203,"column":2},"end":{"line":203,"column":9}},"98":{"start":{"line":204,"column":29},"end":{"line":204,"column":31}},"99":{"start":{"line":205,"column":4},"end":{"line":213,"column":7}},"100":{"start":{"line":206,"column":6},"end":{"line":208,"column":null}},"101":{"start":{"line":207,"column":8},"end":{"line":207,"column":36}},"102":{"start":{"line":209,"column":6},"end":{"line":209,"column":38}},"103":{"start":{"line":210,"column":6},"end":{"line":212,"column":null}},"104":{"start":{"line":211,"column":8},"end":{"line":211,"column":36}},"105":{"start":{"line":214,"column":4},"end":{"line":214,"column":18}},"106":{"start":{"line":217,"column":9},"end":{"line":219,"column":null}},"107":{"start":{"line":218,"column":4},"end":{"line":218,"column":50}},"108":{"start":{"line":218,"column":34},"end":{"line":218,"column":49}},"109":{"start":{"line":221,"column":9},"end":{"line":227,"column":null}},"110":{"start":{"line":221,"column":2},"end":{"line":221,"column":9}},"111":{"start":{"line":222,"column":32},"end":{"line":222,"column":34}},"112":{"start":{"line":223,"column":4},"end":{"line":225,"column":7}},"113":{"start":{"line":224,"column":6},"end":{"line":224,"column":53}},"114":{"start":{"line":226,"column":4},"end":{"line":226,"column":21}},"115":{"start":{"line":229,"column":9},"end":{"line":252,"column":null}},"116":{"start":{"line":229,"column":2},"end":{"line":229,"column":9}},"117":{"start":{"line":230,"column":22},"end":{"line":230,"column":65}},"118":{"start":{"line":231,"column":4},"end":{"line":235,"column":null}},"119":{"start":{"line":232,"column":6},"end":{"line":234,"column":8}},"120":{"start":{"line":236,"column":18},"end":{"line":236,"column":54}},"121":{"start":{"line":237,"column":4},"end":{"line":240,"column":null}},"122":{"start":{"line":238,"column":6},"end":{"line":238,"column":29}},"123":{"start":{"line":239,"column":6},"end":{"line":239,"column":31}},"124":{"start":{"line":241,"column":4},"end":{"line":241,"column":48}},"125":{"start":{"line":241,"column":23},"end":{"line":241,"column":48}},"126":{"start":{"line":242,"column":38},"end":{"line":242,"column":40}},"127":{"start":{"line":243,"column":4},"end":{"line":247,"column":7}},"128":{"start":{"line":244,"column":6},"end":{"line":246,"column":null}},"129":{"start":{"line":245,"column":8},"end":{"line":245,"column":37}},"130":{"start":{"line":248,"column":4},"end":{"line":250,"column":26}},"131":{"start":{"line":251,"column":4},"end":{"line":251,"column":34}},"132":{"start":{"line":254,"column":9},"end":{"line":256,"column":null}},"133":{"start":{"line":255,"column":4},"end":{"line":255,"column":29}},"134":{"start":{"line":258,"column":9},"end":{"line":260,"column":null}},"135":{"start":{"line":259,"column":4},"end":{"line":259,"column":41}},"136":{"start":{"line":262,"column":9},"end":{"line":264,"column":null}},"137":{"start":{"line":263,"column":4},"end":{"line":263,"column":52}},"138":{"start":{"line":266,"column":9},"end":{"line":268,"column":null}},"139":{"start":{"line":267,"column":4},"end":{"line":267,"column":52}},"140":{"start":{"line":270,"column":17},"end":{"line":290,"column":null}},"141":{"start":{"line":271,"column":34},"end":{"line":271,"column":36}},"142":{"start":{"line":272,"column":4},"end":{"line":288,"column":7}},"143":{"start":{"line":273,"column":6},"end":{"line":276,"column":null}},"144":{"start":{"line":274,"column":8},"end":{"line":274,"column":32}},"145":{"start":{"line":275,"column":8},"end":{"line":275,"column":15}},"146":{"start":{"line":277,"column":24},"end":{"line":277,"column":41}},"147":{"start":{"line":278,"column":27},"end":{"line":278,"column":45}},"148":{"start":{"line":279,"column":28},"end":{"line":280,"column":52}},"149":{"start":{"line":281,"column":6},"end":{"line":284,"column":null}},"150":{"start":{"line":282,"column":8},"end":{"line":282,"column":32}},"151":{"start":{"line":283,"column":8},"end":{"line":283,"column":15}},"152":{"start":{"line":285,"column":34},"end":{"line":286,"column":66}},"153":{"start":{"line":287,"column":6},"end":{"line":287,"column":55}},"154":{"start":{"line":287,"column":31},"end":{"line":287,"column":55}},"155":{"start":{"line":289,"column":4},"end":{"line":289,"column":23}},"156":{"start":{"line":292,"column":17},"end":{"line":299,"column":null}},"157":{"start":{"line":293,"column":4},"end":{"line":298,"column":7}},"158":{"start":{"line":294,"column":6},"end":{"line":296,"column":null}},"159":{"start":{"line":295,"column":8},"end":{"line":295,"column":39}},"160":{"start":{"line":297,"column":6},"end":{"line":297,"column":37}},"161":{"start":{"line":301,"column":17},"end":{"line":306,"column":null}},"162":{"start":{"line":302,"column":4},"end":{"line":304,"column":null}},"163":{"start":{"line":303,"column":6},"end":{"line":303,"column":55}},"164":{"start":{"line":305,"column":4},"end":{"line":305,"column":55}},"165":{"start":{"line":308,"column":17},"end":{"line":317,"column":null}},"166":{"start":{"line":309,"column":18},"end":{"line":309,"column":22}},"167":{"start":{"line":310,"column":4},"end":{"line":315,"column":null}},"168":{"start":{"line":310,"column":17},"end":{"line":310,"column":18}},"169":{"start":{"line":311,"column":6},"end":{"line":314,"column":null}},"170":{"start":{"line":312,"column":8},"end":{"line":312,"column":24}},"171":{"start":{"line":313,"column":8},"end":{"line":313,"column":14}},"172":{"start":{"line":316,"column":4},"end":{"line":316,"column":19}},"173":{"start":{"line":319,"column":17},"end":{"line":326,"column":null}},"174":{"start":{"line":322,"column":4},"end":{"line":322,"column":32}},"175":{"start":{"line":322,"column":21},"end":{"line":322,"column":32}},"176":{"start":{"line":323,"column":25},"end":{"line":323,"column":27}},"177":{"start":{"line":324,"column":4},"end":{"line":324,"column":61}},"178":{"start":{"line":324,"column":17},"end":{"line":324,"column":18}},"179":{"start":{"line":324,"column":40},"end":{"line":324,"column":61}},"180":{"start":{"line":325,"column":4},"end":{"line":325,"column":24}},"181":{"start":{"line":328,"column":17},"end":{"line":343,"column":null}},"182":{"start":{"line":331,"column":25},"end":{"line":331,"column":27}},"183":{"start":{"line":332,"column":4},"end":{"line":341,"column":null}},"184":{"start":{"line":332,"column":17},"end":{"line":332,"column":27}},"185":{"start":{"line":333,"column":6},"end":{"line":340,"column":null}},"186":{"start":{"line":334,"column":8},"end":{"line":338,"column":null}},"187":{"start":{"line":334,"column":21},"end":{"line":334,"column":22}},"188":{"start":{"line":335,"column":10},"end":{"line":337,"column":null}},"189":{"start":{"line":336,"column":12},"end":{"line":336,"column":33}},"190":{"start":{"line":339,"column":8},"end":{"line":339,"column":14}},"191":{"start":{"line":342,"column":4},"end":{"line":342,"column":24}},"192":{"start":{"line":345,"column":10},"end":{"line":363,"column":null}},"193":{"start":{"line":346,"column":16},"end":{"line":346,"column":33}},"194":{"start":{"line":347,"column":4},"end":{"line":347,"column":48}},"195":{"start":{"line":348,"column":4},"end":{"line":348,"column":42}},"196":{"start":{"line":349,"column":4},"end":{"line":349,"column":66}},"197":{"start":{"line":350,"column":16},"end":{"line":350,"column":66}},"198":{"start":{"line":351,"column":4},"end":{"line":351,"column":43}},"199":{"start":{"line":351,"column":26},"end":{"line":351,"column":43}},"200":{"start":{"line":352,"column":16},"end":{"line":352,"column":66}},"201":{"start":{"line":353,"column":4},"end":{"line":353,"column":43}},"202":{"start":{"line":353,"column":26},"end":{"line":353,"column":43}},"203":{"start":{"line":354,"column":18},"end":{"line":355,"column":27}},"204":{"start":{"line":356,"column":4},"end":{"line":356,"column":51}},"205":{"start":{"line":356,"column":30},"end":{"line":356,"column":51}},"206":{"start":{"line":357,"column":24},"end":{"line":358,"column":33}},"207":{"start":{"line":359,"column":4},"end":{"line":359,"column":75}},"208":{"start":{"line":359,"column":42},"end":{"line":359,"column":75}},"209":{"start":{"line":360,"column":24},"end":{"line":361,"column":33}},"210":{"start":{"line":362,"column":4},"end":{"line":362,"column":75}},"211":{"start":{"line":362,"column":42},"end":{"line":362,"column":75}},"212":{"start":{"line":365,"column":10},"end":{"line":370,"column":null}},"213":{"start":{"line":366,"column":4},"end":{"line":369,"column":6}},"214":{"start":{"line":372,"column":10},"end":{"line":382,"column":null}},"215":{"start":{"line":373,"column":27},"end":{"line":373,"column":57}},"216":{"start":{"line":374,"column":21},"end":{"line":374,"column":66}},"217":{"start":{"line":375,"column":4},"end":{"line":377,"column":null}},"218":{"start":{"line":376,"column":6},"end":{"line":376,"column":46}},"219":{"start":{"line":378,"column":4},"end":{"line":380,"column":null}},"220":{"start":{"line":379,"column":6},"end":{"line":379,"column":46}},"221":{"start":{"line":381,"column":4},"end":{"line":381,"column":20}},"222":{"start":{"line":384,"column":10},"end":{"line":388,"column":null}},"223":{"start":{"line":385,"column":21},"end":{"line":386,"column":38}},"224":{"start":{"line":387,"column":4},"end":{"line":387,"column":49}},"225":{"start":{"line":390,"column":10},"end":{"line":397,"column":null}},"226":{"start":{"line":391,"column":18},"end":{"line":391,"column":45}},"227":{"start":{"line":392,"column":28},"end":{"line":392,"column":58}},"228":{"start":{"line":393,"column":37},"end":{"line":393,"column":61}},"229":{"start":{"line":394,"column":4},"end":{"line":394,"column":33}},"230":{"start":{"line":394,"column":20},"end":{"line":394,"column":33}},"231":{"start":{"line":395,"column":4},"end":{"line":396,"column":27}},"232":{"start":{"line":399,"column":10},"end":{"line":405,"column":null}},"233":{"start":{"line":399,"column":2},"end":{"line":399,"column":10}},"234":{"start":{"line":400,"column":4},"end":{"line":404,"column":7}},"235":{"start":{"line":400,"column":51},"end":{"line":404,"column":6}},"236":{"start":{"line":407,"column":10},"end":{"line":410,"column":null}},"237":{"start":{"line":408,"column":4},"end":{"line":408,"column":49}},"238":{"start":{"line":408,"column":37},"end":{"line":408,"column":49}},"239":{"start":{"line":409,"column":4},"end":{"line":409,"column":30}},"240":{"start":{"line":412,"column":10},"end":{"line":419,"column":null}},"241":{"start":{"line":413,"column":27},"end":{"line":415,"column":33}},"242":{"start":{"line":416,"column":4},"end":{"line":418,"column":6}},"243":{"start":{"line":420,"column":0},"end":{"line":420,"column":null}},"244":{"start":{"line":422,"column":9},"end":{"line":422,"column":15}}},"fnMap":{"0":{"name":"(anonymous_3)","decl":{"start":{"line":40,"column":0},"end":{"line":40,"column":null}},"loc":{"start":{"line":40,"column":0},"end":{"line":420,"column":null}}},"1":{"name":"Slider","decl":{"start":{"line":49,"column":2},"end":{"line":49,"column":14}},"loc":{"start":{"line":49,"column":49},"end":{"line":52,"column":3}}},"2":{"name":"(anonymous_5)","decl":{"start":{"line":54,"column":2},"end":{"line":54,"column":9}},"loc":{"start":{"line":54,"column":32},"end":{"line":56,"column":3}}},"3":{"name":"(anonymous_6)","decl":{"start":{"line":58,"column":2},"end":{"line":58,"column":9}},"loc":{"start":{"line":58,"column":29},"end":{"line":74,"column":3}}},"4":{"name":"(anonymous_7)","decl":{"start":{"line":59,"column":26},"end":{"line":59,"column":27}},"loc":{"sta
[...]
D:\\work\\fsd\\my-jquery-slider\\src\\jquery.my-jquery-slider\\View\\Root\\VerticalRoot.ts": {"path":"D:\\work\\fsd\\my-jquery-slider\\src\\jquery.my-jquery-slider\\View\\Root\\VerticalRoot.ts","statementMap":{"0":{"start":{"line":1,"column":0},"end":{"line":1,"column":30}},"1":{"start":{"line":3,"column":0},"end":{"line":3,"column":null}},"2":{"start":{"line":3,"column":27},"end":{"line":3,"column":31}},"3":{"start":{"line":4,"column":12},"end":{"line":6,"column":null}},"4":{"start":{"line":5,"column":4},"end":{"line":5,"column":56}},"5":{"start":{"line":8,"column":12},"end":{"line":10,"column":null}},"6":{"start":{"line":9,"column":4},"end":{"line":9,"column":62}},"7":{"start":{"line":12,"column":12},"end":{"line":23,"column":null}},"8":{"start":{"line":13,"column":16},"end":{"line":13,"column":19}},"9":{"start":{"line":14,"column":4},"end":{"line":14,"column":43}},"10":{"start":{"line":15,"column":4},"end":{"line":15,"column":40}},"11":{"start":{"line":16,"column":22},"end":{"line":17,"column":39}},"12":{"start":{"line":18,"column":4},"end":{"line":18,"column":26}},"13":{"start":{"line":18,"column":19},"end":{"line":18,"column":26}},"14":{"start":{"line":19,"column":19},"end":{"line":20,"column":41}},"15":{"start":{"line":21,"column":4},"end":{"line":21,"column":43}},"16":{"start":{"line":22,"column":4},"end":{"line":22,"column":40}},"17":{"start":{"line":24,"column":0},"end":{"line":24,"column":null}},"18":{"start":{"line":26,"column":0},"end":{"line":26,"column":28}}},"fnMap":{"0":{"name":"(anonymous_6)","decl":{"start":{"line":3,"column":0},"end":{"line":3,"column":27}},"loc":{"start":{"line":3,"column":0},"end":{"line":24,"column":null}}},"1":{"name":"(anonymous_8)","decl":{"start":{"line":4,"column":2},"end":{"line":4,"column":12}},"loc":{"start":{"line":4,"column":2},"end":{"line":6,"column":3}}},"2":{"name":"(anonymous_9)","decl":{"start":{"line":8,"column":2},"end":{"line":8,"column":12}},"loc":{"start":{"line":8,"column":2},"end":{"line":10,"column":3}}},"3":{"name":"(anonymous_10)","decl":{"start":{"line":12,"column":2},"end":{"line":12,"column":12}},"loc":{"start":{"line":12,"column":2},"end":{"line":23,"column":3}}}},"branchMap":{"0":{"loc":{"start":{"line":16,"column":22},"end":{"line":16,"column":36}},"type":"binary-expr","locations":[{"start":{"line":16,"column":22},"end":{"line":16,"column":36}},{"start":{"line":17,"column":9},"end":{"line":17,"column":39}}]},"1":{"loc":{"start":{"line":18,"column":4},"end":{"line":18,"column":26}},"type":"if","locations":[{"start":{"line":18,"column":4},"end":{"line":18,"column":26}},{"start":{"line":18,"column":4},"end":{"line":18,"column":26}}]},"2":{"loc":{"start":{"line":20,"column":11},"end":{"line":20,"column":28}},"type":"cond-expr","locations":[{"start":{"line":20,"column":11},"end":{"line":20,"column":28}},{"start":{"line":20,"column":34},"end":{"line":20,"column":41}}]},"3":{"loc":{"start":{"line":19,"column":19},"end":{"line":19,"column":32}},"type":"binary-expr","locations":[{"start":{"line":19,"column":19},"end":{"line":19,"column":32}},{"start":{"line":19,"column":36},"end":{"line":19,"column":55}}]}},"s":{"0":3,"1":3,"2":3,"3":3,"4":1,"5":3,"6":6,"7":3,"8":6,"9":6,"10":6,"11":6,"12":6,"13":4,"14":2,"15":2,"16":2,"17":3,"18":3},"f":{"0":10,"1":1,"2":6,"3":6},"b":{"0":[6,4],"1":[4,2],"2":[1,1],"3":[2,2]}}
,"D:\\work\\fsd\\my-jquery-slider\\src\\jquery.my-jquery-slider\\View\\Slot\\HorizontalSlot.ts": {"path":"D:\\work\\fsd\\my-jquery-slider\\src\\jquery.my-jquery-slider\\View\\Slot\\HorizontalSlot.ts","statementMap":{"0":{"start":{"line":1,"column":0},"end":{"line":1,"column":30}},"1":{"start":{"line":3,"column":0},"end":{"line":3,"column":null}},"2":{"start":{"line":3,"column":29},"end":{"line":3,"column":33}},"3":{"start":{"line":4,"column":9},"end":{"line":6,"column":null}},"4":{"start":{"line":5,"column":4},"end":{"line":5,"column":55}},"5":{"start":{"line":8,"column":12},"end":{"line":18,"column":null}},"6":{"start":{"line":9,"column":4},"end":{"line":9,"column":20}},"7":{"start":{"line":10,"column":32},"end":{"line":11,"column":41}},"8":{"start":{"line":12,"column":4},"end":{"line":14,"column":null}},"9":{"start":{"line":13,"column":6},"end":{"line":13,"column":49}},"10":{"start":{"line":15,"column":4},"end":{"line":17,"column":6}},"11":{"start":{"line":20,"column":12},"end":{"line":26,"column":null}},"12":{"start":{"line":21,"column":4},"end":{"line":21,"column":33}},"13":{"start":{"line":21,"column":26},"end":{"line":21,"column":33}},"14":{"start":{"line":22,"column":4},"end":{"line":22,"column":23}},"15":{"start":{"line":23,"column":4},"end":{"line":25,"column":6}},"16":{"start":{"line":28,"column":12},"end":{"line":31,"column":null}},"17":{"start":{"line":29,"column":20},"end":{"line":29,"column":51}},"18":{"start":{"line":30,"column":4},"end":{"line":30,"column":53}},"19":{"start":{"line":33,"column":12},"end":{"line":37,"column":null}},"20":{"start":{"line":34,"column":4},"end":{"line":36,"column":6}},"21":{"start":{"line":39,"column":12},"end":{"line":41,"column":null}},"22":{"start":{"line":40,"column":4},"end":{"line":40,"column":54}},"23":{"start":{"line":42,"column":0},"end":{"line":42,"column":null}},"24":{"start":{"line":44,"column":0},"end":{"line":44,"column":30}}},"fnMap":{"0":{"name":"(anonymous_6)","decl":{"start":{"line":3,"column":0},"end":{"line":3,"column":29}},"loc":{"start":{"line":3,"column":0},"end":{"line":42,"column":null}}},"1":{"name":"(anonymous_8)","decl":{"start":{"line":4,"column":2},"end":{"line":4,"column":9}},"loc":{"start":{"line":4,"column":2},"end":{"line":6,"column":3}}},"2":{"name":"(anonymous_9)","decl":{"start":{"line":8,"column":2},"end":{"line":8,"column":12}},"loc":{"start":{"line":8,"column":43},"end":{"line":18,"column":3}}},"3":{"name":"(anonymous_10)","decl":{"start":{"line":20,"column":2},"end":{"line":20,"column":12}},"loc":{"start":{"line":20,"column":43},"end":{"line":26,"column":3}}},"4":{"name":"(anonymous_11)","decl":{"start":{"line":28,"column":2},"end":{"line":28,"column":12}},"loc":{"start":{"line":28,"column":52},"end":{"line":31,"column":3}}},"5":{"name":"(anonymous_12)","decl":{"start":{"line":33,"column":2},"end":{"line":33,"column":12}},"loc":{"start":{"line":33,"column":49},"end":{"line":37,"column":3}}},"6":{"name":"(anonymous_13)","decl":{"start":{"line":39,"column":2},"end":{"line":39,"column":12}},"loc":{"start":{"line":39,"column":2},"end":{"line":41,"column":3}}}},"branchMap":{"0":{"loc":{"start":{"line":10,"column":32},"end":{"line":10,"column":53}},"type":"binary-expr","locations":[{"start":{"line":10,"column":32},"end":{"line":10,"column":53}},{"start":{"line":11,"column":9},"end":{"line":11,"column":41}}]},"1":{"loc":{"start":{"line":12,"column":4},"end":{"line":14,"column":null}},"type":"if","locations":[{"start":{"line":12,"column":4},"end":{"line":14,"column":null}},{"start":{"line":12,"column":4},"end":{"line":14,"column":null}}]},"2":{"loc":{"start":{"line":21,"column":4},"end":{"line":21,"column":33}},"type":"if","locations":[{"start":{"line":21,"column":4},"end":{"line":21,"column":33}},{"start":{"line":21,"column":4},"end":{"line":21,"column":33}}]}},"s":{"0":3,"1":3,"2":3,"3":3,"4":12,"5":3,"6":5,"7":5,"8":5,"9":4,"10":5,"11":3,"12":43,"13":36,"14":7,"15":7,"16":3,"17":4,"18":4,"19":3,"20":12,"21":3,"22":12,"23":3,"24":3},"f":{"0":16,"1":12,"2":5,"3":43,"4":4,"5":12,"6":12},"b":{"0":[5,4],"1":[4,1],"2":[36,7]}}
,"D:\\work\\fsd\\my-jquery-slider\\src\\jquery.my-jquery-slider\\View\\Slot\\Slot.ts": {"path":"D:\\work\\fsd\\my-jquery-slider\\src\\jquery.my-jquery-slider\\View\\Slot\\Slot.ts","statementMap":{"0":{"start":{"line":15,"column":0},"end":{"line":15,"column":null}},"1":{"start":{"line":33,"column":4},"end":{"line":33,"column":21}},"2":{"start":{"line":34,"column":4},"end":{"line":34,"column":35}},"3":{"start":{"line":35,"column":4},"end":{"line":35,"column":31}},"4":{"start":{"line":36,"column":4},"end":{"line":36,"column":38}},"5":{"start":{"line":37,"column":4},"end":{"line":37,"column":22}},"6":{"start":{"line":38,"column":4},"end":{"line":38,"column":28}},"7":{"start":{"line":39,"column":4},"end":{"line":39,"column":25}},"8":{"start":{"line":40,"column":4},"end":{"line":40,"column":30}},"9":{"start":{"line":43,"column":9},"end":{"line":46,"column":null}},"10":{"start":{"line":44,"column":4},"end":{"line":44,"column":31}},"11":{"start":{"line":45,"column":4},"end":{"line":45,"column":25}},"12":{"start":{"line":48,"column":9},"end":{"line":50,"column":null}},"13":{"start":{"line":49,"column":4},"end":{"line":49,"column":25}},"14":{"start":{"line":66,"column":12},"end":{"line":68,"column":null}},"15":{"start":{"line":67,"column":4},"end":{"line":67,"column":29}},"16":{"start":{"line":70,"column":12},"end":{"line":72,"column":null}},"17":{"start":{"line":71,"column":4},"end":{"line":71,"column":28}},"18":{"start":{"line":74,"column":12},"end":{"line":76,"column":null}},"19":{"start":{"line":75,"column":4},"end":{"line":75,"column":56}},"20":{"start":{"line":75,"column":36},"end":{"line":75,"column":55}},"21":{"start":{"line":78,"column":12},"end":{"line":81,"column":null}},"22":{"start":{"line":79,"column":28},"end":{"line":79,"column":66}},"23":{"start":{"line":80,"column":4},"end":{"line":80,"column":54}},"24":{"start":{"line":83,"column":10},"end":{"line":87,"column":null}},"25":{"start":{"line":84,"column":16},"end":{"line":84,"column":33}},"26":{"start":{"line":85,"column":4},"end":{"line":85,"column":38}},"27":{"start":{"line":86,"column":4},"end":{"line":86,"column":40}},"28":{"start":{"line":89,"column":10},"end":{"line":93,"column":null}},"29":{"start":{"line":90,"column":21},"end":{"line":90,"column":50}},"30":{"start":{"line":91,"column":4},"end":{"line":91,"column":53}},"31":{"start":{"line":92,"column":4},"end":{"line":92,"column":20}},"32":{"start":{"line":95,"column":10},"end":{"line":97,"column":null}},"33":{"start":{"line":95,"column":2},"end":{"line":95,"column":10}},"34":{"start":{"line":96,"column":4},"end":{"line":96,"column":68}},"35":{"start":{"line":96,"column":31},"end":{"line":96,"column":67}},"36":{"start":{"line":99,"column":10},"end":{"line":102,"column":null}},"37":{"start":{"line":100,"column":4},"end":{"line":101,"column":48}},"38":{"start":{"line":100,"column":26},"end":{"line":100,"column":59}},"39":{"start":{"line":101,"column":9},"end":{"line":101,"column":48}},"40":{"start":{"line":104,"column":10},"end":{"line":107,"column":null}},"41":{"start":{"line":105,"column":4},"end":{"line":105,"column":33}},"42":{"start":{"line":105,"column":26},"end":{"line":105,"column":33}},"43":{"start":{"line":106,"column":4},"end":{"line":106,"column":19}},"44":{"start":{"line":109,"column":10},"end":{"line":122,"column":null}},"45":{"start":{"line":110,"column":4},"end":{"line":113,"column":6}},"46":{"start":{"line":114,"column":4},"end":{"line":117,"column":6}},"47":{"start":{"line":118,"column":4},"end":{"line":121,"column":6}},"48":{"start":{"line":123,"column":0},"end":{"line":123,"column":null}},"49":{"start":{"line":125,"column":29},"end":{"line":125,"column":33}}},"fnMap":{"0":{"name":"(anonymous_2)","decl":{"start":{"line":15,"column":0},"end":{"line":15,"column":null}},"loc":{"start":{"line":15,"column":0},"end":{"line":123,"column":null}}},"1":{"name":"Slot","decl":{"start":{"line":28,"column":2},"end":{"line":28,"column":null}},"loc":{"start":{"line":31,"column":24},"end":{"line":41,"column":3}}},"2":{"name":"(anonymous_4)","decl":{"start":{"line":43,"column":2},"end":{"line":43,"column":9}},"loc":{"start":{"line":43,"column":36},"end":{"line":46,"column":3}}},"3":{"name":"(anonymous_5)","decl":{"start":{"line":48,"column":2},"end":{"line":48,"column":9}},"loc":{"start":{"line":48,"column":2},"end":{"line":50,"column":3}}},"4":{"name":"(anonymous_6)","decl":{"start":{"line":66,"column":2},"end":{"line":66,"column":12}},"loc":{"start":{"line":66,"column":2},"end":{"line":68,"column":3}}},"5":{"name":"(anonymous_7)","decl":{"start":{"line":70,"column":2},"end":{"line":70,"column":12}},"loc":{"start":{"line":70,"column":2},"end":{"line":72,"column":3}}},"6":{"name":"(anonymous_8)","decl":{"start":{"line":74,"column":2},"end":{"line":74,"column":12}},"loc":{"start":{"line":74,"column":2},"end":{"line":76,"column":3}}},"7":{"name":"(anonymous_9)","decl":{"start":{"line":75,"column":27},"end":{"line":75,"column":28}},"loc":{"start":{"line":75,"column":31},"end":{"line":75,"column":37}}},"8":{"name":"(anonymous_10)","decl":{"start":{"line":78,"column":2},"end":{"line":78,"column":12}},"loc":{"start":{"line":78,"column":56},"end":{"line":81,"column":3}}},"9":{"name":"(anonymous_11)","decl":{"start":{"line":83,"column":2},"end":{"line":83,"column":10}},"loc":{"start":{"line":83,"column":43},"end":{"line":87,"column":3}}},"10":{"name":"(anonymous_12)","decl":{"start":{"line":89,"column":2},"end":{"line":89,"column":10}},"loc":{"start":{"line":89,"column":2},"end":{"line":93,"column":3}}},"11":{"name":"(anonymous_13)","decl":{"start":{"line":95,"column":2},"end":{"line":95,"column":10}},"loc":{"start":{"line":95,"column":2},"end":{"line":97,"column":3}}},"12":{"name":"(anonymous_14)","decl":{"start":{"line":96,"column":22},"end":{"line":96,"column":23}},"loc":{"start":{"line":96,"column":26},"end":{"line":96,"column":35}}},"13":{"name":"(anonymous_15)","decl":{"start":{"line":99,"column":2},"end":{"line":99,"column":10}},"loc":{"start":{"line":99,"column":2},"end":{"line":102,"column":3}}},"14":{"name":"(anonymous_16)","decl":{"start":{"line":104,"column":2},"end":{"line":104,"column":10}},"loc":{"start":{"line":104,"column":2},"end":{"line":107,"column":3}}},"15":{"name":"(anonymous_17)","decl":{"start":{"line":109,"column":2},"end":{"line":109,"column":10}},"loc":{"start":{"line":109,"column":2},"end":{"line":122,"column":3}}}},"branchMap":{"0":{"loc":{"start":{"line":80,"column":34},"end":{"line":80,"column":49}},"type":"cond-expr","locations":[{"start":{"line":80,"column":34},"end":{"line":80,"column":49}},{"start":{"line":80,"column":52},"end":{"line":80,"column":53}}]},"1":{"loc":{"start":{"line":100,"column":4},"end":{"line":101,"column":48}},"type":"if","locations":[{"start":{"line":100,"column":4},"end":{"line":101,"column":48}},{"start":{"line":100,"column":4},"end":{"line":101,"column":48}}]},"2":{"loc":{"start":{"line":105,"column":4},"end":{"line":105,"column":33}},"type":"if","locations":[{"start":{"line":105,"column":4},"end":{"line":105,"column":33}},{"start":{"line":105,"column":4},"end":{"line":105,"column":33}}]}},"s":{"0":4,"1":18,"2":18,"3":18,"4":18,"5":18,"6":18,"7":18,"8":18,"9":4,"10":2,"11":2,"12":4,"13":16,"14":4,"15":8,"16":4,"17":5,"18":4,"19":8,"20":9,"21":4,"22":18,"23":18,"24":4,"25":20,"26":20,"27":20,"28":4,"29":18,"30":18,"31":18,"32":4,"33":18,"34":18,"35":22,"36":4,"37":20,"38":2,"39":18,"40":4,"41":11,"42":6,"43":5,"44":4,"45":18,"46":18,"47":18,"48":4,"49":4},"f":{"0":4,"1":18,"2":2,"3":16,"4":8,"5":5,"6":8,"7":9,"8":18,"9":20,"10":18,"11":18,"12":22,"13":20,"14":11,"15":18},"b":{"0":[13,5],"1":[2,18],"2":[6,5]}}
,"D:\\work\\fsd\\my-jquery-slider\\src\\jquery.my-jquery-slider\\View\\Slot\\VerticalSlot.ts": {"path":"D:\\work\\fsd\\my-jquery-slider\\src\\jquery.my-jquery-slider\\View\\Slot\\VerticalSlot.ts","statementMap":{"0":{"start":{"line":3,"column":0},"end":{"line":3,"column":43}},"1":{"start":{"line":5,"column":0},"end":{"line":5,"column":null}},"2":{"start":{"line":5,"column":27},"end":{"line":5,"column":31}},"3":{"start":{"line":11,"column":4},"end":{"line":11,"column":null}},"4":{"start":{"line":12,"column":4},"end":{"line":12,"column":26}},"5":{"start":{"line":15,"column":9},"end":{"line":17,"column":null}},"6":{"start":{"line":16,"column":4},"end":{"line":16,"column":56}},"7":{"start":{"line":19,"column":12},"end":{"line":29,"column":null}},"8":{"start":{"line":20,"column":4},"end":{"line":20,"column":20}},"9":{"start":{"line":21,"column":32},"end":{"line":22,"column":41}},"10":{"start":{"line":23,"column":4},"end":{"line":25,"column":null}},"11":{"start":{"line":24,"column":6},"end":{"line":24,"column":49}},"12":{"start":{"line":26,"column":4},"end":{"line":28,"column":6}},"13":{"start":{"line":31,"column":12},"end":{"line":37,"column":null}},"14":{"start":{"line":32,"column":4},"end":{"line":32,"column":33}},"15":{"start":{"line":32,"column":26},"end":{"line":32,"column":33}},"16":{"start":{"line":33,"column":4},"end":{"line":33,"column":23}},"17":{"start":{"line":34,"column":4},"end":{"line":36,"column":6}},"18":{"start":{"line":39,"column":12},"end":{"line":42,"column":null}},"19":{"start":{"line":40,"column":20},"end":{"line":40,"column":51}},"20":{"start":{"line":41,"column":4},"end":{"line":41,"column":53}},"21":{"start":{"line":44,"column":12},"end":{"line":49,"column":null}},"22":{"start":{"line":45,"column":4},"end":{"line":48,"column":6}},"23":{"start":{"line":51,"column":12},"end":{"line":53,"column":null}},"24":{"start":{"line":52,"column":4},"end":{"line":52,"column":53}},"25":{"start":{"line":55,"column":10},"end":{"line":57,"column":null}},"26":{"start":{"line":56,"column":4},"end":{"line":56,"column":62}},"27":{"start":{"line":58,"column":0},"end":{"line":58,"column":null}},"28":{"start":{"line":60,"column":0},"end":{"line":60,"column":28}}},"fnMap":{"0":{"name":"(anonymous_6)","decl":{"start":{"line":5,"column":0},"end":{"line":5,"column":27}},"loc":{"start":{"line":5,"column":0},"end":{"line":58,"column":null}}},"1":{"name":"VerticalSlot","decl":{"start":{"line":6,"column":2},"end":{"line":6,"column":null}},"loc":{"start":{"line":9,"column":24},"end":{"line":13,"column":3}}},"2":{"name":"(anonymous_8)","decl":{"start":{"line":15,"column":2},"end":{"line":15,"column":9}},"loc":{"start":{"line":15,"column":2},"end":{"line":17,"column":3}}},"3":{"name":"(anonymous_9)","decl":{"start":{"line":19,"column":2},"end":{"line":19,"column":12}},"loc":{"start":{"line":19,"column":43},"end":{"line":29,"column":3}}},"4":{"name":"(anonymous_10)","decl":{"start":{"line":31,"column":2},"end":{"line":31,"column":12}},"loc":{"start":{"line":31,"column":43},"end":{"line":37,"column":3}}},"5":{"name":"(anonymous_11)","decl":{"start":{"line":39,"column":2},"end":{"line":39,"column":12}},"loc":{"start":{"line":39,"column":52},"end":{"line":42,"column":3}}},"6":{"name":"(anonymous_12)","decl":{"start":{"line":44,"column":2},"end":{"line":44,"column":12}},"loc":{"start":{"line":44,"column":49},"end":{"line":49,"column":3}}},"7":{"name":"(anonymous_13)","decl":{"start":{"line":51,"column":2},"end":{"line":51,"column":12}},"loc":{"start":{"line":51,"column":2},"end":{"line":53,"column":3}}},"8":{"name":"(anonymous_14)","decl":{"start":{"line":55,"column":2},"end":{"line":55,"column":10}},"loc":{"start":{"line":55,"column":2},"end":{"line":57,"column":3}}}},"branchMap":{"0":{"loc":{"start":{"line":11,"column":4},"end":{"line":11,"column":37}},"type":"binary-expr","locations":[{"start":{"line":11,"column":4},"end":{"line":11,"column":37}},{"start":{"line":11,"column":37},"end":{"line":11,"column":null}}]},"1":{"loc":{"start":{"line":21,"column":32},"end":{"line":21,"column":53}},"type":"binary-expr","locations":[{"start":{"line":21,"column":32},"end":{"line":21,"column":53}},{"start":{"line":22,"column":9},"end":{"line":22,"column":41}}]},"2":{"loc":{"start":{"line":23,"column":4},"end":{"line":25,"column":null}},"type":"if","locations":[{"start":{"line":23,"column":4},"end":{"line":25,"column":null}},{"start":{"line":23,"column":4},"end":{"line":25,"column":null}}]},"3":{"loc":{"start":{"line":32,"column":4},"end":{"line":32,"column":33}},"type":"if","locations":[{"start":{"line":32,"column":4},"end":{"line":32,"column":33}},{"start":{"line":32,"column":4},"end":{"line":32,"column":33}}]}},"s":{"0":3,"1":3,"2":3,"3":5,"4":5,"5":3,"6":6,"7":3,"8":3,"9":3,"10":3,"11":0,"12":3,"13":3,"14":5,"15":2,"16":3,"17":3,"18":3,"19":3,"20":3,"21":3,"22":6,"23":3,"24":6,"25":3,"26":5,"27":3,"28":3},"f":{"0":3,"1":5,"2":6,"3":3,"4":5,"5":3,"6":6,"7":6,"8":5},"b":{"0":[5,5],"1":[3,3],"2":[0,3],"3":[2,3]}}
}
