TN:
SF:src\jquery.my-jquery-slider\Corrector.ts
FN:1,(anonymous_0)
FN:2,(anonymous_2)
FN:6,(anonymous_3)
FN:9,(anonymous_4)
FN:11,(anonymous_5)
FN:19,(anonymous_6)
FN:23,(anonymous_7)
FNF:7
FNH:7
FNDA:5,(anonymous_0)
FNDA:53,(anonymous_2)
FNDA:53,(anonymous_3)
FNDA:84,(anonymous_4)
FNDA:204,(anonymous_5)
FNDA:1288,(anonymous_6)
FNDA:211,(anonymous_7)
DA:1,5
DA:2,5
DA:3,217
DA:5,53
DA:6,53
DA:9,372
DA:10,84
DA:11,84
DA:12,204
DA:13,7
DA:16,84
DA:19,5
DA:20,1288
DA:23,5
DA:24,211
DA:26,5
DA:28,5
LF:17
LH:17
BRDA:12,0,0,7
BRDA:12,0,1,197
BRDA:16,1,0,3
BRDA:16,1,1,81
BRF:4
BRH:4
end_of_record
TN:
SF:src\jquery.my-jquery-slider\EventEmitter.ts
FN:11,(anonymous_0)
FN:14,EventEmitter
FN:18,(anonymous_2)
FN:23,(anonymous_3)
FN:28,(anonymous_4)
FN:32,(anonymous_5)
FN:36,(anonymous_6)
FNF:7
FNH:7
FNDA:2,(anonymous_0)
FNDA:5,EventEmitter
FNDA:7,(anonymous_2)
FNDA:1,(anonymous_3)
FNDA:1,(anonymous_4)
FNDA:5,(anonymous_5)
FNDA:4,(anonymous_6)
DA:11,2
DA:15,5
DA:18,2
DA:19,7
DA:20,7
DA:23,2
DA:27,1
DA:28,1
DA:32,2
DA:33,5
DA:34,5
DA:35,4
DA:36,4
DA:40,2
DA:42,2
LF:15
LH:15
BRDA:19,0,0,6
BRDA:19,0,1,1
BRDA:34,1,0,4
BRDA:34,1,1,1
BRF:4
BRH:4
end_of_record
TN:
SF:src\jquery.my-jquery-slider\Presenter.ts
FN:10,(anonymous_2)
FN:19,Presenter
FN:35,(anonymous_4)
FN:40,(anonymous_5)
FN:44,(anonymous_6)
FN:48,(anonymous_7)
FN:52,(anonymous_8)
FN:56,(anonymous_9)
FN:60,(anonymous_10)
FN:65,(anonymous_11)
FN:74,(anonymous_12)
FN:78,(anonymous_13)
FN:82,(anonymous_14)
FN:86,(anonymous_15)
FN:99,(anonymous_16)
FNF:15
FNH:9
FNDA:1,(anonymous_2)
FNDA:5,Presenter
FNDA:2,(anonymous_4)
FNDA:0,(anonymous_5)
FNDA:0,(anonymous_6)
FNDA:0,(anonymous_7)
FNDA:0,(anonymous_8)
FNDA:0,(anonymous_9)
FNDA:0,(anonymous_10)
FNDA:7,(anonymous_11)
FNDA:7,(anonymous_12)
FNDA:7,(anonymous_13)
FNDA:5,(anonymous_14)
FNDA:5,(anonymous_15)
FNDA:7,(anonymous_16)
DA:1,1
DA:3,1
DA:10,1
DA:11,1
DA:21,10
DA:23,5
DA:25,5
DA:26,5
DA:28,5
DA:29,5
DA:31,5
DA:35,4
DA:36,2
DA:37,2
DA:40,1
DA:41,0
DA:44,1
DA:45,0
DA:48,1
DA:49,0
DA:52,1
DA:53,0
DA:56,1
DA:57,0
DA:60,1
DA:61,0
DA:65,9
DA:66,7
DA:67,7
DA:68,7
DA:69,2
DA:70,7
DA:74,1
DA:75,7
DA:78,1
DA:79,7
DA:82,1
DA:83,5
DA:86,1
DA:87,5
DA:88,5
DA:89,5
DA:93,5
DA:94,5
DA:95,5
DA:96,5
DA:99,1
DA:102,7
DA:122,1
DA:124,1
LF:50
LH:44
BRDA:21,0,0,5
BRDA:21,0,1,0
BRDA:35,1,0,2
BRDA:35,1,1,0
BRDA:65,2,0,2
BRDA:65,2,1,5
BRDA:68,3,0,5
BRDA:68,3,1,2
BRF:8
BRH:6
end_of_record
TN:
SF:src\jquery.my-jquery-slider\Model\List.ts
FN:21,(anonymous_2)
FN:28,List
FN:32,(anonymous_4)
FN:36,(anonymous_5)
FN:40,(anonymous_6)
FN:42,(anonymous_7)
FN:49,(anonymous_8)
FN:51,(anonymous_9)
FN:58,(anonymous_10)
FN:63,(anonymous_11)
FN:75,(anonymous_12)
FN:78,(anonymous_13)
FN:87,(anonymous_14)
FN:94,(anonymous_15)
FN:100,(anonymous_16)
FN:105,(anonymous_17)
FNF:16
FNH:16
FNDA:1,(anonymous_2)
FNDA:20,List
FNDA:3,(anonymous_4)
FNDA:4,(anonymous_5)
FNDA:4,(anonymous_6)
FNDA:7,(anonymous_7)
FNDA:5,(anonymous_8)
FNDA:10,(anonymous_9)
FNDA:4,(anonymous_10)
FNDA:9,(anonymous_11)
FNDA:2,(anonymous_12)
FNDA:4,(anonymous_13)
FNDA:23,(anonymous_14)
FNDA:23,(anonymous_15)
FNDA:23,(anonymous_16)
FNDA:46,(anonymous_17)
DA:21,1
DA:22,20
DA:24,20
DA:26,20
DA:28,23
DA:29,20
DA:32,1
DA:33,3
DA:36,1
DA:37,4
DA:40,1
DA:41,4
DA:42,4
DA:43,7
DA:44,7
DA:46,4
DA:49,1
DA:50,5
DA:51,5
DA:52,10
DA:53,10
DA:55,5
DA:58,1
DA:59,4
DA:60,4
DA:61,3
DA:62,3
DA:63,3
DA:64,9
DA:65,9
DA:66,9
DA:67,5
DA:68,5
DA:71,3
DA:72,3
DA:75,2
DA:76,2
DA:77,2
DA:78,2
DA:79,4
DA:81,4
DA:82,4
DA:84,2
DA:87,1
DA:88,23
DA:89,23
DA:90,23
DA:91,23
DA:94,1
DA:95,23
DA:96,23
DA:97,23
DA:100,23
DA:101,23
DA:102,23
DA:103,23
DA:104,17
DA:105,17
DA:106,46
DA:107,12
DA:108,12
DA:109,12
DA:110,12
DA:112,34
DA:113,34
DA:116,17
DA:118,1
DA:121,1
LF:68
LH:68
BRDA:28,0,0,3
BRDA:28,0,1,17
BRDA:43,1,0,7
BRDA:43,1,1,4
BRDA:44,2,0,5
BRDA:44,2,1,2
BRDA:52,3,0,10
BRDA:52,3,1,6
BRDA:53,4,0,8
BRDA:53,4,1,2
BRDA:60,5,0,1
BRDA:60,5,1,3
BRDA:65,6,0,5
BRDA:65,6,1,4
BRDA:66,7,0,5
BRDA:66,7,1,4
BRDA:71,8,0,3
BRDA:71,8,1,0
BRDA:79,9,0,4
BRDA:79,9,1,2
BRDA:81,10,0,1
BRDA:81,10,1,3
BRDA:89,11,0,2
BRDA:89,11,1,21
BRDA:89,12,0,23
BRDA:89,12,1,23
BRDA:95,13,0,23
BRDA:95,13,1,8
BRDA:96,14,0,7
BRDA:96,14,1,16
BRDA:102,15,0,23
BRDA:102,15,1,23
BRDA:103,16,0,6
BRDA:103,16,1,17
BRDA:106,17,0,12
BRDA:106,17,1,34
BRDA:110,18,0,8
BRDA:110,18,1,4
BRF:38
BRH:37
end_of_record
TN:
SF:src\jquery.my-jquery-slider\Model\Model.ts
FN:33,(anonymous_3)
FN:44,Model
FN:55,(anonymous_5)
FN:59,(anonymous_6)
FN:71,(anonymous_7)
FN:75,(anonymous_8)
FN:79,(anonymous_9)
FN:82,(anonymous_10)
FN:90,(anonymous_11)
FN:94,(anonymous_12)
FN:98,(anonymous_13)
FN:103,(anonymous_14)
FN:108,(anonymous_15)
FN:113,(anonymous_16)
FN:118,(anonymous_17)
FN:123,(anonymous_18)
FN:128,(anonymous_19)
FN:180,(anonymous_20)
FN:193,(anonymous_21)
FN:205,(anonymous_22)
FN:211,(anonymous_23)
FN:244,(anonymous_24)
FN:262,(anonymous_25)
FN:270,(anonymous_26)
FN:288,(anonymous_27)
FN:304,(anonymous_28)
FN:312,(anonymous_29)
FN:325,(anonymous_30)
FN:334,(anonymous_31)
FN:338,(anonymous_32)
FNF:30
FNH:25
FNDA:1,(anonymous_3)
FNDA:27,Model
FNDA:1,(anonymous_5)
FNDA:6,(anonymous_6)
FNDA:2,(anonymous_7)
FNDA:0,(anonymous_8)
FNDA:0,(anonymous_9)
FNDA:0,(anonymous_10)
FNDA:0,(anonymous_11)
FNDA:0,(anonymous_12)
FNDA:1,(anonymous_13)
FNDA:1,(anonymous_14)
FNDA:1,(anonymous_15)
FNDA:1,(anonymous_16)
FNDA:1,(anonymous_17)
FNDA:1,(anonymous_18)
FNDA:33,(anonymous_19)
FNDA:4,(anonymous_20)
FNDA:23,(anonymous_21)
FNDA:35,(anonymous_22)
FNDA:33,(anonymous_23)
FNDA:39,(anonymous_24)
FNDA:3,(anonymous_25)
FNDA:30,(anonymous_26)
FNDA:33,(anonymous_27)
FNDA:31,(anonymous_28)
FNDA:31,(anonymous_29)
FNDA:3,(anonymous_30)
FNDA:12,(anonymous_31)
FNDA:6,(anonymous_32)
DA:1,1
DA:3,1
DA:4,1
DA:7,1
DA:33,1
DA:42,27
DA:44,43
DA:45,27
DA:46,27
DA:48,27
DA:49,27
DA:50,27
DA:51,27
DA:52,27
DA:55,1
DA:56,1
DA:59,7
DA:60,6
DA:65,6
DA:66,6
DA:67,3
DA:68,6
DA:71,1
DA:72,2
DA:75,1
DA:76,0
DA:79,1
DA:80,0
DA:82,0
DA:90,1
DA:91,0
DA:94,1
DA:95,0
DA:98,1
DA:99,1
DA:100,1
DA:103,1
DA:104,1
DA:105,1
DA:108,1
DA:109,1
DA:110,1
DA:113,1
DA:114,1
DA:115,1
DA:118,1
DA:119,1
DA:120,1
DA:123,1
DA:124,1
DA:125,1
DA:128,1
DA:131,33
DA:138,33
DA:145,33
DA:146,4
DA:151,29
DA:152,23
DA:158,6
DA:160,6
DA:162,6
DA:166,6
DA:180,1
DA:184,4
DA:185,1
DA:187,3
DA:188,1
DA:190,2
DA:193,1
DA:198,23
DA:205,1
DA:206,35
DA:211,1
DA:212,33
DA:233,33
DA:234,33
DA:241,33
DA:244,1
DA:245,39
DA:259,39
DA:262,1
DA:263,3
DA:264,3
DA:265,3
DA:266,3
DA:267,3
DA:270,1
DA:271,30
DA:272,30
DA:273,1
DA:275,29
DA:276,29
DA:277,39
DA:285,29
DA:288,63
DA:289,33
DA:292,33
DA:304,1
DA:305,31
DA:312,1
DA:313,31
DA:317,31
DA:319,31
DA:320,31
DA:322,31
DA:325,1
DA:326,3
DA:327,3
DA:328,1
DA:329,1
DA:331,3
DA:334,1
DA:335,12
DA:338,1
DA:339,6
DA:340,6
DA:342,1
DA:343,1
LF:118
LH:113
BRDA:44,0,0,16
BRDA:44,0,1,11
BRDA:59,1,0,1
BRDA:59,1,1,5
BRDA:60,2,0,6
BRDA:60,2,1,5
BRDA:60,2,2,4
BRDA:60,2,3,4
BRDA:60,2,4,1
BRDA:66,3,0,3
BRDA:66,3,1,3
BRDA:145,4,0,4
BRDA:145,4,1,29
BRDA:151,5,0,23
BRDA:151,5,1,6
BRDA:159,6,0,1
BRDA:159,6,1,5
BRDA:161,7,0,1
BRDA:161,7,1,5
BRDA:167,8,0,2
BRDA:167,8,1,4
BRDA:167,9,0,6
BRDA:167,9,1,6
BRDA:170,10,0,3
BRDA:170,10,1,3
BRDA:168,11,0,6
BRDA:168,11,1,6
BRDA:169,12,0,3
BRDA:169,12,1,3
BRDA:168,13,0,6
BRDA:168,13,1,6
BRDA:168,14,0,2
BRDA:168,14,1,4
BRDA:168,15,0,6
BRDA:168,15,1,6
BRDA:174,16,0,3
BRDA:174,16,1,3
BRDA:172,17,0,6
BRDA:172,17,1,6
BRDA:173,18,0,3
BRDA:173,18,1,3
BRDA:172,19,0,6
BRDA:172,19,1,6
BRDA:172,20,0,2
BRDA:172,20,1,4
BRDA:172,21,0,6
BRDA:172,21,1,6
BRDA:176,22,0,2
BRDA:176,22,1,4
BRDA:176,23,0,6
BRDA:176,23,1,6
BRDA:184,24,0,1
BRDA:184,24,1,3
BRDA:187,25,0,1
BRDA:187,25,1,2
BRDA:199,26,0,2
BRDA:199,26,1,21
BRDA:199,27,0,23
BRDA:199,27,1,23
BRDA:200,28,0,3
BRDA:200,28,1,20
BRDA:200,29,0,23
BRDA:200,29,1,23
BRDA:200,30,0,2
BRDA:200,30,1,21
BRDA:200,31,0,23
BRDA:200,31,1,23
BRDA:201,32,0,2
BRDA:201,32,1,21
BRDA:201,33,0,23
BRDA:201,33,1,23
BRDA:206,34,0,35
BRDA:206,34,1,29
BRDA:206,34,2,1
BRDA:235,35,0,2
BRDA:235,35,1,31
BRDA:235,36,0,33
BRDA:235,36,1,33
BRDA:236,37,0,3
BRDA:236,37,1,28
BRDA:237,38,0,0
BRDA:237,38,1,33
BRDA:237,39,0,33
BRDA:237,39,1,33
BRDA:238,40,0,5
BRDA:238,40,1,28
BRDA:272,41,0,1
BRDA:272,41,1,29
BRDA:288,42,0,30
BRDA:288,42,1,3
BRDA:290,43,0,2
BRDA:290,43,1,31
BRDA:317,44,0,31
BRDA:317,44,1,31
BRDA:319,45,0,2
BRDA:319,45,1,29
BRDA:320,46,0,31
BRDA:320,46,1,31
BRDA:320,46,2,12
BRDA:322,47,0,19
BRDA:322,47,1,12
BRDA:327,48,0,1
BRDA:327,48,1,2
BRF:103
BRH:102
end_of_record
TN:
SF:src\jquery.my-jquery-slider\Model\Range.ts
FN:16,(anonymous_2)
FN:23,Range
FN:27,(anonymous_4)
FN:32,(anonymous_5)
FN:36,(anonymous_6)
FN:41,(anonymous_7)
FN:45,(anonymous_8)
FN:58,(anonymous_9)
FN:62,(anonymous_10)
FN:72,(anonymous_11)
FN:76,(anonymous_12)
FNF:11
FNH:11
FNDA:2,(anonymous_2)
FNDA:15,Range
FNDA:4,(anonymous_4)
FNDA:46,(anonymous_5)
FNDA:4,(anonymous_6)
FNDA:41,(anonymous_7)
FNDA:23,(anonymous_8)
FNDA:54,(anonymous_9)
FNDA:15,(anonymous_10)
FNDA:31,(anonymous_11)
FNDA:8,(anonymous_12)
DA:16,2
DA:17,15
DA:19,15
DA:21,15
DA:23,20
DA:24,15
DA:27,2
DA:28,4
DA:29,4
DA:32,2
DA:33,46
DA:36,2
DA:37,4
DA:38,4
DA:41,2
DA:42,41
DA:45,2
DA:46,23
DA:48,23
DA:49,19
DA:50,4
DA:51,2
DA:53,2
DA:55,23
DA:58,2
DA:59,54
DA:62,2
DA:63,15
DA:64,15
DA:67,15
DA:68,15
DA:72,2
DA:73,31
DA:76,2
DA:77,8
DA:78,8
DA:81,8
DA:82,8
DA:84,2
DA:86,2
LF:40
LH:40
BRDA:23,0,0,5
BRDA:23,0,1,10
BRDA:46,1,0,23
BRDA:46,1,1,21
BRDA:48,2,0,19
BRDA:48,2,1,4
BRDA:50,3,0,2
BRDA:50,3,1,2
BRDA:65,4,0,14
BRDA:65,4,1,1
BRDA:69,5,0,11
BRDA:69,5,1,4
BRDA:68,6,0,15
BRDA:68,6,1,4
BRDA:77,7,0,6
BRDA:77,7,1,2
BRDA:79,8,0,7
BRDA:79,8,1,1
BRF:18
BRH:18
end_of_record
TN:
SF:src\jquery.my-jquery-slider\Model\Slider.ts
FN:40,(anonymous_3)
FN:49,Slider
FN:54,(anonymous_5)
FN:58,(anonymous_6)
FN:59,(anonymous_7)
FN:64,(anonymous_8)
FN:76,(anonymous_9)
FN:80,(anonymous_10)
FN:81,(anonymous_11)
FN:87,(anonymous_12)
FN:100,(anonymous_13)
FN:104,(anonymous_14)
FN:108,(anonymous_15)
FN:112,(anonymous_16)
FN:118,(anonymous_17)
FN:127,(anonymous_18)
FN:131,(anonymous_19)
FN:135,(anonymous_20)
FN:151,(anonymous_21)
FN:155,(anonymous_22)
FN:160,(anonymous_23)
FN:182,(anonymous_24)
FN:186,(anonymous_25)
FN:193,(anonymous_26)
FN:197,(anonymous_27)
FN:202,(anonymous_28)
FN:206,(anonymous_29)
FN:208,(anonymous_30)
FN:220,(anonymous_31)
FN:221,(anonymous_32)
FN:224,(anonymous_33)
FN:226,(anonymous_34)
FN:232,(anonymous_35)
FN:246,(anonymous_36)
FN:257,(anonymous_37)
FN:261,(anonymous_38)
FN:265,(anonymous_39)
FN:269,(anonymous_40)
FN:273,(anonymous_41)
FN:275,(anonymous_42)
FN:295,(anonymous_43)
FN:296,(anonymous_44)
FN:304,(anonymous_45)
FN:311,(anonymous_46)
FN:322,(anonymous_47)
FN:331,(anonymous_48)
FN:348,(anonymous_49)
FN:368,(anonymous_50)
FN:375,(anonymous_51)
FN:387,(anonymous_52)
FN:393,(anonymous_53)
FN:402,(anonymous_54)
FN:403,(anonymous_55)
FN:410,(anonymous_56)
FN:415,(anonymous_57)
FNF:55
FNH:55
FNDA:1,(anonymous_3)
FNDA:55,Slider
FNDA:6,(anonymous_5)
FNDA:5,(anonymous_6)
FNDA:7,(anonymous_7)
FNDA:5,(anonymous_8)
FNDA:150,(anonymous_9)
FNDA:5,(anonymous_10)
FNDA:6,(anonymous_11)
FNDA:6,(anonymous_12)
FNDA:117,(anonymous_13)
FNDA:6,(anonymous_14)
FNDA:3,(anonymous_15)
FNDA:1,(anonymous_16)
FNDA:61,(anonymous_17)
FNDA:69,(anonymous_18)
FNDA:3,(anonymous_19)
FNDA:4,(anonymous_20)
FNDA:2,(anonymous_21)
FNDA:3,(anonymous_22)
FNDA:4,(anonymous_23)
FNDA:2,(anonymous_24)
FNDA:66,(anonymous_25)
FNDA:11,(anonymous_26)
FNDA:4,(anonymous_27)
FNDA:4,(anonymous_28)
FNDA:1,(anonymous_29)
FNDA:2,(anonymous_30)
FNDA:1,(anonymous_31)
FNDA:2,(anonymous_32)
FNDA:2,(anonymous_33)
FNDA:3,(anonymous_34)
FNDA:61,(anonymous_35)
FNDA:15,(anonymous_36)
FNDA:17,(anonymous_37)
FNDA:65,(anonymous_38)
FNDA:1,(anonymous_39)
FNDA:1,(anonymous_40)
FNDA:55,(anonymous_41)
FNDA:113,(anonymous_42)
FNDA:55,(anonymous_43)
FNDA:58,(anonymous_44)
FNDA:55,(anonymous_45)
FNDA:55,(anonymous_46)
FNDA:54,(anonymous_47)
FNDA:1,(anonymous_48)
FNDA:61,(anonymous_49)
FNDA:121,(anonymous_50)
FNDA:16,(anonymous_51)
FNDA:3,(anonymous_52)
FNDA:4,(anonymous_53)
FNDA:4,(anonymous_54)
FNDA:7,(anonymous_55)
FNDA:8,(anonymous_56)
FNDA:16,(anonymous_57)
DA:1,1
DA:40,1
DA:43,55
DA:45,55
DA:47,55
DA:50,55
DA:51,55
DA:54,1
DA:55,6
DA:58,1
DA:59,7
DA:60,2
DA:62,3
DA:63,3
DA:64,3
DA:65,5
DA:66,5
DA:68,5
DA:69,1
DA:72,3
DA:73,3
DA:76,1
DA:77,150
DA:80,1
DA:81,6
DA:82,1
DA:84,4
DA:85,4
DA:86,4
DA:87,4
DA:88,6
DA:89,4
DA:91,6
DA:92,1
DA:95,4
DA:96,4
DA:97,4
DA:100,1
DA:101,117
DA:104,1
DA:105,6
DA:108,1
DA:109,3
DA:112,1
DA:113,1
DA:115,1
DA:118,1
DA:119,61
DA:120,61
DA:121,61
DA:123,61
DA:124,61
DA:127,1
DA:128,69
DA:131,3
DA:132,3
DA:133,1
DA:135,2
DA:136,4
DA:137,2
DA:139,4
DA:141,4
DA:142,1
DA:144,4
DA:145,4
DA:148,2
DA:151,1
DA:152,2
DA:155,3
DA:156,3
DA:157,1
DA:159,2
DA:160,2
DA:161,4
DA:162,2
DA:164,4
DA:166,4
DA:167,1
DA:169,4
DA:170,4
DA:178,2
DA:179,2
DA:182,1
DA:183,2
DA:186,1
DA:187,66
DA:190,66
DA:193,1
DA:194,11
DA:197,1
DA:198,4
DA:199,4
DA:202,1
DA:203,4
DA:206,1
DA:207,1
DA:208,1
DA:209,2
DA:210,1
DA:212,2
DA:213,2
DA:214,1
DA:217,1
DA:220,1
DA:221,2
DA:224,2
DA:225,2
DA:226,2
DA:227,3
DA:229,2
DA:232,61
DA:233,61
DA:234,61
DA:235,55
DA:239,61
DA:240,61
DA:241,1
DA:242,1
DA:244,60
DA:245,5
DA:246,5
DA:247,15
DA:248,9
DA:251,5
DA:254,5
DA:257,1
DA:258,17
DA:261,1
DA:262,65
DA:265,1
DA:266,1
DA:269,1
DA:270,1
DA:273,1
DA:274,55
DA:275,55
DA:276,113
DA:277,55
DA:278,55
DA:280,58
DA:281,58
DA:282,58
DA:284,58
DA:285,52
DA:286,52
DA:288,6
DA:290,6
DA:292,55
DA:295,1
DA:296,55
DA:297,58
DA:298,21
DA:300,37
DA:304,1
DA:305,55
DA:306,54
DA:308,1
DA:311,1
DA:312,55
DA:313,55
DA:314,17
DA:315,1
DA:316,1
DA:319,55
DA:322,1
DA:325,54
DA:326,36
DA:327,52
DA:328,36
DA:331,1
DA:334,1
DA:335,1
DA:336,2
DA:337,1
DA:338,4
DA:339,2
DA:342,1
DA:345,1
DA:348,1
DA:349,61
DA:350,61
DA:351,61
DA:352,61
DA:353,61
DA:354,61
DA:355,61
DA:356,61
DA:358,61
DA:359,61
DA:361,61
DA:362,61
DA:364,61
DA:365,61
DA:368,1
DA:369,121
DA:375,1
DA:376,16
DA:377,16
DA:378,16
DA:379,5
DA:381,16
DA:382,5
DA:384,16
DA:387,1
DA:388,3
DA:390,3
DA:393,1
DA:394,4
DA:395,4
DA:396,4
DA:397,4
DA:398,3
DA:402,4
DA:403,7
DA:410,1
DA:411,8
DA:412,7
DA:415,1
DA:416,16
DA:419,16
DA:423,1
DA:425,1
LF:222
LH:222
BRDA:59,0,0,2
BRDA:59,0,1,3
BRDA:65,1,0,5
BRDA:65,1,1,0
BRDA:68,2,0,1
BRDA:68,2,1,4
BRDA:81,3,0,1
BRDA:81,3,1,4
BRDA:88,4,0,4
BRDA:88,4,1,2
BRDA:91,5,0,1
BRDA:91,5,1,5
BRDA:120,6,0,61
BRDA:120,6,1,7
BRDA:120,6,2,6
BRDA:121,7,0,35
BRDA:121,7,1,26
BRDA:123,8,0,6
BRDA:123,8,1,55
BRDA:132,9,0,1
BRDA:132,9,1,2
BRDA:136,10,0,2
BRDA:136,10,1,2
BRDA:139,11,0,4
BRDA:139,11,1,3
BRDA:141,12,0,1
BRDA:141,12,1,3
BRDA:144,13,0,4
BRDA:144,13,1,0
BRDA:156,14,0,1
BRDA:156,14,1,2
BRDA:161,15,0,2
BRDA:161,15,1,2
BRDA:164,16,0,4
BRDA:164,16,1,3
BRDA:166,17,0,1
BRDA:166,17,1,3
BRDA:169,18,0,4
BRDA:169,18,1,0
BRDA:188,19,0,14
BRDA:188,19,1,52
BRDA:189,20,0,52
BRDA:189,20,1,0
BRDA:189,21,0,52
BRDA:189,21,1,52
BRDA:209,22,0,1
BRDA:209,22,1,1
BRDA:213,23,0,1
BRDA:213,23,1,1
BRDA:233,24,0,61
BRDA:233,24,1,6
BRDA:234,25,0,55
BRDA:234,25,1,6
BRDA:239,26,0,61
BRDA:239,26,1,6
BRDA:240,27,0,1
BRDA:240,27,1,60
BRDA:244,28,0,55
BRDA:244,28,1,5
BRDA:247,29,0,9
BRDA:247,29,1,6
BRDA:252,30,0,4
BRDA:252,30,1,1
BRDA:276,31,0,55
BRDA:276,31,1,58
BRDA:282,32,0,58
BRDA:282,32,1,55
BRDA:284,33,0,52
BRDA:284,33,1,6
BRDA:288,34,0,6
BRDA:288,34,1,5
BRDA:290,35,0,3
BRDA:290,35,1,3
BRDA:297,36,0,21
BRDA:297,36,1,37
BRDA:305,37,0,54
BRDA:305,37,1,1
BRDA:314,38,0,1
BRDA:314,38,1,16
BRDA:325,39,0,18
BRDA:325,39,1,36
BRDA:336,40,0,1
BRDA:336,40,1,1
BRDA:338,41,0,2
BRDA:338,41,1,2
BRDA:352,42,0,1
BRDA:352,42,1,60
BRDA:352,43,0,61
BRDA:352,43,1,60
BRDA:353,44,0,1
BRDA:353,44,1,60
BRDA:353,45,0,61
BRDA:353,45,1,60
BRDA:354,46,0,1
BRDA:354,46,1,60
BRDA:354,47,0,61
BRDA:354,47,1,60
BRDA:355,48,0,1
BRDA:355,48,1,60
BRDA:355,49,0,61
BRDA:355,49,1,60
BRDA:357,50,0,1
BRDA:357,50,1,60
BRDA:356,51,0,61
BRDA:356,51,1,60
BRDA:358,52,0,1
BRDA:358,52,1,60
BRDA:358,53,0,61
BRDA:358,53,1,60
BRDA:360,54,0,3
BRDA:360,54,1,58
BRDA:359,55,0,61
BRDA:359,55,1,58
BRDA:361,56,0,3
BRDA:361,56,1,58
BRDA:361,57,0,61
BRDA:361,57,1,58
BRDA:363,58,0,3
BRDA:363,58,1,58
BRDA:362,59,0,61
BRDA:362,59,1,58
BRDA:364,60,0,3
BRDA:364,60,1,58
BRDA:364,61,0,61
BRDA:364,61,1,58
BRDA:369,62,0,121
BRDA:369,62,1,55
BRDA:369,62,2,40
BRDA:378,63,0,5
BRDA:378,63,1,11
BRDA:381,64,0,5
BRDA:381,64,1,11
BRDA:390,65,0,1
BRDA:390,65,1,2
BRDA:397,66,0,1
BRDA:397,66,1,3
BRDA:399,67,0,2
BRDA:399,67,1,1
BRDA:404,68,0,7
BRDA:404,68,1,7
BRDA:404,68,2,4
BRDA:411,69,0,1
BRDA:411,69,1,7
BRF:143
BRH:139
end_of_record
TN:
SF:src\jquery.my-jquery-slider\View\Label.ts
FN:11,(anonymous_2)
FN:18,Label
FN:24,(anonymous_4)
FN:29,(anonymous_5)
FN:33,(anonymous_6)
FN:39,(anonymous_7)
FN:45,(anonymous_8)
FNF:7
FNH:7
FNDA:3,(anonymous_2)
FNDA:5,Label
FNDA:1,(anonymous_4)
FNDA:4,(anonymous_5)
FNDA:6,(anonymous_6)
FNDA:5,(anonymous_7)
FNDA:6,(anonymous_8)
DA:11,3
DA:19,5
DA:20,5
DA:21,5
DA:24,3
DA:25,1
DA:26,1
DA:29,3
DA:30,4
DA:33,3
DA:34,6
DA:35,6
DA:36,6
DA:39,3
DA:40,5
DA:41,5
DA:42,5
DA:45,3
DA:46,6
DA:48,3
DA:50,3
LF:21
LH:21
BRF:0
BRH:0
end_of_record
TN:
SF:src\jquery.my-jquery-slider\View\Scale.ts
FN:25,(anonymous_3)
FN:34,Scale
FN:40,(anonymous_5)
FN:66,(anonymous_6)
FN:71,(anonymous_7)
FN:75,(anonymous_8)
FN:80,(anonymous_9)
FN:85,(anonymous_10)
FN:94,(anonymous_11)
FN:107,(anonymous_12)
FN:132,(anonymous_13)
FN:138,(anonymous_14)
FN:145,(anonymous_15)
FN:147,(anonymous_16)
FNF:14
FNH:14
FNDA:3,(anonymous_3)
FNDA:6,Scale
FNDA:11,(anonymous_5)
FNDA:1,(anonymous_6)
FNDA:5,(anonymous_7)
FNDA:1,(anonymous_8)
FNDA:6,(anonymous_9)
FNDA:2,(anonymous_10)
FNDA:9,(anonymous_11)
FNDA:9,(anonymous_12)
FNDA:7,(anonymous_13)
FNDA:7,(anonymous_14)
FNDA:1,(anonymous_15)
FNDA:2,(anonymous_16)
DA:1,3
DA:25,3
DA:35,6
DA:36,6
DA:37,6
DA:40,3
DA:43,11
DA:44,11
DA:45,11
DA:46,11
DA:47,11
DA:48,11
DA:49,2
DA:55,9
DA:56,9
DA:61,9
DA:66,3
DA:67,1
DA:68,1
DA:71,3
DA:72,5
DA:75,3
DA:76,1
DA:77,1
DA:80,3
DA:81,6
DA:82,6
DA:85,3
DA:90,2
DA:91,2
DA:94,3
DA:95,9
DA:96,9
DA:97,1018
DA:98,1018
DA:99,1010
DA:101,8
DA:104,9
DA:107,3
DA:112,9
DA:113,9
DA:114,14
DA:115,14
DA:116,14
DA:118,14
DA:119,7
DA:124,14
DA:125,14
DA:126,5
DA:127,9
DA:129,9
DA:132,3
DA:133,7
DA:134,7
DA:135,7
DA:138,3
DA:139,7
DA:140,7
DA:141,2
DA:145,3
DA:146,1
DA:147,2
DA:151,3
DA:154,3
LF:64
LH:64
BRDA:45,0,0,11
BRDA:45,0,1,2
BRDA:46,1,0,2
BRDA:46,1,1,9
BRDA:47,2,0,11
BRDA:47,2,1,2
BRDA:47,2,2,2
BRDA:48,3,0,2
BRDA:48,3,1,9
BRDA:98,4,0,1010
BRDA:98,4,1,8
BRDA:116,5,0,14
BRDA:116,5,1,7
BRDA:118,6,0,7
BRDA:118,6,1,7
BRDA:119,7,0,3
BRDA:119,7,1,4
BRDA:125,8,0,5
BRDA:125,8,1,9
BRDA:140,9,0,2
BRDA:140,9,1,5
BRDA:146,10,0,0
BRDA:146,10,1,1
BRF:23
BRH:22
end_of_record
TN:
SF:src\jquery.my-jquery-slider\View\Segment.ts
FN:18,(anonymous_2)
FN:37,Segment
FN:45,(anonymous_4)
FN:50,(anonymous_5)
FN:54,(anonymous_6)
FN:60,(anonymous_7)
FN:71,(anonymous_8)
FN:86,(anonymous_9)
FN:95,(anonymous_10)
FN:103,(anonymous_11)
FN:116,(anonymous_12)
FN:121,(anonymous_13)
FN:129,(anonymous_14)
FNF:13
FNH:13
FNDA:3,(anonymous_2)
FNDA:15,Segment
FNDA:1,(anonymous_4)
FNDA:14,(anonymous_5)
FNDA:15,(anonymous_6)
FNDA:16,(anonymous_7)
FNDA:16,(anonymous_8)
FNDA:16,(anonymous_9)
FNDA:15,(anonymous_10)
FNDA:16,(anonymous_11)
FNDA:1,(anonymous_12)
FNDA:2,(anonymous_13)
FNDA:15,(anonymous_14)
DA:18,3
DA:38,15
DA:39,15
DA:40,15
DA:41,15
DA:42,15
DA:45,3
DA:46,1
DA:47,1
DA:50,3
DA:51,14
DA:54,3
DA:55,15
DA:56,15
DA:57,15
DA:60,3
DA:61,16
DA:62,16
DA:63,16
DA:64,16
DA:65,16
DA:66,16
DA:67,16
DA:68,16
DA:71,3
DA:72,16
DA:73,16
DA:74,16
DA:75,16
DA:76,16
DA:78,16
DA:79,16
DA:81,16
DA:82,1
DA:86,3
DA:87,16
DA:89,1
DA:95,3
DA:96,15
DA:97,1
DA:98,14
DA:99,1
DA:103,3
DA:104,16
DA:105,1
DA:108,1
DA:110,16
DA:111,2
DA:112,2
DA:116,3
DA:117,1
DA:118,1
DA:121,3
DA:122,2
DA:123,2
DA:124,1
DA:125,1
DA:129,3
DA:130,15
DA:134,15
DA:139,3
DA:141,3
LF:62
LH:62
BRDA:75,0,0,16
BRDA:75,0,1,0
BRDA:75,1,0,16
BRDA:75,1,1,13
BRDA:78,2,0,16
BRDA:78,2,1,0
BRDA:78,3,0,16
BRDA:78,3,1,0
BRDA:81,4,0,1
BRDA:81,4,1,15
BRDA:87,5,0,15
BRDA:87,5,1,1
BRDA:96,6,0,1
BRDA:96,6,1,14
BRDA:98,7,0,1
BRDA:98,7,1,13
BRDA:104,8,0,1
BRDA:104,8,1,15
BRDA:110,9,0,2
BRDA:110,9,1,14
BRDA:123,10,0,1
BRDA:123,10,1,1
BRF:22
BRH:19
end_of_record
TN:
SF:src\jquery.my-jquery-slider\View\Thumb.ts
FN:17,(anonymous_2)
FN:32,Thumb
FN:46,(anonymous_4)
FN:51,(anonymous_5)
FN:55,(anonymous_6)
FN:59,(anonymous_7)
FN:64,(anonymous_8)
FN:71,(anonymous_9)
FN:78,(anonymous_10)
FN:84,(anonymous_11)
FN:88,(anonymous_12)
FN:92,(anonymous_13)
FN:96,(anonymous_14)
FN:112,(anonymous_15)
FN:116,(anonymous_16)
FNF:15
FNH:15
FNDA:3,(anonymous_2)
FNDA:19,Thumb
FNDA:3,(anonymous_4)
FNDA:14,(anonymous_5)
FNDA:4,(anonymous_6)
FNDA:4,(anonymous_7)
FNDA:22,(anonymous_8)
FNDA:19,(anonymous_9)
FNDA:22,(anonymous_10)
FNDA:1,(anonymous_11)
FNDA:16,(anonymous_12)
FNDA:16,(anonymous_13)
FNDA:5,(anonymous_14)
FNDA:1,(anonymous_15)
FNDA:19,(anonymous_16)
DA:17,3
DA:37,19
DA:38,19
DA:39,19
DA:40,19
DA:41,19
DA:42,19
DA:43,19
DA:46,3
DA:47,3
DA:48,3
DA:51,3
DA:52,14
DA:55,3
DA:56,4
DA:59,3
DA:60,4
DA:61,4
DA:64,3
DA:65,22
DA:66,22
DA:67,22
DA:68,22
DA:71,3
DA:72,19
DA:73,19
DA:74,19
DA:75,19
DA:78,3
DA:79,22
DA:80,22
DA:81,5
DA:84,3
DA:85,1
DA:88,3
DA:89,16
DA:92,3
DA:93,16
DA:96,3
DA:97,5
DA:100,2
DA:101,2
DA:102,2
DA:105,2
DA:106,2
DA:107,2
DA:112,3
DA:113,1
DA:116,3
DA:117,19
DA:121,19
DA:126,19
DA:130,19
DA:135,3
DA:137,3
LF:55
LH:55
BRDA:80,0,0,17
BRDA:80,0,1,5
BRDA:98,1,0,1
BRDA:98,1,1,2
BRDA:98,1,2,1
BRDA:98,1,3,2
BRDA:98,1,4,1
BRF:7
BRH:7
end_of_record
TN:
SF:src\jquery.my-jquery-slider\View\View.ts
FN:48,(anonymous_3)
FN:75,View
FN:81,(anonymous_5)
FN:85,(anonymous_6)
FN:100,(anonymous_7)
FN:117,(anonymous_8)
FN:125,(anonymous_9)
FN:128,(anonymous_10)
FN:144,(anonymous_11)
FN:153,(anonymous_12)
FN:155,(anonymous_13)
FN:166,(anonymous_14)
FN:174,(anonymous_15)
FN:229,(anonymous_16)
FN:235,(anonymous_17)
FN:240,(anonymous_18)
FN:245,(anonymous_19)
FN:249,(anonymous_20)
FN:253,(anonymous_21)
FN:257,(anonymous_22)
FN:263,(anonymous_23)
FN:267,(anonymous_24)
FN:274,(anonymous_25)
FN:285,(anonymous_26)
FN:295,(anonymous_27)
FN:297,(anonymous_28)
FN:299,(anonymous_29)
FN:304,(anonymous_30)
FN:319,(anonymous_31)
FN:336,(anonymous_32)
FN:340,(anonymous_33)
FN:348,(anonymous_34)
FN:349,(anonymous_35)
FN:353,(anonymous_36)
FN:364,(anonymous_37)
FN:373,(anonymous_38)
FN:383,(anonymous_39)
FN:420,(anonymous_40)
FN:428,(anonymous_41)
FN:437,(anonymous_42)
FN:446,(anonymous_43)
FN:454,(anonymous_44)
FN:465,(anonymous_45)
FNF:43
FNH:43
FNDA:2,(anonymous_3)
FNDA:83,View
FNDA:1,(anonymous_5)
FNDA:40,(anonymous_6)
FNDA:45,(anonymous_7)
FNDA:43,(anonymous_8)
FNDA:80,(anonymous_9)
FNDA:212,(anonymous_10)
FNDA:107,(anonymous_11)
FNDA:46,(anonymous_12)
FNDA:54,(anonymous_13)
FNDA:9,(anonymous_14)
FNDA:31,(anonymous_15)
FNDA:19,(anonymous_16)
FNDA:1,(anonymous_17)
FNDA:14,(anonymous_18)
FNDA:1,(anonymous_19)
FNDA:1,(anonymous_20)
FNDA:1,(anonymous_21)
FNDA:94,(anonymous_22)
FNDA:5,(anonymous_23)
FNDA:44,(anonymous_24)
FNDA:40,(anonymous_25)
FNDA:21,(anonymous_26)
FNDA:24,(anonymous_27)
FNDA:24,(anonymous_28)
FNDA:62,(anonymous_29)
FNDA:3,(anonymous_30)
FNDA:59,(anonymous_31)
FNDA:5,(anonymous_32)
FNDA:205,(anonymous_33)
FNDA:18,(anonymous_34)
FNDA:18,(anonymous_35)
FNDA:44,(anonymous_36)
FNDA:82,(anonymous_37)
FNDA:82,(anonymous_38)
FNDA:12,(anonymous_39)
FNDA:3,(anonymous_40)
FNDA:3,(anonymous_41)
FNDA:3,(anonymous_42)
FNDA:83,(anonymous_43)
FNDA:644,(anonymous_44)
FNDA:622,(anonymous_45)
DA:1,2
DA:2,2
DA:4,2
DA:5,2
DA:7,2
DA:8,2
DA:10,2
DA:11,2
DA:12,2
DA:13,2
DA:14,2
DA:20,2
DA:26,2
DA:48,2
DA:49,83
DA:67,83
DA:71,83
DA:76,83
DA:77,83
DA:78,83
DA:81,2
DA:82,1
DA:85,2
DA:86,40
DA:87,16
DA:90,16
DA:91,16
DA:93,24
DA:94,24
DA:95,24
DA:96,24
DA:97,24
DA:100,2
DA:101,45
DA:102,45
DA:103,2
DA:107,2
DA:109,45
DA:114,45
DA:117,2
DA:118,43
DA:122,43
DA:125,80
DA:126,80
DA:127,80
DA:128,80
DA:129,212
DA:138,212
DA:139,212
DA:141,80
DA:144,2
DA:145,107
DA:150,107
DA:153,46
DA:154,46
DA:155,46
DA:156,54
DA:157,54
DA:158,54
DA:163,46
DA:166,2
DA:167,9
DA:171,9
DA:174,2
DA:177,31
DA:186,31
DA:187,31
DA:198,31
DA:204,31
DA:209,613
DA:210,613
DA:219,31
DA:220,9
DA:221,9
DA:226,31
DA:229,2
DA:230,19
DA:231,18
DA:232,18
DA:235,2
DA:236,1
DA:237,1
DA:240,2
DA:241,14
DA:242,14
DA:245,2
DA:246,1
DA:249,2
DA:250,1
DA:253,2
DA:254,1
DA:257,2
DA:258,94
DA:259,7
DA:260,7
DA:263,2
DA:264,5
DA:267,2
DA:268,44
DA:269,44
DA:270,44
DA:271,44
DA:274,2
DA:275,40
DA:285,2
DA:286,21
DA:287,18
DA:288,12
DA:290,18
DA:291,18
DA:292,18
DA:295,24
DA:296,24
DA:297,24
DA:299,24
DA:300,62
DA:301,62
DA:303,24
DA:304,1
DA:305,3
DA:306,3
DA:308,1
DA:313,1
DA:319,23
DA:320,59
DA:321,59
DA:323,23
DA:328,23
DA:336,5
DA:337,5
DA:338,5
DA:340,205
DA:341,5
DA:342,5
DA:343,5
DA:344,5
DA:348,18
DA:349,18
DA:350,18
DA:351,18
DA:353,18
DA:354,44
DA:355,44
DA:356,44
DA:357,44
DA:359,18
DA:360,18
DA:362,18
DA:363,2
DA:365,82
DA:368,2
DA:370,18
DA:373,2
DA:377,82
DA:378,82
DA:379,82
DA:380,0
DA:383,2
DA:384,12
DA:385,12
DA:386,12
DA:387,12
DA:388,12
DA:389,12
DA:390,12
DA:391,12
DA:392,12
DA:393,12
DA:394,12
DA:397,12
DA:398,12
DA:399,3
DA:400,9
DA:401,3
DA:406,6
DA:407,3
DA:412,3
DA:413,2
DA:415,1
DA:417,12
DA:420,2
DA:424,3
DA:425,2
DA:428,2
DA:433,3
DA:434,2
DA:437,2
DA:442,3
DA:443,2
DA:446,2
DA:447,83
DA:451,83
DA:454,2
DA:455,644
DA:456,644
DA:457,59
DA:458,585
DA:459,14
DA:462,644
DA:465,2
DA:471,622
DA:472,622
DA:473,622
DA:474,622
DA:476,2
DA:478,2
LF:206
LH:205
BRDA:86,0,0,16
BRDA:86,0,1,24
BRDA:88,1,0,4
BRDA:88,1,1,12
BRDA:96,2,0,24
BRDA:96,2,1,0
BRDA:97,3,0,3
BRDA:97,3,1,21
BRDA:102,4,0,2
BRDA:102,4,1,43
BRDA:103,5,0,2
BRDA:103,5,1,1
BRDA:103,5,2,1
BRDA:103,5,3,1
BRDA:103,5,4,1
BRDA:103,5,5,1
BRDA:107,6,0,2
BRDA:107,6,1,0
BRDA:157,7,0,54
BRDA:157,7,1,5
BRDA:160,8,0,4
BRDA:160,8,1,50
BRDA:197,9,0,23
BRDA:197,9,1,8
BRDA:187,10,0,31
BRDA:187,10,1,31
BRDA:192,11,0,7
BRDA:192,11,1,24
BRDA:213,12,0,53
BRDA:213,12,1,560
BRDA:219,13,0,9
BRDA:219,13,1,22
BRDA:230,14,0,1
BRDA:230,14,1,18
BRDA:258,15,0,87
BRDA:258,15,1,7
BRDA:269,16,0,44
BRDA:269,16,1,16
BRDA:270,17,0,35
BRDA:270,17,1,9
BRDA:275,18,0,40
BRDA:275,18,1,24
BRDA:275,18,2,24
BRDA:275,18,3,24
BRDA:275,18,4,17
BRDA:275,18,5,16
BRDA:286,19,0,3
BRDA:286,19,1,18
BRDA:287,20,0,12
BRDA:287,20,1,6
BRDA:291,21,0,18
BRDA:291,21,1,2
BRDA:292,22,0,2
BRDA:292,22,1,16
BRDA:303,23,0,1
BRDA:303,23,1,23
BRDA:342,24,0,5
BRDA:342,24,1,0
BRDA:359,25,0,18
BRDA:359,25,1,0
BRDA:360,26,0,18
BRDA:360,26,1,2
BRDA:360,26,2,2
BRDA:362,27,0,2
BRDA:362,27,1,16
BRDA:368,28,0,2
BRDA:368,28,1,0
BRDA:370,29,0,18
BRDA:370,29,1,0
BRDA:378,30,0,82
BRDA:378,30,1,0
BRDA:390,31,0,0
BRDA:390,31,1,12
BRDA:390,32,0,12
BRDA:390,32,1,0
BRDA:397,33,0,12
BRDA:397,33,1,6
BRDA:398,34,0,3
BRDA:398,34,1,9
BRDA:400,35,0,3
BRDA:400,35,1,6
BRDA:406,36,0,3
BRDA:406,36,1,3
BRDA:412,37,0,2
BRDA:412,37,1,1
BRDA:413,38,0,1
BRDA:413,38,1,1
BRDA:424,39,0,1
BRDA:424,39,1,2
BRDA:425,40,0,1
BRDA:425,40,1,1
BRDA:433,41,0,1
BRDA:433,41,1,2
BRDA:434,42,0,1
BRDA:434,42,1,1
BRDA:442,43,0,1
BRDA:442,43,1,2
BRDA:443,44,0,1
BRDA:443,44,1,1
BRDA:456,45,0,59
BRDA:456,45,1,585
BRDA:458,46,0,14
BRDA:458,46,1,571
BRDA:459,47,0,4
BRDA:459,47,1,10
BRDA:459,48,0,14
BRDA:459,48,1,14
BRDA:460,49,0,5
BRDA:460,49,1,5
BRDA:472,50,0,40
BRDA:472,50,1,582
BRDA:473,51,0,9
BRDA:473,51,1,613
BRF:113
BRH:104
end_of_record
TN:
SF:src\jquery.my-jquery-slider\View\my-jquery-slider.scss
FN:8,(anonymous_0)
FN:15,(anonymous_1)
FNF:2
FNH:0
FNDA:0,(anonymous_0)
FNDA:0,(anonymous_1)
DA:1,2
DA:3,2
DA:4,2
DA:7,2
DA:9,0
DA:10,0
DA:12,0
DA:16,0
DA:20,0
DA:23,0
LF:10
LH:4
BRDA:3,0,0,2
BRDA:3,0,1,0
BRDA:3,1,0,2
BRDA:3,1,1,2
BRDA:9,2,0,0
BRDA:9,2,1,0
BRF:6
BRH:3
end_of_record
TN:
SF:src\jquery.my-jquery-slider\View\Bar\Bar.ts
FN:21,(anonymous_2)
FN:42,Bar
FN:54,(anonymous_4)
FN:60,(anonymous_5)
FN:64,(anonymous_6)
FN:68,(anonymous_7)
FN:79,(anonymous_8)
FN:90,(anonymous_9)
FN:99,(anonymous_10)
FN:103,(anonymous_11)
FN:109,(anonymous_12)
FN:116,(anonymous_13)
FN:120,(anonymous_14)
FN:124,(anonymous_15)
FN:130,(anonymous_16)
FN:135,(anonymous_17)
FN:139,(anonymous_18)
FNF:17
FNH:17
FNDA:4,(anonymous_2)
FNDA:23,Bar
FNDA:2,(anonymous_4)
FNDA:29,(anonymous_5)
FNDA:3,(anonymous_6)
FNDA:7,(anonymous_7)
FNDA:25,(anonymous_8)
FNDA:23,(anonymous_9)
FNDA:23,(anonymous_10)
FNDA:25,(anonymous_11)
FNDA:18,(anonymous_12)
FNDA:6,(anonymous_13)
FNDA:29,(anonymous_14)
FNDA:29,(anonymous_15)
FNDA:9,(anonymous_16)
FNDA:29,(anonymous_17)
FNDA:23,(anonymous_18)
DA:21,4
DA:43,23
DA:44,23
DA:45,23
DA:46,23
DA:47,23
DA:48,23
DA:49,23
DA:54,4
DA:55,2
DA:56,2
DA:57,2
DA:60,4
DA:61,29
DA:64,4
DA:65,3
DA:68,4
DA:69,7
DA:70,1
DA:72,7
DA:73,7
DA:74,7
DA:79,4
DA:80,25
DA:81,25
DA:82,25
DA:83,25
DA:84,25
DA:85,25
DA:86,25
DA:87,25
DA:90,4
DA:91,23
DA:92,23
DA:96,23
DA:99,4
DA:100,23
DA:103,4
DA:104,25
DA:105,25
DA:106,25
DA:109,4
DA:110,18
DA:111,18
DA:112,3
DA:116,4
DA:117,6
DA:120,4
DA:121,29
DA:124,4
DA:125,29
DA:126,29
DA:127,29
DA:130,4
DA:131,9
DA:132,8
DA:135,4
DA:136,29
DA:139,4
DA:140,23
DA:145,4
DA:147,4
LF:62
LH:62
BRDA:57,0,0,2
BRDA:57,0,1,0
BRDA:69,1,0,1
BRDA:69,1,1,6
BRDA:105,2,0,18
BRDA:105,2,1,7
BRDA:111,3,0,3
BRDA:111,3,1,15
BRDA:131,4,0,1
BRDA:131,4,1,8
BRF:10
BRH:9
end_of_record
TN:
SF:src\jquery.my-jquery-slider\View\Bar\HorizontalBar.ts
FN:3,(anonymous_6)
FN:4,(anonymous_8)
FN:8,(anonymous_9)
FNF:3
FNH:3
FNDA:21,(anonymous_6)
FNDA:1,(anonymous_8)
FNDA:19,(anonymous_9)
DA:1,3
DA:3,3
DA:4,3
DA:5,1
DA:8,3
DA:9,19
DA:11,3
DA:13,3
LF:8
LH:8
BRF:0
BRH:0
end_of_record
TN:
SF:src\jquery.my-jquery-slider\View\Bar\VerticalBar.ts
FN:4,(anonymous_6)
FN:5,VerticalBar
FN:10,(anonymous_8)
FN:14,(anonymous_9)
FN:18,(anonymous_10)
FNF:5
FNH:5
FNDA:3,(anonymous_6)
FNDA:5,VerticalBar
FNDA:1,(anonymous_8)
FNDA:6,(anonymous_9)
FNDA:5,(anonymous_10)
DA:2,3
DA:4,3
DA:6,5
DA:7,5
DA:10,3
DA:11,1
DA:14,3
DA:15,6
DA:18,3
DA:19,5
DA:21,3
DA:23,3
LF:12
LH:12
BRDA:6,0,0,5
BRDA:6,0,1,5
BRF:2
BRH:2
end_of_record
TN:
SF:src\jquery.my-jquery-slider\View\Root\HorizontalRoot.ts
FN:3,(anonymous_6)
FN:4,(anonymous_8)
FN:8,(anonymous_9)
FN:12,(anonymous_10)
FNF:4
FNH:4
FNDA:18,(anonymous_6)
FNDA:1,(anonymous_8)
FNDA:18,(anonymous_9)
FNDA:18,(anonymous_10)
DA:1,3
DA:3,3
DA:4,3
DA:5,1
DA:8,3
DA:9,18
DA:12,3
DA:13,18
DA:14,18
DA:15,18
DA:16,18
DA:18,18
DA:19,17
DA:21,17
DA:22,17
DA:24,3
DA:26,3
LF:17
LH:17
BRDA:16,0,0,18
BRDA:16,0,1,15
BRDA:18,1,0,1
BRDA:18,1,1,17
BRDA:20,2,0,2
BRDA:20,2,1,15
BRDA:19,3,0,17
BRDA:19,3,1,3
BRF:8
BRH:8
end_of_record
TN:
SF:src\jquery.my-jquery-slider\View\Root\Root.ts
FN:17,(anonymous_2)
FN:30,Root
FN:40,(anonymous_4)
FN:45,(anonymous_5)
FN:52,(anonymous_6)
FN:58,(anonymous_7)
FN:69,(anonymous_8)
FN:76,(anonymous_9)
FN:82,(anonymous_10)
FN:88,(anonymous_11)
FN:98,(anonymous_12)
FN:103,(anonymous_13)
FN:108,(anonymous_14)
FN:113,(anonymous_15)
FN:118,(anonymous_16)
FNF:15
FNH:15
FNDA:4,(anonymous_2)
FNDA:22,Root
FNDA:3,(anonymous_4)
FNDA:21,(anonymous_5)
FNDA:2,(anonymous_6)
FNDA:3,(anonymous_7)
FNDA:25,(anonymous_8)
FNDA:21,(anonymous_9)
FNDA:24,(anonymous_10)
FNDA:24,(anonymous_11)
FNDA:1,(anonymous_12)
FNDA:24,(anonymous_13)
FNDA:2,(anonymous_14)
FNDA:21,(anonymous_15)
FNDA:20,(anonymous_16)
DA:17,4
DA:35,22
DA:36,22
DA:37,22
DA:40,4
DA:41,3
DA:42,3
DA:45,4
DA:46,21
DA:47,21
DA:48,21
DA:49,21
DA:52,4
DA:53,2
DA:55,2
DA:58,4
DA:59,3
DA:60,3
DA:69,4
DA:70,25
DA:71,25
DA:72,25
DA:73,25
DA:76,4
DA:77,21
DA:78,21
DA:79,21
DA:82,4
DA:83,24
DA:84,24
DA:85,24
DA:88,4
DA:89,24
DA:90,24
DA:91,2
DA:93,24
DA:94,1
DA:98,4
DA:99,1
DA:100,1
DA:103,4
DA:104,24
DA:105,24
DA:108,4
DA:109,2
DA:110,2
DA:113,4
DA:114,21
DA:115,2
DA:118,4
DA:119,20
DA:121,4
DA:123,4
LF:53
LH:53
BRDA:48,0,0,20
BRDA:48,0,1,1
BRDA:54,1,0,0
BRDA:54,1,1,2
BRDA:59,2,0,1
BRDA:59,2,1,2
BRDA:77,3,0,20
BRDA:77,3,1,1
BRDA:90,4,0,2
BRDA:90,4,1,22
BRDA:93,5,0,1
BRDA:93,5,1,23
BRDA:114,6,0,19
BRDA:114,6,1,2
BRF:14
BRH:13
end_of_record
TN:
SF:src\jquery.my-jquery-slider\View\Root\VerticalRoot.ts
FN:3,(anonymous_6)
FN:4,(anonymous_8)
FN:8,(anonymous_9)
FN:12,(anonymous_10)
FNF:4
FNH:4
FNDA:10,(anonymous_6)
FNDA:1,(anonymous_8)
FNDA:6,(anonymous_9)
FNDA:6,(anonymous_10)
DA:1,3
DA:3,3
DA:4,3
DA:5,1
DA:8,3
DA:9,6
DA:12,3
DA:13,6
DA:14,6
DA:15,6
DA:16,6
DA:18,6
DA:19,2
DA:21,2
DA:22,2
DA:24,3
DA:26,3
LF:17
LH:17
BRDA:16,0,0,6
BRDA:16,0,1,4
BRDA:18,1,0,4
BRDA:18,1,1,2
BRDA:20,2,0,1
BRDA:20,2,1,1
BRDA:19,3,0,2
BRDA:19,3,1,2
BRF:8
BRH:8
end_of_record
TN:
SF:src\jquery.my-jquery-slider\View\Slot\HorizontalSlot.ts
FN:3,(anonymous_6)
FN:4,(anonymous_8)
FN:8,(anonymous_9)
FN:20,(anonymous_10)
FN:28,(anonymous_11)
FN:33,(anonymous_12)
FN:39,(anonymous_13)
FNF:7
FNH:7
FNDA:16,(anonymous_6)
FNDA:12,(anonymous_8)
FNDA:5,(anonymous_9)
FNDA:43,(anonymous_10)
FNDA:4,(anonymous_11)
FNDA:12,(anonymous_12)
FNDA:12,(anonymous_13)
DA:1,3
DA:3,3
DA:4,3
DA:5,12
DA:8,3
DA:9,5
DA:10,5
DA:12,5
DA:13,4
DA:15,5
DA:20,3
DA:21,43
DA:22,7
DA:23,7
DA:28,3
DA:29,4
DA:30,4
DA:33,3
DA:34,12
DA:39,3
DA:40,12
DA:42,3
DA:44,3
LF:23
LH:23
BRDA:10,0,0,5
BRDA:10,0,1,4
BRDA:12,1,0,4
BRDA:12,1,1,1
BRDA:21,2,0,36
BRDA:21,2,1,7
BRF:6
BRH:6
end_of_record
TN:
SF:src\jquery.my-jquery-slider\View\Slot\Slot.ts
FN:15,(anonymous_2)
FN:28,Slot
FN:43,(anonymous_4)
FN:48,(anonymous_5)
FN:66,(anonymous_6)
FN:70,(anonymous_7)
FN:74,(anonymous_8)
FN:75,(anonymous_9)
FN:78,(anonymous_10)
FN:83,(anonymous_11)
FN:89,(anonymous_12)
FN:95,(anonymous_13)
FN:96,(anonymous_14)
FN:99,(anonymous_15)
FN:104,(anonymous_16)
FN:109,(anonymous_17)
FNF:16
FNH:16
FNDA:4,(anonymous_2)
FNDA:18,Slot
FNDA:2,(anonymous_4)
FNDA:16,(anonymous_5)
FNDA:8,(anonymous_6)
FNDA:5,(anonymous_7)
FNDA:8,(anonymous_8)
FNDA:9,(anonymous_9)
FNDA:18,(anonymous_10)
FNDA:20,(anonymous_11)
FNDA:18,(anonymous_12)
FNDA:18,(anonymous_13)
FNDA:22,(anonymous_14)
FNDA:20,(anonymous_15)
FNDA:11,(anonymous_16)
FNDA:18,(anonymous_17)
DA:15,4
DA:33,18
DA:34,18
DA:35,18
DA:36,18
DA:37,18
DA:38,18
DA:39,18
DA:40,18
DA:43,4
DA:44,2
DA:45,2
DA:48,4
DA:49,16
DA:66,4
DA:67,8
DA:70,4
DA:71,5
DA:74,4
DA:75,9
DA:78,4
DA:79,18
DA:80,18
DA:83,4
DA:84,20
DA:85,20
DA:86,20
DA:89,4
DA:90,18
DA:91,18
DA:92,18
DA:95,18
DA:96,22
DA:99,4
DA:100,20
DA:101,18
DA:104,4
DA:105,11
DA:106,5
DA:109,4
DA:110,18
DA:114,18
DA:118,18
DA:123,4
DA:125,4
LF:45
LH:45
BRDA:80,0,0,13
BRDA:80,0,1,5
BRDA:100,1,0,2
BRDA:100,1,1,18
BRDA:105,2,0,6
BRDA:105,2,1,5
BRF:6
BRH:6
end_of_record
TN:
SF:src\jquery.my-jquery-slider\View\Slot\VerticalSlot.ts
FN:5,(anonymous_6)
FN:6,VerticalSlot
FN:15,(anonymous_8)
FN:19,(anonymous_9)
FN:31,(anonymous_10)
FN:39,(anonymous_11)
FN:44,(anonymous_12)
FN:51,(anonymous_13)
FN:55,(anonymous_14)
FNF:9
FNH:9
FNDA:3,(anonymous_6)
FNDA:5,VerticalSlot
FNDA:6,(anonymous_8)
FNDA:3,(anonymous_9)
FNDA:5,(anonymous_10)
FNDA:3,(anonymous_11)
FNDA:6,(anonymous_12)
FNDA:6,(anonymous_13)
FNDA:5,(anonymous_14)
DA:3,3
DA:5,3
DA:11,5
DA:12,5
DA:15,3
DA:16,6
DA:19,3
DA:20,3
DA:21,3
DA:23,3
DA:24,0
DA:26,3
DA:31,3
DA:32,5
DA:33,3
DA:34,3
DA:39,3
DA:40,3
DA:41,3
DA:44,3
DA:45,6
DA:51,3
DA:52,6
DA:55,3
DA:56,5
DA:58,3
DA:60,3
LF:27
LH:26
BRDA:11,0,0,5
BRDA:11,0,1,5
BRDA:21,1,0,3
BRDA:21,1,1,3
BRDA:23,2,0,0
BRDA:23,2,1,3
BRDA:32,3,0,2
BRDA:32,3,1,3
BRF:8
BRH:7
end_of_record
