TN:
SF:src\jquery.my-jquery-slider\Corrector.ts
FN:1,(anonymous_0)
FN:2,(anonymous_2)
FN:5,(anonymous_3)
FNF:3
FNH:3
FNDA:5,(anonymous_0)
FNDA:466,(anonymous_2)
FNDA:466,(anonymous_3)
DA:1,5
DA:2,5
DA:3,466
DA:4,466
DA:5,466
DA:7,5
DA:9,5
LF:7
LH:7
BRDA:4,0,0,1
BRDA:4,0,1,465
BRF:2
BRH:2
end_of_record
TN:
SF:src\jquery.my-jquery-slider\EventEmitter.ts
FN:11,(anonymous_0)
FN:14,EventEmitter
FN:18,(anonymous_2)
FN:23,(anonymous_3)
FN:25,(anonymous_4)
FN:29,(anonymous_5)
FN:31,(anonymous_6)
FNF:7
FNH:7
FNDA:2,(anonymous_0)
FNDA:4,EventEmitter
FNDA:6,(anonymous_2)
FNDA:1,(anonymous_3)
FNDA:1,(anonymous_4)
FNDA:4,(anonymous_5)
FNDA:4,(anonymous_6)
DA:11,2
DA:15,4
DA:18,2
DA:19,6
DA:20,6
DA:23,2
DA:24,1
DA:25,1
DA:29,2
DA:30,4
DA:31,4
DA:33,2
DA:35,2
LF:13
LH:13
BRDA:19,0,0,5
BRDA:19,0,1,1
BRDA:31,1,0,4
BRDA:31,1,1,0
BRF:4
BRH:3
end_of_record
TN:
SF:src\jquery.my-jquery-slider\Presenter.ts
FN:10,(anonymous_2)
FN:19,Presenter
FN:26,(anonymous_4)
FN:31,(anonymous_5)
FN:35,(anonymous_6)
FN:39,(anonymous_7)
FN:43,(anonymous_8)
FN:47,(anonymous_9)
FN:51,(anonymous_10)
FN:56,(anonymous_11)
FN:69,(anonymous_12)
FN:73,(anonymous_13)
FN:78,(anonymous_14)
FN:83,(anonymous_15)
FN:88,(anonymous_16)
FN:93,(anonymous_17)
FN:103,(anonymous_18)
FNF:17
FNH:11
FNDA:1,(anonymous_2)
FNDA:5,Presenter
FNDA:2,(anonymous_4)
FNDA:0,(anonymous_5)
FNDA:0,(anonymous_6)
FNDA:0,(anonymous_7)
FNDA:0,(anonymous_8)
FNDA:0,(anonymous_9)
FNDA:0,(anonymous_10)
FNDA:7,(anonymous_11)
FNDA:7,(anonymous_12)
FNDA:7,(anonymous_13)
FNDA:5,(anonymous_14)
FNDA:5,(anonymous_15)
FNDA:5,(anonymous_16)
FNDA:5,(anonymous_17)
FNDA:7,(anonymous_18)
DA:1,1
DA:3,1
DA:10,1
DA:11,1
DA:19,10
DA:20,5
DA:21,5
DA:22,5
DA:26,4
DA:27,2
DA:28,2
DA:31,1
DA:32,0
DA:35,1
DA:36,0
DA:39,1
DA:40,0
DA:43,1
DA:44,0
DA:47,1
DA:48,0
DA:51,1
DA:52,0
DA:56,1
DA:57,7
DA:58,7
DA:59,7
DA:60,5
DA:61,5
DA:63,2
DA:65,7
DA:69,1
DA:70,7
DA:73,1
DA:74,7
DA:78,1
DA:79,5
DA:80,5
DA:83,1
DA:84,5
DA:88,1
DA:89,5
DA:90,5
DA:93,1
DA:94,5
DA:95,5
DA:96,5
DA:97,5
DA:98,5
DA:99,5
DA:100,5
DA:103,1
DA:104,7
DA:124,1
DA:126,1
LF:55
LH:49
BRDA:19,0,0,5
BRDA:19,0,1,0
BRDA:26,1,0,2
BRDA:26,1,1,0
BRDA:59,2,0,5
BRDA:59,2,1,2
BRF:6
BRH:4
end_of_record
TN:
SF:src\jquery.my-jquery-slider\Model\List.ts
FN:21,(anonymous_2)
FN:28,List
FN:32,(anonymous_4)
FN:36,(anonymous_5)
FN:40,(anonymous_6)
FN:42,(anonymous_7)
FN:50,(anonymous_8)
FN:52,(anonymous_9)
FN:60,(anonymous_10)
FN:65,(anonymous_11)
FN:77,(anonymous_12)
FN:80,(anonymous_13)
FN:89,(anonymous_14)
FN:96,(anonymous_15)
FN:101,(anonymous_16)
FN:105,(anonymous_17)
FNF:16
FNH:16
FNDA:1,(anonymous_2)
FNDA:20,List
FNDA:3,(anonymous_4)
FNDA:4,(anonymous_5)
FNDA:4,(anonymous_6)
FNDA:7,(anonymous_7)
FNDA:5,(anonymous_8)
FNDA:10,(anonymous_9)
FNDA:4,(anonymous_10)
FNDA:9,(anonymous_11)
FNDA:2,(anonymous_12)
FNDA:4,(anonymous_13)
FNDA:23,(anonymous_14)
FNDA:23,(anonymous_15)
FNDA:23,(anonymous_16)
FNDA:46,(anonymous_17)
DA:21,1
DA:28,23
DA:29,20
DA:32,1
DA:33,3
DA:36,1
DA:37,4
DA:40,1
DA:41,4
DA:42,4
DA:43,7
DA:44,5
DA:47,4
DA:50,1
DA:51,5
DA:52,5
DA:53,10
DA:54,8
DA:57,5
DA:60,1
DA:61,4
DA:62,4
DA:63,3
DA:64,3
DA:65,3
DA:66,9
DA:67,9
DA:68,9
DA:69,5
DA:70,5
DA:73,3
DA:74,3
DA:77,2
DA:78,2
DA:79,2
DA:80,2
DA:81,4
DA:82,1
DA:84,4
DA:86,2
DA:89,1
DA:90,23
DA:91,23
DA:92,23
DA:93,23
DA:96,1
DA:97,23
DA:98,23
DA:101,23
DA:102,23
DA:103,23
DA:104,17
DA:105,17
DA:106,46
DA:107,12
DA:108,12
DA:109,12
DA:110,12
DA:112,34
DA:113,34
DA:116,17
DA:118,1
DA:121,1
LF:63
LH:63
BRDA:28,0,0,3
BRDA:28,0,1,17
BRDA:43,1,0,5
BRDA:43,1,1,2
BRDA:43,2,0,7
BRDA:43,2,1,4
BRDA:53,3,0,8
BRDA:53,3,1,2
BRDA:53,4,0,10
BRDA:53,4,1,6
BRDA:62,5,0,1
BRDA:62,5,1,3
BRDA:67,6,0,5
BRDA:67,6,1,4
BRDA:68,7,0,5
BRDA:68,7,1,4
BRDA:73,8,0,3
BRDA:73,8,1,0
BRDA:81,9,0,1
BRDA:81,9,1,3
BRDA:81,10,0,4
BRDA:81,10,1,2
BRDA:91,11,0,2
BRDA:91,11,1,21
BRDA:91,12,0,23
BRDA:91,12,1,23
BRDA:97,13,0,7
BRDA:97,13,1,16
BRDA:97,14,0,23
BRDA:97,14,1,8
BRDA:103,15,0,6
BRDA:103,15,1,17
BRDA:103,16,0,23
BRDA:103,16,1,23
BRDA:106,17,0,12
BRDA:106,17,1,34
BRDA:110,18,0,8
BRDA:110,18,1,4
BRF:38
BRH:37
end_of_record
TN:
SF:src\jquery.my-jquery-slider\Model\Model.ts
FN:25,(anonymous_3)
FN:36,Model
FN:42,(anonymous_5)
FN:46,(anonymous_6)
FN:63,(anonymous_7)
FN:67,(anonymous_8)
FN:71,(anonymous_9)
FN:73,(anonymous_10)
FN:77,(anonymous_11)
FN:81,(anonymous_12)
FN:85,(anonymous_13)
FN:90,(anonymous_14)
FN:95,(anonymous_15)
FN:100,(anonymous_16)
FN:105,(anonymous_17)
FN:110,(anonymous_18)
FN:115,(anonymous_19)
FN:166,(anonymous_20)
FN:170,(anonymous_21)
FN:205,(anonymous_22)
FN:223,(anonymous_23)
FN:231,(anonymous_24)
FN:245,(anonymous_25)
FN:259,(anonymous_26)
FN:267,(anonymous_27)
FN:278,(anonymous_28)
FN:282,(anonymous_29)
FNF:27
FNH:22
FNDA:1,(anonymous_3)
FNDA:27,Model
FNDA:1,(anonymous_5)
FNDA:6,(anonymous_6)
FNDA:2,(anonymous_7)
FNDA:0,(anonymous_8)
FNDA:0,(anonymous_9)
FNDA:0,(anonymous_10)
FNDA:0,(anonymous_11)
FNDA:0,(anonymous_12)
FNDA:1,(anonymous_13)
FNDA:1,(anonymous_14)
FNDA:1,(anonymous_15)
FNDA:1,(anonymous_16)
FNDA:1,(anonymous_17)
FNDA:1,(anonymous_18)
FNDA:33,(anonymous_19)
FNDA:35,(anonymous_20)
FNDA:33,(anonymous_21)
FNDA:39,(anonymous_22)
FNDA:30,(anonymous_23)
FNDA:30,(anonymous_24)
FNDA:33,(anonymous_25)
FNDA:31,(anonymous_26)
FNDA:31,(anonymous_27)
FNDA:12,(anonymous_28)
FNDA:6,(anonymous_29)
DA:1,1
DA:3,1
DA:4,1
DA:7,1
DA:25,1
DA:36,43
DA:37,27
DA:38,27
DA:39,27
DA:42,1
DA:43,1
DA:46,7
DA:47,6
DA:49,6
DA:50,6
DA:51,3
DA:53,3
DA:54,3
DA:55,1
DA:56,1
DA:58,3
DA:60,6
DA:63,1
DA:64,2
DA:67,1
DA:68,0
DA:71,1
DA:72,0
DA:73,0
DA:77,1
DA:78,0
DA:81,1
DA:82,0
DA:85,1
DA:86,1
DA:87,1
DA:90,1
DA:91,1
DA:92,1
DA:95,1
DA:96,1
DA:97,1
DA:100,1
DA:101,1
DA:102,1
DA:105,1
DA:106,1
DA:107,1
DA:110,1
DA:111,1
DA:112,1
DA:115,1
DA:116,33
DA:123,33
DA:124,4
DA:125,1
DA:127,3
DA:128,1
DA:130,2
DA:132,29
DA:139,29
DA:140,29
DA:141,29
DA:145,29
DA:146,23
DA:152,6
DA:166,1
DA:167,35
DA:170,1
DA:171,33
DA:192,33
DA:197,33
DA:205,1
DA:206,39
DA:220,39
DA:223,1
DA:224,30
DA:225,30
DA:226,30
DA:227,30
DA:228,30
DA:231,1
DA:232,30
DA:233,30
DA:234,29
DA:235,29
DA:236,39
DA:242,29
DA:245,63
DA:246,33
DA:247,33
DA:259,1
DA:260,31
DA:267,1
DA:268,31
DA:269,31
DA:270,2
DA:272,31
DA:273,31
DA:274,19
DA:278,1
DA:279,12
DA:282,1
DA:283,6
DA:284,6
DA:286,1
DA:287,1
LF:107
LH:102
BRDA:36,0,0,16
BRDA:36,0,1,11
BRDA:46,1,0,1
BRDA:46,1,1,5
BRDA:47,2,0,6
BRDA:47,2,1,5
BRDA:47,2,2,4
BRDA:47,2,3,1
BRDA:50,3,0,3
BRDA:50,3,1,3
BRDA:54,4,0,1
BRDA:54,4,1,2
BRDA:123,5,0,4
BRDA:123,5,1,29
BRDA:124,6,0,1
BRDA:124,6,1,3
BRDA:127,7,0,1
BRDA:127,7,1,2
BRDA:139,8,0,1
BRDA:139,8,1,28
BRDA:140,9,0,1
BRDA:140,9,1,28
BRDA:145,10,0,23
BRDA:145,10,1,6
BRDA:147,11,0,2
BRDA:147,11,1,21
BRDA:147,12,0,23
BRDA:147,12,1,23
BRDA:148,13,0,3
BRDA:148,13,1,20
BRDA:148,14,0,23
BRDA:148,14,1,23
BRDA:148,15,0,2
BRDA:148,15,1,21
BRDA:148,16,0,23
BRDA:148,16,1,23
BRDA:149,17,0,2
BRDA:149,17,1,21
BRDA:149,18,0,23
BRDA:149,18,1,23
BRDA:153,19,0,2
BRDA:153,19,1,4
BRDA:153,20,0,6
BRDA:153,20,1,6
BRDA:156,21,0,3
BRDA:156,21,1,3
BRDA:154,22,0,6
BRDA:154,22,1,6
BRDA:155,23,0,3
BRDA:155,23,1,3
BRDA:154,24,0,6
BRDA:154,24,1,6
BRDA:154,25,0,2
BRDA:154,25,1,4
BRDA:154,26,0,6
BRDA:154,26,1,6
BRDA:160,27,0,3
BRDA:160,27,1,3
BRDA:158,28,0,6
BRDA:158,28,1,6
BRDA:159,29,0,3
BRDA:159,29,1,3
BRDA:158,30,0,6
BRDA:158,30,1,6
BRDA:158,31,0,2
BRDA:158,31,1,4
BRDA:158,32,0,6
BRDA:158,32,1,6
BRDA:162,33,0,2
BRDA:162,33,1,4
BRDA:162,34,0,6
BRDA:162,34,1,6
BRDA:167,35,0,35
BRDA:167,35,1,29
BRDA:167,35,2,1
BRDA:193,36,0,2
BRDA:193,36,1,31
BRDA:193,37,0,33
BRDA:193,37,1,33
BRDA:193,38,0,3
BRDA:193,38,1,28
BRDA:194,39,0,0
BRDA:194,39,1,33
BRDA:194,40,0,33
BRDA:194,40,1,33
BRDA:194,41,0,5
BRDA:194,41,1,28
BRDA:233,42,0,1
BRDA:233,42,1,29
BRDA:245,43,0,30
BRDA:245,43,1,3
BRDA:246,44,0,2
BRDA:246,44,1,31
BRDA:269,45,0,2
BRDA:269,45,1,29
BRDA:269,46,0,31
BRDA:269,46,1,2
BRDA:272,47,0,31
BRDA:272,47,1,12
BRDA:273,48,0,19
BRDA:273,48,1,12
BRDA:273,49,0,31
BRDA:273,49,1,19
BRF:103
BRH:102
end_of_record
TN:
SF:src\jquery.my-jquery-slider\Model\Range.ts
FN:16,(anonymous_2)
FN:23,Range
FN:34,(anonymous_4)
FN:39,(anonymous_5)
FN:43,(anonymous_6)
FN:48,(anonymous_7)
FN:52,(anonymous_8)
FN:63,(anonymous_9)
FN:67,(anonymous_10)
FN:71,(anonymous_11)
FNF:10
FNH:10
FNDA:2,(anonymous_2)
FNDA:15,Range
FNDA:4,(anonymous_4)
FNDA:50,(anonymous_5)
FNDA:4,(anonymous_6)
FNDA:41,(anonymous_7)
FNDA:23,(anonymous_8)
FNDA:54,(anonymous_9)
FNDA:31,(anonymous_10)
FNDA:8,(anonymous_11)
DA:16,2
DA:23,20
DA:28,15
DA:29,15
DA:30,15
DA:31,15
DA:34,2
DA:35,4
DA:36,4
DA:39,2
DA:40,50
DA:43,2
DA:44,4
DA:45,4
DA:48,2
DA:49,41
DA:52,2
DA:53,23
DA:54,15
DA:55,8
DA:56,2
DA:58,6
DA:60,23
DA:63,2
DA:64,54
DA:67,2
DA:68,31
DA:71,2
DA:72,8
DA:73,8
DA:74,8
DA:75,8
DA:77,2
DA:79,2
LF:34
LH:34
BRDA:23,0,0,5
BRDA:23,0,1,10
BRDA:29,1,0,14
BRDA:29,1,1,1
BRDA:53,2,0,15
BRDA:53,2,1,8
BRDA:53,3,0,23
BRDA:53,3,1,17
BRDA:55,4,0,2
BRDA:55,4,1,6
BRDA:72,5,0,6
BRDA:72,5,1,2
BRDA:73,6,0,7
BRDA:73,6,1,1
BRF:14
BRH:14
end_of_record
TN:
SF:src\jquery.my-jquery-slider\Model\Slider.ts
FN:40,(anonymous_3)
FN:49,Slider
FN:54,(anonymous_5)
FN:58,(anonymous_6)
FN:59,(anonymous_7)
FN:62,(anonymous_8)
FN:74,(anonymous_9)
FN:78,(anonymous_10)
FN:79,(anonymous_11)
FN:83,(anonymous_12)
FN:96,(anonymous_13)
FN:100,(anonymous_14)
FN:104,(anonymous_15)
FN:108,(anonymous_16)
FN:113,(anonymous_17)
FN:118,(anonymous_18)
FN:122,(anonymous_19)
FN:124,(anonymous_20)
FN:138,(anonymous_21)
FN:142,(anonymous_22)
FN:147,(anonymous_23)
FN:162,(anonymous_24)
FN:166,(anonymous_25)
FN:171,(anonymous_26)
FN:175,(anonymous_27)
FN:180,(anonymous_28)
FN:184,(anonymous_29)
FN:186,(anonymous_30)
FN:198,(anonymous_31)
FN:199,(anonymous_32)
FN:202,(anonymous_33)
FN:204,(anonymous_34)
FN:210,(anonymous_35)
FN:214,(anonymous_36)
FN:223,(anonymous_37)
FN:227,(anonymous_38)
FN:231,(anonymous_39)
FN:235,(anonymous_40)
FN:239,(anonymous_41)
FN:242,(anonymous_42)
FN:248,(anonymous_43)
FN:264,(anonymous_44)
FN:296,(anonymous_45)
FN:308,(anonymous_46)
FN:312,(anonymous_47)
FN:324,(anonymous_48)
FN:330,(anonymous_49)
FN:338,(anonymous_50)
FN:339,(anonymous_51)
FN:343,(anonymous_52)
FN:348,(anonymous_53)
FNF:51
FNH:51
FNDA:1,(anonymous_3)
FNDA:54,Slider
FNDA:6,(anonymous_5)
FNDA:5,(anonymous_6)
FNDA:7,(anonymous_7)
FNDA:5,(anonymous_8)
FNDA:18,(anonymous_9)
FNDA:5,(anonymous_10)
FNDA:6,(anonymous_11)
FNDA:5,(anonymous_12)
FNDA:15,(anonymous_13)
FNDA:6,(anonymous_14)
FNDA:3,(anonymous_15)
FNDA:1,(anonymous_16)
FNDA:60,(anonymous_17)
FNDA:68,(anonymous_18)
FNDA:3,(anonymous_19)
FNDA:4,(anonymous_20)
FNDA:2,(anonymous_21)
FNDA:3,(anonymous_22)
FNDA:4,(anonymous_23)
FNDA:2,(anonymous_24)
FNDA:65,(anonymous_25)
FNDA:11,(anonymous_26)
FNDA:4,(anonymous_27)
FNDA:4,(anonymous_28)
FNDA:1,(anonymous_29)
FNDA:2,(anonymous_30)
FNDA:1,(anonymous_31)
FNDA:2,(anonymous_32)
FNDA:2,(anonymous_33)
FNDA:3,(anonymous_34)
FNDA:60,(anonymous_35)
FNDA:15,(anonymous_36)
FNDA:16,(anonymous_37)
FNDA:4,(anonymous_38)
FNDA:1,(anonymous_39)
FNDA:1,(anonymous_40)
FNDA:54,(anonymous_41)
FNDA:54,(anonymous_42)
FNDA:108,(anonymous_43)
FNDA:54,(anonymous_44)
FNDA:60,(anonymous_45)
FNDA:120,(anonymous_46)
FNDA:16,(anonymous_47)
FNDA:3,(anonymous_48)
FNDA:4,(anonymous_49)
FNDA:4,(anonymous_50)
FNDA:7,(anonymous_51)
FNDA:8,(anonymous_52)
FNDA:16,(anonymous_53)
DA:1,1
DA:40,1
DA:50,54
DA:51,54
DA:54,1
DA:55,6
DA:58,1
DA:59,7
DA:60,3
DA:61,3
DA:62,3
DA:63,5
DA:64,4
DA:66,5
DA:67,1
DA:70,3
DA:71,3
DA:74,1
DA:75,18
DA:78,1
DA:79,6
DA:80,3
DA:81,3
DA:82,3
DA:83,3
DA:84,5
DA:85,4
DA:87,5
DA:88,1
DA:91,3
DA:92,3
DA:93,3
DA:96,1
DA:97,15
DA:100,1
DA:101,6
DA:104,1
DA:105,3
DA:108,1
DA:109,1
DA:110,1
DA:113,1
DA:114,60
DA:115,60
DA:118,1
DA:119,68
DA:122,3
DA:123,3
DA:124,2
DA:125,4
DA:126,2
DA:128,4
DA:129,1
DA:131,4
DA:132,4
DA:135,2
DA:138,1
DA:139,2
DA:142,3
DA:143,3
DA:144,1
DA:146,2
DA:147,2
DA:148,4
DA:149,2
DA:151,4
DA:152,1
DA:154,4
DA:155,4
DA:158,2
DA:159,2
DA:162,1
DA:163,2
DA:166,1
DA:167,65
DA:168,65
DA:171,1
DA:172,11
DA:175,1
DA:176,4
DA:177,4
DA:180,1
DA:181,4
DA:184,1
DA:185,1
DA:186,1
DA:187,2
DA:188,1
DA:190,2
DA:191,2
DA:192,1
DA:195,1
DA:198,1
DA:199,2
DA:202,2
DA:203,2
DA:204,2
DA:205,3
DA:207,2
DA:210,60
DA:211,60
DA:212,60
DA:213,5
DA:214,5
DA:215,15
DA:216,9
DA:219,5
DA:220,5
DA:223,1
DA:224,16
DA:227,1
DA:228,4
DA:231,1
DA:232,1
DA:235,1
DA:236,1
DA:239,1
DA:240,54
DA:241,54
DA:243,54
DA:244,21
DA:246,33
DA:249,108
DA:250,54
DA:252,50
DA:253,4
DA:255,3
DA:258,54
DA:261,54
DA:264,1
DA:265,54
DA:266,54
DA:267,54
DA:268,14
DA:269,1
DA:270,1
DA:273,54
DA:274,53
DA:275,37
DA:276,50
DA:279,16
DA:282,1
DA:283,2
DA:284,1
DA:285,4
DA:286,2
DA:289,1
DA:293,54
DA:296,1
DA:297,60
DA:298,60
DA:299,60
DA:300,60
DA:301,60
DA:302,60
DA:303,60
DA:304,60
DA:305,60
DA:308,1
DA:309,120
DA:312,1
DA:313,16
DA:314,16
DA:315,16
DA:316,6
DA:318,16
DA:319,5
DA:321,16
DA:324,1
DA:325,3
DA:327,3
DA:330,1
DA:331,4
DA:332,4
DA:333,4
DA:334,4
DA:335,3
DA:338,4
DA:339,7
DA:343,1
DA:344,8
DA:345,7
DA:348,1
DA:349,16
DA:350,16
DA:352,1
DA:354,1
LF:187
LH:187
BRDA:59,0,0,2
BRDA:59,0,1,3
BRDA:63,1,0,4
BRDA:63,1,1,1
BRDA:66,2,0,1
BRDA:66,2,1,4
BRDA:79,3,0,2
BRDA:79,3,1,3
BRDA:84,4,0,4
BRDA:84,4,1,1
BRDA:87,5,0,1
BRDA:87,5,1,4
BRDA:114,6,0,6
BRDA:114,6,1,54
BRDA:114,7,0,60
BRDA:114,7,1,7
BRDA:123,8,0,1
BRDA:123,8,1,2
BRDA:125,9,0,2
BRDA:125,9,1,2
BRDA:128,10,0,1
BRDA:128,10,1,3
BRDA:128,11,0,4
BRDA:128,11,1,3
BRDA:131,12,0,4
BRDA:131,12,1,0
BRDA:143,13,0,1
BRDA:143,13,1,2
BRDA:148,14,0,2
BRDA:148,14,1,2
BRDA:151,15,0,1
BRDA:151,15,1,3
BRDA:151,16,0,4
BRDA:151,16,1,3
BRDA:154,17,0,4
BRDA:154,17,1,0
BRDA:167,18,0,15
BRDA:167,18,1,50
BRDA:167,19,0,5
BRDA:167,19,1,45
BRDA:167,20,0,50
BRDA:167,20,1,50
BRDA:187,21,0,1
BRDA:187,21,1,1
BRDA:191,22,0,1
BRDA:191,22,1,1
BRDA:211,23,0,54
BRDA:211,23,1,6
BRDA:212,24,0,55
BRDA:212,24,1,5
BRDA:215,25,0,9
BRDA:215,25,1,6
BRDA:219,26,0,4
BRDA:219,26,1,1
BRDA:243,27,0,21
BRDA:243,27,1,33
BRDA:249,28,0,54
BRDA:249,28,1,54
BRDA:250,29,0,50
BRDA:250,29,1,4
BRDA:250,30,0,54
BRDA:250,30,1,51
BRDA:253,31,0,3
BRDA:253,31,1,1
BRDA:253,32,0,4
BRDA:253,32,1,3
BRDA:268,33,0,1
BRDA:268,33,1,13
BRDA:273,34,0,53
BRDA:273,34,1,1
BRDA:274,35,0,37
BRDA:274,35,1,16
BRDA:283,36,0,1
BRDA:283,36,1,1
BRDA:285,37,0,2
BRDA:285,37,1,2
BRDA:301,38,0,1
BRDA:301,38,1,59
BRDA:301,39,0,60
BRDA:301,39,1,59
BRDA:302,40,0,1
BRDA:302,40,1,59
BRDA:302,41,0,60
BRDA:302,41,1,59
BRDA:303,42,0,1
BRDA:303,42,1,59
BRDA:303,43,0,60
BRDA:303,43,1,59
BRDA:304,44,0,3
BRDA:304,44,1,57
BRDA:304,45,0,60
BRDA:304,45,1,57
BRDA:305,46,0,3
BRDA:305,46,1,57
BRDA:305,47,0,60
BRDA:305,47,1,57
BRDA:309,48,0,120
BRDA:309,48,1,56
BRDA:309,48,2,42
BRDA:315,49,0,6
BRDA:315,49,1,10
BRDA:318,50,0,5
BRDA:318,50,1,11
BRDA:327,51,0,1
BRDA:327,51,1,2
BRDA:334,52,0,1
BRDA:334,52,1,3
BRDA:335,53,0,2
BRDA:335,53,1,1
BRDA:339,54,0,7
BRDA:339,54,1,7
BRDA:339,54,2,4
BRDA:344,55,0,1
BRDA:344,55,1,7
BRF:114
BRH:112
end_of_record
TN:
SF:src\jquery.my-jquery-slider\View\Label.ts
FN:11,(anonymous_2)
FN:18,Label
FN:26,(anonymous_4)
FN:31,(anonymous_5)
FN:35,(anonymous_6)
FN:41,(anonymous_7)
FNF:6
FNH:6
FNDA:3,(anonymous_2)
FNDA:5,Label
FNDA:1,(anonymous_4)
FNDA:4,(anonymous_5)
FNDA:5,(anonymous_6)
FNDA:6,(anonymous_7)
DA:11,3
DA:19,5
DA:20,5
DA:21,5
DA:22,5
DA:23,5
DA:26,3
DA:27,1
DA:28,1
DA:31,3
DA:32,4
DA:35,3
DA:36,5
DA:37,5
DA:38,5
DA:41,3
DA:42,6
DA:44,3
DA:46,3
LF:19
LH:19
BRF:0
BRH:0
end_of_record
TN:
SF:src\jquery.my-jquery-slider\View\Scale.ts
FN:25,(anonymous_3)
FN:34,Scale
FN:40,(anonymous_5)
FN:79,(anonymous_6)
FN:84,(anonymous_7)
FN:88,(anonymous_8)
FN:93,(anonymous_9)
FN:99,(anonymous_10)
FN:104,(anonymous_11)
FN:109,(anonymous_12)
FN:110,(anonymous_13)
FNF:11
FNH:11
FNDA:3,(anonymous_3)
FNDA:6,Scale
FNDA:11,(anonymous_5)
FNDA:1,(anonymous_6)
FNDA:5,(anonymous_7)
FNDA:1,(anonymous_8)
FNDA:7,(anonymous_9)
FNDA:6,(anonymous_10)
FNDA:7,(anonymous_11)
FNDA:1,(anonymous_12)
FNDA:2,(anonymous_13)
DA:1,3
DA:25,3
DA:35,6
DA:36,6
DA:37,6
DA:40,3
DA:41,11
DA:42,11
DA:43,11
DA:44,11
DA:45,11
DA:46,2
DA:47,2
DA:49,9
DA:50,1018
DA:51,1018
DA:52,1010
DA:54,8
DA:57,9
DA:58,9
DA:59,14
DA:60,14
DA:61,14
DA:62,7
DA:67,14
DA:68,14
DA:69,5
DA:71,9
DA:74,9
DA:75,9
DA:76,9
DA:79,3
DA:80,1
DA:81,1
DA:84,3
DA:85,5
DA:88,3
DA:89,1
DA:90,1
DA:93,3
DA:94,7
DA:95,7
DA:96,7
DA:99,3
DA:100,6
DA:101,6
DA:104,3
DA:105,7
DA:106,7
DA:109,3
DA:110,2
DA:112,3
DA:115,3
LF:53
LH:53
BRDA:44,0,0,11
BRDA:44,0,1,2
BRDA:45,1,0,2
BRDA:45,1,1,9
BRDA:45,2,0,11
BRDA:45,2,1,2
BRDA:51,3,0,1010
BRDA:51,3,1,8
BRDA:61,4,0,7
BRDA:61,4,1,7
BRDA:61,5,0,14
BRDA:61,5,1,7
BRDA:62,6,0,3
BRDA:62,6,1,4
BRDA:68,7,0,5
BRDA:68,7,1,9
BRDA:106,8,0,2
BRDA:106,8,1,5
BRF:18
BRH:18
end_of_record
TN:
SF:src\jquery.my-jquery-slider\View\Segment.ts
FN:18,(anonymous_2)
FN:37,Segment
FN:45,(anonymous_4)
FN:50,(anonymous_5)
FN:54,(anonymous_6)
FN:65,(anonymous_7)
FN:71,(anonymous_8)
FN:97,(anonymous_9)
FN:102,(anonymous_10)
FN:110,(anonymous_11)
FNF:10
FNH:10
FNDA:3,(anonymous_2)
FNDA:15,Segment
FNDA:1,(anonymous_4)
FNDA:14,(anonymous_5)
FNDA:16,(anonymous_6)
FNDA:15,(anonymous_7)
FNDA:16,(anonymous_8)
FNDA:1,(anonymous_9)
FNDA:2,(anonymous_10)
FNDA:15,(anonymous_11)
DA:18,3
DA:38,15
DA:39,15
DA:40,15
DA:41,15
DA:42,15
DA:45,3
DA:46,1
DA:47,1
DA:50,3
DA:51,14
DA:54,3
DA:55,16
DA:56,16
DA:57,16
DA:58,16
DA:59,16
DA:60,16
DA:61,16
DA:62,16
DA:65,3
DA:66,15
DA:67,15
DA:68,15
DA:71,3
DA:72,16
DA:73,16
DA:74,15
DA:75,1
DA:76,14
DA:77,1
DA:80,1
DA:82,16
DA:83,16
DA:84,1
DA:85,1
DA:87,16
DA:88,2
DA:89,2
DA:91,16
DA:92,16
DA:93,1
DA:97,3
DA:98,1
DA:99,1
DA:102,3
DA:103,2
DA:104,2
DA:105,1
DA:106,1
DA:110,3
DA:111,15
DA:112,15
DA:114,3
DA:116,3
LF:55
LH:55
BRDA:73,0,0,15
BRDA:73,0,1,1
BRDA:74,1,0,1
BRDA:74,1,1,14
BRDA:76,2,0,1
BRDA:76,2,1,13
BRDA:83,3,0,1
BRDA:83,3,1,15
BRDA:87,4,0,2
BRDA:87,4,1,14
BRDA:92,5,0,1
BRDA:92,5,1,15
BRDA:104,6,0,1
BRDA:104,6,1,1
BRF:14
BRH:14
end_of_record
TN:
SF:src\jquery.my-jquery-slider\View\Thumb.ts
FN:17,(anonymous_2)
FN:32,Thumb
FN:45,(anonymous_4)
FN:50,(anonymous_5)
FN:54,(anonymous_6)
FN:58,(anonymous_7)
FN:63,(anonymous_8)
FN:70,(anonymous_9)
FN:76,(anonymous_10)
FN:80,(anonymous_11)
FN:84,(anonymous_12)
FN:88,(anonymous_13)
FN:104,(anonymous_14)
FN:108,(anonymous_15)
FNF:14
FNH:14
FNDA:3,(anonymous_2)
FNDA:19,Thumb
FNDA:3,(anonymous_4)
FNDA:14,(anonymous_5)
FNDA:4,(anonymous_6)
FNDA:4,(anonymous_7)
FNDA:19,(anonymous_8)
FNDA:22,(anonymous_9)
FNDA:1,(anonymous_10)
FNDA:16,(anonymous_11)
FNDA:16,(anonymous_12)
FNDA:5,(anonymous_13)
FNDA:1,(anonymous_14)
FNDA:19,(anonymous_15)
DA:17,3
DA:33,19
DA:34,19
DA:35,19
DA:36,19
DA:37,19
DA:38,19
DA:39,19
DA:40,19
DA:41,19
DA:42,19
DA:45,3
DA:46,3
DA:47,3
DA:50,3
DA:51,14
DA:54,3
DA:55,4
DA:58,3
DA:59,4
DA:60,4
DA:63,3
DA:64,19
DA:65,19
DA:66,19
DA:67,19
DA:70,3
DA:71,22
DA:72,22
DA:73,5
DA:76,3
DA:77,1
DA:80,3
DA:81,16
DA:84,3
DA:85,16
DA:88,3
DA:89,5
DA:92,2
DA:93,2
DA:94,2
DA:97,2
DA:98,2
DA:99,2
DA:104,3
DA:105,1
DA:108,3
DA:109,19
DA:110,19
DA:112,19
DA:113,19
DA:115,3
DA:117,3
LF:53
LH:53
BRDA:72,0,0,17
BRDA:72,0,1,5
BRDA:90,1,0,1
BRDA:90,1,1,2
BRDA:90,1,2,1
BRDA:90,1,3,2
BRDA:90,1,4,1
BRF:7
BRH:7
end_of_record
TN:
SF:src\jquery.my-jquery-slider\View\View.ts
FN:41,(anonymous_3)
FN:68,View
FN:77,(anonymous_5)
FN:81,(anonymous_6)
FN:97,(anonymous_7)
FN:111,(anonymous_8)
FN:119,(anonymous_9)
FN:122,(anonymous_10)
FN:138,(anonymous_11)
FN:147,(anonymous_12)
FN:149,(anonymous_13)
FN:159,(anonymous_14)
FN:167,(anonymous_15)
FN:211,(anonymous_16)
FN:217,(anonymous_17)
FN:222,(anonymous_18)
FN:227,(anonymous_19)
FN:231,(anonymous_20)
FN:235,(anonymous_21)
FN:239,(anonymous_22)
FN:245,(anonymous_23)
FN:249,(anonymous_24)
FN:255,(anonymous_25)
FN:262,(anonymous_26)
FN:267,(anonymous_27)
FN:268,(anonymous_28)
FN:270,(anonymous_29)
FN:274,(anonymous_30)
FN:280,(anonymous_31)
FN:287,(anonymous_32)
FN:290,(anonymous_33)
FN:297,(anonymous_34)
FN:298,(anonymous_35)
FN:301,(anonymous_36)
FN:307,(anonymous_37)
FN:316,(anonymous_38)
FN:354,(anonymous_39)
FN:359,(anonymous_40)
FNF:38
FNH:37
FNDA:2,(anonymous_3)
FNDA:77,View
FNDA:1,(anonymous_5)
FNDA:39,(anonymous_6)
FNDA:42,(anonymous_7)
FNDA:40,(anonymous_8)
FNDA:77,(anonymous_9)
FNDA:203,(anonymous_10)
FNDA:98,(anonymous_11)
FNDA:43,(anonymous_12)
FNDA:51,(anonymous_13)
FNDA:5,(anonymous_14)
FNDA:25,(anonymous_15)
FNDA:19,(anonymous_16)
FNDA:1,(anonymous_17)
FNDA:14,(anonymous_18)
FNDA:1,(anonymous_19)
FNDA:1,(anonymous_20)
FNDA:1,(anonymous_21)
FNDA:82,(anonymous_22)
FNDA:0,(anonymous_23)
FNDA:44,(anonymous_24)
FNDA:39,(anonymous_25)
FNDA:17,(anonymous_26)
FNDA:22,(anonymous_27)
FNDA:22,(anonymous_28)
FNDA:56,(anonymous_29)
FNDA:3,(anonymous_30)
FNDA:53,(anonymous_31)
FNDA:2,(anonymous_32)
FNDA:82,(anonymous_33)
FNDA:17,(anonymous_34)
FNDA:17,(anonymous_35)
FNDA:41,(anonymous_36)
FNDA:41,(anonymous_37)
FNDA:12,(anonymous_38)
FNDA:77,(anonymous_39)
FNDA:464,(anonymous_40)
DA:1,2
DA:2,2
DA:4,2
DA:5,2
DA:7,2
DA:8,2
DA:10,2
DA:11,2
DA:12,2
DA:13,2
DA:14,2
DA:17,2
DA:19,2
DA:41,2
DA:69,77
DA:70,77
DA:71,77
DA:72,77
DA:73,77
DA:74,77
DA:77,2
DA:78,1
DA:81,2
DA:82,39
DA:83,17
DA:85,17
DA:86,17
DA:87,17
DA:88,17
DA:90,22
DA:91,22
DA:92,22
DA:93,22
DA:94,22
DA:97,2
DA:98,42
DA:99,42
DA:100,2
DA:103,42
DA:108,42
DA:111,2
DA:112,40
DA:116,40
DA:119,77
DA:120,77
DA:121,77
DA:122,77
DA:123,203
DA:132,203
DA:133,203
DA:135,77
DA:138,98
DA:139,98
DA:144,98
DA:147,43
DA:148,43
DA:149,43
DA:150,51
DA:156,43
DA:159,2
DA:160,5
DA:164,5
DA:167,2
DA:170,25
DA:179,25
DA:180,25
DA:190,25
DA:191,439
DA:192,439
DA:201,25
DA:202,7
DA:203,7
DA:208,25
DA:211,2
DA:212,19
DA:213,18
DA:214,18
DA:217,2
DA:218,1
DA:219,1
DA:222,2
DA:223,14
DA:224,14
DA:227,2
DA:228,1
DA:231,2
DA:232,1
DA:235,2
DA:236,1
DA:239,2
DA:240,82
DA:241,7
DA:242,7
DA:245,2
DA:246,0
DA:249,2
DA:250,44
DA:251,44
DA:252,44
DA:255,2
DA:256,39
DA:262,2
DA:263,17
DA:264,17
DA:267,22
DA:268,22
DA:269,22
DA:270,56
DA:272,22
DA:273,1
DA:274,3
DA:276,1
DA:277,1
DA:279,21
DA:280,53
DA:282,21
DA:283,21
DA:287,2
DA:288,2
DA:289,2
DA:290,82
DA:292,2
DA:293,2
DA:294,2
DA:297,17
DA:298,17
DA:299,17
DA:301,17
DA:302,41
DA:303,41
DA:305,17
DA:306,17
DA:307,1
DA:308,41
DA:309,0
DA:311,1
DA:313,17
DA:316,2
DA:317,12
DA:318,12
DA:319,12
DA:320,12
DA:321,12
DA:322,12
DA:323,12
DA:324,12
DA:325,12
DA:328,12
DA:329,3
DA:330,1
DA:332,2
DA:334,9
DA:335,3
DA:336,1
DA:338,2
DA:340,6
DA:341,3
DA:342,1
DA:344,2
DA:346,3
DA:347,2
DA:349,1
DA:351,12
DA:354,2
DA:355,77
DA:356,77
DA:359,2
DA:360,464
DA:361,464
DA:362,59
DA:363,405
DA:364,14
DA:366,464
DA:368,2
DA:370,2
LF:175
LH:173
BRDA:82,0,0,17
BRDA:82,0,1,22
BRDA:84,1,0,5
BRDA:84,1,1,12
BRDA:85,2,0,17
BRDA:85,2,1,16
BRDA:86,3,0,1
BRDA:86,3,1,16
BRDA:86,4,0,17
BRDA:86,4,1,1
BRDA:94,5,0,1
BRDA:94,5,1,21
BRDA:99,6,0,2
BRDA:99,6,1,40
BRDA:101,7,0,2
BRDA:101,7,1,0
BRDA:100,8,0,2
BRDA:100,8,1,1
BRDA:100,8,2,1
BRDA:100,8,3,1
BRDA:100,8,4,1
BRDA:100,8,5,1
BRDA:138,9,0,0
BRDA:138,9,1,98
BRDA:153,10,0,4
BRDA:153,10,1,47
BRDA:152,11,0,51
BRDA:152,11,1,5
BRDA:188,12,0,21
BRDA:188,12,1,4
BRDA:180,13,0,25
BRDA:180,13,1,25
BRDA:184,14,0,3
BRDA:184,14,1,22
BRDA:195,15,0,35
BRDA:195,15,1,404
BRDA:197,16,0,25
BRDA:197,16,1,414
BRDA:201,17,0,7
BRDA:201,17,1,18
BRDA:212,18,0,1
BRDA:212,18,1,18
BRDA:240,19,0,75
BRDA:240,19,1,7
BRDA:251,20,0,35
BRDA:251,20,1,9
BRDA:251,21,0,44
BRDA:251,21,1,16
BRDA:256,22,0,39
BRDA:256,22,1,24
BRDA:256,22,2,24
BRDA:256,22,3,24
BRDA:263,23,0,12
BRDA:263,23,1,5
BRDA:272,24,0,1
BRDA:272,24,1,21
BRDA:306,25,0,1
BRDA:306,25,1,16
BRDA:306,26,0,17
BRDA:306,26,1,1
BRDA:308,27,0,41
BRDA:308,27,1,0
BRDA:328,28,0,3
BRDA:328,28,1,9
BRDA:328,29,0,12
BRDA:328,29,1,6
BRDA:329,30,0,1
BRDA:329,30,1,2
BRDA:332,31,0,1
BRDA:332,31,1,1
BRDA:334,32,0,3
BRDA:334,32,1,6
BRDA:335,33,0,1
BRDA:335,33,1,2
BRDA:338,34,0,1
BRDA:338,34,1,1
BRDA:340,35,0,3
BRDA:340,35,1,3
BRDA:341,36,0,1
BRDA:341,36,1,2
BRDA:344,37,0,1
BRDA:344,37,1,1
BRDA:346,38,0,2
BRDA:346,38,1,1
BRDA:347,39,0,1
BRDA:347,39,1,1
BRDA:361,40,0,59
BRDA:361,40,1,405
BRDA:363,41,0,14
BRDA:363,41,1,391
BRDA:364,42,0,4
BRDA:364,42,1,10
BRDA:364,43,0,14
BRDA:364,43,1,14
BRDA:364,44,0,5
BRDA:364,44,1,5
BRF:96
BRH:93
end_of_record
TN:
SF:src\jquery.my-jquery-slider\View\my-jquery-slider.scss
FN:8,(anonymous_0)
FN:15,(anonymous_1)
FNF:2
FNH:0
FNDA:0,(anonymous_0)
FNDA:0,(anonymous_1)
DA:1,2
DA:3,2
DA:4,2
DA:7,2
DA:9,0
DA:10,0
DA:12,0
DA:16,0
DA:20,0
DA:23,0
LF:10
LH:4
BRDA:3,0,0,2
BRDA:3,0,1,0
BRDA:3,1,0,2
BRDA:3,1,1,2
BRDA:9,2,0,0
BRDA:9,2,1,0
BRF:6
BRH:3
end_of_record
TN:
SF:src\jquery.my-jquery-slider\View\Bar\Bar.ts
FN:21,(anonymous_2)
FN:42,Bar
FN:61,(anonymous_4)
FN:71,(anonymous_5)
FN:75,(anonymous_6)
FN:79,(anonymous_7)
FN:88,(anonymous_8)
FN:94,(anonymous_9)
FN:98,(anonymous_10)
FN:109,(anonymous_11)
FN:113,(anonymous_12)
FN:117,(anonymous_13)
FN:123,(anonymous_14)
FN:128,(anonymous_15)
FN:132,(anonymous_16)
FNF:15
FNH:15
FNDA:4,(anonymous_2)
FNDA:23,Bar
FNDA:2,(anonymous_4)
FNDA:29,(anonymous_5)
FNDA:3,(anonymous_6)
FNDA:7,(anonymous_7)
FNDA:23,(anonymous_8)
FNDA:23,(anonymous_9)
FNDA:25,(anonymous_10)
FNDA:6,(anonymous_11)
FNDA:29,(anonymous_12)
FNDA:29,(anonymous_13)
FNDA:9,(anonymous_14)
FNDA:29,(anonymous_15)
FNDA:23,(anonymous_16)
DA:21,4
DA:43,23
DA:44,23
DA:45,23
DA:46,23
DA:47,23
DA:48,23
DA:49,23
DA:50,23
DA:51,23
DA:52,23
DA:53,23
DA:54,23
DA:55,23
DA:56,23
DA:61,4
DA:62,2
DA:63,2
DA:64,2
DA:65,2
DA:66,2
DA:67,2
DA:68,2
DA:71,4
DA:72,29
DA:75,4
DA:76,3
DA:79,4
DA:80,7
DA:81,7
DA:82,7
DA:83,7
DA:88,4
DA:89,23
DA:90,23
DA:91,23
DA:94,4
DA:95,23
DA:98,4
DA:99,25
DA:100,25
DA:101,18
DA:102,18
DA:103,3
DA:106,25
DA:109,4
DA:110,6
DA:113,4
DA:114,29
DA:117,4
DA:118,29
DA:119,29
DA:120,29
DA:123,4
DA:124,9
DA:125,8
DA:128,4
DA:129,29
DA:132,4
DA:133,23
DA:135,4
DA:137,4
LF:62
LH:62
BRDA:68,0,0,2
BRDA:68,0,1,0
BRDA:80,1,0,1
BRDA:80,1,1,6
BRDA:100,2,0,18
BRDA:100,2,1,7
BRDA:102,3,0,3
BRDA:102,3,1,15
BRDA:124,4,0,1
BRDA:124,4,1,8
BRF:10
BRH:9
end_of_record
TN:
SF:src\jquery.my-jquery-slider\View\Bar\HorizontalBar.ts
FN:3,(anonymous_6)
FN:4,(anonymous_8)
FN:8,(anonymous_9)
FNF:3
FNH:3
FNDA:21,(anonymous_6)
FNDA:1,(anonymous_8)
FNDA:19,(anonymous_9)
DA:1,3
DA:3,3
DA:4,3
DA:5,1
DA:8,3
DA:9,19
DA:11,3
DA:13,3
LF:8
LH:8
BRF:0
BRH:0
end_of_record
TN:
SF:src\jquery.my-jquery-slider\View\Bar\VerticalBar.ts
FN:4,(anonymous_6)
FN:5,VerticalBar
FN:10,(anonymous_8)
FN:14,(anonymous_9)
FN:18,(anonymous_10)
FNF:5
FNH:5
FNDA:3,(anonymous_6)
FNDA:5,VerticalBar
FNDA:1,(anonymous_8)
FNDA:6,(anonymous_9)
FNDA:5,(anonymous_10)
DA:2,3
DA:4,3
DA:6,5
DA:7,5
DA:10,3
DA:11,1
DA:14,3
DA:15,6
DA:18,3
DA:19,5
DA:21,3
DA:23,3
LF:12
LH:12
BRDA:6,0,0,5
BRDA:6,0,1,5
BRF:2
BRH:2
end_of_record
TN:
SF:src\jquery.my-jquery-slider\View\Root\HorizontalRoot.ts
FN:3,(anonymous_6)
FN:4,(anonymous_8)
FN:8,(anonymous_9)
FN:12,(anonymous_10)
FNF:4
FNH:4
FNDA:15,(anonymous_6)
FNDA:1,(anonymous_8)
FNDA:14,(anonymous_9)
FNDA:14,(anonymous_10)
DA:1,3
DA:3,3
DA:4,3
DA:5,1
DA:8,3
DA:9,14
DA:12,3
DA:13,14
DA:14,3
DA:15,3
DA:16,3
DA:17,3
DA:19,3
DA:21,3
LF:14
LH:14
BRDA:13,0,0,11
BRDA:13,0,1,3
BRDA:14,1,0,2
BRDA:14,1,1,1
BRF:4
BRH:4
end_of_record
TN:
SF:src\jquery.my-jquery-slider\View\Root\Root.ts
FN:17,(anonymous_2)
FN:30,Root
FN:39,(anonymous_4)
FN:45,(anonymous_5)
FN:53,(anonymous_6)
FN:58,(anonymous_7)
FN:68,(anonymous_8)
FN:74,(anonymous_9)
FN:80,(anonymous_10)
FN:85,(anonymous_11)
FN:90,(anonymous_12)
FN:95,(anonymous_13)
FN:100,(anonymous_14)
FNF:13
FNH:13
FNDA:4,(anonymous_2)
FNDA:18,Root
FNDA:3,(anonymous_4)
FNDA:16,(anonymous_5)
FNDA:2,(anonymous_6)
FNDA:1,(anonymous_7)
FNDA:19,(anonymous_8)
FNDA:19,(anonymous_9)
FNDA:1,(anonymous_10)
FNDA:19,(anonymous_11)
FNDA:2,(anonymous_12)
FNDA:16,(anonymous_13)
FNDA:16,(anonymous_14)
DA:17,4
DA:31,18
DA:32,18
DA:33,18
DA:34,18
DA:35,18
DA:36,18
DA:39,4
DA:40,3
DA:41,3
DA:42,3
DA:45,4
DA:46,16
DA:47,16
DA:48,16
DA:49,16
DA:50,16
DA:53,4
DA:54,2
DA:55,2
DA:58,4
DA:59,1
DA:68,4
DA:69,19
DA:70,19
DA:71,19
DA:74,4
DA:75,19
DA:76,19
DA:77,19
DA:80,4
DA:81,1
DA:82,1
DA:85,4
DA:86,19
DA:87,19
DA:90,4
DA:91,2
DA:92,2
DA:95,4
DA:96,16
DA:97,1
DA:100,4
DA:101,16
DA:103,4
DA:105,4
LF:46
LH:46
BRDA:54,0,0,2
BRDA:54,0,1,0
BRDA:76,1,0,2
BRDA:76,1,1,17
BRDA:77,2,0,1
BRDA:77,2,1,18
BRDA:96,3,0,15
BRDA:96,3,1,1
BRF:8
BRH:7
end_of_record
TN:
SF:src\jquery.my-jquery-slider\View\Root\VerticalRoot.ts
FN:3,(anonymous_6)
FN:4,(anonymous_8)
FN:8,(anonymous_9)
FN:12,(anonymous_10)
FNF:4
FNH:4
FNDA:9,(anonymous_6)
FNDA:1,(anonymous_8)
FNDA:5,(anonymous_9)
FNDA:5,(anonymous_10)
DA:1,3
DA:3,3
DA:4,3
DA:5,1
DA:8,3
DA:9,5
DA:12,3
DA:13,5
DA:14,2
DA:15,2
DA:16,2
DA:17,2
DA:19,3
DA:21,3
LF:14
LH:14
BRDA:13,0,0,3
BRDA:13,0,1,2
BRDA:14,1,0,1
BRDA:14,1,1,1
BRF:4
BRH:4
end_of_record
TN:
SF:src\jquery.my-jquery-slider\View\Slot\HorizontalSlot.ts
FN:3,(anonymous_6)
FN:4,(anonymous_8)
FN:12,(anonymous_9)
FN:18,(anonymous_10)
FN:22,(anonymous_11)
FN:26,(anonymous_12)
FN:30,(anonymous_13)
FNF:7
FNH:7
FNDA:16,(anonymous_6)
FNDA:5,(anonymous_8)
FNDA:43,(anonymous_9)
FNDA:4,(anonymous_10)
FNDA:12,(anonymous_11)
FNDA:12,(anonymous_12)
FNDA:12,(anonymous_13)
DA:1,3
DA:3,3
DA:4,3
DA:5,5
DA:6,5
DA:7,4
DA:9,5
DA:12,3
DA:13,43
DA:14,7
DA:15,7
DA:18,3
DA:19,4
DA:22,3
DA:23,12
DA:26,3
DA:27,12
DA:30,3
DA:31,12
DA:33,3
DA:35,3
LF:21
LH:21
BRDA:6,0,0,4
BRDA:6,0,1,1
BRDA:6,1,0,5
BRDA:6,1,1,4
BRDA:13,2,0,36
BRDA:13,2,1,7
BRF:6
BRH:6
end_of_record
TN:
SF:src\jquery.my-jquery-slider\View\Slot\Slot.ts
FN:14,(anonymous_2)
FN:27,Slot
FN:40,(anonymous_4)
FN:45,(anonymous_5)
FN:61,(anonymous_6)
FN:65,(anonymous_7)
FN:69,(anonymous_8)
FN:70,(anonymous_9)
FN:73,(anonymous_10)
FN:78,(anonymous_11)
FN:84,(anonymous_12)
FN:85,(anonymous_13)
FN:88,(anonymous_14)
FN:92,(anonymous_15)
FN:97,(anonymous_16)
FNF:15
FNH:15
FNDA:4,(anonymous_2)
FNDA:18,Slot
FNDA:2,(anonymous_4)
FNDA:16,(anonymous_5)
FNDA:8,(anonymous_6)
FNDA:5,(anonymous_7)
FNDA:8,(anonymous_8)
FNDA:9,(anonymous_9)
FNDA:18,(anonymous_10)
FNDA:18,(anonymous_11)
FNDA:18,(anonymous_12)
FNDA:22,(anonymous_13)
FNDA:20,(anonymous_14)
FNDA:11,(anonymous_15)
FNDA:18,(anonymous_16)
DA:14,4
DA:28,18
DA:29,18
DA:30,18
DA:31,18
DA:32,18
DA:33,18
DA:34,18
DA:35,18
DA:36,18
DA:37,18
DA:40,4
DA:41,2
DA:42,2
DA:45,4
DA:46,16
DA:61,4
DA:62,8
DA:65,4
DA:66,5
DA:69,4
DA:70,9
DA:73,4
DA:74,18
DA:75,18
DA:78,4
DA:79,18
DA:80,18
DA:81,18
DA:84,18
DA:85,22
DA:88,4
DA:89,20
DA:92,4
DA:93,11
DA:94,5
DA:97,4
DA:98,18
DA:99,18
DA:100,18
DA:102,4
DA:104,4
LF:42
LH:42
BRDA:75,0,0,13
BRDA:75,0,1,5
BRDA:89,1,0,2
BRDA:89,1,1,18
BRDA:93,2,0,6
BRDA:93,2,1,5
BRF:6
BRH:6
end_of_record
TN:
SF:src\jquery.my-jquery-slider\View\Slot\VerticalSlot.ts
FN:5,(anonymous_6)
FN:6,VerticalSlot
FN:11,(anonymous_8)
FN:19,(anonymous_9)
FN:25,(anonymous_10)
FN:29,(anonymous_11)
FN:33,(anonymous_12)
FN:37,(anonymous_13)
FN:41,(anonymous_14)
FNF:9
FNH:9
FNDA:3,(anonymous_6)
FNDA:5,VerticalSlot
FNDA:3,(anonymous_8)
FNDA:5,(anonymous_9)
FNDA:3,(anonymous_10)
FNDA:6,(anonymous_11)
FNDA:6,(anonymous_12)
FNDA:6,(anonymous_13)
FNDA:5,(anonymous_14)
DA:3,3
DA:5,3
DA:7,5
DA:8,5
DA:11,3
DA:12,3
DA:13,3
DA:14,2
DA:16,3
DA:19,3
DA:20,5
DA:21,3
DA:22,3
DA:25,3
DA:26,3
DA:29,3
DA:30,6
DA:33,3
DA:34,6
DA:37,3
DA:38,6
DA:41,3
DA:42,5
DA:44,3
DA:46,3
LF:25
LH:25
BRDA:7,0,0,5
BRDA:7,0,1,5
BRDA:13,1,0,2
BRDA:13,1,1,1
BRDA:13,2,0,3
BRDA:13,2,1,3
BRDA:20,3,0,2
BRDA:20,3,1,3
BRF:8
BRH:8
end_of_record
